#-----------------------------------------------------------
# Webtalk v2018.2.2 (64-bit)
# SW Build 2348494 on Mon Oct  1 18:25:39 MDT 2018
# 
# Start of session at: Tue Nov 27 23:43:30 2018
# Process ID: 8145
# Current directory: /home/saba/Documents/Vivado/Final_Project.sdk/webtalk
# Command line: wbtcv -mode batch -source sdk_webtalk.tcl
# Log file: /home/saba/Documents/Vivado/Final_Project.sdk/webtalk/webtalk.log
# Journal file: /home/saba/Documents/Vivado/Final_Project.sdk/webtalk/webtalk.jou
#-----------------------------------------------------------
source sdk_webtalk.tcl
# webtalk_init -webtalk_dir /home/saba/Documents/Vivado/Final_Project.sdk/webtalk
# webtalk_register_client -client project
# webtalk_add_data -client project -key date_generated -value "2018-11-27 23:43:29" -context "software_version_and_target_device"
# webtalk_add_data -client project -key product_version -value "SDK v2018.2" -context "software_version_and_target_device"
# webtalk_add_data -client project -key build_version -value "2018.2" -context "software_version_and_target_device"
# webtalk_add_data -client project -key os_platform -value "amd64" -context "software_version_and_target_device"
# webtalk_add_data -client project -key registration_id -value "211236389_1777520198_0_029" -context "software_version_and_target_device"
# webtalk_add_data -client project -key tool_flow -value "SDK" -context "software_version_and_target_device"
# webtalk_add_data -client project -key beta -value "false" -context "software_version_and_target_device"
# webtalk_add_data -client project -key route_design -value "NA" -context "software_version_and_target_device"
# webtalk_add_data -client project -key target_family -value "NA" -context "software_version_and_target_device"
# webtalk_add_data -client project -key target_device -value "NA" -context "software_version_and_target_device"
# webtalk_add_data -client project -key target_package -value "NA" -context "software_version_and_target_device"
# webtalk_add_data -client project -key target_speed -value "NA" -context "software_version_and_target_device"
# webtalk_add_data -client project -key random_id -value "6ee8b9nch6c595cft7jteh8o8t" -context "software_version_and_target_device"
# webtalk_add_data -client project -key project_id -value "2018.2_8" -context "software_version_and_target_device"
# webtalk_add_data -client project -key project_iteration -value "8" -context "software_version_and_target_device"
# webtalk_add_data -client project -key os_name -value "Ubuntu" -context "user_environment"
# webtalk_add_data -client project -key os_release -value "Ubuntu 18.04.1 LTS" -context "user_environment"
# webtalk_add_data -client project -key cpu_name -value "Intel(R) Core(TM) i7-3820QM CPU @ 2.70GHz" -context "user_environment"
# webtalk_add_data -client project -key cpu_speed -value "2693.860 MHz" -context "user_environment"
# webtalk_add_data -client project -key total_processors -value "1" -context "user_environment"
# webtalk_add_data -client project -key system_ram -value "12.170 GB" -context "user_environment"
# webtalk_register_client -client sdk
# webtalk_add_data -client sdk -key uid -value "1543389431000" -context "sdk\\\\bsp/1543389431000"
# webtalk_add_data -client sdk -key hwid -value "1543386123000" -context "sdk\\\\bsp/1543389431000"
# webtalk_add_data -client sdk -key os -value "standalone" -context "sdk\\\\bsp/1543389431000"
# webtalk_add_data -client sdk -key apptemplate -value "empty_application" -context "sdk\\\\bsp/1543389431000"
# webtalk_add_data -client sdk -key RecordType -value "BSPCreation" -context "sdk\\\\bsp/1543389431000"
# webtalk_add_data -client sdk -key uid -value "1543389432000" -context "sdk\\\\application/1543389432000"
# webtalk_add_data -client sdk -key hwid -value "1543386123000" -context "sdk\\\\application/1543389432000"
# webtalk_add_data -client sdk -key bspid -value "1543389431000" -context "sdk\\\\application/1543389432000"
# webtalk_add_data -client sdk -key newbsp -value "true" -context "sdk\\\\application/1543389432000"
# webtalk_add_data -client sdk -key os -value "standalone" -context "sdk\\\\application/1543389432000"
# webtalk_add_data -client sdk -key apptemplate -value "empty_application" -context "sdk\\\\application/1543389432000"
# webtalk_add_data -client sdk -key RecordType -value "APPCreation" -context "sdk\\\\application/1543389432000"
# webtalk_add_data -client sdk -key LangUsed -value "C" -context "sdk\\\\application/1543389432000"
# webtalk_add_data -client sdk -key Procused -value "ps7_cortexa9" -context "sdk\\\\application/1543389432000"
# webtalk_add_data -client sdk -key uid -value "1543389471000" -context "sdk\\\\bsp/1543389471000"
# webtalk_add_data -client sdk -key hwid -value "1543386123000" -context "sdk\\\\bsp/1543389471000"
# webtalk_add_data -client sdk -key os -value "standalone" -context "sdk\\\\bsp/1543389471000"
# webtalk_add_data -client sdk -key apptemplate -value "hello_world" -context "sdk\\\\bsp/1543389471000"
# webtalk_add_data -client sdk -key RecordType -value "BSPCreation" -context "sdk\\\\bsp/1543389471000"
# webtalk_add_data -client sdk -key uid -value "1543389472000" -context "sdk\\\\application/1543389472000"
# webtalk_add_data -client sdk -key hwid -value "1543386123000" -context "sdk\\\\application/1543389472000"
# webtalk_add_data -client sdk -key bspid -value "1543389471000" -context "sdk\\\\application/1543389472000"
# webtalk_add_data -client sdk -key newbsp -value "true" -context "sdk\\\\application/1543389472000"
# webtalk_add_data -client sdk -key os -value "standalone" -context "sdk\\\\application/1543389472000"
# webtalk_add_data -client sdk -key apptemplate -value "hello_world" -context "sdk\\\\application/1543389472000"
# webtalk_add_data -client sdk -key RecordType -value "APPCreation" -context "sdk\\\\application/1543389472000"
# webtalk_add_data -client sdk -key LangUsed -value "C" -context "sdk\\\\application/1543389472000"
# webtalk_add_data -client sdk -key Procused -value "ps7_cortexa9" -context "sdk\\\\application/1543389472000"
# webtalk_add_data -client sdk -key projSize -value "223.4375" -context "sdk\\\\application/1543389472000"
# webtalk_add_data -client sdk -key uid -value "NA" -context "sdk\\\\bsp/1543391009350"
# webtalk_add_data -client sdk -key RecordType -value "ToolUsage" -context "sdk\\\\bsp/1543391009350"
# webtalk_add_data -client sdk -key BootgenCount -value "0" -context "sdk\\\\bsp/1543391009350"
# webtalk_add_data -client sdk -key DebugCount -value "1" -context "sdk\\\\bsp/1543391009350"
# webtalk_add_data -client sdk -key PerfCount -value "0" -context "sdk\\\\bsp/1543391009350"
# webtalk_add_data -client sdk -key FlashCount -value "0" -context "sdk\\\\bsp/1543391009350"
# webtalk_add_data -client sdk -key CrossTriggCount -value "0" -context "sdk\\\\bsp/1543391009350"
# webtalk_add_data -client sdk -key QemuDebugCount -value "0" -context "sdk\\\\bsp/1543391009350"
# webtalk_transmit -clientid 3872481020 -regid "211236389_1777520198_0_029" -xml /home/saba/Documents/Vivado/Final_Project.sdk/webtalk/usage_statistics_ext_sdk.xml -html /home/saba/Documents/Vivado/Final_Project.sdk/webtalk/usage_statistics_ext_sdk.html -wdm /home/saba/Documents/Vivado/Final_Project.sdk/webtalk/sdk_webtalk.wdm -intro "<H3>SDK Usage Report</H3><BR>"
INFO: [Common 17-186] '/home/saba/Documents/Vivado/Final_Project.sdk/webtalk/usage_statistics_ext_sdk.xml' has been successfully sent to Xilinx on Tue Nov 27 23:43:31 2018. For additional details about this file, please refer to the WebTalk help file at /opt/Xilinx/SDK/2018.2/doc/webtalk_introduction.html.
# webtalk_terminate
INFO: [Common 17-206] Exiting Webtalk at Tue Nov 27 23:43:31 2018...
