12:20:52 INFO  : Registering command handlers for SDK TCF services
12:20:53 INFO  : Launching XSCT server: xsct.bat -interactive C:\Users\Naghmeh\Desktop\sensor_readings_ip_project-master\readings_ip.sdk\temp_xsdb_launch_script.tcl
12:20:57 INFO  : XSCT server has started successfully.
12:21:00 INFO  : Processing command line option -hwspec C:/Users/Naghmeh/Desktop/sensor_readings_ip_project-master/readings_ip.sdk/sensor_reading_wrapper.hdf.
12:21:00 INFO  : Successfully done setting XSCT server connection channel  
12:21:00 INFO  : Successfully done setting SDK workspace  
12:23:22 INFO  : Connected to target on host '127.0.0.1' and port '3121'.
12:23:22 INFO  : 'targets -set -filter {jtag_cable_name =~ "Digilent Zed 210248A2723F" && level==0} -index 1' command is executed.
12:23:25 INFO  : FPGA configured successfully with bitstream "C:/Users/Naghmeh/Desktop/sensor_readings_ip_project-master/readings_ip.sdk/sensor_reading_wrapper_hw_platform_0/sensor_reading_wrapper.bit"
12:23:37 INFO  : 'targets -set -filter {jtag_cable_name =~ "Digilent Zed 210248A2723F" && level==0} -index 1' command is executed.
12:23:37 INFO  : 'fpga -state' command is executed.
12:23:37 INFO  : Connected to target on host '127.0.0.1' and port '3121'.
12:23:38 INFO  : Jtag cable 'Digilent Zed 210248A2723F' is selected.
12:23:38 INFO  : 'jtag frequency' command is executed.
12:23:38 INFO  : Sourcing of 'C:/Users/Naghmeh/Desktop/sensor_readings_ip_project-master/readings_ip.sdk/sensor_reading_wrapper_hw_platform_0/ps7_init.tcl' is done.
12:23:38 INFO  : Context for 'APU' is selected.
12:23:38 INFO  : Hardware design information is loaded from 'C:/Users/Naghmeh/Desktop/sensor_readings_ip_project-master/readings_ip.sdk/sensor_reading_wrapper_hw_platform_0/system.hdf'.
12:23:38 INFO  : 'configparams force-mem-access 1' command is executed.
12:23:38 INFO  : Context for 'APU' is selected.
12:23:38 INFO  : 'stop' command is executed.
12:23:39 INFO  : 'ps7_init' command is executed.
12:23:39 INFO  : 'ps7_post_config' command is executed.
12:23:39 INFO  : Context for processor 'ps7_cortexa9_0' is selected.
12:23:39 INFO  : Processor reset is completed for 'ps7_cortexa9_0'.
12:23:39 INFO  : Context for processor 'ps7_cortexa9_0' is selected.
12:23:39 INFO  : The application 'C:/Users/Naghmeh/Desktop/sensor_readings_ip_project-master/readings_ip.sdk/sensor_readings/Debug/sensor_readings.elf' is downloaded to processor 'ps7_cortexa9_0'.
12:23:39 INFO  : 'configparams force-mem-access 0' command is executed.
12:23:39 INFO  : ----------------XSDB Script----------------
connect -url tcp:127.0.0.1:3121
source C:/Users/Naghmeh/Desktop/sensor_readings_ip_project-master/readings_ip.sdk/sensor_reading_wrapper_hw_platform_0/ps7_init.tcl
targets -set -nocase -filter {name =~"APU*" && jtag_cable_name =~ "Digilent Zed 210248A2723F"} -index 0
loadhw -hw C:/Users/Naghmeh/Desktop/sensor_readings_ip_project-master/readings_ip.sdk/sensor_reading_wrapper_hw_platform_0/system.hdf -mem-ranges [list {0x40000000 0xbfffffff}]
configparams force-mem-access 1
targets -set -nocase -filter {name =~"APU*" && jtag_cable_name =~ "Digilent Zed 210248A2723F"} -index 0
stop
ps7_init
ps7_post_config
targets -set -nocase -filter {name =~ "ARM*#0" && jtag_cable_name =~ "Digilent Zed 210248A2723F"} -index 0
rst -processor
targets -set -nocase -filter {name =~ "ARM*#0" && jtag_cable_name =~ "Digilent Zed 210248A2723F"} -index 0
dow C:/Users/Naghmeh/Desktop/sensor_readings_ip_project-master/readings_ip.sdk/sensor_readings/Debug/sensor_readings.elf
configparams force-mem-access 0
----------------End of Script----------------

12:23:39 INFO  : Context for processor 'ps7_cortexa9_0' is selected.
12:23:39 INFO  : 'con' command is executed.
12:23:39 INFO  : ----------------XSDB Script (After Launch)----------------
targets -set -nocase -filter {name =~ "ARM*#0" && jtag_cable_name =~ "Digilent Zed 210248A2723F"} -index 0
con
----------------End of Script----------------

12:23:39 INFO  : Disconnected from the channel tcfchan#1.
12:25:02 INFO  : 'targets -set -filter {jtag_cable_name =~ "Digilent Zed 210248A2723F" && level==0} -index 1' command is executed.
12:25:02 INFO  : 'fpga -state' command is executed.
12:25:02 INFO  : Connected to target on host '127.0.0.1' and port '3121'.
12:25:02 INFO  : Jtag cable 'Digilent Zed 210248A2723F' is selected.
12:25:02 INFO  : 'jtag frequency' command is executed.
12:25:02 INFO  : Sourcing of 'C:/Users/Naghmeh/Desktop/sensor_readings_ip_project-master/readings_ip.sdk/sensor_reading_wrapper_hw_platform_0/ps7_init.tcl' is done.
12:25:02 INFO  : Context for 'APU' is selected.
12:25:02 INFO  : Hardware design information is loaded from 'C:/Users/Naghmeh/Desktop/sensor_readings_ip_project-master/readings_ip.sdk/sensor_reading_wrapper_hw_platform_0/system.hdf'.
12:25:02 INFO  : 'configparams force-mem-access 1' command is executed.
12:25:02 INFO  : Context for 'APU' is selected.
12:25:02 INFO  : 'stop' command is executed.
12:25:03 INFO  : 'ps7_init' command is executed.
12:25:03 INFO  : 'ps7_post_config' command is executed.
12:25:03 INFO  : Context for processor 'ps7_cortexa9_0' is selected.
12:25:03 INFO  : Processor reset is completed for 'ps7_cortexa9_0'.
12:25:03 INFO  : Context for processor 'ps7_cortexa9_0' is selected.
12:25:03 INFO  : The application 'C:/Users/Naghmeh/Desktop/sensor_readings_ip_project-master/readings_ip.sdk/sensor_readings/Debug/sensor_readings.elf' is downloaded to processor 'ps7_cortexa9_0'.
12:25:03 INFO  : 'configparams force-mem-access 0' command is executed.
12:25:03 INFO  : ----------------XSDB Script----------------
connect -url tcp:127.0.0.1:3121
source C:/Users/Naghmeh/Desktop/sensor_readings_ip_project-master/readings_ip.sdk/sensor_reading_wrapper_hw_platform_0/ps7_init.tcl
targets -set -nocase -filter {name =~"APU*" && jtag_cable_name =~ "Digilent Zed 210248A2723F"} -index 0
loadhw -hw C:/Users/Naghmeh/Desktop/sensor_readings_ip_project-master/readings_ip.sdk/sensor_reading_wrapper_hw_platform_0/system.hdf -mem-ranges [list {0x40000000 0xbfffffff}]
configparams force-mem-access 1
targets -set -nocase -filter {name =~"APU*" && jtag_cable_name =~ "Digilent Zed 210248A2723F"} -index 0
stop
ps7_init
ps7_post_config
targets -set -nocase -filter {name =~ "ARM*#0" && jtag_cable_name =~ "Digilent Zed 210248A2723F"} -index 0
rst -processor
targets -set -nocase -filter {name =~ "ARM*#0" && jtag_cable_name =~ "Digilent Zed 210248A2723F"} -index 0
dow C:/Users/Naghmeh/Desktop/sensor_readings_ip_project-master/readings_ip.sdk/sensor_readings/Debug/sensor_readings.elf
configparams force-mem-access 0
----------------End of Script----------------

12:25:03 INFO  : Context for processor 'ps7_cortexa9_0' is selected.
12:25:03 INFO  : 'con' command is executed.
12:25:03 INFO  : ----------------XSDB Script (After Launch)----------------
targets -set -nocase -filter {name =~ "ARM*#0" && jtag_cable_name =~ "Digilent Zed 210248A2723F"} -index 0
con
----------------End of Script----------------

12:25:03 INFO  : Disconnected from the channel tcfchan#2.
13:47:39 INFO  : SDK has detected change in the last modified timestamps for source hardware specification file Source:1543009410250,  Project:1543003213349
13:47:39 INFO  : Project sensor_reading_wrapper_hw_platform_0's source hardware specification located at C:/Users/Naghmeh/Desktop/sensor_readings_ip_project-master/readings_ip.sdk/sensor_reading_wrapper.hdf is now different from the local copy.
		 The local copy will be replaced with the source specification and your workspace will be updated.
13:48:24 INFO  : Copied contents of C:/Users/Naghmeh/Desktop/sensor_readings_ip_project-master/readings_ip.sdk/sensor_reading_wrapper.hdf into \sensor_reading_wrapper_hw_platform_0\system.hdf.
13:48:30 INFO  : Synchronizing projects in the workspace with the hardware platform specification changes.
13:48:37 INFO  : 
13:48:38 INFO  : Updating hardware inferred compiler options for sensor_readings.
13:48:38 INFO  : Clearing existing target manager status.
13:48:38 INFO  : Closing and re-opening the MSS file of ther project sensor_readings_bsp
13:48:39 INFO  : Workspace synchronized with the new hardware specification file. Cleaning dependent projects...
13:48:42 WARN  : Linker script will not be updated automatically. Users need to update it manually.
13:49:56 INFO  : Launching XSCT server: xsct.bat -interactive C:\Users\Naghmeh\Desktop\sensor_readings_ip_project-master\readings_ip.sdk\temp_xsdb_launch_script.tcl
13:49:59 INFO  : XSCT server has started successfully.
13:50:02 INFO  : Successfully done setting XSCT server connection channel  
13:50:02 INFO  : Successfully done setting SDK workspace  
13:50:10 INFO  : Registering command handlers for SDK TCF services
13:50:10 INFO  : Processing command line option -hwspec C:/Users/Naghmeh/Desktop/sensor_readings_ip_project-master/readings_ip.sdk/sensor_reading_wrapper.hdf.
13:50:10 INFO  : Checking for hwspec changes in the project sensor_reading_wrapper_hw_platform_0.
13:51:23 INFO  : Connected to target on host '127.0.0.1' and port '3121'.
13:51:24 INFO  : 'targets -set -filter {jtag_cable_name =~ "Digilent Zed 210248A2723F" && level==0} -index 1' command is executed.
13:51:26 INFO  : FPGA configured successfully with bitstream "C:/Users/Naghmeh/Desktop/sensor_readings_ip_project-master/readings_ip.sdk/sensor_reading_wrapper_hw_platform_0/sensor_reading_wrapper.bit"
13:51:50 INFO  : 'targets -set -filter {jtag_cable_name =~ "Digilent Zed 210248A2723F" && level==0} -index 1' command is executed.
13:51:50 INFO  : 'fpga -state' command is executed.
13:51:50 INFO  : Connected to target on host '127.0.0.1' and port '3121'.
13:51:51 INFO  : Jtag cable 'Digilent Zed 210248A2723F' is selected.
13:51:51 INFO  : 'jtag frequency' command is executed.
13:51:51 INFO  : Sourcing of 'C:/Users/Naghmeh/Desktop/sensor_readings_ip_project-master/readings_ip.sdk/sensor_reading_wrapper_hw_platform_0/ps7_init.tcl' is done.
13:51:51 INFO  : Context for 'APU' is selected.
13:51:51 INFO  : Hardware design information is loaded from 'C:/Users/Naghmeh/Desktop/sensor_readings_ip_project-master/readings_ip.sdk/sensor_reading_wrapper_hw_platform_0/system.hdf'.
13:51:51 INFO  : 'configparams force-mem-access 1' command is executed.
13:51:51 INFO  : Context for 'APU' is selected.
13:51:52 INFO  : 'stop' command is executed.
13:51:52 INFO  : 'ps7_init' command is executed.
13:51:52 INFO  : 'ps7_post_config' command is executed.
13:51:52 INFO  : Context for processor 'ps7_cortexa9_0' is selected.
13:51:52 INFO  : Processor reset is completed for 'ps7_cortexa9_0'.
13:51:52 INFO  : Context for processor 'ps7_cortexa9_0' is selected.
13:51:53 INFO  : The application 'C:/Users/Naghmeh/Desktop/sensor_readings_ip_project-master/readings_ip.sdk/sensor_readings/Debug/sensor_readings.elf' is downloaded to processor 'ps7_cortexa9_0'.
13:51:53 INFO  : 'configparams force-mem-access 0' command is executed.
13:51:53 INFO  : ----------------XSDB Script----------------
connect -url tcp:127.0.0.1:3121
source C:/Users/Naghmeh/Desktop/sensor_readings_ip_project-master/readings_ip.sdk/sensor_reading_wrapper_hw_platform_0/ps7_init.tcl
targets -set -nocase -filter {name =~"APU*" && jtag_cable_name =~ "Digilent Zed 210248A2723F"} -index 0
loadhw -hw C:/Users/Naghmeh/Desktop/sensor_readings_ip_project-master/readings_ip.sdk/sensor_reading_wrapper_hw_platform_0/system.hdf -mem-ranges [list {0x40000000 0xbfffffff}]
configparams force-mem-access 1
targets -set -nocase -filter {name =~"APU*" && jtag_cable_name =~ "Digilent Zed 210248A2723F"} -index 0
stop
ps7_init
ps7_post_config
targets -set -nocase -filter {name =~ "ARM*#0" && jtag_cable_name =~ "Digilent Zed 210248A2723F"} -index 0
rst -processor
targets -set -nocase -filter {name =~ "ARM*#0" && jtag_cable_name =~ "Digilent Zed 210248A2723F"} -index 0
dow C:/Users/Naghmeh/Desktop/sensor_readings_ip_project-master/readings_ip.sdk/sensor_readings/Debug/sensor_readings.elf
configparams force-mem-access 0
----------------End of Script----------------

13:51:53 INFO  : Context for processor 'ps7_cortexa9_0' is selected.
13:51:53 INFO  : 'con' command is executed.
13:51:53 INFO  : ----------------XSDB Script (After Launch)----------------
targets -set -nocase -filter {name =~ "ARM*#0" && jtag_cable_name =~ "Digilent Zed 210248A2723F"} -index 0
con
----------------End of Script----------------

13:51:53 INFO  : Disconnected from the channel tcfchan#1.
13:53:57 INFO  : Connected to target on host '127.0.0.1' and port '3121'.
13:53:57 INFO  : 'targets -set -filter {jtag_cable_name =~ "Digilent Zed 210248A2723F" && level==0} -index 1' command is executed.
13:54:00 INFO  : FPGA configured successfully with bitstream "C:/Users/Naghmeh/Desktop/sensor_readings_ip_project-master/readings_ip.sdk/sensor_reading_wrapper_hw_platform_0/sensor_reading_wrapper.bit"
13:54:21 INFO  : Connected to target on host '127.0.0.1' and port '3121'.
13:54:23 INFO  : 'targets -set -filter {jtag_cable_name =~ "Digilent Zed 210248A2723F" && level==0} -index 1' command is executed.
13:54:25 INFO  : FPGA configured successfully with bitstream "C:/Users/Naghmeh/Desktop/sensor_readings_ip_project-master/readings_ip.sdk/sensor_reading_wrapper_hw_platform_0/sensor_reading_wrapper.bit"
13:54:38 INFO  : 'targets -set -filter {jtag_cable_name =~ "Digilent Zed 210248A2723F" && level==0} -index 1' command is executed.
13:54:38 INFO  : 'fpga -state' command is executed.
13:54:38 INFO  : Connected to target on host '127.0.0.1' and port '3121'.
13:54:38 INFO  : Jtag cable 'Digilent Zed 210248A2723F' is selected.
13:54:38 INFO  : 'jtag frequency' command is executed.
13:54:38 INFO  : Sourcing of 'C:/Users/Naghmeh/Desktop/sensor_readings_ip_project-master/readings_ip.sdk/sensor_reading_wrapper_hw_platform_0/ps7_init.tcl' is done.
13:54:38 INFO  : Context for 'APU' is selected.
13:54:39 INFO  : Hardware design information is loaded from 'C:/Users/Naghmeh/Desktop/sensor_readings_ip_project-master/readings_ip.sdk/sensor_reading_wrapper_hw_platform_0/system.hdf'.
13:54:39 INFO  : 'configparams force-mem-access 1' command is executed.
13:54:39 INFO  : Context for 'APU' is selected.
13:54:39 INFO  : 'stop' command is executed.
13:54:39 INFO  : 'ps7_init' command is executed.
13:54:39 INFO  : 'ps7_post_config' command is executed.
13:54:39 INFO  : Context for processor 'ps7_cortexa9_0' is selected.
13:54:39 INFO  : Processor reset is completed for 'ps7_cortexa9_0'.
13:54:39 INFO  : Context for processor 'ps7_cortexa9_0' is selected.
13:54:40 INFO  : The application 'C:/Users/Naghmeh/Desktop/sensor_readings_ip_project-master/readings_ip.sdk/sensor_readings/Debug/sensor_readings.elf' is downloaded to processor 'ps7_cortexa9_0'.
13:54:40 INFO  : 'configparams force-mem-access 0' command is executed.
13:54:40 INFO  : ----------------XSDB Script----------------
connect -url tcp:127.0.0.1:3121
source C:/Users/Naghmeh/Desktop/sensor_readings_ip_project-master/readings_ip.sdk/sensor_reading_wrapper_hw_platform_0/ps7_init.tcl
targets -set -nocase -filter {name =~"APU*" && jtag_cable_name =~ "Digilent Zed 210248A2723F"} -index 0
loadhw -hw C:/Users/Naghmeh/Desktop/sensor_readings_ip_project-master/readings_ip.sdk/sensor_reading_wrapper_hw_platform_0/system.hdf -mem-ranges [list {0x40000000 0xbfffffff}]
configparams force-mem-access 1
targets -set -nocase -filter {name =~"APU*" && jtag_cable_name =~ "Digilent Zed 210248A2723F"} -index 0
stop
ps7_init
ps7_post_config
targets -set -nocase -filter {name =~ "ARM*#0" && jtag_cable_name =~ "Digilent Zed 210248A2723F"} -index 0
rst -processor
targets -set -nocase -filter {name =~ "ARM*#0" && jtag_cable_name =~ "Digilent Zed 210248A2723F"} -index 0
dow C:/Users/Naghmeh/Desktop/sensor_readings_ip_project-master/readings_ip.sdk/sensor_readings/Debug/sensor_readings.elf
configparams force-mem-access 0
----------------End of Script----------------

13:54:40 INFO  : Context for processor 'ps7_cortexa9_0' is selected.
13:54:40 INFO  : 'con' command is executed.
13:54:40 INFO  : ----------------XSDB Script (After Launch)----------------
targets -set -nocase -filter {name =~ "ARM*#0" && jtag_cable_name =~ "Digilent Zed 210248A2723F"} -index 0
con
----------------End of Script----------------

13:54:40 INFO  : Disconnected from the channel tcfchan#2.
