16:41:15 INFO  : Registering command handlers for SDK TCF services
16:41:16 INFO  : Launching XSCT server: xsct.bat -interactive C:\Users\Public\Vivado\SideServos\SideServos.sdk\temp_xsdb_launch_script.tcl
16:41:18 INFO  : XSCT server has started successfully.
16:41:18 INFO  : Successfully done setting XSCT server connection channel  
16:41:18 INFO  : Processing command line option -hwspec C:/Users/Public/Vivado/SideServos/SideServos.sdk/SideServos_wrapper.hdf.
16:41:18 INFO  : Successfully done setting SDK workspace  
16:49:16 INFO  : Connected to target on host '127.0.0.1' and port '3121'.
16:49:49 INFO  : Connected to target on host '127.0.0.1' and port '3121'.
16:49:49 INFO  : 'targets -set -filter {jtag_cable_name =~ "Digilent Zed 210248685495" && level==0} -index 1' command is executed.
16:49:51 INFO  : FPGA configured successfully with bitstream "C:/Users/Public/Vivado/SideServos/SideServos.sdk/SideServos_wrapper_hw_platform_0/SideServos_wrapper.bit"
16:50:00 INFO  : 'targets -set -filter {jtag_cable_name =~ "Digilent Zed 210248685495" && level==0} -index 1' command is executed.
16:50:00 INFO  : 'fpga -state' command is executed.
16:50:00 INFO  : Connected to target on host '127.0.0.1' and port '3121'.
16:50:00 INFO  : Jtag cable 'Digilent Zed 210248685495' is selected.
16:50:00 INFO  : 'jtag frequency' command is executed.
16:50:00 INFO  : Sourcing of 'C:/Users/Public/Vivado/SideServos/SideServos.sdk/SideServos_wrapper_hw_platform_0/ps7_init.tcl' is done.
16:50:00 INFO  : Context for 'APU' is selected.
16:50:00 INFO  : Hardware design information is loaded from 'C:/Users/Public/Vivado/SideServos/SideServos.sdk/SideServos_wrapper_hw_platform_0/system.hdf'.
16:50:00 INFO  : 'configparams force-mem-access 1' command is executed.
16:50:01 INFO  : Context for 'APU' is selected.
16:50:01 INFO  : 'stop' command is executed.
16:50:01 INFO  : 'ps7_init' command is executed.
16:50:01 INFO  : 'ps7_post_config' command is executed.
16:50:01 INFO  : Context for processor 'ps7_cortexa9_0' is selected.
16:50:01 INFO  : Processor reset is completed for 'ps7_cortexa9_0'.
16:50:01 INFO  : Context for processor 'ps7_cortexa9_0' is selected.
16:50:01 INFO  : The application 'C:/Users/Public/Vivado/SideServos/SideServos.sdk/SideServos/Debug/SideServos.elf' is downloaded to processor 'ps7_cortexa9_0'.
16:50:01 INFO  : 'configparams force-mem-access 0' command is executed.
16:50:01 INFO  : ----------------XSDB Script----------------
connect -url tcp:127.0.0.1:3121
source C:/Users/Public/Vivado/SideServos/SideServos.sdk/SideServos_wrapper_hw_platform_0/ps7_init.tcl
targets -set -nocase -filter {name =~"APU*" && jtag_cable_name =~ "Digilent Zed 210248685495"} -index 0
loadhw -hw C:/Users/Public/Vivado/SideServos/SideServos.sdk/SideServos_wrapper_hw_platform_0/system.hdf -mem-ranges [list {0x40000000 0xbfffffff}]
configparams force-mem-access 1
targets -set -nocase -filter {name =~"APU*" && jtag_cable_name =~ "Digilent Zed 210248685495"} -index 0
stop
ps7_init
ps7_post_config
targets -set -nocase -filter {name =~ "ARM*#0" && jtag_cable_name =~ "Digilent Zed 210248685495"} -index 0
rst -processor
targets -set -nocase -filter {name =~ "ARM*#0" && jtag_cable_name =~ "Digilent Zed 210248685495"} -index 0
dow C:/Users/Public/Vivado/SideServos/SideServos.sdk/SideServos/Debug/SideServos.elf
configparams force-mem-access 0
----------------End of Script----------------

16:50:01 INFO  : Context for processor 'ps7_cortexa9_0' is selected.
16:50:01 INFO  : 'con' command is executed.
16:50:01 INFO  : ----------------XSDB Script (After Launch)----------------
targets -set -nocase -filter {name =~ "ARM*#0" && jtag_cable_name =~ "Digilent Zed 210248685495"} -index 0
con
----------------End of Script----------------

16:50:01 INFO  : Disconnected from the channel tcfchan#1.
16:51:15 INFO  : 'targets -set -filter {jtag_cable_name =~ "Digilent Zed 210248685495" && level==0} -index 1' command is executed.
16:51:15 INFO  : 'fpga -state' command is executed.
16:51:15 INFO  : Connected to target on host '127.0.0.1' and port '3121'.
16:51:16 INFO  : Jtag cable 'Digilent Zed 210248685495' is selected.
16:51:16 INFO  : 'jtag frequency' command is executed.
16:51:16 INFO  : Sourcing of 'C:/Users/Public/Vivado/SideServos/SideServos.sdk/SideServos_wrapper_hw_platform_0/ps7_init.tcl' is done.
16:51:16 INFO  : Context for 'APU' is selected.
16:51:20 INFO  : Hardware design information is loaded from 'C:/Users/Public/Vivado/SideServos/SideServos.sdk/SideServos_wrapper_hw_platform_0/system.hdf'.
16:51:20 INFO  : 'configparams force-mem-access 1' command is executed.
16:51:20 INFO  : Context for 'APU' is selected.
16:51:20 INFO  : 'stop' command is executed.
16:51:21 INFO  : 'ps7_init' command is executed.
16:51:21 INFO  : 'ps7_post_config' command is executed.
16:51:21 INFO  : Context for processor 'ps7_cortexa9_0' is selected.
16:51:21 INFO  : Processor reset is completed for 'ps7_cortexa9_0'.
16:51:21 INFO  : Context for processor 'ps7_cortexa9_0' is selected.
16:51:21 INFO  : The application 'C:/Users/Public/Vivado/SideServos/SideServos.sdk/SideServos/Debug/SideServos.elf' is downloaded to processor 'ps7_cortexa9_0'.
16:51:21 INFO  : 'configparams force-mem-access 0' command is executed.
16:51:21 INFO  : ----------------XSDB Script----------------
connect -url tcp:127.0.0.1:3121
source C:/Users/Public/Vivado/SideServos/SideServos.sdk/SideServos_wrapper_hw_platform_0/ps7_init.tcl
targets -set -nocase -filter {name =~"APU*" && jtag_cable_name =~ "Digilent Zed 210248685495"} -index 0
loadhw -hw C:/Users/Public/Vivado/SideServos/SideServos.sdk/SideServos_wrapper_hw_platform_0/system.hdf -mem-ranges [list {0x40000000 0xbfffffff}]
configparams force-mem-access 1
targets -set -nocase -filter {name =~"APU*" && jtag_cable_name =~ "Digilent Zed 210248685495"} -index 0
stop
ps7_init
ps7_post_config
targets -set -nocase -filter {name =~ "ARM*#0" && jtag_cable_name =~ "Digilent Zed 210248685495"} -index 0
rst -processor
targets -set -nocase -filter {name =~ "ARM*#0" && jtag_cable_name =~ "Digilent Zed 210248685495"} -index 0
dow C:/Users/Public/Vivado/SideServos/SideServos.sdk/SideServos/Debug/SideServos.elf
configparams force-mem-access 0
----------------End of Script----------------

16:51:21 INFO  : Context for processor 'ps7_cortexa9_0' is selected.
16:51:21 INFO  : 'con' command is executed.
16:51:21 INFO  : ----------------XSDB Script (After Launch)----------------
targets -set -nocase -filter {name =~ "ARM*#0" && jtag_cable_name =~ "Digilent Zed 210248685495"} -index 0
con
----------------End of Script----------------

16:51:21 INFO  : Disconnected from the channel tcfchan#2.
16:53:03 INFO  : 'targets -set -filter {jtag_cable_name =~ "Digilent Zed 210248685495" && level==0} -index 1' command is executed.
16:53:03 INFO  : 'fpga -state' command is executed.
16:53:03 INFO  : Connected to target on host '127.0.0.1' and port '3121'.
16:53:03 INFO  : Jtag cable 'Digilent Zed 210248685495' is selected.
16:53:03 INFO  : 'jtag frequency' command is executed.
16:53:03 INFO  : Sourcing of 'C:/Users/Public/Vivado/SideServos/SideServos.sdk/SideServos_wrapper_hw_platform_0/ps7_init.tcl' is done.
16:53:03 INFO  : Context for 'APU' is selected.
16:53:06 INFO  : Hardware design information is loaded from 'C:/Users/Public/Vivado/SideServos/SideServos.sdk/SideServos_wrapper_hw_platform_0/system.hdf'.
16:53:06 INFO  : 'configparams force-mem-access 1' command is executed.
16:53:06 INFO  : Context for 'APU' is selected.
16:53:06 INFO  : 'stop' command is executed.
16:53:06 INFO  : 'ps7_init' command is executed.
16:53:06 INFO  : 'ps7_post_config' command is executed.
16:53:06 INFO  : Context for processor 'ps7_cortexa9_0' is selected.
16:53:06 INFO  : Processor reset is completed for 'ps7_cortexa9_0'.
16:53:06 INFO  : Context for processor 'ps7_cortexa9_0' is selected.
16:53:06 INFO  : The application 'C:/Users/Public/Vivado/SideServos/SideServos.sdk/SideServos/Debug/SideServos.elf' is downloaded to processor 'ps7_cortexa9_0'.
16:53:06 INFO  : 'configparams force-mem-access 0' command is executed.
16:53:06 INFO  : ----------------XSDB Script----------------
connect -url tcp:127.0.0.1:3121
source C:/Users/Public/Vivado/SideServos/SideServos.sdk/SideServos_wrapper_hw_platform_0/ps7_init.tcl
targets -set -nocase -filter {name =~"APU*" && jtag_cable_name =~ "Digilent Zed 210248685495"} -index 0
loadhw -hw C:/Users/Public/Vivado/SideServos/SideServos.sdk/SideServos_wrapper_hw_platform_0/system.hdf -mem-ranges [list {0x40000000 0xbfffffff}]
configparams force-mem-access 1
targets -set -nocase -filter {name =~"APU*" && jtag_cable_name =~ "Digilent Zed 210248685495"} -index 0
stop
ps7_init
ps7_post_config
targets -set -nocase -filter {name =~ "ARM*#0" && jtag_cable_name =~ "Digilent Zed 210248685495"} -index 0
rst -processor
targets -set -nocase -filter {name =~ "ARM*#0" && jtag_cable_name =~ "Digilent Zed 210248685495"} -index 0
dow C:/Users/Public/Vivado/SideServos/SideServos.sdk/SideServos/Debug/SideServos.elf
configparams force-mem-access 0
----------------End of Script----------------

16:53:06 INFO  : Context for processor 'ps7_cortexa9_0' is selected.
16:53:06 INFO  : 'con' command is executed.
16:53:06 INFO  : ----------------XSDB Script (After Launch)----------------
targets -set -nocase -filter {name =~ "ARM*#0" && jtag_cable_name =~ "Digilent Zed 210248685495"} -index 0
con
----------------End of Script----------------

16:53:06 INFO  : Disconnected from the channel tcfchan#3.
16:53:43 INFO  : 'targets -set -filter {jtag_cable_name =~ "Digilent Zed 210248685495" && level==0} -index 1' command is executed.
16:53:43 INFO  : 'fpga -state' command is executed.
16:53:43 INFO  : Connected to target on host '127.0.0.1' and port '3121'.
16:53:43 INFO  : Jtag cable 'Digilent Zed 210248685495' is selected.
16:53:43 INFO  : 'jtag frequency' command is executed.
16:53:43 INFO  : Sourcing of 'C:/Users/Public/Vivado/SideServos/SideServos.sdk/SideServos_wrapper_hw_platform_0/ps7_init.tcl' is done.
16:53:43 INFO  : Context for 'APU' is selected.
16:53:46 INFO  : Hardware design information is loaded from 'C:/Users/Public/Vivado/SideServos/SideServos.sdk/SideServos_wrapper_hw_platform_0/system.hdf'.
16:53:46 INFO  : 'configparams force-mem-access 1' command is executed.
16:53:46 INFO  : Context for 'APU' is selected.
16:53:47 INFO  : 'stop' command is executed.
16:53:47 INFO  : 'ps7_init' command is executed.
16:53:47 INFO  : 'ps7_post_config' command is executed.
16:53:47 INFO  : Context for processor 'ps7_cortexa9_0' is selected.
16:53:47 INFO  : Processor reset is completed for 'ps7_cortexa9_0'.
16:53:47 INFO  : Context for processor 'ps7_cortexa9_0' is selected.
16:53:47 INFO  : The application 'C:/Users/Public/Vivado/SideServos/SideServos.sdk/SideServos/Debug/SideServos.elf' is downloaded to processor 'ps7_cortexa9_0'.
16:53:47 INFO  : 'configparams force-mem-access 0' command is executed.
16:53:47 INFO  : ----------------XSDB Script----------------
connect -url tcp:127.0.0.1:3121
source C:/Users/Public/Vivado/SideServos/SideServos.sdk/SideServos_wrapper_hw_platform_0/ps7_init.tcl
targets -set -nocase -filter {name =~"APU*" && jtag_cable_name =~ "Digilent Zed 210248685495"} -index 0
loadhw -hw C:/Users/Public/Vivado/SideServos/SideServos.sdk/SideServos_wrapper_hw_platform_0/system.hdf -mem-ranges [list {0x40000000 0xbfffffff}]
configparams force-mem-access 1
targets -set -nocase -filter {name =~"APU*" && jtag_cable_name =~ "Digilent Zed 210248685495"} -index 0
stop
ps7_init
ps7_post_config
targets -set -nocase -filter {name =~ "ARM*#0" && jtag_cable_name =~ "Digilent Zed 210248685495"} -index 0
rst -processor
targets -set -nocase -filter {name =~ "ARM*#0" && jtag_cable_name =~ "Digilent Zed 210248685495"} -index 0
dow C:/Users/Public/Vivado/SideServos/SideServos.sdk/SideServos/Debug/SideServos.elf
configparams force-mem-access 0
----------------End of Script----------------

16:53:47 INFO  : Context for processor 'ps7_cortexa9_0' is selected.
16:53:47 INFO  : 'con' command is executed.
16:53:47 INFO  : ----------------XSDB Script (After Launch)----------------
targets -set -nocase -filter {name =~ "ARM*#0" && jtag_cable_name =~ "Digilent Zed 210248685495"} -index 0
con
----------------End of Script----------------

16:53:47 INFO  : Disconnected from the channel tcfchan#4.
16:55:24 INFO  : 'targets -set -filter {jtag_cable_name =~ "Digilent Zed 210248685495" && level==0} -index 1' command is executed.
16:55:24 INFO  : 'fpga -state' command is executed.
16:55:24 INFO  : Connected to target on host '127.0.0.1' and port '3121'.
16:55:24 INFO  : Jtag cable 'Digilent Zed 210248685495' is selected.
16:55:24 INFO  : 'jtag frequency' command is executed.
16:55:24 INFO  : Sourcing of 'C:/Users/Public/Vivado/SideServos/SideServos.sdk/SideServos_wrapper_hw_platform_0/ps7_init.tcl' is done.
16:55:24 INFO  : Context for 'APU' is selected.
16:55:27 INFO  : Hardware design information is loaded from 'C:/Users/Public/Vivado/SideServos/SideServos.sdk/SideServos_wrapper_hw_platform_0/system.hdf'.
16:55:27 INFO  : 'configparams force-mem-access 1' command is executed.
16:55:27 INFO  : Context for 'APU' is selected.
16:55:28 INFO  : 'stop' command is executed.
16:55:28 INFO  : 'ps7_init' command is executed.
16:55:28 INFO  : 'ps7_post_config' command is executed.
16:55:28 INFO  : Context for processor 'ps7_cortexa9_0' is selected.
16:55:28 INFO  : Processor reset is completed for 'ps7_cortexa9_0'.
16:55:28 INFO  : Context for processor 'ps7_cortexa9_0' is selected.
16:55:28 INFO  : The application 'C:/Users/Public/Vivado/SideServos/SideServos.sdk/SideServos/Debug/SideServos.elf' is downloaded to processor 'ps7_cortexa9_0'.
16:55:28 INFO  : 'configparams force-mem-access 0' command is executed.
16:55:28 INFO  : ----------------XSDB Script----------------
connect -url tcp:127.0.0.1:3121
source C:/Users/Public/Vivado/SideServos/SideServos.sdk/SideServos_wrapper_hw_platform_0/ps7_init.tcl
targets -set -nocase -filter {name =~"APU*" && jtag_cable_name =~ "Digilent Zed 210248685495"} -index 0
loadhw -hw C:/Users/Public/Vivado/SideServos/SideServos.sdk/SideServos_wrapper_hw_platform_0/system.hdf -mem-ranges [list {0x40000000 0xbfffffff}]
configparams force-mem-access 1
targets -set -nocase -filter {name =~"APU*" && jtag_cable_name =~ "Digilent Zed 210248685495"} -index 0
stop
ps7_init
ps7_post_config
targets -set -nocase -filter {name =~ "ARM*#0" && jtag_cable_name =~ "Digilent Zed 210248685495"} -index 0
rst -processor
targets -set -nocase -filter {name =~ "ARM*#0" && jtag_cable_name =~ "Digilent Zed 210248685495"} -index 0
dow C:/Users/Public/Vivado/SideServos/SideServos.sdk/SideServos/Debug/SideServos.elf
configparams force-mem-access 0
----------------End of Script----------------

16:55:28 INFO  : Context for processor 'ps7_cortexa9_0' is selected.
16:55:28 INFO  : 'con' command is executed.
16:55:28 INFO  : ----------------XSDB Script (After Launch)----------------
targets -set -nocase -filter {name =~ "ARM*#0" && jtag_cable_name =~ "Digilent Zed 210248685495"} -index 0
con
----------------End of Script----------------

16:55:28 INFO  : Disconnected from the channel tcfchan#5.
16:57:47 INFO  : Connected to target on host '127.0.0.1' and port '3121'.
16:57:47 INFO  : 'targets -set -filter {jtag_cable_name =~ "Digilent Zed 210248685495" && level==0} -index 1' command is executed.
16:57:50 INFO  : FPGA configured successfully with bitstream "C:/Users/Public/Vivado/SideServos/SideServos.sdk/SideServos_wrapper_hw_platform_0/SideServos_wrapper.bit"
16:58:28 INFO  : 'targets -set -filter {jtag_cable_name =~ "Digilent Zed 210248685495" && level==0} -index 1' command is executed.
16:58:28 INFO  : 'fpga -state' command is executed.
16:58:28 INFO  : Connected to target on host '127.0.0.1' and port '3121'.
16:58:28 INFO  : Jtag cable 'Digilent Zed 210248685495' is selected.
16:58:28 INFO  : 'jtag frequency' command is executed.
16:58:28 INFO  : Sourcing of 'C:/Users/Public/Vivado/SideServos/SideServos.sdk/SideServos_wrapper_hw_platform_0/ps7_init.tcl' is done.
16:58:28 INFO  : Context for 'APU' is selected.
16:58:28 INFO  : Hardware design information is loaded from 'C:/Users/Public/Vivado/SideServos/SideServos.sdk/SideServos_wrapper_hw_platform_0/system.hdf'.
16:58:28 INFO  : 'configparams force-mem-access 1' command is executed.
16:58:28 INFO  : Context for 'APU' is selected.
16:58:28 INFO  : 'stop' command is executed.
16:58:28 INFO  : 'ps7_init' command is executed.
16:58:28 INFO  : 'ps7_post_config' command is executed.
16:58:28 INFO  : Context for processor 'ps7_cortexa9_0' is selected.
16:58:28 INFO  : Processor reset is completed for 'ps7_cortexa9_0'.
16:58:28 INFO  : Context for processor 'ps7_cortexa9_0' is selected.
16:58:29 INFO  : The application 'C:/Users/Public/Vivado/SideServos/SideServos.sdk/SideServos/Debug/SideServos.elf' is downloaded to processor 'ps7_cortexa9_0'.
16:58:29 INFO  : 'configparams force-mem-access 0' command is executed.
16:58:29 INFO  : ----------------XSDB Script----------------
connect -url tcp:127.0.0.1:3121
source C:/Users/Public/Vivado/SideServos/SideServos.sdk/SideServos_wrapper_hw_platform_0/ps7_init.tcl
targets -set -nocase -filter {name =~"APU*" && jtag_cable_name =~ "Digilent Zed 210248685495"} -index 0
loadhw -hw C:/Users/Public/Vivado/SideServos/SideServos.sdk/SideServos_wrapper_hw_platform_0/system.hdf -mem-ranges [list {0x40000000 0xbfffffff}]
configparams force-mem-access 1
targets -set -nocase -filter {name =~"APU*" && jtag_cable_name =~ "Digilent Zed 210248685495"} -index 0
stop
ps7_init
ps7_post_config
targets -set -nocase -filter {name =~ "ARM*#0" && jtag_cable_name =~ "Digilent Zed 210248685495"} -index 0
rst -processor
targets -set -nocase -filter {name =~ "ARM*#0" && jtag_cable_name =~ "Digilent Zed 210248685495"} -index 0
dow C:/Users/Public/Vivado/SideServos/SideServos.sdk/SideServos/Debug/SideServos.elf
configparams force-mem-access 0
----------------End of Script----------------

16:58:29 INFO  : Context for processor 'ps7_cortexa9_0' is selected.
16:58:29 INFO  : 'con' command is executed.
16:58:29 INFO  : ----------------XSDB Script (After Launch)----------------
targets -set -nocase -filter {name =~ "ARM*#0" && jtag_cable_name =~ "Digilent Zed 210248685495"} -index 0
con
----------------End of Script----------------

16:58:29 INFO  : Disconnected from the channel tcfchan#6.
17:00:27 INFO  : 'targets -set -filter {jtag_cable_name =~ "Digilent Zed 210248685495" && level==0} -index 1' command is executed.
17:00:27 INFO  : 'fpga -state' command is executed.
17:00:27 INFO  : Connected to target on host '127.0.0.1' and port '3121'.
17:00:27 INFO  : Jtag cable 'Digilent Zed 210248685495' is selected.
17:00:27 INFO  : 'jtag frequency' command is executed.
17:00:27 INFO  : Sourcing of 'C:/Users/Public/Vivado/SideServos/SideServos.sdk/SideServos_wrapper_hw_platform_0/ps7_init.tcl' is done.
17:00:27 INFO  : Context for 'APU' is selected.
17:00:30 INFO  : Hardware design information is loaded from 'C:/Users/Public/Vivado/SideServos/SideServos.sdk/SideServos_wrapper_hw_platform_0/system.hdf'.
17:00:30 INFO  : 'configparams force-mem-access 1' command is executed.
17:00:30 INFO  : Context for 'APU' is selected.
17:00:30 INFO  : 'stop' command is executed.
17:00:31 INFO  : 'ps7_init' command is executed.
17:00:31 INFO  : 'ps7_post_config' command is executed.
17:00:31 INFO  : Context for processor 'ps7_cortexa9_0' is selected.
17:00:31 INFO  : Processor reset is completed for 'ps7_cortexa9_0'.
17:00:31 INFO  : Context for processor 'ps7_cortexa9_0' is selected.
17:00:31 INFO  : The application 'C:/Users/Public/Vivado/SideServos/SideServos.sdk/SideServos/Debug/SideServos.elf' is downloaded to processor 'ps7_cortexa9_0'.
17:00:31 INFO  : 'configparams force-mem-access 0' command is executed.
17:00:31 INFO  : ----------------XSDB Script----------------
connect -url tcp:127.0.0.1:3121
source C:/Users/Public/Vivado/SideServos/SideServos.sdk/SideServos_wrapper_hw_platform_0/ps7_init.tcl
targets -set -nocase -filter {name =~"APU*" && jtag_cable_name =~ "Digilent Zed 210248685495"} -index 0
loadhw -hw C:/Users/Public/Vivado/SideServos/SideServos.sdk/SideServos_wrapper_hw_platform_0/system.hdf -mem-ranges [list {0x40000000 0xbfffffff}]
configparams force-mem-access 1
targets -set -nocase -filter {name =~"APU*" && jtag_cable_name =~ "Digilent Zed 210248685495"} -index 0
stop
ps7_init
ps7_post_config
targets -set -nocase -filter {name =~ "ARM*#0" && jtag_cable_name =~ "Digilent Zed 210248685495"} -index 0
rst -processor
targets -set -nocase -filter {name =~ "ARM*#0" && jtag_cable_name =~ "Digilent Zed 210248685495"} -index 0
dow C:/Users/Public/Vivado/SideServos/SideServos.sdk/SideServos/Debug/SideServos.elf
configparams force-mem-access 0
----------------End of Script----------------

17:00:31 INFO  : Context for processor 'ps7_cortexa9_0' is selected.
17:00:31 INFO  : 'con' command is executed.
17:00:31 INFO  : ----------------XSDB Script (After Launch)----------------
targets -set -nocase -filter {name =~ "ARM*#0" && jtag_cable_name =~ "Digilent Zed 210248685495"} -index 0
con
----------------End of Script----------------

17:00:31 INFO  : Disconnected from the channel tcfchan#7.
17:02:22 INFO  : 'targets -set -filter {jtag_cable_name =~ "Digilent Zed 210248685495" && level==0} -index 1' command is executed.
17:02:22 INFO  : 'fpga -state' command is executed.
17:02:22 INFO  : Connected to target on host '127.0.0.1' and port '3121'.
17:02:23 INFO  : Jtag cable 'Digilent Zed 210248685495' is selected.
17:02:23 INFO  : 'jtag frequency' command is executed.
17:02:23 INFO  : Sourcing of 'C:/Users/Public/Vivado/SideServos/SideServos.sdk/SideServos_wrapper_hw_platform_0/ps7_init.tcl' is done.
17:02:23 INFO  : Context for 'APU' is selected.
17:02:26 INFO  : Hardware design information is loaded from 'C:/Users/Public/Vivado/SideServos/SideServos.sdk/SideServos_wrapper_hw_platform_0/system.hdf'.
17:02:26 INFO  : 'configparams force-mem-access 1' command is executed.
17:02:26 INFO  : Context for 'APU' is selected.
17:02:26 INFO  : 'stop' command is executed.
17:02:26 INFO  : 'ps7_init' command is executed.
17:02:26 INFO  : 'ps7_post_config' command is executed.
17:02:26 INFO  : Context for processor 'ps7_cortexa9_0' is selected.
17:02:26 INFO  : Processor reset is completed for 'ps7_cortexa9_0'.
17:02:26 INFO  : Context for processor 'ps7_cortexa9_0' is selected.
17:02:26 INFO  : The application 'C:/Users/Public/Vivado/SideServos/SideServos.sdk/SideServos/Debug/SideServos.elf' is downloaded to processor 'ps7_cortexa9_0'.
17:02:26 INFO  : 'configparams force-mem-access 0' command is executed.
17:02:26 INFO  : ----------------XSDB Script----------------
connect -url tcp:127.0.0.1:3121
source C:/Users/Public/Vivado/SideServos/SideServos.sdk/SideServos_wrapper_hw_platform_0/ps7_init.tcl
targets -set -nocase -filter {name =~"APU*" && jtag_cable_name =~ "Digilent Zed 210248685495"} -index 0
loadhw -hw C:/Users/Public/Vivado/SideServos/SideServos.sdk/SideServos_wrapper_hw_platform_0/system.hdf -mem-ranges [list {0x40000000 0xbfffffff}]
configparams force-mem-access 1
targets -set -nocase -filter {name =~"APU*" && jtag_cable_name =~ "Digilent Zed 210248685495"} -index 0
stop
ps7_init
ps7_post_config
targets -set -nocase -filter {name =~ "ARM*#0" && jtag_cable_name =~ "Digilent Zed 210248685495"} -index 0
rst -processor
targets -set -nocase -filter {name =~ "ARM*#0" && jtag_cable_name =~ "Digilent Zed 210248685495"} -index 0
dow C:/Users/Public/Vivado/SideServos/SideServos.sdk/SideServos/Debug/SideServos.elf
configparams force-mem-access 0
----------------End of Script----------------

17:02:26 INFO  : Context for processor 'ps7_cortexa9_0' is selected.
17:02:26 INFO  : 'con' command is executed.
17:02:26 INFO  : ----------------XSDB Script (After Launch)----------------
targets -set -nocase -filter {name =~ "ARM*#0" && jtag_cable_name =~ "Digilent Zed 210248685495"} -index 0
con
----------------End of Script----------------

17:02:26 INFO  : Disconnected from the channel tcfchan#8.
17:03:26 INFO  : 'targets -set -filter {jtag_cable_name =~ "Digilent Zed 210248685495" && level==0} -index 1' command is executed.
17:03:26 INFO  : 'fpga -state' command is executed.
17:03:26 INFO  : Connected to target on host '127.0.0.1' and port '3121'.
17:03:26 INFO  : Jtag cable 'Digilent Zed 210248685495' is selected.
17:03:26 INFO  : 'jtag frequency' command is executed.
17:03:26 INFO  : Sourcing of 'C:/Users/Public/Vivado/SideServos/SideServos.sdk/SideServos_wrapper_hw_platform_0/ps7_init.tcl' is done.
17:03:26 INFO  : Context for 'APU' is selected.
17:03:29 INFO  : Hardware design information is loaded from 'C:/Users/Public/Vivado/SideServos/SideServos.sdk/SideServos_wrapper_hw_platform_0/system.hdf'.
17:03:29 INFO  : 'configparams force-mem-access 1' command is executed.
17:03:29 INFO  : Context for 'APU' is selected.
17:03:29 INFO  : 'stop' command is executed.
17:03:30 INFO  : 'ps7_init' command is executed.
17:03:30 INFO  : 'ps7_post_config' command is executed.
17:03:30 INFO  : Context for processor 'ps7_cortexa9_0' is selected.
17:03:30 INFO  : Processor reset is completed for 'ps7_cortexa9_0'.
17:03:30 INFO  : Context for processor 'ps7_cortexa9_0' is selected.
17:03:30 INFO  : The application 'C:/Users/Public/Vivado/SideServos/SideServos.sdk/SideServos/Debug/SideServos.elf' is downloaded to processor 'ps7_cortexa9_0'.
17:03:30 INFO  : 'configparams force-mem-access 0' command is executed.
17:03:30 INFO  : ----------------XSDB Script----------------
connect -url tcp:127.0.0.1:3121
source C:/Users/Public/Vivado/SideServos/SideServos.sdk/SideServos_wrapper_hw_platform_0/ps7_init.tcl
targets -set -nocase -filter {name =~"APU*" && jtag_cable_name =~ "Digilent Zed 210248685495"} -index 0
loadhw -hw C:/Users/Public/Vivado/SideServos/SideServos.sdk/SideServos_wrapper_hw_platform_0/system.hdf -mem-ranges [list {0x40000000 0xbfffffff}]
configparams force-mem-access 1
targets -set -nocase -filter {name =~"APU*" && jtag_cable_name =~ "Digilent Zed 210248685495"} -index 0
stop
ps7_init
ps7_post_config
targets -set -nocase -filter {name =~ "ARM*#0" && jtag_cable_name =~ "Digilent Zed 210248685495"} -index 0
rst -processor
targets -set -nocase -filter {name =~ "ARM*#0" && jtag_cable_name =~ "Digilent Zed 210248685495"} -index 0
dow C:/Users/Public/Vivado/SideServos/SideServos.sdk/SideServos/Debug/SideServos.elf
configparams force-mem-access 0
----------------End of Script----------------

17:03:30 INFO  : Context for processor 'ps7_cortexa9_0' is selected.
17:03:30 INFO  : 'con' command is executed.
17:03:30 INFO  : ----------------XSDB Script (After Launch)----------------
targets -set -nocase -filter {name =~ "ARM*#0" && jtag_cable_name =~ "Digilent Zed 210248685495"} -index 0
con
----------------End of Script----------------

17:03:30 INFO  : Disconnected from the channel tcfchan#9.
11:54:26 INFO  : Registering command handlers for SDK TCF services
11:54:27 INFO  : Launching XSCT server: xsct.bat -interactive C:\Users\Public\Vivado\SideServos\SideServos.sdk\temp_xsdb_launch_script.tcl
11:54:29 INFO  : XSCT server has started successfully.
11:54:29 INFO  : Successfully done setting XSCT server connection channel  
11:54:29 INFO  : Successfully done setting SDK workspace  
11:54:29 INFO  : Processing command line option -hwspec C:/Users/Public/Vivado/SideServos/SideServos.sdk/SideServos_wrapper.hdf.
11:54:29 INFO  : Checking for hwspec changes in the project SideServos_wrapper_hw_platform_0.
11:55:04 INFO  : Connected to target on host '127.0.0.1' and port '3121'.
11:55:05 INFO  : 'targets -set -filter {jtag_cable_name =~ "Digilent Zed 210248A2723F" && level==0} -index 1' command is executed.
11:55:07 INFO  : FPGA configured successfully with bitstream "C:/Users/Public/Vivado/SideServos/SideServos.sdk/SideServos_wrapper_hw_platform_0/SideServos_wrapper.bit"
11:55:17 INFO  : 'targets -set -filter {jtag_cable_name =~ "Digilent Zed 210248A2723F" && level==0} -index 1' command is executed.
11:55:17 INFO  : 'fpga -state' command is executed.
11:55:17 INFO  : Connected to target on host '127.0.0.1' and port '3121'.
11:55:18 INFO  : Jtag cable 'Digilent Zed 210248A2723F' is selected.
11:55:18 INFO  : 'jtag frequency' command is executed.
11:55:18 INFO  : Sourcing of 'C:/Users/Public/Vivado/SideServos/SideServos.sdk/SideServos_wrapper_hw_platform_0/ps7_init.tcl' is done.
11:55:18 INFO  : Context for 'APU' is selected.
11:55:18 INFO  : Hardware design information is loaded from 'C:/Users/Public/Vivado/SideServos/SideServos.sdk/SideServos_wrapper_hw_platform_0/system.hdf'.
11:55:18 INFO  : 'configparams force-mem-access 1' command is executed.
11:55:18 INFO  : Context for 'APU' is selected.
11:55:18 INFO  : 'stop' command is executed.
11:55:19 INFO  : 'ps7_init' command is executed.
11:55:19 INFO  : 'ps7_post_config' command is executed.
11:55:19 INFO  : Context for processor 'ps7_cortexa9_0' is selected.
11:55:19 INFO  : Processor reset is completed for 'ps7_cortexa9_0'.
11:55:19 INFO  : Context for processor 'ps7_cortexa9_0' is selected.
11:55:19 INFO  : The application 'C:/Users/Public/Vivado/SideServos/SideServos.sdk/SideServos/Debug/SideServos.elf' is downloaded to processor 'ps7_cortexa9_0'.
11:55:19 INFO  : 'configparams force-mem-access 0' command is executed.
11:55:19 INFO  : ----------------XSDB Script----------------
connect -url tcp:127.0.0.1:3121
source C:/Users/Public/Vivado/SideServos/SideServos.sdk/SideServos_wrapper_hw_platform_0/ps7_init.tcl
targets -set -nocase -filter {name =~"APU*" && jtag_cable_name =~ "Digilent Zed 210248A2723F"} -index 0
loadhw -hw C:/Users/Public/Vivado/SideServos/SideServos.sdk/SideServos_wrapper_hw_platform_0/system.hdf -mem-ranges [list {0x40000000 0xbfffffff}]
configparams force-mem-access 1
targets -set -nocase -filter {name =~"APU*" && jtag_cable_name =~ "Digilent Zed 210248A2723F"} -index 0
stop
ps7_init
ps7_post_config
targets -set -nocase -filter {name =~ "ARM*#0" && jtag_cable_name =~ "Digilent Zed 210248A2723F"} -index 0
rst -processor
targets -set -nocase -filter {name =~ "ARM*#0" && jtag_cable_name =~ "Digilent Zed 210248A2723F"} -index 0
dow C:/Users/Public/Vivado/SideServos/SideServos.sdk/SideServos/Debug/SideServos.elf
configparams force-mem-access 0
----------------End of Script----------------

11:55:19 INFO  : Context for processor 'ps7_cortexa9_0' is selected.
11:55:19 INFO  : 'con' command is executed.
11:55:19 INFO  : ----------------XSDB Script (After Launch)----------------
targets -set -nocase -filter {name =~ "ARM*#0" && jtag_cable_name =~ "Digilent Zed 210248A2723F"} -index 0
con
----------------End of Script----------------

11:55:19 INFO  : Disconnected from the channel tcfchan#1.
11:56:19 INFO  : 'targets -set -filter {jtag_cable_name =~ "Digilent Zed 210248A2723F" && level==0} -index 1' command is executed.
11:56:19 INFO  : 'fpga -state' command is executed.
11:56:19 INFO  : Connected to target on host '127.0.0.1' and port '3121'.
11:56:19 INFO  : Jtag cable 'Digilent Zed 210248A2723F' is selected.
11:56:19 INFO  : 'jtag frequency' command is executed.
11:56:19 INFO  : Sourcing of 'C:/Users/Public/Vivado/SideServos/SideServos.sdk/SideServos_wrapper_hw_platform_0/ps7_init.tcl' is done.
11:56:19 INFO  : Context for 'APU' is selected.
11:56:23 INFO  : Hardware design information is loaded from 'C:/Users/Public/Vivado/SideServos/SideServos.sdk/SideServos_wrapper_hw_platform_0/system.hdf'.
11:56:23 INFO  : 'configparams force-mem-access 1' command is executed.
11:56:23 INFO  : Context for 'APU' is selected.
11:56:23 INFO  : 'stop' command is executed.
11:56:24 INFO  : 'ps7_init' command is executed.
11:56:24 INFO  : 'ps7_post_config' command is executed.
11:56:24 INFO  : Context for processor 'ps7_cortexa9_0' is selected.
11:56:24 INFO  : Processor reset is completed for 'ps7_cortexa9_0'.
11:56:24 INFO  : Context for processor 'ps7_cortexa9_0' is selected.
11:56:24 INFO  : The application 'C:/Users/Public/Vivado/SideServos/SideServos.sdk/SideServos/Debug/SideServos.elf' is downloaded to processor 'ps7_cortexa9_0'.
11:56:24 INFO  : 'configparams force-mem-access 0' command is executed.
11:56:24 INFO  : ----------------XSDB Script----------------
connect -url tcp:127.0.0.1:3121
source C:/Users/Public/Vivado/SideServos/SideServos.sdk/SideServos_wrapper_hw_platform_0/ps7_init.tcl
targets -set -nocase -filter {name =~"APU*" && jtag_cable_name =~ "Digilent Zed 210248A2723F"} -index 0
loadhw -hw C:/Users/Public/Vivado/SideServos/SideServos.sdk/SideServos_wrapper_hw_platform_0/system.hdf -mem-ranges [list {0x40000000 0xbfffffff}]
configparams force-mem-access 1
targets -set -nocase -filter {name =~"APU*" && jtag_cable_name =~ "Digilent Zed 210248A2723F"} -index 0
stop
ps7_init
ps7_post_config
targets -set -nocase -filter {name =~ "ARM*#0" && jtag_cable_name =~ "Digilent Zed 210248A2723F"} -index 0
rst -processor
targets -set -nocase -filter {name =~ "ARM*#0" && jtag_cable_name =~ "Digilent Zed 210248A2723F"} -index 0
dow C:/Users/Public/Vivado/SideServos/SideServos.sdk/SideServos/Debug/SideServos.elf
configparams force-mem-access 0
----------------End of Script----------------

11:56:24 INFO  : Context for processor 'ps7_cortexa9_0' is selected.
11:56:24 INFO  : 'con' command is executed.
11:56:24 INFO  : ----------------XSDB Script (After Launch)----------------
targets -set -nocase -filter {name =~ "ARM*#0" && jtag_cable_name =~ "Digilent Zed 210248A2723F"} -index 0
con
----------------End of Script----------------

11:56:24 INFO  : Disconnected from the channel tcfchan#2.
12:03:09 INFO  : 'targets -set -filter {jtag_cable_name =~ "Digilent Zed 210248A2723F" && level==0} -index 1' command is executed.
12:03:09 INFO  : 'fpga -state' command is executed.
12:03:09 INFO  : Connected to target on host '127.0.0.1' and port '3121'.
12:03:09 INFO  : Jtag cable 'Digilent Zed 210248A2723F' is selected.
12:03:09 INFO  : 'jtag frequency' command is executed.
12:03:09 INFO  : Sourcing of 'C:/Users/Public/Vivado/SideServos/SideServos.sdk/SideServos_wrapper_hw_platform_0/ps7_init.tcl' is done.
12:03:09 INFO  : Context for 'APU' is selected.
12:03:13 INFO  : Hardware design information is loaded from 'C:/Users/Public/Vivado/SideServos/SideServos.sdk/SideServos_wrapper_hw_platform_0/system.hdf'.
12:03:13 INFO  : 'configparams force-mem-access 1' command is executed.
12:03:13 INFO  : Context for 'APU' is selected.
12:03:13 INFO  : 'stop' command is executed.
12:03:14 INFO  : 'ps7_init' command is executed.
12:03:14 INFO  : 'ps7_post_config' command is executed.
12:03:14 INFO  : Context for processor 'ps7_cortexa9_0' is selected.
12:03:14 INFO  : Processor reset is completed for 'ps7_cortexa9_0'.
12:03:14 INFO  : Context for processor 'ps7_cortexa9_0' is selected.
12:03:14 INFO  : The application 'C:/Users/Public/Vivado/SideServos/SideServos.sdk/SideServos/Debug/SideServos.elf' is downloaded to processor 'ps7_cortexa9_0'.
12:03:14 INFO  : 'configparams force-mem-access 0' command is executed.
12:03:14 INFO  : ----------------XSDB Script----------------
connect -url tcp:127.0.0.1:3121
source C:/Users/Public/Vivado/SideServos/SideServos.sdk/SideServos_wrapper_hw_platform_0/ps7_init.tcl
targets -set -nocase -filter {name =~"APU*" && jtag_cable_name =~ "Digilent Zed 210248A2723F"} -index 0
loadhw -hw C:/Users/Public/Vivado/SideServos/SideServos.sdk/SideServos_wrapper_hw_platform_0/system.hdf -mem-ranges [list {0x40000000 0xbfffffff}]
configparams force-mem-access 1
targets -set -nocase -filter {name =~"APU*" && jtag_cable_name =~ "Digilent Zed 210248A2723F"} -index 0
stop
ps7_init
ps7_post_config
targets -set -nocase -filter {name =~ "ARM*#0" && jtag_cable_name =~ "Digilent Zed 210248A2723F"} -index 0
rst -processor
targets -set -nocase -filter {name =~ "ARM*#0" && jtag_cable_name =~ "Digilent Zed 210248A2723F"} -index 0
dow C:/Users/Public/Vivado/SideServos/SideServos.sdk/SideServos/Debug/SideServos.elf
configparams force-mem-access 0
----------------End of Script----------------

12:03:14 INFO  : Context for processor 'ps7_cortexa9_0' is selected.
12:03:14 INFO  : 'con' command is executed.
12:03:14 INFO  : ----------------XSDB Script (After Launch)----------------
targets -set -nocase -filter {name =~ "ARM*#0" && jtag_cable_name =~ "Digilent Zed 210248A2723F"} -index 0
con
----------------End of Script----------------

12:03:14 INFO  : Disconnected from the channel tcfchan#3.
12:05:54 INFO  : 'targets -set -filter {jtag_cable_name =~ "Digilent Zed 210248A2723F" && level==0} -index 1' command is executed.
12:05:55 INFO  : 'fpga -state' command is executed.
12:05:55 INFO  : Connected to target on host '127.0.0.1' and port '3121'.
12:05:55 INFO  : Jtag cable 'Digilent Zed 210248A2723F' is selected.
12:05:55 INFO  : 'jtag frequency' command is executed.
12:05:55 INFO  : Sourcing of 'C:/Users/Public/Vivado/SideServos/SideServos.sdk/SideServos_wrapper_hw_platform_0/ps7_init.tcl' is done.
12:05:55 INFO  : Context for 'APU' is selected.
12:05:59 INFO  : Hardware design information is loaded from 'C:/Users/Public/Vivado/SideServos/SideServos.sdk/SideServos_wrapper_hw_platform_0/system.hdf'.
12:05:59 INFO  : 'configparams force-mem-access 1' command is executed.
12:05:59 INFO  : Context for 'APU' is selected.
12:05:59 INFO  : 'stop' command is executed.
12:05:59 INFO  : 'ps7_init' command is executed.
12:05:59 INFO  : 'ps7_post_config' command is executed.
12:05:59 INFO  : Context for processor 'ps7_cortexa9_0' is selected.
12:05:59 INFO  : Processor reset is completed for 'ps7_cortexa9_0'.
12:05:59 INFO  : Context for processor 'ps7_cortexa9_0' is selected.
12:05:59 INFO  : The application 'C:/Users/Public/Vivado/SideServos/SideServos.sdk/SideServos/Debug/SideServos.elf' is downloaded to processor 'ps7_cortexa9_0'.
12:05:59 INFO  : 'configparams force-mem-access 0' command is executed.
12:05:59 INFO  : ----------------XSDB Script----------------
connect -url tcp:127.0.0.1:3121
source C:/Users/Public/Vivado/SideServos/SideServos.sdk/SideServos_wrapper_hw_platform_0/ps7_init.tcl
targets -set -nocase -filter {name =~"APU*" && jtag_cable_name =~ "Digilent Zed 210248A2723F"} -index 0
loadhw -hw C:/Users/Public/Vivado/SideServos/SideServos.sdk/SideServos_wrapper_hw_platform_0/system.hdf -mem-ranges [list {0x40000000 0xbfffffff}]
configparams force-mem-access 1
targets -set -nocase -filter {name =~"APU*" && jtag_cable_name =~ "Digilent Zed 210248A2723F"} -index 0
stop
ps7_init
ps7_post_config
targets -set -nocase -filter {name =~ "ARM*#0" && jtag_cable_name =~ "Digilent Zed 210248A2723F"} -index 0
rst -processor
targets -set -nocase -filter {name =~ "ARM*#0" && jtag_cable_name =~ "Digilent Zed 210248A2723F"} -index 0
dow C:/Users/Public/Vivado/SideServos/SideServos.sdk/SideServos/Debug/SideServos.elf
configparams force-mem-access 0
----------------End of Script----------------

12:05:59 INFO  : Context for processor 'ps7_cortexa9_0' is selected.
12:05:59 INFO  : 'con' command is executed.
12:05:59 INFO  : ----------------XSDB Script (After Launch)----------------
targets -set -nocase -filter {name =~ "ARM*#0" && jtag_cable_name =~ "Digilent Zed 210248A2723F"} -index 0
con
----------------End of Script----------------

12:05:59 INFO  : Disconnected from the channel tcfchan#4.
12:09:46 INFO  : 'targets -set -filter {jtag_cable_name =~ "Digilent Zed 210248A2723F" && level==0} -index 1' command is executed.
12:09:46 INFO  : 'fpga -state' command is executed.
12:09:46 INFO  : Connected to target on host '127.0.0.1' and port '3121'.
12:09:47 INFO  : Jtag cable 'Digilent Zed 210248A2723F' is selected.
12:09:47 INFO  : 'jtag frequency' command is executed.
12:09:47 INFO  : Sourcing of 'C:/Users/Public/Vivado/SideServos/SideServos.sdk/SideServos_wrapper_hw_platform_0/ps7_init.tcl' is done.
12:09:47 INFO  : Context for 'APU' is selected.
12:09:51 INFO  : Hardware design information is loaded from 'C:/Users/Public/Vivado/SideServos/SideServos.sdk/SideServos_wrapper_hw_platform_0/system.hdf'.
12:09:51 INFO  : 'configparams force-mem-access 1' command is executed.
12:09:51 INFO  : Context for 'APU' is selected.
12:09:51 INFO  : 'stop' command is executed.
12:09:52 INFO  : 'ps7_init' command is executed.
12:09:52 INFO  : 'ps7_post_config' command is executed.
12:09:52 INFO  : Context for processor 'ps7_cortexa9_0' is selected.
12:09:52 INFO  : Processor reset is completed for 'ps7_cortexa9_0'.
12:09:52 INFO  : Context for processor 'ps7_cortexa9_0' is selected.
12:09:52 INFO  : The application 'C:/Users/Public/Vivado/SideServos/SideServos.sdk/SideServos/Debug/SideServos.elf' is downloaded to processor 'ps7_cortexa9_0'.
12:09:52 INFO  : 'configparams force-mem-access 0' command is executed.
12:09:52 INFO  : ----------------XSDB Script----------------
connect -url tcp:127.0.0.1:3121
source C:/Users/Public/Vivado/SideServos/SideServos.sdk/SideServos_wrapper_hw_platform_0/ps7_init.tcl
targets -set -nocase -filter {name =~"APU*" && jtag_cable_name =~ "Digilent Zed 210248A2723F"} -index 0
loadhw -hw C:/Users/Public/Vivado/SideServos/SideServos.sdk/SideServos_wrapper_hw_platform_0/system.hdf -mem-ranges [list {0x40000000 0xbfffffff}]
configparams force-mem-access 1
targets -set -nocase -filter {name =~"APU*" && jtag_cable_name =~ "Digilent Zed 210248A2723F"} -index 0
stop
ps7_init
ps7_post_config
targets -set -nocase -filter {name =~ "ARM*#0" && jtag_cable_name =~ "Digilent Zed 210248A2723F"} -index 0
rst -processor
targets -set -nocase -filter {name =~ "ARM*#0" && jtag_cable_name =~ "Digilent Zed 210248A2723F"} -index 0
dow C:/Users/Public/Vivado/SideServos/SideServos.sdk/SideServos/Debug/SideServos.elf
configparams force-mem-access 0
----------------End of Script----------------

12:09:52 INFO  : Context for processor 'ps7_cortexa9_0' is selected.
12:09:52 INFO  : 'con' command is executed.
12:09:52 INFO  : ----------------XSDB Script (After Launch)----------------
targets -set -nocase -filter {name =~ "ARM*#0" && jtag_cable_name =~ "Digilent Zed 210248A2723F"} -index 0
con
----------------End of Script----------------

12:09:52 INFO  : Disconnected from the channel tcfchan#5.
12:16:33 INFO  : 'targets -set -filter {jtag_cable_name =~ "Digilent Zed 210248A2723F" && level==0} -index 1' command is executed.
12:16:34 INFO  : 'fpga -state' command is executed.
12:16:34 INFO  : Connected to target on host '127.0.0.1' and port '3121'.
12:16:34 INFO  : Jtag cable 'Digilent Zed 210248A2723F' is selected.
12:16:34 INFO  : 'jtag frequency' command is executed.
12:16:34 INFO  : Sourcing of 'C:/Users/Public/Vivado/SideServos/SideServos.sdk/SideServos_wrapper_hw_platform_0/ps7_init.tcl' is done.
12:16:34 INFO  : Context for 'APU' is selected.
12:16:34 INFO  : Hardware design information is loaded from 'C:/Users/Public/Vivado/SideServos/SideServos.sdk/SideServos_wrapper_hw_platform_0/system.hdf'.
12:16:34 INFO  : 'configparams force-mem-access 1' command is executed.
12:16:34 INFO  : Context for 'APU' is selected.
12:16:34 INFO  : 'stop' command is executed.
12:16:35 INFO  : 'ps7_init' command is executed.
12:16:35 INFO  : 'ps7_post_config' command is executed.
12:16:35 INFO  : Context for processor 'ps7_cortexa9_0' is selected.
12:16:35 INFO  : Processor reset is completed for 'ps7_cortexa9_0'.
12:16:35 INFO  : Context for processor 'ps7_cortexa9_0' is selected.
12:16:35 INFO  : The application 'C:/Users/Public/Vivado/SideServos/SideServos.sdk/SideServos/Debug/SideServos.elf' is downloaded to processor 'ps7_cortexa9_0'.
12:16:35 INFO  : 'configparams force-mem-access 0' command is executed.
12:16:35 INFO  : ----------------XSDB Script----------------
connect -url tcp:127.0.0.1:3121
source C:/Users/Public/Vivado/SideServos/SideServos.sdk/SideServos_wrapper_hw_platform_0/ps7_init.tcl
targets -set -nocase -filter {name =~"APU*" && jtag_cable_name =~ "Digilent Zed 210248A2723F"} -index 0
loadhw -hw C:/Users/Public/Vivado/SideServos/SideServos.sdk/SideServos_wrapper_hw_platform_0/system.hdf -mem-ranges [list {0x40000000 0xbfffffff}]
configparams force-mem-access 1
targets -set -nocase -filter {name =~"APU*" && jtag_cable_name =~ "Digilent Zed 210248A2723F"} -index 0
stop
ps7_init
ps7_post_config
targets -set -nocase -filter {name =~ "ARM*#0" && jtag_cable_name =~ "Digilent Zed 210248A2723F"} -index 0
rst -processor
targets -set -nocase -filter {name =~ "ARM*#0" && jtag_cable_name =~ "Digilent Zed 210248A2723F"} -index 0
dow C:/Users/Public/Vivado/SideServos/SideServos.sdk/SideServos/Debug/SideServos.elf
configparams force-mem-access 0
----------------End of Script----------------

12:16:35 INFO  : Context for processor 'ps7_cortexa9_0' is selected.
12:16:35 INFO  : 'con' command is executed.
12:16:35 INFO  : ----------------XSDB Script (After Launch)----------------
targets -set -nocase -filter {name =~ "ARM*#0" && jtag_cable_name =~ "Digilent Zed 210248A2723F"} -index 0
con
----------------End of Script----------------

12:16:35 INFO  : Disconnected from the channel tcfchan#6.
12:23:26 INFO  : 'targets -set -filter {jtag_cable_name =~ "Digilent Zed 210248A2723F" && level==0} -index 1' command is executed.
12:23:26 INFO  : 'fpga -state' command is executed.
12:23:26 INFO  : Connected to target on host '127.0.0.1' and port '3121'.
12:23:26 INFO  : Jtag cable 'Digilent Zed 210248A2723F' is selected.
12:23:26 INFO  : 'jtag frequency' command is executed.
12:23:26 INFO  : Sourcing of 'C:/Users/Public/Vivado/SideServos/SideServos.sdk/SideServos_wrapper_hw_platform_0/ps7_init.tcl' is done.
12:23:26 INFO  : Context for 'APU' is selected.
12:23:30 INFO  : Hardware design information is loaded from 'C:/Users/Public/Vivado/SideServos/SideServos.sdk/SideServos_wrapper_hw_platform_0/system.hdf'.
12:23:30 INFO  : 'configparams force-mem-access 1' command is executed.
12:23:30 INFO  : Context for 'APU' is selected.
12:23:30 INFO  : 'stop' command is executed.
12:23:30 INFO  : 'ps7_init' command is executed.
12:23:31 INFO  : 'ps7_post_config' command is executed.
12:23:31 INFO  : Context for processor 'ps7_cortexa9_0' is selected.
12:23:31 INFO  : Processor reset is completed for 'ps7_cortexa9_0'.
12:23:31 INFO  : Context for processor 'ps7_cortexa9_0' is selected.
12:23:31 INFO  : The application 'C:/Users/Public/Vivado/SideServos/SideServos.sdk/SideServos/Debug/SideServos.elf' is downloaded to processor 'ps7_cortexa9_0'.
12:23:31 INFO  : 'configparams force-mem-access 0' command is executed.
12:23:31 INFO  : ----------------XSDB Script----------------
connect -url tcp:127.0.0.1:3121
source C:/Users/Public/Vivado/SideServos/SideServos.sdk/SideServos_wrapper_hw_platform_0/ps7_init.tcl
targets -set -nocase -filter {name =~"APU*" && jtag_cable_name =~ "Digilent Zed 210248A2723F"} -index 0
loadhw -hw C:/Users/Public/Vivado/SideServos/SideServos.sdk/SideServos_wrapper_hw_platform_0/system.hdf -mem-ranges [list {0x40000000 0xbfffffff}]
configparams force-mem-access 1
targets -set -nocase -filter {name =~"APU*" && jtag_cable_name =~ "Digilent Zed 210248A2723F"} -index 0
stop
ps7_init
ps7_post_config
targets -set -nocase -filter {name =~ "ARM*#0" && jtag_cable_name =~ "Digilent Zed 210248A2723F"} -index 0
rst -processor
targets -set -nocase -filter {name =~ "ARM*#0" && jtag_cable_name =~ "Digilent Zed 210248A2723F"} -index 0
dow C:/Users/Public/Vivado/SideServos/SideServos.sdk/SideServos/Debug/SideServos.elf
configparams force-mem-access 0
----------------End of Script----------------

12:23:31 INFO  : Context for processor 'ps7_cortexa9_0' is selected.
12:23:31 INFO  : 'con' command is executed.
12:23:31 INFO  : ----------------XSDB Script (After Launch)----------------
targets -set -nocase -filter {name =~ "ARM*#0" && jtag_cable_name =~ "Digilent Zed 210248A2723F"} -index 0
con
----------------End of Script----------------

12:23:31 INFO  : Disconnected from the channel tcfchan#7.
12:27:14 INFO  : 'targets -set -filter {jtag_cable_name =~ "Digilent Zed 210248A2723F" && level==0} -index 1' command is executed.
12:27:14 INFO  : 'fpga -state' command is executed.
12:27:14 INFO  : Connected to target on host '127.0.0.1' and port '3121'.
12:27:14 INFO  : Jtag cable 'Digilent Zed 210248A2723F' is selected.
12:27:14 INFO  : 'jtag frequency' command is executed.
12:27:14 INFO  : Sourcing of 'C:/Users/Public/Vivado/SideServos/SideServos.sdk/SideServos_wrapper_hw_platform_0/ps7_init.tcl' is done.
12:27:14 INFO  : Context for 'APU' is selected.
12:27:19 INFO  : Hardware design information is loaded from 'C:/Users/Public/Vivado/SideServos/SideServos.sdk/SideServos_wrapper_hw_platform_0/system.hdf'.
12:27:19 INFO  : 'configparams force-mem-access 1' command is executed.
12:27:19 INFO  : Context for 'APU' is selected.
12:27:19 INFO  : 'stop' command is executed.
12:27:20 INFO  : 'ps7_init' command is executed.
12:27:20 INFO  : 'ps7_post_config' command is executed.
12:27:20 INFO  : Context for processor 'ps7_cortexa9_0' is selected.
12:27:20 INFO  : Processor reset is completed for 'ps7_cortexa9_0'.
12:27:20 INFO  : Context for processor 'ps7_cortexa9_0' is selected.
12:27:20 INFO  : The application 'C:/Users/Public/Vivado/SideServos/SideServos.sdk/SideServos/Debug/SideServos.elf' is downloaded to processor 'ps7_cortexa9_0'.
12:27:20 INFO  : 'configparams force-mem-access 0' command is executed.
12:27:20 INFO  : ----------------XSDB Script----------------
connect -url tcp:127.0.0.1:3121
source C:/Users/Public/Vivado/SideServos/SideServos.sdk/SideServos_wrapper_hw_platform_0/ps7_init.tcl
targets -set -nocase -filter {name =~"APU*" && jtag_cable_name =~ "Digilent Zed 210248A2723F"} -index 0
loadhw -hw C:/Users/Public/Vivado/SideServos/SideServos.sdk/SideServos_wrapper_hw_platform_0/system.hdf -mem-ranges [list {0x40000000 0xbfffffff}]
configparams force-mem-access 1
targets -set -nocase -filter {name =~"APU*" && jtag_cable_name =~ "Digilent Zed 210248A2723F"} -index 0
stop
ps7_init
ps7_post_config
targets -set -nocase -filter {name =~ "ARM*#0" && jtag_cable_name =~ "Digilent Zed 210248A2723F"} -index 0
rst -processor
targets -set -nocase -filter {name =~ "ARM*#0" && jtag_cable_name =~ "Digilent Zed 210248A2723F"} -index 0
dow C:/Users/Public/Vivado/SideServos/SideServos.sdk/SideServos/Debug/SideServos.elf
configparams force-mem-access 0
----------------End of Script----------------

12:27:20 INFO  : Context for processor 'ps7_cortexa9_0' is selected.
12:27:20 INFO  : 'con' command is executed.
12:27:20 INFO  : ----------------XSDB Script (After Launch)----------------
targets -set -nocase -filter {name =~ "ARM*#0" && jtag_cable_name =~ "Digilent Zed 210248A2723F"} -index 0
con
----------------End of Script----------------

12:27:20 INFO  : Disconnected from the channel tcfchan#8.
12:36:08 INFO  : 'targets -set -filter {jtag_cable_name =~ "Digilent Zed 210248A2723F" && level==0} -index 1' command is executed.
12:36:08 INFO  : 'fpga -state' command is executed.
12:36:08 INFO  : Connected to target on host '127.0.0.1' and port '3121'.
12:36:08 INFO  : Jtag cable 'Digilent Zed 210248A2723F' is selected.
12:36:08 INFO  : 'jtag frequency' command is executed.
12:36:08 INFO  : Sourcing of 'C:/Users/Public/Vivado/SideServos/SideServos.sdk/SideServos_wrapper_hw_platform_0/ps7_init.tcl' is done.
12:36:08 INFO  : Context for 'APU' is selected.
12:36:12 INFO  : Hardware design information is loaded from 'C:/Users/Public/Vivado/SideServos/SideServos.sdk/SideServos_wrapper_hw_platform_0/system.hdf'.
12:36:12 INFO  : 'configparams force-mem-access 1' command is executed.
12:36:12 INFO  : Context for 'APU' is selected.
12:36:12 INFO  : 'stop' command is executed.
12:36:13 INFO  : 'ps7_init' command is executed.
12:36:13 INFO  : 'ps7_post_config' command is executed.
12:36:13 INFO  : Context for processor 'ps7_cortexa9_0' is selected.
12:36:13 INFO  : Processor reset is completed for 'ps7_cortexa9_0'.
12:36:13 INFO  : Context for processor 'ps7_cortexa9_0' is selected.
12:36:13 INFO  : The application 'C:/Users/Public/Vivado/SideServos/SideServos.sdk/SideServos/Debug/SideServos.elf' is downloaded to processor 'ps7_cortexa9_0'.
12:36:13 INFO  : 'configparams force-mem-access 0' command is executed.
12:36:13 INFO  : ----------------XSDB Script----------------
connect -url tcp:127.0.0.1:3121
source C:/Users/Public/Vivado/SideServos/SideServos.sdk/SideServos_wrapper_hw_platform_0/ps7_init.tcl
targets -set -nocase -filter {name =~"APU*" && jtag_cable_name =~ "Digilent Zed 210248A2723F"} -index 0
loadhw -hw C:/Users/Public/Vivado/SideServos/SideServos.sdk/SideServos_wrapper_hw_platform_0/system.hdf -mem-ranges [list {0x40000000 0xbfffffff}]
configparams force-mem-access 1
targets -set -nocase -filter {name =~"APU*" && jtag_cable_name =~ "Digilent Zed 210248A2723F"} -index 0
stop
ps7_init
ps7_post_config
targets -set -nocase -filter {name =~ "ARM*#0" && jtag_cable_name =~ "Digilent Zed 210248A2723F"} -index 0
rst -processor
targets -set -nocase -filter {name =~ "ARM*#0" && jtag_cable_name =~ "Digilent Zed 210248A2723F"} -index 0
dow C:/Users/Public/Vivado/SideServos/SideServos.sdk/SideServos/Debug/SideServos.elf
configparams force-mem-access 0
----------------End of Script----------------

12:36:13 INFO  : Context for processor 'ps7_cortexa9_0' is selected.
12:36:13 INFO  : 'con' command is executed.
12:36:13 INFO  : ----------------XSDB Script (After Launch)----------------
targets -set -nocase -filter {name =~ "ARM*#0" && jtag_cable_name =~ "Digilent Zed 210248A2723F"} -index 0
con
----------------End of Script----------------

12:36:13 INFO  : Disconnected from the channel tcfchan#9.
12:41:04 INFO  : 'targets -set -filter {jtag_cable_name =~ "Digilent Zed 210248A2723F" && level==0} -index 1' command is executed.
12:41:04 INFO  : 'fpga -state' command is executed.
12:41:04 INFO  : Connected to target on host '127.0.0.1' and port '3121'.
12:41:05 INFO  : Jtag cable 'Digilent Zed 210248A2723F' is selected.
12:41:05 INFO  : 'jtag frequency' command is executed.
12:41:05 INFO  : Sourcing of 'C:/Users/Public/Vivado/SideServos/SideServos.sdk/SideServos_wrapper_hw_platform_0/ps7_init.tcl' is done.
12:41:05 INFO  : Context for 'APU' is selected.
12:41:09 INFO  : Hardware design information is loaded from 'C:/Users/Public/Vivado/SideServos/SideServos.sdk/SideServos_wrapper_hw_platform_0/system.hdf'.
12:41:09 INFO  : 'configparams force-mem-access 1' command is executed.
12:41:09 INFO  : Context for 'APU' is selected.
12:41:10 INFO  : 'stop' command is executed.
12:41:11 INFO  : 'ps7_init' command is executed.
12:41:11 INFO  : 'ps7_post_config' command is executed.
12:41:11 INFO  : Context for processor 'ps7_cortexa9_0' is selected.
12:41:11 INFO  : Processor reset is completed for 'ps7_cortexa9_0'.
12:41:11 INFO  : Context for processor 'ps7_cortexa9_0' is selected.
12:41:11 INFO  : The application 'C:/Users/Public/Vivado/SideServos/SideServos.sdk/SideServos/Debug/SideServos.elf' is downloaded to processor 'ps7_cortexa9_0'.
12:41:11 INFO  : 'configparams force-mem-access 0' command is executed.
12:41:11 INFO  : ----------------XSDB Script----------------
connect -url tcp:127.0.0.1:3121
source C:/Users/Public/Vivado/SideServos/SideServos.sdk/SideServos_wrapper_hw_platform_0/ps7_init.tcl
targets -set -nocase -filter {name =~"APU*" && jtag_cable_name =~ "Digilent Zed 210248A2723F"} -index 0
loadhw -hw C:/Users/Public/Vivado/SideServos/SideServos.sdk/SideServos_wrapper_hw_platform_0/system.hdf -mem-ranges [list {0x40000000 0xbfffffff}]
configparams force-mem-access 1
targets -set -nocase -filter {name =~"APU*" && jtag_cable_name =~ "Digilent Zed 210248A2723F"} -index 0
stop
ps7_init
ps7_post_config
targets -set -nocase -filter {name =~ "ARM*#0" && jtag_cable_name =~ "Digilent Zed 210248A2723F"} -index 0
rst -processor
targets -set -nocase -filter {name =~ "ARM*#0" && jtag_cable_name =~ "Digilent Zed 210248A2723F"} -index 0
dow C:/Users/Public/Vivado/SideServos/SideServos.sdk/SideServos/Debug/SideServos.elf
configparams force-mem-access 0
----------------End of Script----------------

12:41:11 INFO  : Context for processor 'ps7_cortexa9_0' is selected.
12:41:11 INFO  : 'con' command is executed.
12:41:11 INFO  : ----------------XSDB Script (After Launch)----------------
targets -set -nocase -filter {name =~ "ARM*#0" && jtag_cable_name =~ "Digilent Zed 210248A2723F"} -index 0
con
----------------End of Script----------------

12:41:11 INFO  : Disconnected from the channel tcfchan#10.
12:46:44 INFO  : Connected to target on host '127.0.0.1' and port '3121'.
12:46:45 INFO  : 'targets -set -filter {jtag_cable_name =~ "Digilent Zed 210248A2723F" && level==0} -index 1' command is executed.
12:46:47 INFO  : FPGA configured successfully with bitstream "C:/Users/Public/Vivado/SideServos/SideServos.sdk/SideServos_wrapper_hw_platform_0/SideServos_wrapper.bit"
12:46:56 INFO  : 'targets -set -filter {jtag_cable_name =~ "Digilent Zed 210248A2723F" && level==0} -index 1' command is executed.
12:46:56 INFO  : 'fpga -state' command is executed.
12:46:56 INFO  : Connected to target on host '127.0.0.1' and port '3121'.
12:46:56 INFO  : Jtag cable 'Digilent Zed 210248A2723F' is selected.
12:46:56 INFO  : 'jtag frequency' command is executed.
12:46:56 INFO  : Sourcing of 'C:/Users/Public/Vivado/SideServos/SideServos.sdk/SideServos_wrapper_hw_platform_0/ps7_init.tcl' is done.
12:46:57 INFO  : Context for 'APU' is selected.
12:46:57 INFO  : Hardware design information is loaded from 'C:/Users/Public/Vivado/SideServos/SideServos.sdk/SideServos_wrapper_hw_platform_0/system.hdf'.
12:46:57 INFO  : 'configparams force-mem-access 1' command is executed.
12:46:57 INFO  : Context for 'APU' is selected.
12:46:57 INFO  : 'stop' command is executed.
12:46:58 INFO  : 'ps7_init' command is executed.
12:46:58 INFO  : 'ps7_post_config' command is executed.
12:46:58 INFO  : Context for processor 'ps7_cortexa9_0' is selected.
12:46:58 INFO  : Processor reset is completed for 'ps7_cortexa9_0'.
12:46:58 INFO  : Context for processor 'ps7_cortexa9_0' is selected.
12:46:58 INFO  : The application 'C:/Users/Public/Vivado/SideServos/SideServos.sdk/SideServos/Debug/SideServos.elf' is downloaded to processor 'ps7_cortexa9_0'.
12:46:58 INFO  : 'configparams force-mem-access 0' command is executed.
12:46:58 INFO  : ----------------XSDB Script----------------
connect -url tcp:127.0.0.1:3121
source C:/Users/Public/Vivado/SideServos/SideServos.sdk/SideServos_wrapper_hw_platform_0/ps7_init.tcl
targets -set -nocase -filter {name =~"APU*" && jtag_cable_name =~ "Digilent Zed 210248A2723F"} -index 0
loadhw -hw C:/Users/Public/Vivado/SideServos/SideServos.sdk/SideServos_wrapper_hw_platform_0/system.hdf -mem-ranges [list {0x40000000 0xbfffffff}]
configparams force-mem-access 1
targets -set -nocase -filter {name =~"APU*" && jtag_cable_name =~ "Digilent Zed 210248A2723F"} -index 0
stop
ps7_init
ps7_post_config
targets -set -nocase -filter {name =~ "ARM*#0" && jtag_cable_name =~ "Digilent Zed 210248A2723F"} -index 0
rst -processor
targets -set -nocase -filter {name =~ "ARM*#0" && jtag_cable_name =~ "Digilent Zed 210248A2723F"} -index 0
dow C:/Users/Public/Vivado/SideServos/SideServos.sdk/SideServos/Debug/SideServos.elf
configparams force-mem-access 0
----------------End of Script----------------

12:46:59 INFO  : Context for processor 'ps7_cortexa9_0' is selected.
12:46:59 INFO  : 'con' command is executed.
12:46:59 INFO  : ----------------XSDB Script (After Launch)----------------
targets -set -nocase -filter {name =~ "ARM*#0" && jtag_cable_name =~ "Digilent Zed 210248A2723F"} -index 0
con
----------------End of Script----------------

12:46:59 INFO  : Disconnected from the channel tcfchan#11.
12:48:23 INFO  : 'targets -set -filter {jtag_cable_name =~ "Digilent Zed 210248A2723F" && level==0} -index 1' command is executed.
12:48:23 INFO  : 'fpga -state' command is executed.
12:48:23 INFO  : Connected to target on host '127.0.0.1' and port '3121'.
12:48:23 INFO  : Jtag cable 'Digilent Zed 210248A2723F' is selected.
12:48:23 INFO  : 'jtag frequency' command is executed.
12:48:23 INFO  : Sourcing of 'C:/Users/Public/Vivado/SideServos/SideServos.sdk/SideServos_wrapper_hw_platform_0/ps7_init.tcl' is done.
12:48:23 INFO  : Context for 'APU' is selected.
12:48:28 INFO  : Hardware design information is loaded from 'C:/Users/Public/Vivado/SideServos/SideServos.sdk/SideServos_wrapper_hw_platform_0/system.hdf'.
12:48:28 INFO  : 'configparams force-mem-access 1' command is executed.
12:48:28 INFO  : Context for 'APU' is selected.
12:48:28 INFO  : 'stop' command is executed.
12:48:28 INFO  : 'ps7_init' command is executed.
12:48:28 INFO  : 'ps7_post_config' command is executed.
12:48:28 INFO  : Context for processor 'ps7_cortexa9_0' is selected.
12:48:29 INFO  : Processor reset is completed for 'ps7_cortexa9_0'.
12:48:29 INFO  : Context for processor 'ps7_cortexa9_0' is selected.
12:48:29 INFO  : The application 'C:/Users/Public/Vivado/SideServos/SideServos.sdk/SideServos/Debug/SideServos.elf' is downloaded to processor 'ps7_cortexa9_0'.
12:48:29 INFO  : 'configparams force-mem-access 0' command is executed.
12:48:29 INFO  : ----------------XSDB Script----------------
connect -url tcp:127.0.0.1:3121
source C:/Users/Public/Vivado/SideServos/SideServos.sdk/SideServos_wrapper_hw_platform_0/ps7_init.tcl
targets -set -nocase -filter {name =~"APU*" && jtag_cable_name =~ "Digilent Zed 210248A2723F"} -index 0
loadhw -hw C:/Users/Public/Vivado/SideServos/SideServos.sdk/SideServos_wrapper_hw_platform_0/system.hdf -mem-ranges [list {0x40000000 0xbfffffff}]
configparams force-mem-access 1
targets -set -nocase -filter {name =~"APU*" && jtag_cable_name =~ "Digilent Zed 210248A2723F"} -index 0
stop
ps7_init
ps7_post_config
targets -set -nocase -filter {name =~ "ARM*#0" && jtag_cable_name =~ "Digilent Zed 210248A2723F"} -index 0
rst -processor
targets -set -nocase -filter {name =~ "ARM*#0" && jtag_cable_name =~ "Digilent Zed 210248A2723F"} -index 0
dow C:/Users/Public/Vivado/SideServos/SideServos.sdk/SideServos/Debug/SideServos.elf
configparams force-mem-access 0
----------------End of Script----------------

12:48:29 INFO  : Context for processor 'ps7_cortexa9_0' is selected.
12:48:29 INFO  : 'con' command is executed.
12:48:29 INFO  : ----------------XSDB Script (After Launch)----------------
targets -set -nocase -filter {name =~ "ARM*#0" && jtag_cable_name =~ "Digilent Zed 210248A2723F"} -index 0
con
----------------End of Script----------------

12:48:29 INFO  : Disconnected from the channel tcfchan#12.
12:50:57 INFO  : 'targets -set -filter {jtag_cable_name =~ "Digilent Zed 210248A2723F" && level==0} -index 1' command is executed.
12:50:57 INFO  : 'fpga -state' command is executed.
12:50:57 INFO  : Connected to target on host '127.0.0.1' and port '3121'.
12:50:57 INFO  : Jtag cable 'Digilent Zed 210248A2723F' is selected.
12:50:57 INFO  : 'jtag frequency' command is executed.
12:50:57 INFO  : Sourcing of 'C:/Users/Public/Vivado/SideServos/SideServos.sdk/SideServos_wrapper_hw_platform_0/ps7_init.tcl' is done.
12:50:57 INFO  : Context for 'APU' is selected.
12:51:00 INFO  : Hardware design information is loaded from 'C:/Users/Public/Vivado/SideServos/SideServos.sdk/SideServos_wrapper_hw_platform_0/system.hdf'.
12:51:00 INFO  : 'configparams force-mem-access 1' command is executed.
12:51:00 INFO  : Context for 'APU' is selected.
12:51:00 INFO  : 'stop' command is executed.
12:51:01 INFO  : 'ps7_init' command is executed.
12:51:01 INFO  : 'ps7_post_config' command is executed.
12:51:01 INFO  : Context for processor 'ps7_cortexa9_0' is selected.
12:51:01 INFO  : Processor reset is completed for 'ps7_cortexa9_0'.
12:51:01 INFO  : Context for processor 'ps7_cortexa9_0' is selected.
12:51:01 INFO  : The application 'C:/Users/Public/Vivado/SideServos/SideServos.sdk/SideServos/Debug/SideServos.elf' is downloaded to processor 'ps7_cortexa9_0'.
12:51:01 INFO  : 'configparams force-mem-access 0' command is executed.
12:51:01 INFO  : ----------------XSDB Script----------------
connect -url tcp:127.0.0.1:3121
source C:/Users/Public/Vivado/SideServos/SideServos.sdk/SideServos_wrapper_hw_platform_0/ps7_init.tcl
targets -set -nocase -filter {name =~"APU*" && jtag_cable_name =~ "Digilent Zed 210248A2723F"} -index 0
loadhw -hw C:/Users/Public/Vivado/SideServos/SideServos.sdk/SideServos_wrapper_hw_platform_0/system.hdf -mem-ranges [list {0x40000000 0xbfffffff}]
configparams force-mem-access 1
targets -set -nocase -filter {name =~"APU*" && jtag_cable_name =~ "Digilent Zed 210248A2723F"} -index 0
stop
ps7_init
ps7_post_config
targets -set -nocase -filter {name =~ "ARM*#0" && jtag_cable_name =~ "Digilent Zed 210248A2723F"} -index 0
rst -processor
targets -set -nocase -filter {name =~ "ARM*#0" && jtag_cable_name =~ "Digilent Zed 210248A2723F"} -index 0
dow C:/Users/Public/Vivado/SideServos/SideServos.sdk/SideServos/Debug/SideServos.elf
configparams force-mem-access 0
----------------End of Script----------------

12:51:01 INFO  : Context for processor 'ps7_cortexa9_0' is selected.
12:51:01 INFO  : 'con' command is executed.
12:51:01 INFO  : ----------------XSDB Script (After Launch)----------------
targets -set -nocase -filter {name =~ "ARM*#0" && jtag_cable_name =~ "Digilent Zed 210248A2723F"} -index 0
con
----------------End of Script----------------

12:51:01 INFO  : Disconnected from the channel tcfchan#13.
12:53:43 INFO  : 'targets -set -filter {jtag_cable_name =~ "Digilent Zed 210248A2723F" && level==0} -index 1' command is executed.
12:53:43 INFO  : 'fpga -state' command is executed.
12:53:43 INFO  : Connected to target on host '127.0.0.1' and port '3121'.
12:53:44 INFO  : Jtag cable 'Digilent Zed 210248A2723F' is selected.
12:53:44 INFO  : 'jtag frequency' command is executed.
12:53:44 INFO  : Sourcing of 'C:/Users/Public/Vivado/SideServos/SideServos.sdk/SideServos_wrapper_hw_platform_0/ps7_init.tcl' is done.
12:53:44 INFO  : Context for 'APU' is selected.
12:53:47 INFO  : Hardware design information is loaded from 'C:/Users/Public/Vivado/SideServos/SideServos.sdk/SideServos_wrapper_hw_platform_0/system.hdf'.
12:53:47 INFO  : 'configparams force-mem-access 1' command is executed.
12:53:47 INFO  : Context for 'APU' is selected.
12:53:47 INFO  : 'stop' command is executed.
12:53:47 INFO  : 'ps7_init' command is executed.
12:53:47 INFO  : 'ps7_post_config' command is executed.
12:53:47 INFO  : Context for processor 'ps7_cortexa9_0' is selected.
12:53:47 INFO  : Processor reset is completed for 'ps7_cortexa9_0'.
12:53:47 INFO  : Context for processor 'ps7_cortexa9_0' is selected.
12:53:47 INFO  : The application 'C:/Users/Public/Vivado/SideServos/SideServos.sdk/SideServos/Debug/SideServos.elf' is downloaded to processor 'ps7_cortexa9_0'.
12:53:47 INFO  : 'configparams force-mem-access 0' command is executed.
12:53:47 INFO  : ----------------XSDB Script----------------
connect -url tcp:127.0.0.1:3121
source C:/Users/Public/Vivado/SideServos/SideServos.sdk/SideServos_wrapper_hw_platform_0/ps7_init.tcl
targets -set -nocase -filter {name =~"APU*" && jtag_cable_name =~ "Digilent Zed 210248A2723F"} -index 0
loadhw -hw C:/Users/Public/Vivado/SideServos/SideServos.sdk/SideServos_wrapper_hw_platform_0/system.hdf -mem-ranges [list {0x40000000 0xbfffffff}]
configparams force-mem-access 1
targets -set -nocase -filter {name =~"APU*" && jtag_cable_name =~ "Digilent Zed 210248A2723F"} -index 0
stop
ps7_init
ps7_post_config
targets -set -nocase -filter {name =~ "ARM*#0" && jtag_cable_name =~ "Digilent Zed 210248A2723F"} -index 0
rst -processor
targets -set -nocase -filter {name =~ "ARM*#0" && jtag_cable_name =~ "Digilent Zed 210248A2723F"} -index 0
dow C:/Users/Public/Vivado/SideServos/SideServos.sdk/SideServos/Debug/SideServos.elf
configparams force-mem-access 0
----------------End of Script----------------

12:53:47 INFO  : Context for processor 'ps7_cortexa9_0' is selected.
12:53:48 INFO  : 'con' command is executed.
12:53:48 INFO  : ----------------XSDB Script (After Launch)----------------
targets -set -nocase -filter {name =~ "ARM*#0" && jtag_cable_name =~ "Digilent Zed 210248A2723F"} -index 0
con
----------------End of Script----------------

12:53:48 INFO  : Disconnected from the channel tcfchan#14.
12:57:14 INFO  : 'targets -set -filter {jtag_cable_name =~ "Digilent Zed 210248A2723F" && level==0} -index 1' command is executed.
12:57:14 INFO  : 'fpga -state' command is executed.
12:57:14 INFO  : Connected to target on host '127.0.0.1' and port '3121'.
12:57:14 INFO  : Jtag cable 'Digilent Zed 210248A2723F' is selected.
12:57:14 INFO  : 'jtag frequency' command is executed.
12:57:14 INFO  : Sourcing of 'C:/Users/Public/Vivado/SideServos/SideServos.sdk/SideServos_wrapper_hw_platform_0/ps7_init.tcl' is done.
12:57:14 INFO  : Context for 'APU' is selected.
12:57:18 INFO  : Hardware design information is loaded from 'C:/Users/Public/Vivado/SideServos/SideServos.sdk/SideServos_wrapper_hw_platform_0/system.hdf'.
12:57:18 INFO  : 'configparams force-mem-access 1' command is executed.
12:57:18 INFO  : Context for 'APU' is selected.
12:57:18 INFO  : 'stop' command is executed.
12:57:18 INFO  : 'ps7_init' command is executed.
12:57:18 INFO  : 'ps7_post_config' command is executed.
12:57:18 INFO  : Context for processor 'ps7_cortexa9_0' is selected.
12:57:18 INFO  : Processor reset is completed for 'ps7_cortexa9_0'.
12:57:18 INFO  : Context for processor 'ps7_cortexa9_0' is selected.
12:57:18 INFO  : The application 'C:/Users/Public/Vivado/SideServos/SideServos.sdk/SideServos/Debug/SideServos.elf' is downloaded to processor 'ps7_cortexa9_0'.
12:57:18 INFO  : 'configparams force-mem-access 0' command is executed.
12:57:18 INFO  : ----------------XSDB Script----------------
connect -url tcp:127.0.0.1:3121
source C:/Users/Public/Vivado/SideServos/SideServos.sdk/SideServos_wrapper_hw_platform_0/ps7_init.tcl
targets -set -nocase -filter {name =~"APU*" && jtag_cable_name =~ "Digilent Zed 210248A2723F"} -index 0
loadhw -hw C:/Users/Public/Vivado/SideServos/SideServos.sdk/SideServos_wrapper_hw_platform_0/system.hdf -mem-ranges [list {0x40000000 0xbfffffff}]
configparams force-mem-access 1
targets -set -nocase -filter {name =~"APU*" && jtag_cable_name =~ "Digilent Zed 210248A2723F"} -index 0
stop
ps7_init
ps7_post_config
targets -set -nocase -filter {name =~ "ARM*#0" && jtag_cable_name =~ "Digilent Zed 210248A2723F"} -index 0
rst -processor
targets -set -nocase -filter {name =~ "ARM*#0" && jtag_cable_name =~ "Digilent Zed 210248A2723F"} -index 0
dow C:/Users/Public/Vivado/SideServos/SideServos.sdk/SideServos/Debug/SideServos.elf
configparams force-mem-access 0
----------------End of Script----------------

12:57:18 INFO  : Context for processor 'ps7_cortexa9_0' is selected.
12:57:18 INFO  : 'con' command is executed.
12:57:18 INFO  : ----------------XSDB Script (After Launch)----------------
targets -set -nocase -filter {name =~ "ARM*#0" && jtag_cable_name =~ "Digilent Zed 210248A2723F"} -index 0
con
----------------End of Script----------------

12:57:18 INFO  : Disconnected from the channel tcfchan#15.
13:05:22 INFO  : 'targets -set -filter {jtag_cable_name =~ "Digilent Zed 210248A2723F" && level==0} -index 1' command is executed.
13:05:22 INFO  : 'fpga -state' command is executed.
13:05:22 INFO  : Connected to target on host '127.0.0.1' and port '3121'.
13:05:22 INFO  : Jtag cable 'Digilent Zed 210248A2723F' is selected.
13:05:22 INFO  : 'jtag frequency' command is executed.
13:05:22 INFO  : Sourcing of 'C:/Users/Public/Vivado/SideServos/SideServos.sdk/SideServos_wrapper_hw_platform_0/ps7_init.tcl' is done.
13:05:22 INFO  : Context for 'APU' is selected.
13:05:25 INFO  : Hardware design information is loaded from 'C:/Users/Public/Vivado/SideServos/SideServos.sdk/SideServos_wrapper_hw_platform_0/system.hdf'.
13:05:25 INFO  : 'configparams force-mem-access 1' command is executed.
13:05:25 INFO  : Context for 'APU' is selected.
13:05:25 INFO  : 'stop' command is executed.
13:05:26 INFO  : 'ps7_init' command is executed.
13:05:26 INFO  : 'ps7_post_config' command is executed.
13:05:26 INFO  : Context for processor 'ps7_cortexa9_0' is selected.
13:05:26 INFO  : Processor reset is completed for 'ps7_cortexa9_0'.
13:05:26 INFO  : Context for processor 'ps7_cortexa9_0' is selected.
13:05:26 INFO  : The application 'C:/Users/Public/Vivado/SideServos/SideServos.sdk/SideServos/Debug/SideServos.elf' is downloaded to processor 'ps7_cortexa9_0'.
13:05:26 INFO  : 'configparams force-mem-access 0' command is executed.
13:05:26 INFO  : ----------------XSDB Script----------------
connect -url tcp:127.0.0.1:3121
source C:/Users/Public/Vivado/SideServos/SideServos.sdk/SideServos_wrapper_hw_platform_0/ps7_init.tcl
targets -set -nocase -filter {name =~"APU*" && jtag_cable_name =~ "Digilent Zed 210248A2723F"} -index 0
loadhw -hw C:/Users/Public/Vivado/SideServos/SideServos.sdk/SideServos_wrapper_hw_platform_0/system.hdf -mem-ranges [list {0x40000000 0xbfffffff}]
configparams force-mem-access 1
targets -set -nocase -filter {name =~"APU*" && jtag_cable_name =~ "Digilent Zed 210248A2723F"} -index 0
stop
ps7_init
ps7_post_config
targets -set -nocase -filter {name =~ "ARM*#0" && jtag_cable_name =~ "Digilent Zed 210248A2723F"} -index 0
rst -processor
targets -set -nocase -filter {name =~ "ARM*#0" && jtag_cable_name =~ "Digilent Zed 210248A2723F"} -index 0
dow C:/Users/Public/Vivado/SideServos/SideServos.sdk/SideServos/Debug/SideServos.elf
configparams force-mem-access 0
----------------End of Script----------------

13:05:26 INFO  : Context for processor 'ps7_cortexa9_0' is selected.
13:05:26 INFO  : 'con' command is executed.
13:05:26 INFO  : ----------------XSDB Script (After Launch)----------------
targets -set -nocase -filter {name =~ "ARM*#0" && jtag_cable_name =~ "Digilent Zed 210248A2723F"} -index 0
con
----------------End of Script----------------

13:05:26 INFO  : Disconnected from the channel tcfchan#16.
13:09:17 INFO  : 'targets -set -filter {jtag_cable_name =~ "Digilent Zed 210248A2723F" && level==0} -index 1' command is executed.
13:09:17 INFO  : 'fpga -state' command is executed.
13:09:17 INFO  : Connected to target on host '127.0.0.1' and port '3121'.
13:09:17 INFO  : Jtag cable 'Digilent Zed 210248A2723F' is selected.
13:09:17 INFO  : 'jtag frequency' command is executed.
13:09:17 INFO  : Sourcing of 'C:/Users/Public/Vivado/SideServos/SideServos.sdk/SideServos_wrapper_hw_platform_0/ps7_init.tcl' is done.
13:09:17 INFO  : Context for 'APU' is selected.
13:09:21 INFO  : Hardware design information is loaded from 'C:/Users/Public/Vivado/SideServos/SideServos.sdk/SideServos_wrapper_hw_platform_0/system.hdf'.
13:09:21 INFO  : 'configparams force-mem-access 1' command is executed.
13:09:21 INFO  : Context for 'APU' is selected.
13:09:21 INFO  : 'stop' command is executed.
13:09:21 INFO  : 'ps7_init' command is executed.
13:09:21 INFO  : 'ps7_post_config' command is executed.
13:09:21 INFO  : Context for processor 'ps7_cortexa9_0' is selected.
13:09:21 INFO  : Processor reset is completed for 'ps7_cortexa9_0'.
13:09:21 INFO  : Context for processor 'ps7_cortexa9_0' is selected.
13:09:21 INFO  : The application 'C:/Users/Public/Vivado/SideServos/SideServos.sdk/SideServos/Debug/SideServos.elf' is downloaded to processor 'ps7_cortexa9_0'.
13:09:21 INFO  : 'configparams force-mem-access 0' command is executed.
13:09:21 INFO  : ----------------XSDB Script----------------
connect -url tcp:127.0.0.1:3121
source C:/Users/Public/Vivado/SideServos/SideServos.sdk/SideServos_wrapper_hw_platform_0/ps7_init.tcl
targets -set -nocase -filter {name =~"APU*" && jtag_cable_name =~ "Digilent Zed 210248A2723F"} -index 0
loadhw -hw C:/Users/Public/Vivado/SideServos/SideServos.sdk/SideServos_wrapper_hw_platform_0/system.hdf -mem-ranges [list {0x40000000 0xbfffffff}]
configparams force-mem-access 1
targets -set -nocase -filter {name =~"APU*" && jtag_cable_name =~ "Digilent Zed 210248A2723F"} -index 0
stop
ps7_init
ps7_post_config
targets -set -nocase -filter {name =~ "ARM*#0" && jtag_cable_name =~ "Digilent Zed 210248A2723F"} -index 0
rst -processor
targets -set -nocase -filter {name =~ "ARM*#0" && jtag_cable_name =~ "Digilent Zed 210248A2723F"} -index 0
dow C:/Users/Public/Vivado/SideServos/SideServos.sdk/SideServos/Debug/SideServos.elf
configparams force-mem-access 0
----------------End of Script----------------

13:09:21 INFO  : Context for processor 'ps7_cortexa9_0' is selected.
13:09:21 INFO  : 'con' command is executed.
13:09:21 INFO  : ----------------XSDB Script (After Launch)----------------
targets -set -nocase -filter {name =~ "ARM*#0" && jtag_cable_name =~ "Digilent Zed 210248A2723F"} -index 0
con
----------------End of Script----------------

13:09:21 INFO  : Disconnected from the channel tcfchan#17.
20:56:30 INFO  : Registering command handlers for SDK TCF services
20:56:32 INFO  : Launching XSCT server: xsct.bat -interactive C:\Users\Public\Vivado\SideServos\SideServos.sdk\temp_xsdb_launch_script.tcl
20:56:34 INFO  : XSCT server has started successfully.
20:56:34 INFO  : Successfully done setting XSCT server connection channel  
20:56:34 INFO  : Successfully done setting SDK workspace  
20:56:34 INFO  : Processing command line option -hwspec C:/Users/Public/Vivado/SideServos/SideServos.sdk/SideServos_wrapper.hdf.
20:56:34 INFO  : Checking for hwspec changes in the project SideServos_wrapper_hw_platform_0.
