Copyright 1986-2018 Xilinx, Inc. All Rights Reserved.
-----------------------------------------------------------------------------------------------------------------------------------------------------------------------------------------------
| Tool Version : Vivado v.2018.2 (win64) Build 2258646 Thu Jun 14 20:03:12 MDT 2018
| Date         : Wed Nov 21 15:25:32 2018
| Host         : Drew-GLT running 64-bit major release  (build 9200)
| Command      : report_methodology -file MiddleServo_wrapper_methodology_drc_routed.rpt -pb MiddleServo_wrapper_methodology_drc_routed.pb -rpx MiddleServo_wrapper_methodology_drc_routed.rpx
| Design       : MiddleServo_wrapper
| Device       : xc7z020clg484-1
| Speed File   : -1
| Design State : Routed
-----------------------------------------------------------------------------------------------------------------------------------------------------------------------------------------------

Report Methodology

Table of Contents
-----------------
1. REPORT SUMMARY
2. REPORT DETAILS

1. REPORT SUMMARY
-----------------
            Netlist: netlist
          Floorplan: design_1
      Design limits: <entire design considered>
             Max violations: <unlimited>
             Violations found: 43
+-----------+----------+-------------------------------+------------+
| Rule      | Severity | Description                   | Violations |
+-----------+----------+-------------------------------+------------+
| TIMING-17 | Warning  | Non-clocked sequential cell   | 42         |
| TIMING-18 | Warning  | Missing input or output delay | 1          |
+-----------+----------+-------------------------------+------------+

2. REPORT DETAILS
-----------------
TIMING-17#1 Warning
Non-clocked sequential cell  
The clock pin MiddleServo_i/MiddleServo_0/U0/MiddleServo_v1_0_S00_AXI_inst/MiddleServo/count_mid_reg[0]/C is not reached by a timing clock
Related violations: <none>

TIMING-17#2 Warning
Non-clocked sequential cell  
The clock pin MiddleServo_i/MiddleServo_0/U0/MiddleServo_v1_0_S00_AXI_inst/MiddleServo/count_mid_reg[10]/C is not reached by a timing clock
Related violations: <none>

TIMING-17#3 Warning
Non-clocked sequential cell  
The clock pin MiddleServo_i/MiddleServo_0/U0/MiddleServo_v1_0_S00_AXI_inst/MiddleServo/count_mid_reg[11]/C is not reached by a timing clock
Related violations: <none>

TIMING-17#4 Warning
Non-clocked sequential cell  
The clock pin MiddleServo_i/MiddleServo_0/U0/MiddleServo_v1_0_S00_AXI_inst/MiddleServo/count_mid_reg[12]/C is not reached by a timing clock
Related violations: <none>

TIMING-17#5 Warning
Non-clocked sequential cell  
The clock pin MiddleServo_i/MiddleServo_0/U0/MiddleServo_v1_0_S00_AXI_inst/MiddleServo/count_mid_reg[13]/C is not reached by a timing clock
Related violations: <none>

TIMING-17#6 Warning
Non-clocked sequential cell  
The clock pin MiddleServo_i/MiddleServo_0/U0/MiddleServo_v1_0_S00_AXI_inst/MiddleServo/count_mid_reg[14]/C is not reached by a timing clock
Related violations: <none>

TIMING-17#7 Warning
Non-clocked sequential cell  
The clock pin MiddleServo_i/MiddleServo_0/U0/MiddleServo_v1_0_S00_AXI_inst/MiddleServo/count_mid_reg[15]/C is not reached by a timing clock
Related violations: <none>

TIMING-17#8 Warning
Non-clocked sequential cell  
The clock pin MiddleServo_i/MiddleServo_0/U0/MiddleServo_v1_0_S00_AXI_inst/MiddleServo/count_mid_reg[16]/C is not reached by a timing clock
Related violations: <none>

TIMING-17#9 Warning
Non-clocked sequential cell  
The clock pin MiddleServo_i/MiddleServo_0/U0/MiddleServo_v1_0_S00_AXI_inst/MiddleServo/count_mid_reg[17]/C is not reached by a timing clock
Related violations: <none>

TIMING-17#10 Warning
Non-clocked sequential cell  
The clock pin MiddleServo_i/MiddleServo_0/U0/MiddleServo_v1_0_S00_AXI_inst/MiddleServo/count_mid_reg[18]/C is not reached by a timing clock
Related violations: <none>

TIMING-17#11 Warning
Non-clocked sequential cell  
The clock pin MiddleServo_i/MiddleServo_0/U0/MiddleServo_v1_0_S00_AXI_inst/MiddleServo/count_mid_reg[19]/C is not reached by a timing clock
Related violations: <none>

TIMING-17#12 Warning
Non-clocked sequential cell  
The clock pin MiddleServo_i/MiddleServo_0/U0/MiddleServo_v1_0_S00_AXI_inst/MiddleServo/count_mid_reg[1]/C is not reached by a timing clock
Related violations: <none>

TIMING-17#13 Warning
Non-clocked sequential cell  
The clock pin MiddleServo_i/MiddleServo_0/U0/MiddleServo_v1_0_S00_AXI_inst/MiddleServo/count_mid_reg[20]/C is not reached by a timing clock
Related violations: <none>

TIMING-17#14 Warning
Non-clocked sequential cell  
The clock pin MiddleServo_i/MiddleServo_0/U0/MiddleServo_v1_0_S00_AXI_inst/MiddleServo/count_mid_reg[21]/C is not reached by a timing clock
Related violations: <none>

TIMING-17#15 Warning
Non-clocked sequential cell  
The clock pin MiddleServo_i/MiddleServo_0/U0/MiddleServo_v1_0_S00_AXI_inst/MiddleServo/count_mid_reg[22]/C is not reached by a timing clock
Related violations: <none>

TIMING-17#16 Warning
Non-clocked sequential cell  
The clock pin MiddleServo_i/MiddleServo_0/U0/MiddleServo_v1_0_S00_AXI_inst/MiddleServo/count_mid_reg[23]/C is not reached by a timing clock
Related violations: <none>

TIMING-17#17 Warning
Non-clocked sequential cell  
The clock pin MiddleServo_i/MiddleServo_0/U0/MiddleServo_v1_0_S00_AXI_inst/MiddleServo/count_mid_reg[24]/C is not reached by a timing clock
Related violations: <none>

TIMING-17#18 Warning
Non-clocked sequential cell  
The clock pin MiddleServo_i/MiddleServo_0/U0/MiddleServo_v1_0_S00_AXI_inst/MiddleServo/count_mid_reg[25]/C is not reached by a timing clock
Related violations: <none>

TIMING-17#19 Warning
Non-clocked sequential cell  
The clock pin MiddleServo_i/MiddleServo_0/U0/MiddleServo_v1_0_S00_AXI_inst/MiddleServo/count_mid_reg[26]/C is not reached by a timing clock
Related violations: <none>

TIMING-17#20 Warning
Non-clocked sequential cell  
The clock pin MiddleServo_i/MiddleServo_0/U0/MiddleServo_v1_0_S00_AXI_inst/MiddleServo/count_mid_reg[27]/C is not reached by a timing clock
Related violations: <none>

TIMING-17#21 Warning
Non-clocked sequential cell  
The clock pin MiddleServo_i/MiddleServo_0/U0/MiddleServo_v1_0_S00_AXI_inst/MiddleServo/count_mid_reg[28]/C is not reached by a timing clock
Related violations: <none>

TIMING-17#22 Warning
Non-clocked sequential cell  
The clock pin MiddleServo_i/MiddleServo_0/U0/MiddleServo_v1_0_S00_AXI_inst/MiddleServo/count_mid_reg[29]/C is not reached by a timing clock
Related violations: <none>

TIMING-17#23 Warning
Non-clocked sequential cell  
The clock pin MiddleServo_i/MiddleServo_0/U0/MiddleServo_v1_0_S00_AXI_inst/MiddleServo/count_mid_reg[2]/C is not reached by a timing clock
Related violations: <none>

TIMING-17#24 Warning
Non-clocked sequential cell  
The clock pin MiddleServo_i/MiddleServo_0/U0/MiddleServo_v1_0_S00_AXI_inst/MiddleServo/count_mid_reg[30]/C is not reached by a timing clock
Related violations: <none>

TIMING-17#25 Warning
Non-clocked sequential cell  
The clock pin MiddleServo_i/MiddleServo_0/U0/MiddleServo_v1_0_S00_AXI_inst/MiddleServo/count_mid_reg[31]/C is not reached by a timing clock
Related violations: <none>

TIMING-17#26 Warning
Non-clocked sequential cell  
The clock pin MiddleServo_i/MiddleServo_0/U0/MiddleServo_v1_0_S00_AXI_inst/MiddleServo/count_mid_reg[3]/C is not reached by a timing clock
Related violations: <none>

TIMING-17#27 Warning
Non-clocked sequential cell  
The clock pin MiddleServo_i/MiddleServo_0/U0/MiddleServo_v1_0_S00_AXI_inst/MiddleServo/count_mid_reg[4]/C is not reached by a timing clock
Related violations: <none>

TIMING-17#28 Warning
Non-clocked sequential cell  
The clock pin MiddleServo_i/MiddleServo_0/U0/MiddleServo_v1_0_S00_AXI_inst/MiddleServo/count_mid_reg[5]/C is not reached by a timing clock
Related violations: <none>

TIMING-17#29 Warning
Non-clocked sequential cell  
The clock pin MiddleServo_i/MiddleServo_0/U0/MiddleServo_v1_0_S00_AXI_inst/MiddleServo/count_mid_reg[6]/C is not reached by a timing clock
Related violations: <none>

TIMING-17#30 Warning
Non-clocked sequential cell  
The clock pin MiddleServo_i/MiddleServo_0/U0/MiddleServo_v1_0_S00_AXI_inst/MiddleServo/count_mid_reg[7]/C is not reached by a timing clock
Related violations: <none>

TIMING-17#31 Warning
Non-clocked sequential cell  
The clock pin MiddleServo_i/MiddleServo_0/U0/MiddleServo_v1_0_S00_AXI_inst/MiddleServo/count_mid_reg[8]/C is not reached by a timing clock
Related violations: <none>

TIMING-17#32 Warning
Non-clocked sequential cell  
The clock pin MiddleServo_i/MiddleServo_0/U0/MiddleServo_v1_0_S00_AXI_inst/MiddleServo/count_mid_reg[9]/C is not reached by a timing clock
Related violations: <none>

TIMING-17#33 Warning
Non-clocked sequential cell  
The clock pin MiddleServo_i/MiddleServo_0/U0/MiddleServo_v1_0_S00_AXI_inst/MiddleServo/flag_at_0_reg[0]/C is not reached by a timing clock
Related violations: <none>

TIMING-17#34 Warning
Non-clocked sequential cell  
The clock pin MiddleServo_i/MiddleServo_0/U0/MiddleServo_v1_0_S00_AXI_inst/MiddleServo/flag_at_180_reg[0]/C is not reached by a timing clock
Related violations: <none>

TIMING-17#35 Warning
Non-clocked sequential cell  
The clock pin MiddleServo_i/MiddleServo_0/U0/MiddleServo_v1_0_S00_AXI_inst/MiddleServo/middle_servo_angle_reg[0]/C is not reached by a timing clock
Related violations: <none>

TIMING-17#36 Warning
Non-clocked sequential cell  
The clock pin MiddleServo_i/MiddleServo_0/U0/MiddleServo_v1_0_S00_AXI_inst/MiddleServo/middle_servo_angle_reg[1]/C is not reached by a timing clock
Related violations: <none>

TIMING-17#37 Warning
Non-clocked sequential cell  
The clock pin MiddleServo_i/MiddleServo_0/U0/MiddleServo_v1_0_S00_AXI_inst/MiddleServo/middle_servo_angle_reg[2]/C is not reached by a timing clock
Related violations: <none>

TIMING-17#38 Warning
Non-clocked sequential cell  
The clock pin MiddleServo_i/MiddleServo_0/U0/MiddleServo_v1_0_S00_AXI_inst/MiddleServo/middle_servo_angle_reg[3]/C is not reached by a timing clock
Related violations: <none>

TIMING-17#39 Warning
Non-clocked sequential cell  
The clock pin MiddleServo_i/MiddleServo_0/U0/MiddleServo_v1_0_S00_AXI_inst/MiddleServo/middle_servo_angle_reg[4]/C is not reached by a timing clock
Related violations: <none>

TIMING-17#40 Warning
Non-clocked sequential cell  
The clock pin MiddleServo_i/MiddleServo_0/U0/MiddleServo_v1_0_S00_AXI_inst/MiddleServo/middle_servo_angle_reg[5]/C is not reached by a timing clock
Related violations: <none>

TIMING-17#41 Warning
Non-clocked sequential cell  
The clock pin MiddleServo_i/MiddleServo_0/U0/MiddleServo_v1_0_S00_AXI_inst/MiddleServo/middle_servo_angle_reg[6]/C is not reached by a timing clock
Related violations: <none>

TIMING-17#42 Warning
Non-clocked sequential cell  
The clock pin MiddleServo_i/MiddleServo_0/U0/MiddleServo_v1_0_S00_AXI_inst/MiddleServo/middle_servo_angle_reg[7]/C is not reached by a timing clock
Related violations: <none>

TIMING-18#1 Warning
Missing input or output delay  
An output delay is missing on s00_pwm_middle relative to clock(s) clk_fpga_0
Related violations: <none>


