Copyright 1986-2018 Xilinx, Inc. All Rights Reserved.
------------------------------------------------------------------------------------------------
| Tool Version : Vivado v.2018.2 (win64) Build 2258646 Thu Jun 14 20:03:12 MDT 2018
| Date         : Wed Nov 21 15:25:02 2018
| Host         : Drew-GLT running 64-bit major release  (build 9200)
| Command      : report_control_sets -verbose -file MiddleServo_wrapper_control_sets_placed.rpt
| Design       : MiddleServo_wrapper
| Device       : xc7z020
------------------------------------------------------------------------------------------------

Control Set Information

Table of Contents
-----------------
1. Summary
2. Histogram
3. Flip-Flop Distribution
4. Detailed Control Set Information

1. Summary
----------

+----------------------------------------------------------+-------+
|                          Status                          | Count |
+----------------------------------------------------------+-------+
| Number of unique control sets                            |    46 |
| Unused register locations in slices containing registers |    48 |
+----------------------------------------------------------+-------+


2. Histogram
------------

+--------+--------------+
| Fanout | Control Sets |
+--------+--------------+
|      4 |            2 |
|      8 |            9 |
|     12 |            1 |
|    16+ |           34 |
+--------+--------------+


3. Flip-Flop Distribution
-------------------------

+--------------+-----------------------+------------------------+-----------------+--------------+
| Clock Enable | Synchronous Set/Reset | Asynchronous Set/Reset | Total Registers | Total Slices |
+--------------+-----------------------+------------------------+-----------------+--------------+
| No           | No                    | No                     |             222 |           35 |
| No           | No                    | Yes                    |             152 |           32 |
| No           | Yes                   | No                     |             162 |           22 |
| Yes          | No                    | No                     |             532 |           57 |
| Yes          | No                    | Yes                    |              64 |            8 |
| Yes          | Yes                   | No                     |             364 |           37 |
+--------------+-----------------------+------------------------+-----------------+--------------+


4. Detailed Control Set Information
-----------------------------------

+--------------------------------------------------------------------------------------------------+-------------------------------------------------------------------------------------------------------------------------------------------------------------------+-----------------------------------------------------------------------------------------------------------------------------------------------+------------------+----------------+
|                                           Clock Signal                                           |                                                                           Enable Signal                                                                           |                                                                Set/Reset Signal                                                               | Slice Load Count | Bel Load Count |
+--------------------------------------------------------------------------------------------------+-------------------------------------------------------------------------------------------------------------------------------------------------------------------+-----------------------------------------------------------------------------------------------------------------------------------------------+------------------+----------------+
|  MiddleServo_i/MiddleServo_0/U0/MiddleServo_v1_0_S00_AXI_inst/MiddleServo/uut/flag_at_180_reg[0] |                                                                                                                                                                   | MiddleServo_i/MiddleServo_0/U0/MiddleServo_v1_0_S00_AXI_inst/slv_reg0[0]                                                                      |                2 |              4 |
|  MiddleServo_i/processing_system7_0/inst/FCLK_CLK0                                               | MiddleServo_i/ps7_0_axi_periph/s00_couplers/auto_pc/inst/gen_axilite.gen_b2s_conv.axilite_b2s/WR.b_channel_0/bid_fifo_0/bresp_push                                |                                                                                                                                               |                1 |              4 |
|  MiddleServo_i/processing_system7_0/inst/FCLK_CLK0                                               | MiddleServo_i/ps7_0_axi_periph/s00_couplers/auto_pc/inst/gen_axilite.gen_b2s_conv.axilite_b2s/RD.ar_channel_0/ar_cmd_fsm_0/wrap_boundary_axaddr_r_reg[11][0]      |                                                                                                                                               |                2 |              8 |
|  MiddleServo_i/processing_system7_0/inst/FCLK_CLK0                                               | MiddleServo_i/ps7_0_axi_periph/s00_couplers/auto_pc/inst/gen_axilite.gen_b2s_conv.axilite_b2s/RD.ar_channel_0/ar_cmd_fsm_0/E[0]                                   | MiddleServo_i/ps7_0_axi_periph/s00_couplers/auto_pc/inst/gen_axilite.gen_b2s_conv.axilite_b2s/RD.ar_channel_0/ar_cmd_fsm_0/axlen_cnt_reg[7]   |                2 |              8 |
|  MiddleServo_i/processing_system7_0/inst/FCLK_CLK0                                               | MiddleServo_i/ps7_0_axi_periph/s00_couplers/auto_pc/inst/gen_axilite.gen_b2s_conv.axilite_b2s/WR.aw_channel_0/cmd_translator_0/incr_cmd_0/axaddr_incr[11]_i_1_n_0 |                                                                                                                                               |                2 |              8 |
|  MiddleServo_i/processing_system7_0/inst/FCLK_CLK0                                               |                                                                                                                                                                   | MiddleServo_i/rst_ps7_0_50M/U0/EXT_LPF/lpf_int                                                                                                |                3 |              8 |
|  MiddleServo_i/processing_system7_0/inst/FCLK_CLK0                                               | MiddleServo_i/ps7_0_axi_periph/s00_couplers/auto_pc/inst/gen_axilite.gen_b2s_conv.axilite_b2s/WR.aw_channel_0/aw_cmd_fsm_0/E[0]                                   |                                                                                                                                               |                1 |              8 |
|  MiddleServo_i/processing_system7_0/inst/FCLK_CLK0                                               |                                                                                                                                                                   | MiddleServo_i/ps7_0_axi_periph/s00_couplers/auto_pc/inst/gen_axilite.gen_b2s_conv.axilite_b2s/SI_REG/ar.ar_pipe/m_valid_i_reg_0               |                2 |              8 |
|  MiddleServo_i/processing_system7_0/inst/FCLK_CLK0                                               |                                                                                                                                                                   | MiddleServo_i/ps7_0_axi_periph/s00_couplers/auto_pc/inst/gen_axilite.gen_b2s_conv.axilite_b2s/SI_REG/aw.aw_pipe/s_ready_i_reg_0               |                1 |              8 |
|  MiddleServo_i/processing_system7_0/inst/FCLK_CLK0                                               | MiddleServo_i/ps7_0_axi_periph/s00_couplers/auto_pc/inst/gen_axilite.gen_b2s_conv.axilite_b2s/WR.aw_channel_0/aw_cmd_fsm_0/axaddr_wrap_reg[11][0]                 | MiddleServo_i/ps7_0_axi_periph/s00_couplers/auto_pc/inst/gen_axilite.gen_b2s_conv.axilite_b2s/WR.aw_channel_0/aw_cmd_fsm_0/axlen_cnt_reg[7]_1 |                2 |              8 |
|  MiddleServo_i/processing_system7_0/inst/FCLK_CLK0                                               | MiddleServo_i/ps7_0_axi_periph/s00_couplers/auto_pc/inst/gen_axilite.gen_b2s_conv.axilite_b2s/RD.ar_channel_0/ar_cmd_fsm_0/axaddr_incr_reg[0][0]                  |                                                                                                                                               |                1 |              8 |
|  MiddleServo_i/processing_system7_0/inst/FCLK_CLK0                                               | MiddleServo_i/rst_ps7_0_50M/U0/SEQ/seq_cnt_en                                                                                                                     | MiddleServo_i/rst_ps7_0_50M/U0/SEQ/SEQ_COUNTER/clear                                                                                          |                1 |             12 |
|  MiddleServo_i/processing_system7_0/inst/FCLK_CLK0                                               | MiddleServo_i/MiddleServo_0/U0/MiddleServo_v1_0_S00_AXI_inst/slv_reg0[23]_i_1_n_0                                                                                 | MiddleServo_i/MiddleServo_0/U0/MiddleServo_v1_0_S00_AXI_inst/axi_awready_i_1_n_0                                                              |                1 |             16 |
|  MiddleServo_i/processing_system7_0/inst/FCLK_CLK0                                               | MiddleServo_i/MiddleServo_0/U0/MiddleServo_v1_0_S00_AXI_inst/slv_reg1[7]_i_1_n_0                                                                                  | MiddleServo_i/MiddleServo_0/U0/MiddleServo_v1_0_S00_AXI_inst/axi_awready_i_1_n_0                                                              |                1 |             16 |
|  MiddleServo_i/processing_system7_0/inst/FCLK_CLK0                                               | MiddleServo_i/MiddleServo_0/U0/MiddleServo_v1_0_S00_AXI_inst/slv_reg1[31]_i_1_n_0                                                                                 | MiddleServo_i/MiddleServo_0/U0/MiddleServo_v1_0_S00_AXI_inst/axi_awready_i_1_n_0                                                              |                1 |             16 |
|  MiddleServo_i/processing_system7_0/inst/FCLK_CLK0                                               | MiddleServo_i/MiddleServo_0/U0/MiddleServo_v1_0_S00_AXI_inst/slv_reg0[7]_i_1_n_0                                                                                  | MiddleServo_i/MiddleServo_0/U0/MiddleServo_v1_0_S00_AXI_inst/axi_awready_i_1_n_0                                                              |                1 |             16 |
|  MiddleServo_i/processing_system7_0/inst/FCLK_CLK0                                               | MiddleServo_i/MiddleServo_0/U0/MiddleServo_v1_0_S00_AXI_inst/slv_reg1[15]_i_1_n_0                                                                                 | MiddleServo_i/MiddleServo_0/U0/MiddleServo_v1_0_S00_AXI_inst/axi_awready_i_1_n_0                                                              |                1 |             16 |
|  MiddleServo_i/processing_system7_0/inst/FCLK_CLK0                                               | MiddleServo_i/MiddleServo_0/U0/MiddleServo_v1_0_S00_AXI_inst/slv_reg1[23]_i_1_n_0                                                                                 | MiddleServo_i/MiddleServo_0/U0/MiddleServo_v1_0_S00_AXI_inst/axi_awready_i_1_n_0                                                              |                1 |             16 |
|  MiddleServo_i/processing_system7_0/inst/FCLK_CLK0                                               | MiddleServo_i/MiddleServo_0/U0/MiddleServo_v1_0_S00_AXI_inst/slv_reg0[15]_i_1_n_0                                                                                 | MiddleServo_i/MiddleServo_0/U0/MiddleServo_v1_0_S00_AXI_inst/axi_awready_i_1_n_0                                                              |                1 |             16 |
|  MiddleServo_i/processing_system7_0/inst/FCLK_CLK0                                               | MiddleServo_i/MiddleServo_0/U0/MiddleServo_v1_0_S00_AXI_inst/slv_reg0[31]_i_1_n_0                                                                                 | MiddleServo_i/MiddleServo_0/U0/MiddleServo_v1_0_S00_AXI_inst/axi_awready_i_1_n_0                                                              |                1 |             16 |
|  MiddleServo_i/processing_system7_0/inst/FCLK_CLK0                                               | MiddleServo_i/MiddleServo_0/U0/MiddleServo_v1_0_S00_AXI_inst/p_1_in[23]                                                                                           | MiddleServo_i/MiddleServo_0/U0/MiddleServo_v1_0_S00_AXI_inst/axi_awready_i_1_n_0                                                              |                1 |             16 |
|  MiddleServo_i/processing_system7_0/inst/FCLK_CLK0                                               | MiddleServo_i/MiddleServo_0/U0/MiddleServo_v1_0_S00_AXI_inst/p_1_in[7]                                                                                            | MiddleServo_i/MiddleServo_0/U0/MiddleServo_v1_0_S00_AXI_inst/axi_awready_i_1_n_0                                                              |                1 |             16 |
|  MiddleServo_i/processing_system7_0/inst/FCLK_CLK0                                               | MiddleServo_i/MiddleServo_0/U0/MiddleServo_v1_0_S00_AXI_inst/p_1_in[31]                                                                                           | MiddleServo_i/MiddleServo_0/U0/MiddleServo_v1_0_S00_AXI_inst/axi_awready_i_1_n_0                                                              |                1 |             16 |
|  MiddleServo_i/processing_system7_0/inst/FCLK_CLK0                                               | MiddleServo_i/MiddleServo_0/U0/MiddleServo_v1_0_S00_AXI_inst/p_1_in[15]                                                                                           | MiddleServo_i/MiddleServo_0/U0/MiddleServo_v1_0_S00_AXI_inst/axi_awready_i_1_n_0                                                              |                1 |             16 |
|  MiddleServo_i/processing_system7_0/inst/FCLK_CLK0                                               | MiddleServo_i/ps7_0_axi_periph/s00_couplers/auto_pc/inst/gen_axilite.gen_b2s_conv.axilite_b2s/WR.b_channel_0/mhandshake_r                                         | MiddleServo_i/ps7_0_axi_periph/s00_couplers/auto_pc/inst/gen_axilite.gen_b2s_conv.axilite_b2s/WR.b_channel_0/bid_fifo_0/SR[0]                 |                3 |             16 |
|  MiddleServo_i/MiddleServo_0/U0/MiddleServo_v1_0_S00_AXI_inst/MiddleServo/uut1/CLK               |                                                                                                                                                                   | MiddleServo_i/MiddleServo_0/U0/MiddleServo_v1_0_S00_AXI_inst/slv_reg0[0]                                                                      |                3 |             16 |
|  MiddleServo_i/processing_system7_0/inst/FCLK_CLK0                                               |                                                                                                                                                                   | MiddleServo_i/MiddleServo_0/U0/MiddleServo_v1_0_S00_AXI_inst/axi_awready_i_1_n_0                                                              |                2 |             18 |
|  MiddleServo_i/processing_system7_0/inst/FCLK_CLK0                                               | MiddleServo_i/ps7_0_axi_periph/s00_couplers/auto_pc/inst/gen_axilite.gen_b2s_conv.axilite_b2s/WR.aw_channel_0/aw_cmd_fsm_0/axaddr_wrap_reg[11][0]                 |                                                                                                                                               |                5 |             24 |
|  MiddleServo_i/processing_system7_0/inst/FCLK_CLK0                                               | MiddleServo_i/ps7_0_axi_periph/s00_couplers/auto_pc/inst/gen_axilite.gen_b2s_conv.axilite_b2s/RD.ar_channel_0/ar_cmd_fsm_0/E[0]                                   |                                                                                                                                               |                4 |             24 |
|  MiddleServo_i/processing_system7_0/inst/FCLK_CLK0                                               | MiddleServo_i/ps7_0_axi_periph/s00_couplers/auto_pc/inst/gen_axilite.gen_b2s_conv.axilite_b2s/RD.r_channel_0/r_push_r                                             |                                                                                                                                               |                4 |             26 |
|  MiddleServo_i/processing_system7_0/inst/FCLK_CLK0                                               | MiddleServo_i/ps7_0_axi_periph/s00_couplers/auto_pc/inst/gen_axilite.gen_b2s_conv.axilite_b2s/SI_REG/b.b_pipe/skid_buffer_reg[0]_0                                |                                                                                                                                               |                2 |             28 |
|  MiddleServo_i/processing_system7_0/inst/FCLK_CLK0                                               | MiddleServo_i/ps7_0_axi_periph/s00_couplers/auto_pc/inst/gen_axilite.gen_b2s_conv.axilite_b2s/SI_REG/b.b_pipe/p_1_in                                              |                                                                                                                                               |                3 |             28 |
|  MiddleServo_i/processing_system7_0/inst/FCLK_CLK0                                               | MiddleServo_i/ps7_0_axi_periph/s00_couplers/auto_pc/inst/gen_axilite.gen_b2s_conv.axilite_b2s/WR.aw_channel_0/aw_cmd_fsm_0/b_push                                 |                                                                                                                                               |                3 |             32 |
|  MiddleServo_i/processing_system7_0/inst/FCLK_CLK0                                               | MiddleServo_i/ps7_0_axi_periph/s00_couplers/auto_pc/inst/gen_axilite.gen_b2s_conv.axilite_b2s/WR.aw_channel_0/aw_cmd_fsm_0/m_payload_i_reg[0][0]                  |                                                                                                                                               |                4 |             54 |
|  MiddleServo_i/processing_system7_0/inst/FCLK_CLK0                                               | MiddleServo_i/ps7_0_axi_periph/s00_couplers/auto_pc/inst/gen_axilite.gen_b2s_conv.axilite_b2s/RD.ar_channel_0/ar_cmd_fsm_0/m_payload_i_reg[0]_1[0]                |                                                                                                                                               |                6 |             54 |
|  MiddleServo_i/processing_system7_0/inst/FCLK_CLK0                                               | MiddleServo_i/ps7_0_axi_periph/s00_couplers/auto_pc/inst/gen_axilite.gen_b2s_conv.axilite_b2s/SI_REG/ar.ar_pipe/s_axi_arready                                     |                                                                                                                                               |                6 |             54 |
|  MiddleServo_i/processing_system7_0/inst/FCLK_CLK0                                               | MiddleServo_i/ps7_0_axi_periph/s00_couplers/auto_pc/inst/gen_axilite.gen_b2s_conv.axilite_b2s/SI_REG/aw.aw_pipe/s_axi_awready                                     |                                                                                                                                               |                7 |             54 |
|  MiddleServo_i/processing_system7_0/inst/FCLK_CLK0                                               | MiddleServo_i/MiddleServo_0/U0/MiddleServo_v1_0_S00_AXI_inst/MiddleServo/count_mid_var[0]_i_2_n_0                                                                 | MiddleServo_i/MiddleServo_0/U0/MiddleServo_v1_0_S00_AXI_inst/MiddleServo/clear                                                                |                8 |             64 |
|  MiddleServo_i/processing_system7_0/inst/FCLK_CLK0                                               | MiddleServo_i/MiddleServo_0/U0/MiddleServo_v1_0_S00_AXI_inst/slv_reg_rden                                                                                         | MiddleServo_i/MiddleServo_0/U0/MiddleServo_v1_0_S00_AXI_inst/axi_awready_i_1_n_0                                                              |                9 |             64 |
|  MiddleServo_i/MiddleServo_0/U0/MiddleServo_v1_0_S00_AXI_inst/MiddleServo/uut/flag_at_180_reg[0] | MiddleServo_i/MiddleServo_0/U0/MiddleServo_v1_0_S00_AXI_inst/MiddleServo/sel                                                                                      | MiddleServo_i/MiddleServo_0/U0/MiddleServo_v1_0_S00_AXI_inst/slv_reg0[0]                                                                      |                8 |             64 |
|  MiddleServo_i/processing_system7_0/inst/FCLK_CLK0                                               | MiddleServo_i/ps7_0_axi_periph/s00_couplers/auto_pc/inst/gen_axilite.gen_b2s_conv.axilite_b2s/RD.r_channel_0/rd_data_fifo_0/wr_en0                                |                                                                                                                                               |                9 |             64 |
|  MiddleServo_i/processing_system7_0/inst/FCLK_CLK0                                               | MiddleServo_i/ps7_0_axi_periph/s00_couplers/auto_pc/inst/gen_axilite.gen_b2s_conv.axilite_b2s/SI_REG/r.r_pipe/p_1_in                                              |                                                                                                                                               |                7 |             90 |
|  MiddleServo_i/processing_system7_0/inst/FCLK_CLK0                                               | MiddleServo_i/ps7_0_axi_periph/s00_couplers/auto_pc/inst/gen_axilite.gen_b2s_conv.axilite_b2s/SI_REG/r.r_pipe/skid_buffer_reg[0]_0                                |                                                                                                                                               |                7 |             90 |
|  MiddleServo_i/processing_system7_0/inst/FCLK_CLK0                                               |                                                                                                                                                                   | MiddleServo_i/ps7_0_axi_periph/s00_couplers/auto_pc/inst/gen_axilite.gen_b2s_conv.axilite_b2s/areset_d1                                       |               14 |            120 |
|  MiddleServo_i/processing_system7_0/inst/FCLK_CLK0                                               |                                                                                                                                                                   | MiddleServo_i/MiddleServo_0/U0/MiddleServo_v1_0_S00_AXI_inst/slv_reg0[0]                                                                      |               27 |            132 |
|  MiddleServo_i/processing_system7_0/inst/FCLK_CLK0                                               |                                                                                                                                                                   |                                                                                                                                               |               36 |            224 |
+--------------------------------------------------------------------------------------------------+-------------------------------------------------------------------------------------------------------------------------------------------------------------------+-----------------------------------------------------------------------------------------------------------------------------------------------+------------------+----------------+


