#-----------------------------------------------------------
# Vivado v2018.2.2 (64-bit)
# SW Build 2348494 on Mon Oct  1 18:25:39 MDT 2018
# IP Build 2318053 on Mon Oct  1 21:44:26 MDT 2018
# Start of session at: Tue Nov 27 22:27:53 2018
# Process ID: 2171
# Current directory: /home/saba/Documents/Vivado
# Command line: vivado
# Log file: /home/saba/Documents/Vivado/vivado.log
# Journal file: /home/saba/Documents/Vivado/vivado.jou
#-----------------------------------------------------------
start_gui
open_project /home/saba/Documents/Vivado/Final_Project.xpr
INFO: [Project 1-313] Project file moved from 'C:/Users/Public/Vivado' since last save.
Scanning sources...
Finished scanning sources
INFO: [IP_Flow 19-234] Refreshing IP repositories
INFO: [IP_Flow 19-1700] Loaded user IP repository '/home/saba/Documents/Vivado/ip_repo'.
INFO: [IP_Flow 19-1700] Loaded user IP repository '/home/saba/Documents/Vivado/sensor_readings_ip_project-master/sensor_readings_ip_project-master/ip_repo'.
INFO: [IP_Flow 19-2313] Loaded Vivado IP repository '/opt/Xilinx/Vivado/2018.2/data/ip'.
open_project: Time (s): cpu = 00:00:17 ; elapsed = 00:00:12 . Memory (MB): peak = 6151.523 ; gain = 156.129 ; free physical = 8734 ; free virtual = 12029
update_compile_order -fileset sources_1
launch_sdk -workspace /home/saba/Documents/Vivado/Final_Project.sdk -hwspec /home/saba/Documents/Vivado/Final_Project.sdk/Sensor_Project_wrapper.hdf
INFO: [Vivado 12-393] Launching SDK...
INFO: [Vivado 12-417] Running xsdk -workspace /home/saba/Documents/Vivado/Final_Project.sdk -hwspec /home/saba/Documents/Vivado/Final_Project.sdk/Sensor_Project_wrapper.hdf
INFO: [Vivado 12-3157] SDK launch initiated. Please check console for any further messages.
exit
INFO: [Common 17-206] Exiting Vivado at Tue Nov 27 23:08:29 2018...
