#-----------------------------------------------------------
# Vivado v2018.2 (64-bit)
# SW Build 2258646 on Thu Jun 14 20:03:12 MDT 2018
# IP Build 2256618 on Thu Jun 14 22:10:49 MDT 2018
# Start of session at: Sun Nov 25 10:33:55 2018
# Process ID: 24020
# Current directory: C:/Users/Public/Vivado/SideServos
# Command line: vivado.exe -gui_launcher_event rodinguilauncherevent24216 C:\Users\Public\Vivado\SideServos\SideServos.xpr
# Log file: C:/Users/Public/Vivado/SideServos/vivado.log
# Journal file: C:/Users/Public/Vivado/SideServos\vivado.jou
#-----------------------------------------------------------
start_gui
open_project C:/Users/Public/Vivado/SideServos/SideServos.xpr
Scanning sources...
Finished scanning sources
INFO: [IP_Flow 19-234] Refreshing IP repositories
INFO: [IP_Flow 19-1700] Loaded user IP repository 'c:/Users/Public/Vivado/ip_repo/SideServos_1.0'.
INFO: [IP_Flow 19-1700] Loaded user IP repository 'c:/Users/Public/Vivado/ip_repo/MiddleServo_1.0'.
INFO: [IP_Flow 19-2313] Loaded Vivado IP repository 'D:/Xilinx/Vivado/2018.2/data/ip'.
open_project: Time (s): cpu = 00:00:12 ; elapsed = 00:00:06 . Memory (MB): peak = 815.156 ; gain = 128.453
update_compile_order -fileset sources_1
exit
INFO: [Common 17-206] Exiting Vivado at Sun Nov 25 10:42:54 2018...
