#-----------------------------------------------------------
# Vivado v2018.2 (64-bit)
# SW Build 2258646 on Thu Jun 14 20:03:12 MDT 2018
# IP Build 2256618 on Thu Jun 14 22:10:49 MDT 2018
# Start of session at: Sat Nov 24 11:49:55 2018
# Process ID: 16960
# Current directory: C:/Users/Public/Vivado/SideServos
# Command line: vivado.exe -gui_launcher_event rodinguilauncherevent17256 C:\Users\Public\Vivado\SideServos\SideServos.xpr
# Log file: C:/Users/Public/Vivado/SideServos/vivado.log
# Journal file: C:/Users/Public/Vivado/SideServos\vivado.jou
#-----------------------------------------------------------
start_gui
open_project C:/Users/Public/Vivado/SideServos/SideServos.xpr
Scanning sources...
Finished scanning sources
INFO: [IP_Flow 19-234] Refreshing IP repositories
INFO: [IP_Flow 19-1700] Loaded user IP repository 'c:/Users/Public/Vivado/ip_repo/SideServos_1.0'.
INFO: [IP_Flow 19-1700] Loaded user IP repository 'c:/Users/Public/Vivado/ip_repo/MiddleServo_1.0'.
INFO: [IP_Flow 19-2313] Loaded Vivado IP repository 'D:/Xilinx/Vivado/2018.2/data/ip'.
open_project: Time (s): cpu = 00:00:17 ; elapsed = 00:00:10 . Memory (MB): peak = 814.289 ; gain = 92.074
update_compile_order -fileset sources_1
open_bd_design {C:/Users/Public/Vivado/SideServos/SideServos.srcs/sources_1/bd/SideServos/SideServos.bd}
Adding cell -- xilinx.com:ip:processing_system7:5.5 - processing_system7_0
Adding cell -- xilinx.com:user:SideServos:1.0 - SideServos_0
Adding cell -- xilinx.com:ip:proc_sys_reset:5.0 - rst_ps7_0_100M
Adding cell -- xilinx.com:ip:axi_protocol_converter:2.1 - auto_pc
Successfully read diagram <SideServos> from BD file <C:/Users/Public/Vivado/SideServos/SideServos.srcs/sources_1/bd/SideServos/SideServos.bd>
open_bd_design: Time (s): cpu = 00:00:15 ; elapsed = 00:00:13 . Memory (MB): peak = 929.965 ; gain = 92.488
ipx::edit_ip_in_project -upgrade true -name SideServos_v1_0_project -directory C:/Users/Public/Vivado/SideServos/SideServos.tmp/SideServos_v1_0_project c:/Users/Public/Vivado/ip_repo/SideServos_1.0/component.xml
INFO: [IP_Flow 19-234] Refreshing IP repositories
INFO: [IP_Flow 19-1704] No user IP repositories specified
INFO: [IP_Flow 19-2313] Loaded Vivado IP repository 'D:/Xilinx/Vivado/2018.2/data/ip'.
INFO: [IP_Flow 19-234] Refreshing IP repositories
INFO: [IP_Flow 19-1700] Loaded user IP repository 'c:/Users/Public/Vivado/ip_repo/SideServos_1.0'.
INFO: [IP_Flow 19-1700] Loaded user IP repository 'c:/Users/Public/Vivado/ip_repo/MiddleServo_1.0'.
INFO: [IP_Flow 19-795] Syncing license key meta-data
ipx::edit_ip_in_project: Time (s): cpu = 00:00:12 ; elapsed = 00:00:06 . Memory (MB): peak = 980.547 ; gain = 49.137
update_compile_order -fileset sources_1
close_project
launch_sdk -workspace C:/Users/Public/Vivado/SideServos/SideServos.sdk -hwspec C:/Users/Public/Vivado/SideServos/SideServos.sdk/SideServos_wrapper.hdf
INFO: [Vivado 12-393] Launching SDK...
INFO: [Vivado 12-417] Running xsdk -workspace C:/Users/Public/Vivado/SideServos/SideServos.sdk -hwspec C:/Users/Public/Vivado/SideServos/SideServos.sdk/SideServos_wrapper.hdf
INFO: [Vivado 12-3157] SDK launch initiated. Please check console for any further messages.
ipx::edit_ip_in_project -upgrade true -name SideServos_v1_0_project -directory C:/Users/Public/Vivado/SideServos/SideServos.tmp/SideServos_v1_0_project c:/Users/Public/Vivado/ip_repo/SideServos_1.0/component.xml
INFO: [IP_Flow 19-234] Refreshing IP repositories
INFO: [IP_Flow 19-1704] No user IP repositories specified
INFO: [IP_Flow 19-2313] Loaded Vivado IP repository 'D:/Xilinx/Vivado/2018.2/data/ip'.
INFO: [IP_Flow 19-234] Refreshing IP repositories
INFO: [IP_Flow 19-1700] Loaded user IP repository 'c:/Users/Public/Vivado/ip_repo/SideServos_1.0'.
INFO: [IP_Flow 19-1700] Loaded user IP repository 'c:/Users/Public/Vivado/ip_repo/MiddleServo_1.0'.
INFO: [IP_Flow 19-795] Syncing license key meta-data
ipx::edit_ip_in_project: Time (s): cpu = 00:00:07 ; elapsed = 00:00:06 . Memory (MB): peak = 993.383 ; gain = 3.547
update_compile_order -fileset sources_1
close_project
exit
INFO: [Common 17-206] Exiting Vivado at Sat Nov 24 13:24:58 2018...
