Copyright 1986-2018 Xilinx, Inc. All Rights Reserved.
---------------------------------------------------------------------------------------------------
| Tool Version : Vivado v.2018.2 (win64) Build 2258646 Thu Jun 14 20:03:12 MDT 2018
| Date         : Fri Nov 23 13:42:23 2018
| Host         : DESKTOP-HTD08U2 running 64-bit major release  (build 9200)
| Command      : report_control_sets -verbose -file sensor_reading_wrapper_control_sets_placed.rpt
| Design       : sensor_reading_wrapper
| Device       : xc7z020
---------------------------------------------------------------------------------------------------

Control Set Information

Table of Contents
-----------------
1. Summary
2. Histogram
3. Flip-Flop Distribution
4. Detailed Control Set Information

1. Summary
----------

+----------------------------------------------------------+-------+
|                          Status                          | Count |
+----------------------------------------------------------+-------+
| Number of unique control sets                            |    64 |
| Unused register locations in slices containing registers |    44 |
+----------------------------------------------------------+-------+


2. Histogram
------------

+--------+--------------+
| Fanout | Control Sets |
+--------+--------------+
|      4 |            1 |
|      8 |            7 |
|     10 |            1 |
|     12 |            1 |
|    16+ |           54 |
+--------+--------------+


3. Flip-Flop Distribution
-------------------------

+--------------+-----------------------+------------------------+-----------------+--------------+
| Clock Enable | Synchronous Set/Reset | Asynchronous Set/Reset | Total Registers | Total Slices |
+--------------+-----------------------+------------------------+-----------------+--------------+
| No           | No                    | No                     |             264 |           49 |
| No           | No                    | Yes                    |             226 |           37 |
| No           | Yes                   | No                     |             282 |           42 |
| Yes          | No                    | No                     |             620 |           72 |
| Yes          | No                    | Yes                    |               0 |            0 |
| Yes          | Yes                   | No                     |             508 |           57 |
+--------------+-----------------------+------------------------+-----------------+--------------+


4. Detailed Control Set Information
-----------------------------------

+-------------------------------------------------------------------------------------------------------+----------------------------------------------------------------------------------------------------------------------------------------------------------------------+--------------------------------------------------------------------------------------------------------------------------------------------------+------------------+----------------+
|                                              Clock Signal                                             |                                                                             Enable Signal                                                                            |                                                                 Set/Reset Signal                                                                 | Slice Load Count | Bel Load Count |
+-------------------------------------------------------------------------------------------------------+----------------------------------------------------------------------------------------------------------------------------------------------------------------------+--------------------------------------------------------------------------------------------------------------------------------------------------+------------------+----------------+
|  sensor_reading_i/processing_system7_0/inst/FCLK_CLK0                                                 | sensor_reading_i/ps7_0_axi_periph/s00_couplers/auto_pc/inst/gen_axilite.gen_b2s_conv.axilite_b2s/WR.b_channel_0/bid_fifo_0/bresp_push                                |                                                                                                                                                  |                1 |              4 |
|  sensor_reading_i/processing_system7_0/inst/FCLK_CLK0                                                 | sensor_reading_i/sensor_readings_0/U0/sensor_readings_v1_0_S00_AXI_inst/axi_awready0                                                                                 | sensor_reading_i/sensor_readings_0/U0/sensor_readings_v1_0_S00_AXI_inst/axi_awready_i_1_n_0                                                      |                1 |              8 |
|  sensor_reading_i/processing_system7_0/inst/FCLK_CLK0                                                 |                                                                                                                                                                      | sensor_reading_i/ps7_0_axi_periph/s00_couplers/auto_pc/inst/gen_axilite.gen_b2s_conv.axilite_b2s/SI_REG/ar.ar_pipe/m_valid_i_reg_0               |                2 |              8 |
|  sensor_reading_i/processing_system7_0/inst/FCLK_CLK0                                                 |                                                                                                                                                                      | sensor_reading_i/ps7_0_axi_periph/s00_couplers/auto_pc/inst/gen_axilite.gen_b2s_conv.axilite_b2s/SI_REG/aw.aw_pipe/s_ready_i_reg_0               |                3 |              8 |
|  sensor_reading_i/processing_system7_0/inst/FCLK_CLK0                                                 | sensor_reading_i/ps7_0_axi_periph/s00_couplers/auto_pc/inst/gen_axilite.gen_b2s_conv.axilite_b2s/WR.aw_channel_0/aw_cmd_fsm_0/axaddr_wrap_reg[11][0]                 | sensor_reading_i/ps7_0_axi_periph/s00_couplers/auto_pc/inst/gen_axilite.gen_b2s_conv.axilite_b2s/WR.aw_channel_0/aw_cmd_fsm_0/axlen_cnt_reg[7]_1 |                1 |              8 |
|  sensor_reading_i/processing_system7_0/inst/FCLK_CLK0                                                 | sensor_reading_i/ps7_0_axi_periph/s00_couplers/auto_pc/inst/gen_axilite.gen_b2s_conv.axilite_b2s/RD.ar_channel_0/ar_cmd_fsm_0/E[0]                                   | sensor_reading_i/ps7_0_axi_periph/s00_couplers/auto_pc/inst/gen_axilite.gen_b2s_conv.axilite_b2s/RD.ar_channel_0/ar_cmd_fsm_0/axlen_cnt_reg[7]   |                2 |              8 |
|  sensor_reading_i/processing_system7_0/inst/FCLK_CLK0                                                 |                                                                                                                                                                      | sensor_reading_i/rst_ps7_0_100M/U0/EXT_LPF/lpf_int                                                                                               |                3 |              8 |
|  sensor_reading_i/processing_system7_0/inst/FCLK_CLK0                                                 | sensor_reading_i/sensor_readings_0/U0/sensor_readings_v1_0_S00_AXI_inst/axi_arready0                                                                                 | sensor_reading_i/sensor_readings_0/U0/sensor_readings_v1_0_S00_AXI_inst/axi_awready_i_1_n_0                                                      |                2 |              8 |
|  sensor_reading_i/processing_system7_0/inst/FCLK_CLK0                                                 |                                                                                                                                                                      | sensor_reading_i/sensor_readings_0/U0/sensor_readings_v1_0_S00_AXI_inst/axi_awready_i_1_n_0                                                      |                3 |             10 |
|  sensor_reading_i/processing_system7_0/inst/FCLK_CLK0                                                 | sensor_reading_i/rst_ps7_0_100M/U0/SEQ/seq_cnt_en                                                                                                                    | sensor_reading_i/rst_ps7_0_100M/U0/SEQ/SEQ_COUNTER/clear                                                                                         |                1 |             12 |
|  sensor_reading_i/processing_system7_0/inst/FCLK_CLK0                                                 | sensor_reading_i/sensor_readings_0/U0/sensor_readings_v1_0_S00_AXI_inst/slv_reg12[31]_i_1_n_0                                                                        | sensor_reading_i/sensor_readings_0/U0/sensor_readings_v1_0_S00_AXI_inst/axi_awready_i_1_n_0                                                      |                1 |             16 |
|  sensor_reading_i/processing_system7_0/inst/FCLK_CLK0                                                 | sensor_reading_i/sensor_readings_0/U0/sensor_readings_v1_0_S00_AXI_inst/slv_reg13[31]_i_1_n_0                                                                        | sensor_reading_i/sensor_readings_0/U0/sensor_readings_v1_0_S00_AXI_inst/axi_awready_i_1_n_0                                                      |                1 |             16 |
|  sensor_reading_i/processing_system7_0/inst/FCLK_CLK0                                                 | sensor_reading_i/sensor_readings_0/U0/sensor_readings_v1_0_S00_AXI_inst/slv_reg15[15]_i_1_n_0                                                                        | sensor_reading_i/sensor_readings_0/U0/sensor_readings_v1_0_S00_AXI_inst/axi_awready_i_1_n_0                                                      |                2 |             16 |
|  sensor_reading_i/processing_system7_0/inst/FCLK_CLK0                                                 | sensor_reading_i/sensor_readings_0/U0/sensor_readings_v1_0_S00_AXI_inst/slv_reg13[7]_i_1_n_0                                                                         | sensor_reading_i/sensor_readings_0/U0/sensor_readings_v1_0_S00_AXI_inst/axi_awready_i_1_n_0                                                      |                1 |             16 |
|  sensor_reading_i/processing_system7_0/inst/FCLK_CLK0                                                 | sensor_reading_i/sensor_readings_0/U0/sensor_readings_v1_0_S00_AXI_inst/slv_reg14[15]_i_1_n_0                                                                        | sensor_reading_i/sensor_readings_0/U0/sensor_readings_v1_0_S00_AXI_inst/axi_awready_i_1_n_0                                                      |                2 |             16 |
|  sensor_reading_i/processing_system7_0/inst/FCLK_CLK0                                                 | sensor_reading_i/ps7_0_axi_periph/s00_couplers/auto_pc/inst/gen_axilite.gen_b2s_conv.axilite_b2s/WR.b_channel_0/mhandshake_r                                         | sensor_reading_i/ps7_0_axi_periph/s00_couplers/auto_pc/inst/gen_axilite.gen_b2s_conv.axilite_b2s/WR.b_channel_0/bid_fifo_0/SR[0]                 |                3 |             16 |
|  sensor_reading_i/processing_system7_0/inst/FCLK_CLK0                                                 | sensor_reading_i/sensor_readings_0/U0/sensor_readings_v1_0_S00_AXI_inst/slv_reg11[31]_i_1_n_0                                                                        | sensor_reading_i/sensor_readings_0/U0/sensor_readings_v1_0_S00_AXI_inst/axi_awready_i_1_n_0                                                      |                2 |             16 |
|  sensor_reading_i/processing_system7_0/inst/FCLK_CLK0                                                 | sensor_reading_i/ps7_0_axi_periph/s00_couplers/auto_pc/inst/gen_axilite.gen_b2s_conv.axilite_b2s/WR.aw_channel_0/cmd_translator_0/incr_cmd_0/axaddr_incr[11]_i_1_n_0 |                                                                                                                                                  |                2 |             16 |
|  sensor_reading_i/sensor_readings_0/U0/sensor_readings_v1_0_S00_AXI_inst/uut/radar1/pwm_clock         | sensor_reading_i/sensor_readings_0/U0/sensor_readings_v1_0_S00_AXI_inst/uut/radar1/PWM_neg/E[0]                                                                      |                                                                                                                                                  |                3 |             16 |
|  sensor_reading_i/processing_system7_0/inst/FCLK_CLK0                                                 | sensor_reading_i/ps7_0_axi_periph/s00_couplers/auto_pc/inst/gen_axilite.gen_b2s_conv.axilite_b2s/RD.ar_channel_0/ar_cmd_fsm_0/axaddr_incr_reg[0][0]                  |                                                                                                                                                  |                2 |             16 |
|  sensor_reading_i/processing_system7_0/inst/FCLK_CLK0                                                 | sensor_reading_i/ps7_0_axi_periph/s00_couplers/auto_pc/inst/gen_axilite.gen_b2s_conv.axilite_b2s/RD.ar_channel_0/ar_cmd_fsm_0/wrap_boundary_axaddr_r_reg[11][0]      |                                                                                                                                                  |                4 |             16 |
|  sensor_reading_i/sensor_readings_0/U0/sensor_readings_v1_0_S00_AXI_inst/uut/radar2/pwm_clock_reg_n_0 | sensor_reading_i/sensor_readings_0/U0/sensor_readings_v1_0_S00_AXI_inst/uut/radar2/PWM_neg/E[0]                                                                      |                                                                                                                                                  |                2 |             16 |
|  sensor_reading_i/processing_system7_0/inst/FCLK_CLK0                                                 | sensor_reading_i/sensor_readings_0/U0/sensor_readings_v1_0_S00_AXI_inst/slv_reg10[23]_i_1_n_0                                                                        | sensor_reading_i/sensor_readings_0/U0/sensor_readings_v1_0_S00_AXI_inst/axi_awready_i_1_n_0                                                      |                1 |             16 |
|  sensor_reading_i/processing_system7_0/inst/FCLK_CLK0                                                 | sensor_reading_i/sensor_readings_0/U0/sensor_readings_v1_0_S00_AXI_inst/slv_reg10[7]_i_1_n_0                                                                         | sensor_reading_i/sensor_readings_0/U0/sensor_readings_v1_0_S00_AXI_inst/axi_awready_i_1_n_0                                                      |                1 |             16 |
|  sensor_reading_i/processing_system7_0/inst/FCLK_CLK0                                                 | sensor_reading_i/sensor_readings_0/U0/sensor_readings_v1_0_S00_AXI_inst/slv_reg10[31]_i_1_n_0                                                                        | sensor_reading_i/sensor_readings_0/U0/sensor_readings_v1_0_S00_AXI_inst/axi_awready_i_1_n_0                                                      |                1 |             16 |
|  sensor_reading_i/processing_system7_0/inst/FCLK_CLK0                                                 | sensor_reading_i/sensor_readings_0/U0/sensor_readings_v1_0_S00_AXI_inst/slv_reg10[15]_i_1_n_0                                                                        | sensor_reading_i/sensor_readings_0/U0/sensor_readings_v1_0_S00_AXI_inst/axi_awready_i_1_n_0                                                      |                1 |             16 |
|  sensor_reading_i/processing_system7_0/inst/FCLK_CLK0                                                 | sensor_reading_i/sensor_readings_0/U0/sensor_readings_v1_0_S00_AXI_inst/slv_reg12[23]_i_1_n_0                                                                        | sensor_reading_i/sensor_readings_0/U0/sensor_readings_v1_0_S00_AXI_inst/axi_awready_i_1_n_0                                                      |                1 |             16 |
|  sensor_reading_i/processing_system7_0/inst/FCLK_CLK0                                                 | sensor_reading_i/sensor_readings_0/U0/sensor_readings_v1_0_S00_AXI_inst/slv_reg14[31]_i_1_n_0                                                                        | sensor_reading_i/sensor_readings_0/U0/sensor_readings_v1_0_S00_AXI_inst/axi_awready_i_1_n_0                                                      |                2 |             16 |
|  sensor_reading_i/processing_system7_0/inst/FCLK_CLK0                                                 | sensor_reading_i/sensor_readings_0/U0/sensor_readings_v1_0_S00_AXI_inst/slv_reg13[15]_i_1_n_0                                                                        | sensor_reading_i/sensor_readings_0/U0/sensor_readings_v1_0_S00_AXI_inst/axi_awready_i_1_n_0                                                      |                1 |             16 |
|  sensor_reading_i/processing_system7_0/inst/FCLK_CLK0                                                 | sensor_reading_i/sensor_readings_0/U0/sensor_readings_v1_0_S00_AXI_inst/slv_reg15[7]_i_1_n_0                                                                         | sensor_reading_i/sensor_readings_0/U0/sensor_readings_v1_0_S00_AXI_inst/axi_awready_i_1_n_0                                                      |                4 |             16 |
|  sensor_reading_i/processing_system7_0/inst/FCLK_CLK0                                                 | sensor_reading_i/sensor_readings_0/U0/sensor_readings_v1_0_S00_AXI_inst/slv_reg15[31]_i_1_n_0                                                                        | sensor_reading_i/sensor_readings_0/U0/sensor_readings_v1_0_S00_AXI_inst/axi_awready_i_1_n_0                                                      |                2 |             16 |
|  sensor_reading_i/processing_system7_0/inst/FCLK_CLK0                                                 | sensor_reading_i/sensor_readings_0/U0/sensor_readings_v1_0_S00_AXI_inst/slv_reg12[15]_i_1_n_0                                                                        | sensor_reading_i/sensor_readings_0/U0/sensor_readings_v1_0_S00_AXI_inst/axi_awready_i_1_n_0                                                      |                1 |             16 |
|  sensor_reading_i/processing_system7_0/inst/FCLK_CLK0                                                 | sensor_reading_i/ps7_0_axi_periph/s00_couplers/auto_pc/inst/gen_axilite.gen_b2s_conv.axilite_b2s/WR.aw_channel_0/aw_cmd_fsm_0/E[0]                                   |                                                                                                                                                  |                2 |             16 |
|  sensor_reading_i/processing_system7_0/inst/FCLK_CLK0                                                 | sensor_reading_i/sensor_readings_0/U0/sensor_readings_v1_0_S00_AXI_inst/slv_reg11[7]_i_1_n_0                                                                         | sensor_reading_i/sensor_readings_0/U0/sensor_readings_v1_0_S00_AXI_inst/axi_awready_i_1_n_0                                                      |                2 |             16 |
|  sensor_reading_i/processing_system7_0/inst/FCLK_CLK0                                                 | sensor_reading_i/sensor_readings_0/U0/sensor_readings_v1_0_S00_AXI_inst/slv_reg11[23]_i_1_n_0                                                                        | sensor_reading_i/sensor_readings_0/U0/sensor_readings_v1_0_S00_AXI_inst/axi_awready_i_1_n_0                                                      |                1 |             16 |
|  sensor_reading_i/processing_system7_0/inst/FCLK_CLK0                                                 | sensor_reading_i/sensor_readings_0/U0/sensor_readings_v1_0_S00_AXI_inst/slv_reg12[7]_i_1_n_0                                                                         | sensor_reading_i/sensor_readings_0/U0/sensor_readings_v1_0_S00_AXI_inst/axi_awready_i_1_n_0                                                      |                1 |             16 |
|  sensor_reading_i/processing_system7_0/inst/FCLK_CLK0                                                 | sensor_reading_i/sensor_readings_0/U0/sensor_readings_v1_0_S00_AXI_inst/slv_reg13[23]_i_1_n_0                                                                        | sensor_reading_i/sensor_readings_0/U0/sensor_readings_v1_0_S00_AXI_inst/axi_awready_i_1_n_0                                                      |                3 |             16 |
|  sensor_reading_i/processing_system7_0/inst/FCLK_CLK0                                                 | sensor_reading_i/sensor_readings_0/U0/sensor_readings_v1_0_S00_AXI_inst/slv_reg14[7]_i_1_n_0                                                                         | sensor_reading_i/sensor_readings_0/U0/sensor_readings_v1_0_S00_AXI_inst/axi_awready_i_1_n_0                                                      |                1 |             16 |
|  sensor_reading_i/processing_system7_0/inst/FCLK_CLK0                                                 | sensor_reading_i/sensor_readings_0/U0/sensor_readings_v1_0_S00_AXI_inst/slv_reg11[15]_i_1_n_0                                                                        | sensor_reading_i/sensor_readings_0/U0/sensor_readings_v1_0_S00_AXI_inst/axi_awready_i_1_n_0                                                      |                1 |             16 |
|  sensor_reading_i/processing_system7_0/inst/FCLK_CLK0                                                 | sensor_reading_i/sensor_readings_0/U0/sensor_readings_v1_0_S00_AXI_inst/slv_reg14[23]_i_1_n_0                                                                        | sensor_reading_i/sensor_readings_0/U0/sensor_readings_v1_0_S00_AXI_inst/axi_awready_i_1_n_0                                                      |                2 |             16 |
|  sensor_reading_i/processing_system7_0/inst/FCLK_CLK0                                                 | sensor_reading_i/sensor_readings_0/U0/sensor_readings_v1_0_S00_AXI_inst/slv_reg15[23]_i_1_n_0                                                                        | sensor_reading_i/sensor_readings_0/U0/sensor_readings_v1_0_S00_AXI_inst/axi_awready_i_1_n_0                                                      |                2 |             16 |
|  sensor_reading_i/sensor_readings_0/U0/sensor_readings_v1_0_S00_AXI_inst/uut/radar1/pwm_clock         |                                                                                                                                                                      |                                                                                                                                                  |                4 |             20 |
|  sensor_reading_i/sensor_readings_0/U0/sensor_readings_v1_0_S00_AXI_inst/uut/radar2/pwm_clock_reg_n_0 |                                                                                                                                                                      |                                                                                                                                                  |                4 |             20 |
|  sensor_reading_i/processing_system7_0/inst/FCLK_CLK0                                                 | sensor_reading_i/ps7_0_axi_periph/s00_couplers/auto_pc/inst/gen_axilite.gen_b2s_conv.axilite_b2s/RD.r_channel_0/r_push_r                                             |                                                                                                                                                  |                4 |             26 |
|  sensor_reading_i/processing_system7_0/inst/FCLK_CLK0                                                 | sensor_reading_i/ps7_0_axi_periph/s00_couplers/auto_pc/inst/gen_axilite.gen_b2s_conv.axilite_b2s/SI_REG/b.b_pipe/p_1_in                                              |                                                                                                                                                  |                3 |             28 |
|  sensor_reading_i/processing_system7_0/inst/FCLK_CLK0                                                 | sensor_reading_i/ps7_0_axi_periph/s00_couplers/auto_pc/inst/gen_axilite.gen_b2s_conv.axilite_b2s/SI_REG/b.b_pipe/skid_buffer_reg[0]_0                                |                                                                                                                                                  |                3 |             28 |
|  sensor_reading_i/processing_system7_0/inst/FCLK_CLK0                                                 | sensor_reading_i/ps7_0_axi_periph/s00_couplers/auto_pc/inst/gen_axilite.gen_b2s_conv.axilite_b2s/WR.aw_channel_0/aw_cmd_fsm_0/b_push                                 |                                                                                                                                                  |                3 |             32 |
|  sensor_reading_i/processing_system7_0/inst/FCLK_CLK0                                                 | sensor_reading_i/ps7_0_axi_periph/s00_couplers/auto_pc/inst/gen_axilite.gen_b2s_conv.axilite_b2s/WR.aw_channel_0/aw_cmd_fsm_0/axaddr_wrap_reg[11][0]                 |                                                                                                                                                  |                7 |             32 |
|  sensor_reading_i/processing_system7_0/inst/FCLK_CLK0                                                 | sensor_reading_i/ps7_0_axi_periph/s00_couplers/auto_pc/inst/gen_axilite.gen_b2s_conv.axilite_b2s/RD.ar_channel_0/ar_cmd_fsm_0/E[0]                                   |                                                                                                                                                  |                5 |             32 |
|  sensor_reading_i/processing_system7_0/inst/FCLK_CLK0                                                 | sensor_reading_i/ps7_0_axi_periph/s00_couplers/auto_pc/inst/gen_axilite.gen_b2s_conv.axilite_b2s/RD.ar_channel_0/ar_cmd_fsm_0/m_payload_i_reg[0]_1[0]                |                                                                                                                                                  |                6 |             56 |
|  sensor_reading_i/processing_system7_0/inst/FCLK_CLK0                                                 | sensor_reading_i/ps7_0_axi_periph/s00_couplers/auto_pc/inst/gen_axilite.gen_b2s_conv.axilite_b2s/SI_REG/ar.ar_pipe/s_axi_arready                                     |                                                                                                                                                  |                7 |             56 |
|  sensor_reading_i/processing_system7_0/inst/FCLK_CLK0                                                 | sensor_reading_i/ps7_0_axi_periph/s00_couplers/auto_pc/inst/gen_axilite.gen_b2s_conv.axilite_b2s/SI_REG/aw.aw_pipe/s_axi_awready                                     |                                                                                                                                                  |                6 |             56 |
|  sensor_reading_i/processing_system7_0/inst/FCLK_CLK0                                                 | sensor_reading_i/ps7_0_axi_periph/s00_couplers/auto_pc/inst/gen_axilite.gen_b2s_conv.axilite_b2s/WR.aw_channel_0/aw_cmd_fsm_0/m_payload_i_reg[0][0]                  |                                                                                                                                                  |                6 |             56 |
|  sensor_reading_i/processing_system7_0/inst/FCLK_CLK0                                                 |                                                                                                                                                                      | sensor_reading_i/sensor_readings_0/U0/sensor_readings_v1_0_S00_AXI_inst/uut/radar2/count0_inferred__0/i__carry__1_n_1                            |                8 |             64 |
|  sensor_reading_i/processing_system7_0/inst/FCLK_CLK0                                                 | sensor_reading_i/sensor_readings_0/U0/sensor_readings_v1_0_S00_AXI_inst/slv_reg_rden                                                                                 | sensor_reading_i/sensor_readings_0/U0/sensor_readings_v1_0_S00_AXI_inst/axi_awready_i_1_n_0                                                      |               10 |             64 |
|  sensor_reading_i/processing_system7_0/inst/FCLK_CLK0                                                 |                                                                                                                                                                      | sensor_reading_i/sensor_readings_0/U0/sensor_readings_v1_0_S00_AXI_inst/uut/radar1/clear                                                         |                8 |             64 |
|  sensor_reading_i/processing_system7_0/inst/FCLK_CLK0                                                 | sensor_reading_i/ps7_0_axi_periph/s00_couplers/auto_pc/inst/gen_axilite.gen_b2s_conv.axilite_b2s/RD.r_channel_0/rd_data_fifo_0/wr_en0                                |                                                                                                                                                  |                9 |             64 |
|  sensor_reading_i/processing_system7_0/inst/FCLK_CLK0                                                 |                                                                                                                                                                      | sensor_reading_i/sensor_readings_0/U0/sensor_readings_v1_0_S00_AXI_inst/rst                                                                      |               12 |             66 |
|  sensor_reading_i/sensor_readings_0/U0/sensor_readings_v1_0_S00_AXI_inst/uut/uut/DATA_2_reg[0][0]     |                                                                                                                                                                      | sensor_reading_i/sensor_readings_0/U0/sensor_readings_v1_0_S00_AXI_inst/rst                                                                      |               14 |             80 |
| ~sensor_reading_i/sensor_readings_0/U0/sensor_readings_v1_0_S00_AXI_inst/uut/uut/DATA_2_reg[0][0]     |                                                                                                                                                                      | sensor_reading_i/sensor_readings_0/U0/sensor_readings_v1_0_S00_AXI_inst/rst                                                                      |               11 |             80 |
|  sensor_reading_i/processing_system7_0/inst/FCLK_CLK0                                                 | sensor_reading_i/ps7_0_axi_periph/s00_couplers/auto_pc/inst/gen_axilite.gen_b2s_conv.axilite_b2s/SI_REG/r.r_pipe/skid_buffer_reg[0]_0                                |                                                                                                                                                  |                7 |             90 |
|  sensor_reading_i/processing_system7_0/inst/FCLK_CLK0                                                 | sensor_reading_i/ps7_0_axi_periph/s00_couplers/auto_pc/inst/gen_axilite.gen_b2s_conv.axilite_b2s/SI_REG/r.r_pipe/p_1_in                                              |                                                                                                                                                  |                7 |             90 |
|  sensor_reading_i/processing_system7_0/inst/FCLK_CLK0                                                 |                                                                                                                                                                      | sensor_reading_i/ps7_0_axi_periph/s00_couplers/auto_pc/inst/gen_axilite.gen_b2s_conv.axilite_b2s/areset_d1                                       |               15 |            120 |
|  sensor_reading_i/processing_system7_0/inst/FCLK_CLK0                                                 |                                                                                                                                                                      |                                                                                                                                                  |               42 |            226 |
+-------------------------------------------------------------------------------------------------------+----------------------------------------------------------------------------------------------------------------------------------------------------------------------+--------------------------------------------------------------------------------------------------------------------------------------------------+------------------+----------------+


