Copyright 1986-2018 Xilinx, Inc. All Rights Reserved.
--------------------------------------------------------------------------------------------------------------------------------------------------------------------------------------------------------
| Tool Version : Vivado v.2018.2 (win64) Build 2258646 Thu Jun 14 20:03:12 MDT 2018
| Date         : Fri Nov 23 13:43:07 2018
| Host         : DESKTOP-HTD08U2 running 64-bit major release  (build 9200)
| Command      : report_methodology -file sensor_reading_wrapper_methodology_drc_routed.rpt -pb sensor_reading_wrapper_methodology_drc_routed.pb -rpx sensor_reading_wrapper_methodology_drc_routed.rpx
| Design       : sensor_reading_wrapper
| Device       : xc7z020clg484-1
| Speed File   : -1
| Design State : Routed
--------------------------------------------------------------------------------------------------------------------------------------------------------------------------------------------------------

Report Methodology

Table of Contents
-----------------
1. REPORT SUMMARY
2. REPORT DETAILS

1. REPORT SUMMARY
-----------------
            Netlist: netlist
          Floorplan: design_1
      Design limits: <entire design considered>
             Max violations: <unlimited>
             Violations found: 116
+-----------+----------+-----------------------------+------------+
| Rule      | Severity | Description                 | Violations |
+-----------+----------+-----------------------------+------------+
| TIMING-17 | Warning  | Non-clocked sequential cell | 116        |
+-----------+----------+-----------------------------+------------+

2. REPORT DETAILS
-----------------
TIMING-17#1 Warning
Non-clocked sequential cell  
The clock pin sensor_reading_i/sensor_readings_0/U0/sensor_readings_v1_0_S00_AXI_inst/uut/DATA_1_reg[0][0]/C is not reached by a timing clock
Related violations: <none>

TIMING-17#2 Warning
Non-clocked sequential cell  
The clock pin sensor_reading_i/sensor_readings_0/U0/sensor_readings_v1_0_S00_AXI_inst/uut/DATA_1_reg[0][1]/C is not reached by a timing clock
Related violations: <none>

TIMING-17#3 Warning
Non-clocked sequential cell  
The clock pin sensor_reading_i/sensor_readings_0/U0/sensor_readings_v1_0_S00_AXI_inst/uut/DATA_1_reg[0][2]/C is not reached by a timing clock
Related violations: <none>

TIMING-17#4 Warning
Non-clocked sequential cell  
The clock pin sensor_reading_i/sensor_readings_0/U0/sensor_readings_v1_0_S00_AXI_inst/uut/DATA_1_reg[0][3]/C is not reached by a timing clock
Related violations: <none>

TIMING-17#5 Warning
Non-clocked sequential cell  
The clock pin sensor_reading_i/sensor_readings_0/U0/sensor_readings_v1_0_S00_AXI_inst/uut/DATA_1_reg[0][4]/C is not reached by a timing clock
Related violations: <none>

TIMING-17#6 Warning
Non-clocked sequential cell  
The clock pin sensor_reading_i/sensor_readings_0/U0/sensor_readings_v1_0_S00_AXI_inst/uut/DATA_1_reg[0][5]/C is not reached by a timing clock
Related violations: <none>

TIMING-17#7 Warning
Non-clocked sequential cell  
The clock pin sensor_reading_i/sensor_readings_0/U0/sensor_readings_v1_0_S00_AXI_inst/uut/DATA_1_reg[0][6]/C is not reached by a timing clock
Related violations: <none>

TIMING-17#8 Warning
Non-clocked sequential cell  
The clock pin sensor_reading_i/sensor_readings_0/U0/sensor_readings_v1_0_S00_AXI_inst/uut/DATA_1_reg[0][7]/C is not reached by a timing clock
Related violations: <none>

TIMING-17#9 Warning
Non-clocked sequential cell  
The clock pin sensor_reading_i/sensor_readings_0/U0/sensor_readings_v1_0_S00_AXI_inst/uut/DATA_1_reg[1][0]/C is not reached by a timing clock
Related violations: <none>

TIMING-17#10 Warning
Non-clocked sequential cell  
The clock pin sensor_reading_i/sensor_readings_0/U0/sensor_readings_v1_0_S00_AXI_inst/uut/DATA_1_reg[1][1]/C is not reached by a timing clock
Related violations: <none>

TIMING-17#11 Warning
Non-clocked sequential cell  
The clock pin sensor_reading_i/sensor_readings_0/U0/sensor_readings_v1_0_S00_AXI_inst/uut/DATA_1_reg[1][2]/C is not reached by a timing clock
Related violations: <none>

TIMING-17#12 Warning
Non-clocked sequential cell  
The clock pin sensor_reading_i/sensor_readings_0/U0/sensor_readings_v1_0_S00_AXI_inst/uut/DATA_1_reg[1][3]/C is not reached by a timing clock
Related violations: <none>

TIMING-17#13 Warning
Non-clocked sequential cell  
The clock pin sensor_reading_i/sensor_readings_0/U0/sensor_readings_v1_0_S00_AXI_inst/uut/DATA_1_reg[1][4]/C is not reached by a timing clock
Related violations: <none>

TIMING-17#14 Warning
Non-clocked sequential cell  
The clock pin sensor_reading_i/sensor_readings_0/U0/sensor_readings_v1_0_S00_AXI_inst/uut/DATA_1_reg[1][5]/C is not reached by a timing clock
Related violations: <none>

TIMING-17#15 Warning
Non-clocked sequential cell  
The clock pin sensor_reading_i/sensor_readings_0/U0/sensor_readings_v1_0_S00_AXI_inst/uut/DATA_1_reg[1][6]/C is not reached by a timing clock
Related violations: <none>

TIMING-17#16 Warning
Non-clocked sequential cell  
The clock pin sensor_reading_i/sensor_readings_0/U0/sensor_readings_v1_0_S00_AXI_inst/uut/DATA_1_reg[1][7]/C is not reached by a timing clock
Related violations: <none>

TIMING-17#17 Warning
Non-clocked sequential cell  
The clock pin sensor_reading_i/sensor_readings_0/U0/sensor_readings_v1_0_S00_AXI_inst/uut/DATA_1_reg[2][0]/C is not reached by a timing clock
Related violations: <none>

TIMING-17#18 Warning
Non-clocked sequential cell  
The clock pin sensor_reading_i/sensor_readings_0/U0/sensor_readings_v1_0_S00_AXI_inst/uut/DATA_1_reg[2][1]/C is not reached by a timing clock
Related violations: <none>

TIMING-17#19 Warning
Non-clocked sequential cell  
The clock pin sensor_reading_i/sensor_readings_0/U0/sensor_readings_v1_0_S00_AXI_inst/uut/DATA_1_reg[2][2]/C is not reached by a timing clock
Related violations: <none>

TIMING-17#20 Warning
Non-clocked sequential cell  
The clock pin sensor_reading_i/sensor_readings_0/U0/sensor_readings_v1_0_S00_AXI_inst/uut/DATA_1_reg[2][3]/C is not reached by a timing clock
Related violations: <none>

TIMING-17#21 Warning
Non-clocked sequential cell  
The clock pin sensor_reading_i/sensor_readings_0/U0/sensor_readings_v1_0_S00_AXI_inst/uut/DATA_1_reg[2][4]/C is not reached by a timing clock
Related violations: <none>

TIMING-17#22 Warning
Non-clocked sequential cell  
The clock pin sensor_reading_i/sensor_readings_0/U0/sensor_readings_v1_0_S00_AXI_inst/uut/DATA_1_reg[2][5]/C is not reached by a timing clock
Related violations: <none>

TIMING-17#23 Warning
Non-clocked sequential cell  
The clock pin sensor_reading_i/sensor_readings_0/U0/sensor_readings_v1_0_S00_AXI_inst/uut/DATA_1_reg[2][6]/C is not reached by a timing clock
Related violations: <none>

TIMING-17#24 Warning
Non-clocked sequential cell  
The clock pin sensor_reading_i/sensor_readings_0/U0/sensor_readings_v1_0_S00_AXI_inst/uut/DATA_1_reg[2][7]/C is not reached by a timing clock
Related violations: <none>

TIMING-17#25 Warning
Non-clocked sequential cell  
The clock pin sensor_reading_i/sensor_readings_0/U0/sensor_readings_v1_0_S00_AXI_inst/uut/DATA_1_reg[3][0]/C is not reached by a timing clock
Related violations: <none>

TIMING-17#26 Warning
Non-clocked sequential cell  
The clock pin sensor_reading_i/sensor_readings_0/U0/sensor_readings_v1_0_S00_AXI_inst/uut/DATA_1_reg[3][1]/C is not reached by a timing clock
Related violations: <none>

TIMING-17#27 Warning
Non-clocked sequential cell  
The clock pin sensor_reading_i/sensor_readings_0/U0/sensor_readings_v1_0_S00_AXI_inst/uut/DATA_1_reg[3][2]/C is not reached by a timing clock
Related violations: <none>

TIMING-17#28 Warning
Non-clocked sequential cell  
The clock pin sensor_reading_i/sensor_readings_0/U0/sensor_readings_v1_0_S00_AXI_inst/uut/DATA_1_reg[3][3]/C is not reached by a timing clock
Related violations: <none>

TIMING-17#29 Warning
Non-clocked sequential cell  
The clock pin sensor_reading_i/sensor_readings_0/U0/sensor_readings_v1_0_S00_AXI_inst/uut/DATA_1_reg[3][4]/C is not reached by a timing clock
Related violations: <none>

TIMING-17#30 Warning
Non-clocked sequential cell  
The clock pin sensor_reading_i/sensor_readings_0/U0/sensor_readings_v1_0_S00_AXI_inst/uut/DATA_1_reg[3][5]/C is not reached by a timing clock
Related violations: <none>

TIMING-17#31 Warning
Non-clocked sequential cell  
The clock pin sensor_reading_i/sensor_readings_0/U0/sensor_readings_v1_0_S00_AXI_inst/uut/DATA_1_reg[3][6]/C is not reached by a timing clock
Related violations: <none>

TIMING-17#32 Warning
Non-clocked sequential cell  
The clock pin sensor_reading_i/sensor_readings_0/U0/sensor_readings_v1_0_S00_AXI_inst/uut/DATA_1_reg[3][7]/C is not reached by a timing clock
Related violations: <none>

TIMING-17#33 Warning
Non-clocked sequential cell  
The clock pin sensor_reading_i/sensor_readings_0/U0/sensor_readings_v1_0_S00_AXI_inst/uut/DATA_1_reg[4][0]/C is not reached by a timing clock
Related violations: <none>

TIMING-17#34 Warning
Non-clocked sequential cell  
The clock pin sensor_reading_i/sensor_readings_0/U0/sensor_readings_v1_0_S00_AXI_inst/uut/DATA_1_reg[4][1]/C is not reached by a timing clock
Related violations: <none>

TIMING-17#35 Warning
Non-clocked sequential cell  
The clock pin sensor_reading_i/sensor_readings_0/U0/sensor_readings_v1_0_S00_AXI_inst/uut/DATA_1_reg[4][2]/C is not reached by a timing clock
Related violations: <none>

TIMING-17#36 Warning
Non-clocked sequential cell  
The clock pin sensor_reading_i/sensor_readings_0/U0/sensor_readings_v1_0_S00_AXI_inst/uut/DATA_1_reg[4][3]/C is not reached by a timing clock
Related violations: <none>

TIMING-17#37 Warning
Non-clocked sequential cell  
The clock pin sensor_reading_i/sensor_readings_0/U0/sensor_readings_v1_0_S00_AXI_inst/uut/DATA_1_reg[4][4]/C is not reached by a timing clock
Related violations: <none>

TIMING-17#38 Warning
Non-clocked sequential cell  
The clock pin sensor_reading_i/sensor_readings_0/U0/sensor_readings_v1_0_S00_AXI_inst/uut/DATA_1_reg[4][5]/C is not reached by a timing clock
Related violations: <none>

TIMING-17#39 Warning
Non-clocked sequential cell  
The clock pin sensor_reading_i/sensor_readings_0/U0/sensor_readings_v1_0_S00_AXI_inst/uut/DATA_1_reg[4][6]/C is not reached by a timing clock
Related violations: <none>

TIMING-17#40 Warning
Non-clocked sequential cell  
The clock pin sensor_reading_i/sensor_readings_0/U0/sensor_readings_v1_0_S00_AXI_inst/uut/DATA_1_reg[4][7]/C is not reached by a timing clock
Related violations: <none>

TIMING-17#41 Warning
Non-clocked sequential cell  
The clock pin sensor_reading_i/sensor_readings_0/U0/sensor_readings_v1_0_S00_AXI_inst/uut/DATA_2_reg[0][0]/C is not reached by a timing clock
Related violations: <none>

TIMING-17#42 Warning
Non-clocked sequential cell  
The clock pin sensor_reading_i/sensor_readings_0/U0/sensor_readings_v1_0_S00_AXI_inst/uut/DATA_2_reg[0][1]/C is not reached by a timing clock
Related violations: <none>

TIMING-17#43 Warning
Non-clocked sequential cell  
The clock pin sensor_reading_i/sensor_readings_0/U0/sensor_readings_v1_0_S00_AXI_inst/uut/DATA_2_reg[0][2]/C is not reached by a timing clock
Related violations: <none>

TIMING-17#44 Warning
Non-clocked sequential cell  
The clock pin sensor_reading_i/sensor_readings_0/U0/sensor_readings_v1_0_S00_AXI_inst/uut/DATA_2_reg[0][3]/C is not reached by a timing clock
Related violations: <none>

TIMING-17#45 Warning
Non-clocked sequential cell  
The clock pin sensor_reading_i/sensor_readings_0/U0/sensor_readings_v1_0_S00_AXI_inst/uut/DATA_2_reg[0][4]/C is not reached by a timing clock
Related violations: <none>

TIMING-17#46 Warning
Non-clocked sequential cell  
The clock pin sensor_reading_i/sensor_readings_0/U0/sensor_readings_v1_0_S00_AXI_inst/uut/DATA_2_reg[0][5]/C is not reached by a timing clock
Related violations: <none>

TIMING-17#47 Warning
Non-clocked sequential cell  
The clock pin sensor_reading_i/sensor_readings_0/U0/sensor_readings_v1_0_S00_AXI_inst/uut/DATA_2_reg[0][6]/C is not reached by a timing clock
Related violations: <none>

TIMING-17#48 Warning
Non-clocked sequential cell  
The clock pin sensor_reading_i/sensor_readings_0/U0/sensor_readings_v1_0_S00_AXI_inst/uut/DATA_2_reg[0][7]/C is not reached by a timing clock
Related violations: <none>

TIMING-17#49 Warning
Non-clocked sequential cell  
The clock pin sensor_reading_i/sensor_readings_0/U0/sensor_readings_v1_0_S00_AXI_inst/uut/DATA_2_reg[1][0]/C is not reached by a timing clock
Related violations: <none>

TIMING-17#50 Warning
Non-clocked sequential cell  
The clock pin sensor_reading_i/sensor_readings_0/U0/sensor_readings_v1_0_S00_AXI_inst/uut/DATA_2_reg[1][1]/C is not reached by a timing clock
Related violations: <none>

TIMING-17#51 Warning
Non-clocked sequential cell  
The clock pin sensor_reading_i/sensor_readings_0/U0/sensor_readings_v1_0_S00_AXI_inst/uut/DATA_2_reg[1][2]/C is not reached by a timing clock
Related violations: <none>

TIMING-17#52 Warning
Non-clocked sequential cell  
The clock pin sensor_reading_i/sensor_readings_0/U0/sensor_readings_v1_0_S00_AXI_inst/uut/DATA_2_reg[1][3]/C is not reached by a timing clock
Related violations: <none>

TIMING-17#53 Warning
Non-clocked sequential cell  
The clock pin sensor_reading_i/sensor_readings_0/U0/sensor_readings_v1_0_S00_AXI_inst/uut/DATA_2_reg[1][4]/C is not reached by a timing clock
Related violations: <none>

TIMING-17#54 Warning
Non-clocked sequential cell  
The clock pin sensor_reading_i/sensor_readings_0/U0/sensor_readings_v1_0_S00_AXI_inst/uut/DATA_2_reg[1][5]/C is not reached by a timing clock
Related violations: <none>

TIMING-17#55 Warning
Non-clocked sequential cell  
The clock pin sensor_reading_i/sensor_readings_0/U0/sensor_readings_v1_0_S00_AXI_inst/uut/DATA_2_reg[1][6]/C is not reached by a timing clock
Related violations: <none>

TIMING-17#56 Warning
Non-clocked sequential cell  
The clock pin sensor_reading_i/sensor_readings_0/U0/sensor_readings_v1_0_S00_AXI_inst/uut/DATA_2_reg[1][7]/C is not reached by a timing clock
Related violations: <none>

TIMING-17#57 Warning
Non-clocked sequential cell  
The clock pin sensor_reading_i/sensor_readings_0/U0/sensor_readings_v1_0_S00_AXI_inst/uut/DATA_2_reg[2][0]/C is not reached by a timing clock
Related violations: <none>

TIMING-17#58 Warning
Non-clocked sequential cell  
The clock pin sensor_reading_i/sensor_readings_0/U0/sensor_readings_v1_0_S00_AXI_inst/uut/DATA_2_reg[2][1]/C is not reached by a timing clock
Related violations: <none>

TIMING-17#59 Warning
Non-clocked sequential cell  
The clock pin sensor_reading_i/sensor_readings_0/U0/sensor_readings_v1_0_S00_AXI_inst/uut/DATA_2_reg[2][2]/C is not reached by a timing clock
Related violations: <none>

TIMING-17#60 Warning
Non-clocked sequential cell  
The clock pin sensor_reading_i/sensor_readings_0/U0/sensor_readings_v1_0_S00_AXI_inst/uut/DATA_2_reg[2][3]/C is not reached by a timing clock
Related violations: <none>

TIMING-17#61 Warning
Non-clocked sequential cell  
The clock pin sensor_reading_i/sensor_readings_0/U0/sensor_readings_v1_0_S00_AXI_inst/uut/DATA_2_reg[2][4]/C is not reached by a timing clock
Related violations: <none>

TIMING-17#62 Warning
Non-clocked sequential cell  
The clock pin sensor_reading_i/sensor_readings_0/U0/sensor_readings_v1_0_S00_AXI_inst/uut/DATA_2_reg[2][5]/C is not reached by a timing clock
Related violations: <none>

TIMING-17#63 Warning
Non-clocked sequential cell  
The clock pin sensor_reading_i/sensor_readings_0/U0/sensor_readings_v1_0_S00_AXI_inst/uut/DATA_2_reg[2][6]/C is not reached by a timing clock
Related violations: <none>

TIMING-17#64 Warning
Non-clocked sequential cell  
The clock pin sensor_reading_i/sensor_readings_0/U0/sensor_readings_v1_0_S00_AXI_inst/uut/DATA_2_reg[2][7]/C is not reached by a timing clock
Related violations: <none>

TIMING-17#65 Warning
Non-clocked sequential cell  
The clock pin sensor_reading_i/sensor_readings_0/U0/sensor_readings_v1_0_S00_AXI_inst/uut/DATA_2_reg[3][0]/C is not reached by a timing clock
Related violations: <none>

TIMING-17#66 Warning
Non-clocked sequential cell  
The clock pin sensor_reading_i/sensor_readings_0/U0/sensor_readings_v1_0_S00_AXI_inst/uut/DATA_2_reg[3][1]/C is not reached by a timing clock
Related violations: <none>

TIMING-17#67 Warning
Non-clocked sequential cell  
The clock pin sensor_reading_i/sensor_readings_0/U0/sensor_readings_v1_0_S00_AXI_inst/uut/DATA_2_reg[3][2]/C is not reached by a timing clock
Related violations: <none>

TIMING-17#68 Warning
Non-clocked sequential cell  
The clock pin sensor_reading_i/sensor_readings_0/U0/sensor_readings_v1_0_S00_AXI_inst/uut/DATA_2_reg[3][3]/C is not reached by a timing clock
Related violations: <none>

TIMING-17#69 Warning
Non-clocked sequential cell  
The clock pin sensor_reading_i/sensor_readings_0/U0/sensor_readings_v1_0_S00_AXI_inst/uut/DATA_2_reg[3][4]/C is not reached by a timing clock
Related violations: <none>

TIMING-17#70 Warning
Non-clocked sequential cell  
The clock pin sensor_reading_i/sensor_readings_0/U0/sensor_readings_v1_0_S00_AXI_inst/uut/DATA_2_reg[3][5]/C is not reached by a timing clock
Related violations: <none>

TIMING-17#71 Warning
Non-clocked sequential cell  
The clock pin sensor_reading_i/sensor_readings_0/U0/sensor_readings_v1_0_S00_AXI_inst/uut/DATA_2_reg[3][6]/C is not reached by a timing clock
Related violations: <none>

TIMING-17#72 Warning
Non-clocked sequential cell  
The clock pin sensor_reading_i/sensor_readings_0/U0/sensor_readings_v1_0_S00_AXI_inst/uut/DATA_2_reg[3][7]/C is not reached by a timing clock
Related violations: <none>

TIMING-17#73 Warning
Non-clocked sequential cell  
The clock pin sensor_reading_i/sensor_readings_0/U0/sensor_readings_v1_0_S00_AXI_inst/uut/DATA_2_reg[4][0]/C is not reached by a timing clock
Related violations: <none>

TIMING-17#74 Warning
Non-clocked sequential cell  
The clock pin sensor_reading_i/sensor_readings_0/U0/sensor_readings_v1_0_S00_AXI_inst/uut/DATA_2_reg[4][1]/C is not reached by a timing clock
Related violations: <none>

TIMING-17#75 Warning
Non-clocked sequential cell  
The clock pin sensor_reading_i/sensor_readings_0/U0/sensor_readings_v1_0_S00_AXI_inst/uut/DATA_2_reg[4][2]/C is not reached by a timing clock
Related violations: <none>

TIMING-17#76 Warning
Non-clocked sequential cell  
The clock pin sensor_reading_i/sensor_readings_0/U0/sensor_readings_v1_0_S00_AXI_inst/uut/DATA_2_reg[4][3]/C is not reached by a timing clock
Related violations: <none>

TIMING-17#77 Warning
Non-clocked sequential cell  
The clock pin sensor_reading_i/sensor_readings_0/U0/sensor_readings_v1_0_S00_AXI_inst/uut/DATA_2_reg[4][4]/C is not reached by a timing clock
Related violations: <none>

TIMING-17#78 Warning
Non-clocked sequential cell  
The clock pin sensor_reading_i/sensor_readings_0/U0/sensor_readings_v1_0_S00_AXI_inst/uut/DATA_2_reg[4][5]/C is not reached by a timing clock
Related violations: <none>

TIMING-17#79 Warning
Non-clocked sequential cell  
The clock pin sensor_reading_i/sensor_readings_0/U0/sensor_readings_v1_0_S00_AXI_inst/uut/DATA_2_reg[4][6]/C is not reached by a timing clock
Related violations: <none>

TIMING-17#80 Warning
Non-clocked sequential cell  
The clock pin sensor_reading_i/sensor_readings_0/U0/sensor_readings_v1_0_S00_AXI_inst/uut/DATA_2_reg[4][7]/C is not reached by a timing clock
Related violations: <none>

TIMING-17#81 Warning
Non-clocked sequential cell  
The clock pin sensor_reading_i/sensor_readings_0/U0/sensor_readings_v1_0_S00_AXI_inst/uut/radar1/PWM_neg/data_ff_reg/C is not reached by a timing clock
Related violations: <none>

TIMING-17#82 Warning
Non-clocked sequential cell  
The clock pin sensor_reading_i/sensor_readings_0/U0/sensor_readings_v1_0_S00_AXI_inst/uut/radar1/pwm_width_reg[0]/C is not reached by a timing clock
Related violations: <none>

TIMING-17#83 Warning
Non-clocked sequential cell  
The clock pin sensor_reading_i/sensor_readings_0/U0/sensor_readings_v1_0_S00_AXI_inst/uut/radar1/pwm_width_reg[1]/C is not reached by a timing clock
Related violations: <none>

TIMING-17#84 Warning
Non-clocked sequential cell  
The clock pin sensor_reading_i/sensor_readings_0/U0/sensor_readings_v1_0_S00_AXI_inst/uut/radar1/pwm_width_reg[2]/C is not reached by a timing clock
Related violations: <none>

TIMING-17#85 Warning
Non-clocked sequential cell  
The clock pin sensor_reading_i/sensor_readings_0/U0/sensor_readings_v1_0_S00_AXI_inst/uut/radar1/pwm_width_reg[3]/C is not reached by a timing clock
Related violations: <none>

TIMING-17#86 Warning
Non-clocked sequential cell  
The clock pin sensor_reading_i/sensor_readings_0/U0/sensor_readings_v1_0_S00_AXI_inst/uut/radar1/pwm_width_reg[4]/C is not reached by a timing clock
Related violations: <none>

TIMING-17#87 Warning
Non-clocked sequential cell  
The clock pin sensor_reading_i/sensor_readings_0/U0/sensor_readings_v1_0_S00_AXI_inst/uut/radar1/pwm_width_reg[5]/C is not reached by a timing clock
Related violations: <none>

TIMING-17#88 Warning
Non-clocked sequential cell  
The clock pin sensor_reading_i/sensor_readings_0/U0/sensor_readings_v1_0_S00_AXI_inst/uut/radar1/pwm_width_reg[6]/C is not reached by a timing clock
Related violations: <none>

TIMING-17#89 Warning
Non-clocked sequential cell  
The clock pin sensor_reading_i/sensor_readings_0/U0/sensor_readings_v1_0_S00_AXI_inst/uut/radar1/pwm_width_reg[7]/C is not reached by a timing clock
Related violations: <none>

TIMING-17#90 Warning
Non-clocked sequential cell  
The clock pin sensor_reading_i/sensor_readings_0/U0/sensor_readings_v1_0_S00_AXI_inst/uut/radar1/pwm_width_reg[8]/C is not reached by a timing clock
Related violations: <none>

TIMING-17#91 Warning
Non-clocked sequential cell  
The clock pin sensor_reading_i/sensor_readings_0/U0/sensor_readings_v1_0_S00_AXI_inst/uut/radar1/reading_reg_reg[1]/C is not reached by a timing clock
Related violations: <none>

TIMING-17#92 Warning
Non-clocked sequential cell  
The clock pin sensor_reading_i/sensor_readings_0/U0/sensor_readings_v1_0_S00_AXI_inst/uut/radar1/reading_reg_reg[2]/C is not reached by a timing clock
Related violations: <none>

TIMING-17#93 Warning
Non-clocked sequential cell  
The clock pin sensor_reading_i/sensor_readings_0/U0/sensor_readings_v1_0_S00_AXI_inst/uut/radar1/reading_reg_reg[3]/C is not reached by a timing clock
Related violations: <none>

TIMING-17#94 Warning
Non-clocked sequential cell  
The clock pin sensor_reading_i/sensor_readings_0/U0/sensor_readings_v1_0_S00_AXI_inst/uut/radar1/reading_reg_reg[4]/C is not reached by a timing clock
Related violations: <none>

TIMING-17#95 Warning
Non-clocked sequential cell  
The clock pin sensor_reading_i/sensor_readings_0/U0/sensor_readings_v1_0_S00_AXI_inst/uut/radar1/reading_reg_reg[5]/C is not reached by a timing clock
Related violations: <none>

TIMING-17#96 Warning
Non-clocked sequential cell  
The clock pin sensor_reading_i/sensor_readings_0/U0/sensor_readings_v1_0_S00_AXI_inst/uut/radar1/reading_reg_reg[6]/C is not reached by a timing clock
Related violations: <none>

TIMING-17#97 Warning
Non-clocked sequential cell  
The clock pin sensor_reading_i/sensor_readings_0/U0/sensor_readings_v1_0_S00_AXI_inst/uut/radar1/reading_reg_reg[7]/C is not reached by a timing clock
Related violations: <none>

TIMING-17#98 Warning
Non-clocked sequential cell  
The clock pin sensor_reading_i/sensor_readings_0/U0/sensor_readings_v1_0_S00_AXI_inst/uut/radar1/reading_reg_reg[8]/C is not reached by a timing clock
Related violations: <none>

TIMING-17#99 Warning
Non-clocked sequential cell  
The clock pin sensor_reading_i/sensor_readings_0/U0/sensor_readings_v1_0_S00_AXI_inst/uut/radar2/PWM_neg/data_ff_reg/C is not reached by a timing clock
Related violations: <none>

TIMING-17#100 Warning
Non-clocked sequential cell  
The clock pin sensor_reading_i/sensor_readings_0/U0/sensor_readings_v1_0_S00_AXI_inst/uut/radar2/pwm_width_reg[0]/C is not reached by a timing clock
Related violations: <none>

TIMING-17#101 Warning
Non-clocked sequential cell  
The clock pin sensor_reading_i/sensor_readings_0/U0/sensor_readings_v1_0_S00_AXI_inst/uut/radar2/pwm_width_reg[1]/C is not reached by a timing clock
Related violations: <none>

TIMING-17#102 Warning
Non-clocked sequential cell  
The clock pin sensor_reading_i/sensor_readings_0/U0/sensor_readings_v1_0_S00_AXI_inst/uut/radar2/pwm_width_reg[2]/C is not reached by a timing clock
Related violations: <none>

TIMING-17#103 Warning
Non-clocked sequential cell  
The clock pin sensor_reading_i/sensor_readings_0/U0/sensor_readings_v1_0_S00_AXI_inst/uut/radar2/pwm_width_reg[3]/C is not reached by a timing clock
Related violations: <none>

TIMING-17#104 Warning
Non-clocked sequential cell  
The clock pin sensor_reading_i/sensor_readings_0/U0/sensor_readings_v1_0_S00_AXI_inst/uut/radar2/pwm_width_reg[4]/C is not reached by a timing clock
Related violations: <none>

TIMING-17#105 Warning
Non-clocked sequential cell  
The clock pin sensor_reading_i/sensor_readings_0/U0/sensor_readings_v1_0_S00_AXI_inst/uut/radar2/pwm_width_reg[5]/C is not reached by a timing clock
Related violations: <none>

TIMING-17#106 Warning
Non-clocked sequential cell  
The clock pin sensor_reading_i/sensor_readings_0/U0/sensor_readings_v1_0_S00_AXI_inst/uut/radar2/pwm_width_reg[6]/C is not reached by a timing clock
Related violations: <none>

TIMING-17#107 Warning
Non-clocked sequential cell  
The clock pin sensor_reading_i/sensor_readings_0/U0/sensor_readings_v1_0_S00_AXI_inst/uut/radar2/pwm_width_reg[7]/C is not reached by a timing clock
Related violations: <none>

TIMING-17#108 Warning
Non-clocked sequential cell  
The clock pin sensor_reading_i/sensor_readings_0/U0/sensor_readings_v1_0_S00_AXI_inst/uut/radar2/pwm_width_reg[8]/C is not reached by a timing clock
Related violations: <none>

TIMING-17#109 Warning
Non-clocked sequential cell  
The clock pin sensor_reading_i/sensor_readings_0/U0/sensor_readings_v1_0_S00_AXI_inst/uut/radar2/reading_reg_reg[1]/C is not reached by a timing clock
Related violations: <none>

TIMING-17#110 Warning
Non-clocked sequential cell  
The clock pin sensor_reading_i/sensor_readings_0/U0/sensor_readings_v1_0_S00_AXI_inst/uut/radar2/reading_reg_reg[2]/C is not reached by a timing clock
Related violations: <none>

TIMING-17#111 Warning
Non-clocked sequential cell  
The clock pin sensor_reading_i/sensor_readings_0/U0/sensor_readings_v1_0_S00_AXI_inst/uut/radar2/reading_reg_reg[3]/C is not reached by a timing clock
Related violations: <none>

TIMING-17#112 Warning
Non-clocked sequential cell  
The clock pin sensor_reading_i/sensor_readings_0/U0/sensor_readings_v1_0_S00_AXI_inst/uut/radar2/reading_reg_reg[4]/C is not reached by a timing clock
Related violations: <none>

TIMING-17#113 Warning
Non-clocked sequential cell  
The clock pin sensor_reading_i/sensor_readings_0/U0/sensor_readings_v1_0_S00_AXI_inst/uut/radar2/reading_reg_reg[5]/C is not reached by a timing clock
Related violations: <none>

TIMING-17#114 Warning
Non-clocked sequential cell  
The clock pin sensor_reading_i/sensor_readings_0/U0/sensor_readings_v1_0_S00_AXI_inst/uut/radar2/reading_reg_reg[6]/C is not reached by a timing clock
Related violations: <none>

TIMING-17#115 Warning
Non-clocked sequential cell  
The clock pin sensor_reading_i/sensor_readings_0/U0/sensor_readings_v1_0_S00_AXI_inst/uut/radar2/reading_reg_reg[7]/C is not reached by a timing clock
Related violations: <none>

TIMING-17#116 Warning
Non-clocked sequential cell  
The clock pin sensor_reading_i/sensor_readings_0/U0/sensor_readings_v1_0_S00_AXI_inst/uut/radar2/reading_reg_reg[8]/C is not reached by a timing clock
Related violations: <none>


