
*** Running vivado
    with args -log sensor_reading_sensor_readings_0_1.vds -m64 -product Vivado -mode batch -messageDb vivado.pb -notrace -source sensor_reading_sensor_readings_0_1.tcl


****** Vivado v2018.2 (64-bit)
  **** SW Build 2258646 on Thu Jun 14 20:03:12 MDT 2018
  **** IP Build 2256618 on Thu Jun 14 22:10:49 MDT 2018
    ** Copyright 1986-2018 Xilinx, Inc. All Rights Reserved.

source sensor_reading_sensor_readings_0_1.tcl -notrace
Command: synth_design -top sensor_reading_sensor_readings_0_1 -part xc7z020clg484-1 -mode out_of_context
Starting synth_design
INFO: [IP_Flow 19-2162] IP 'sensor_reading_sensor_readings_0_1' is locked:
* IP definition 'sensor_readings_v1.0 (1.0)' for IP 'sensor_reading_sensor_readings_0_1' (customized with software release 2018.2) has a different revision in the IP Catalog.
Please select 'Report IP Status' from the 'Tools/Report' menu or run Tcl command 'report_ip_status' for more information.
Attempting to get a license for feature 'Synthesis' and/or device 'xc7z020'
INFO: [Common 17-349] Got license for feature 'Synthesis' and/or device 'xc7z020'
INFO: Launching helper process for spawning children vivado processes
INFO: Helper process launched with PID 2780 
---------------------------------------------------------------------------------
Starting RTL Elaboration : Time (s): cpu = 00:00:03 ; elapsed = 00:00:02 . Memory (MB): peak = 452.691 ; gain = 94.676
---------------------------------------------------------------------------------
INFO: [Synth 8-638] synthesizing module 'sensor_reading_sensor_readings_0_1' [c:/Users/hs696802/Desktop/readings_ip/readings_ip.srcs/sources_1/bd/sensor_reading/ip/sensor_reading_sensor_readings_0_1/synth/sensor_reading_sensor_readings_0_1.vhd:86]
	Parameter C_S00_AXI_DATA_WIDTH bound to: 32 - type: integer 
	Parameter C_S00_AXI_ADDR_WIDTH bound to: 6 - type: integer 
INFO: [Synth 8-3491] module 'sensor_readings_v1_0' declared at 'c:/Users/hs696802/Desktop/readings_ip/readings_ip.srcs/sources_1/bd/sensor_reading/ipshared/f045/hdl/sensor_readings_v1_0.vhd:5' bound to instance 'U0' of component 'sensor_readings_v1_0' [c:/Users/hs696802/Desktop/readings_ip/readings_ip.srcs/sources_1/bd/sensor_reading/ip/sensor_reading_sensor_readings_0_1/synth/sensor_reading_sensor_readings_0_1.vhd:154]
INFO: [Synth 8-638] synthesizing module 'sensor_readings_v1_0' [c:/Users/hs696802/Desktop/readings_ip/readings_ip.srcs/sources_1/bd/sensor_reading/ipshared/f045/hdl/sensor_readings_v1_0.vhd:53]
	Parameter C_S00_AXI_DATA_WIDTH bound to: 32 - type: integer 
	Parameter C_S00_AXI_ADDR_WIDTH bound to: 6 - type: integer 
	Parameter C_S_AXI_DATA_WIDTH bound to: 32 - type: integer 
	Parameter C_S_AXI_ADDR_WIDTH bound to: 6 - type: integer 
INFO: [Synth 8-3491] module 'sensor_readings_v1_0_S00_AXI' declared at 'c:/Users/hs696802/Desktop/readings_ip/readings_ip.srcs/sources_1/bd/sensor_reading/ipshared/f045/hdl/sensor_readings_v1_0_S00_AXI.vhd:5' bound to instance 'sensor_readings_v1_0_S00_AXI_inst' of component 'sensor_readings_v1_0_S00_AXI' [c:/Users/hs696802/Desktop/readings_ip/readings_ip.srcs/sources_1/bd/sensor_reading/ipshared/f045/hdl/sensor_readings_v1_0.vhd:93]
INFO: [Synth 8-638] synthesizing module 'sensor_readings_v1_0_S00_AXI' [c:/Users/hs696802/Desktop/readings_ip/readings_ip.srcs/sources_1/bd/sensor_reading/ipshared/f045/hdl/sensor_readings_v1_0_S00_AXI.vhd:89]
	Parameter C_S_AXI_DATA_WIDTH bound to: 32 - type: integer 
	Parameter C_S_AXI_ADDR_WIDTH bound to: 6 - type: integer 
INFO: [Synth 8-226] default block is never used [c:/Users/hs696802/Desktop/readings_ip/readings_ip.srcs/sources_1/bd/sensor_reading/ipshared/f045/hdl/sensor_readings_v1_0_S00_AXI.vhd:285]
INFO: [Synth 8-226] default block is never used [c:/Users/hs696802/Desktop/readings_ip/readings_ip.srcs/sources_1/bd/sensor_reading/ipshared/f045/hdl/sensor_readings_v1_0_S00_AXI.vhd:523]
WARNING: [Synth 8-614] signal 'radar1_reading_out0' is read in the process but is not in the sensitivity list [c:/Users/hs696802/Desktop/readings_ip/readings_ip.srcs/sources_1/bd/sensor_reading/ipshared/f045/hdl/sensor_readings_v1_0_S00_AXI.vhd:518]
WARNING: [Synth 8-614] signal 'radar1_reading_out1' is read in the process but is not in the sensitivity list [c:/Users/hs696802/Desktop/readings_ip/readings_ip.srcs/sources_1/bd/sensor_reading/ipshared/f045/hdl/sensor_readings_v1_0_S00_AXI.vhd:518]
WARNING: [Synth 8-614] signal 'radar1_reading_out2' is read in the process but is not in the sensitivity list [c:/Users/hs696802/Desktop/readings_ip/readings_ip.srcs/sources_1/bd/sensor_reading/ipshared/f045/hdl/sensor_readings_v1_0_S00_AXI.vhd:518]
WARNING: [Synth 8-614] signal 'radar1_reading_out3' is read in the process but is not in the sensitivity list [c:/Users/hs696802/Desktop/readings_ip/readings_ip.srcs/sources_1/bd/sensor_reading/ipshared/f045/hdl/sensor_readings_v1_0_S00_AXI.vhd:518]
WARNING: [Synth 8-614] signal 'radar1_reading_out4' is read in the process but is not in the sensitivity list [c:/Users/hs696802/Desktop/readings_ip/readings_ip.srcs/sources_1/bd/sensor_reading/ipshared/f045/hdl/sensor_readings_v1_0_S00_AXI.vhd:518]
WARNING: [Synth 8-614] signal 'radar2_reading_out0' is read in the process but is not in the sensitivity list [c:/Users/hs696802/Desktop/readings_ip/readings_ip.srcs/sources_1/bd/sensor_reading/ipshared/f045/hdl/sensor_readings_v1_0_S00_AXI.vhd:518]
WARNING: [Synth 8-614] signal 'radar2_reading_out1' is read in the process but is not in the sensitivity list [c:/Users/hs696802/Desktop/readings_ip/readings_ip.srcs/sources_1/bd/sensor_reading/ipshared/f045/hdl/sensor_readings_v1_0_S00_AXI.vhd:518]
WARNING: [Synth 8-614] signal 'radar2_reading_out2' is read in the process but is not in the sensitivity list [c:/Users/hs696802/Desktop/readings_ip/readings_ip.srcs/sources_1/bd/sensor_reading/ipshared/f045/hdl/sensor_readings_v1_0_S00_AXI.vhd:518]
WARNING: [Synth 8-614] signal 'radar2_reading_out3' is read in the process but is not in the sensitivity list [c:/Users/hs696802/Desktop/readings_ip/readings_ip.srcs/sources_1/bd/sensor_reading/ipshared/f045/hdl/sensor_readings_v1_0_S00_AXI.vhd:518]
WARNING: [Synth 8-614] signal 'radar2_reading_out4' is read in the process but is not in the sensitivity list [c:/Users/hs696802/Desktop/readings_ip/readings_ip.srcs/sources_1/bd/sensor_reading/ipshared/f045/hdl/sensor_readings_v1_0_S00_AXI.vhd:518]
INFO: [Synth 8-3491] module 'main_top' declared at 'c:/Users/hs696802/Desktop/readings_ip/readings_ip.srcs/sources_1/bd/sensor_reading/ipshared/f045/main_top.vhd:8' bound to instance 'uut' of component 'main_top' [c:/Users/hs696802/Desktop/readings_ip/readings_ip.srcs/sources_1/bd/sensor_reading/ipshared/f045/hdl/sensor_readings_v1_0_S00_AXI.vhd:581]
INFO: [Synth 8-638] synthesizing module 'main_top' [c:/Users/hs696802/Desktop/readings_ip/readings_ip.srcs/sources_1/bd/sensor_reading/ipshared/f045/main_top.vhd:28]
	Parameter originalFreq_Hz bound to: 100000000 - type: integer 
	Parameter desiredFreq_Hz bound to: 100 - type: integer 
INFO: [Synth 8-3491] module 'clkFreqDivider' declared at 'c:/Users/hs696802/Desktop/readings_ip/readings_ip.srcs/sources_1/bd/sensor_reading/ipshared/f045/clkFreqDivider.vhd:13' bound to instance 'uut' of component 'clkFreqDivider' [c:/Users/hs696802/Desktop/readings_ip/readings_ip.srcs/sources_1/bd/sensor_reading/ipshared/f045/main_top.vhd:73]
INFO: [Synth 8-638] synthesizing module 'clkFreqDivider' [c:/Users/hs696802/Desktop/readings_ip/readings_ip.srcs/sources_1/bd/sensor_reading/ipshared/f045/clkFreqDivider.vhd:21]
	Parameter originalFreq_Hz bound to: 100000000 - type: integer 
	Parameter desiredFreq_Hz bound to: 100 - type: integer 
INFO: [Synth 8-256] done synthesizing module 'clkFreqDivider' (1#1) [c:/Users/hs696802/Desktop/readings_ip/readings_ip.srcs/sources_1/bd/sensor_reading/ipshared/f045/clkFreqDivider.vhd:21]
INFO: [Synth 8-3491] module 'ultrasonic_reading' declared at 'c:/Users/hs696802/Desktop/readings_ip/readings_ip.srcs/sources_1/bd/sensor_reading/ipshared/f045/ultrasonic_reading.vhd:12' bound to instance 'radar1' of component 'ultrasonic_reading' [c:/Users/hs696802/Desktop/readings_ip/readings_ip.srcs/sources_1/bd/sensor_reading/ipshared/f045/main_top.vhd:77]
INFO: [Synth 8-638] synthesizing module 'ultrasonic_reading' [c:/Users/hs696802/Desktop/readings_ip/readings_ip.srcs/sources_1/bd/sensor_reading/ipshared/f045/ultrasonic_reading.vhd:19]
INFO: [Synth 8-3491] module 'edge_detection' declared at 'c:/Users/hs696802/Desktop/readings_ip/readings_ip.srcs/sources_1/bd/sensor_reading/ipshared/f045/edge_detection.vhd:34' bound to instance 'PWM_pos' of component 'edge_detection' [c:/Users/hs696802/Desktop/readings_ip/readings_ip.srcs/sources_1/bd/sensor_reading/ipshared/f045/ultrasonic_reading.vhd:39]
INFO: [Synth 8-638] synthesizing module 'edge_detection' [c:/Users/hs696802/Desktop/readings_ip/readings_ip.srcs/sources_1/bd/sensor_reading/ipshared/f045/edge_detection.vhd:38]
INFO: [Synth 8-256] done synthesizing module 'edge_detection' (2#1) [c:/Users/hs696802/Desktop/readings_ip/readings_ip.srcs/sources_1/bd/sensor_reading/ipshared/f045/edge_detection.vhd:38]
INFO: [Synth 8-3491] module 'edge_detection' declared at 'c:/Users/hs696802/Desktop/readings_ip/readings_ip.srcs/sources_1/bd/sensor_reading/ipshared/f045/edge_detection.vhd:34' bound to instance 'PWM_neg' of component 'edge_detection' [c:/Users/hs696802/Desktop/readings_ip/readings_ip.srcs/sources_1/bd/sensor_reading/ipshared/f045/ultrasonic_reading.vhd:40]
WARNING: [Synth 8-115] binding instance 'PWM_pos' in module 'ultrasonic_reading' to reference 'edge_detection' which has no pins
WARNING: [Synth 8-115] binding instance 'PWM_neg' in module 'ultrasonic_reading' to reference 'edge_detection' which has no pins
WARNING: [Synth 8-3848] Net dout in module/entity ultrasonic_reading does not have driver. [c:/Users/hs696802/Desktop/readings_ip/readings_ip.srcs/sources_1/bd/sensor_reading/ipshared/f045/ultrasonic_reading.vhd:24]
INFO: [Synth 8-256] done synthesizing module 'ultrasonic_reading' (3#1) [c:/Users/hs696802/Desktop/readings_ip/readings_ip.srcs/sources_1/bd/sensor_reading/ipshared/f045/ultrasonic_reading.vhd:19]
INFO: [Synth 8-3491] module 'ultrasonic_reading' declared at 'c:/Users/hs696802/Desktop/readings_ip/readings_ip.srcs/sources_1/bd/sensor_reading/ipshared/f045/ultrasonic_reading.vhd:12' bound to instance 'radar2' of component 'ultrasonic_reading' [c:/Users/hs696802/Desktop/readings_ip/readings_ip.srcs/sources_1/bd/sensor_reading/ipshared/f045/main_top.vhd:78]
INFO: [Synth 8-3491] module 'clkDivider_2Hz' declared at 'c:/Users/hs696802/Desktop/readings_ip/readings_ip.srcs/sources_1/bd/sensor_reading/ipshared/f045/clkDivider_2Hz.vhd:12' bound to instance 'clkDiv' of component 'clkDivider_2Hz' [c:/Users/hs696802/Desktop/readings_ip/readings_ip.srcs/sources_1/bd/sensor_reading/ipshared/f045/main_top.vhd:79]
INFO: [Synth 8-638] synthesizing module 'clkDivider_2Hz' [c:/Users/hs696802/Desktop/readings_ip/readings_ip.srcs/sources_1/bd/sensor_reading/ipshared/f045/clkDivider_2Hz.vhd:18]
INFO: [Synth 8-256] done synthesizing module 'clkDivider_2Hz' (4#1) [c:/Users/hs696802/Desktop/readings_ip/readings_ip.srcs/sources_1/bd/sensor_reading/ipshared/f045/clkDivider_2Hz.vhd:18]
WARNING: [Synth 8-3848] Net radar1_rx in module/entity main_top does not have driver. [c:/Users/hs696802/Desktop/readings_ip/readings_ip.srcs/sources_1/bd/sensor_reading/ipshared/f045/main_top.vhd:12]
WARNING: [Synth 8-3848] Net radar2_rx in module/entity main_top does not have driver. [c:/Users/hs696802/Desktop/readings_ip/readings_ip.srcs/sources_1/bd/sensor_reading/ipshared/f045/main_top.vhd:14]
INFO: [Synth 8-256] done synthesizing module 'main_top' (5#1) [c:/Users/hs696802/Desktop/readings_ip/readings_ip.srcs/sources_1/bd/sensor_reading/ipshared/f045/main_top.vhd:28]
WARNING: [Synth 8-6014] Unused sequential element slv_reg0_reg was removed.  [c:/Users/hs696802/Desktop/readings_ip/readings_ip.srcs/sources_1/bd/sensor_reading/ipshared/f045/hdl/sensor_readings_v1_0_S00_AXI.vhd:266]
WARNING: [Synth 8-6014] Unused sequential element slv_reg1_reg was removed.  [c:/Users/hs696802/Desktop/readings_ip/readings_ip.srcs/sources_1/bd/sensor_reading/ipshared/f045/hdl/sensor_readings_v1_0_S00_AXI.vhd:267]
WARNING: [Synth 8-6014] Unused sequential element slv_reg2_reg was removed.  [c:/Users/hs696802/Desktop/readings_ip/readings_ip.srcs/sources_1/bd/sensor_reading/ipshared/f045/hdl/sensor_readings_v1_0_S00_AXI.vhd:268]
WARNING: [Synth 8-6014] Unused sequential element slv_reg3_reg was removed.  [c:/Users/hs696802/Desktop/readings_ip/readings_ip.srcs/sources_1/bd/sensor_reading/ipshared/f045/hdl/sensor_readings_v1_0_S00_AXI.vhd:269]
WARNING: [Synth 8-6014] Unused sequential element slv_reg4_reg was removed.  [c:/Users/hs696802/Desktop/readings_ip/readings_ip.srcs/sources_1/bd/sensor_reading/ipshared/f045/hdl/sensor_readings_v1_0_S00_AXI.vhd:270]
WARNING: [Synth 8-6014] Unused sequential element slv_reg5_reg was removed.  [c:/Users/hs696802/Desktop/readings_ip/readings_ip.srcs/sources_1/bd/sensor_reading/ipshared/f045/hdl/sensor_readings_v1_0_S00_AXI.vhd:271]
WARNING: [Synth 8-6014] Unused sequential element slv_reg6_reg was removed.  [c:/Users/hs696802/Desktop/readings_ip/readings_ip.srcs/sources_1/bd/sensor_reading/ipshared/f045/hdl/sensor_readings_v1_0_S00_AXI.vhd:272]
WARNING: [Synth 8-6014] Unused sequential element slv_reg7_reg was removed.  [c:/Users/hs696802/Desktop/readings_ip/readings_ip.srcs/sources_1/bd/sensor_reading/ipshared/f045/hdl/sensor_readings_v1_0_S00_AXI.vhd:273]
WARNING: [Synth 8-6014] Unused sequential element slv_reg8_reg was removed.  [c:/Users/hs696802/Desktop/readings_ip/readings_ip.srcs/sources_1/bd/sensor_reading/ipshared/f045/hdl/sensor_readings_v1_0_S00_AXI.vhd:274]
WARNING: [Synth 8-6014] Unused sequential element slv_reg9_reg was removed.  [c:/Users/hs696802/Desktop/readings_ip/readings_ip.srcs/sources_1/bd/sensor_reading/ipshared/f045/hdl/sensor_readings_v1_0_S00_AXI.vhd:275]
WARNING: [Synth 8-6014] Unused sequential element loc_addr_reg was removed.  [c:/Users/hs696802/Desktop/readings_ip/readings_ip.srcs/sources_1/bd/sensor_reading/ipshared/f045/hdl/sensor_readings_v1_0_S00_AXI.vhd:283]
INFO: [Synth 8-256] done synthesizing module 'sensor_readings_v1_0_S00_AXI' (6#1) [c:/Users/hs696802/Desktop/readings_ip/readings_ip.srcs/sources_1/bd/sensor_reading/ipshared/f045/hdl/sensor_readings_v1_0_S00_AXI.vhd:89]
INFO: [Synth 8-256] done synthesizing module 'sensor_readings_v1_0' (7#1) [c:/Users/hs696802/Desktop/readings_ip/readings_ip.srcs/sources_1/bd/sensor_reading/ipshared/f045/hdl/sensor_readings_v1_0.vhd:53]
INFO: [Synth 8-256] done synthesizing module 'sensor_reading_sensor_readings_0_1' (8#1) [c:/Users/hs696802/Desktop/readings_ip/readings_ip.srcs/sources_1/bd/sensor_reading/ip/sensor_reading_sensor_readings_0_1/synth/sensor_reading_sensor_readings_0_1.vhd:86]
WARNING: [Synth 8-3331] design main_top has unconnected port radar1_rx
WARNING: [Synth 8-3331] design main_top has unconnected port radar2_rx
WARNING: [Synth 8-3331] design sensor_readings_v1_0_S00_AXI has unconnected port S_AXI_AWPROT[2]
WARNING: [Synth 8-3331] design sensor_readings_v1_0_S00_AXI has unconnected port S_AXI_AWPROT[1]
WARNING: [Synth 8-3331] design sensor_readings_v1_0_S00_AXI has unconnected port S_AXI_AWPROT[0]
WARNING: [Synth 8-3331] design sensor_readings_v1_0_S00_AXI has unconnected port S_AXI_ARPROT[2]
WARNING: [Synth 8-3331] design sensor_readings_v1_0_S00_AXI has unconnected port S_AXI_ARPROT[1]
WARNING: [Synth 8-3331] design sensor_readings_v1_0_S00_AXI has unconnected port S_AXI_ARPROT[0]
---------------------------------------------------------------------------------
Finished RTL Elaboration : Time (s): cpu = 00:00:03 ; elapsed = 00:00:03 . Memory (MB): peak = 508.355 ; gain = 150.340
---------------------------------------------------------------------------------

Report Check Netlist: 
+------+------------------+-------+---------+-------+------------------+
|      |Item              |Errors |Warnings |Status |Description       |
+------+------------------+-------+---------+-------+------------------+
|1     |multi_driven_nets |      0|        0|Passed |Multi driven nets |
+------+------------------+-------+---------+-------+------------------+
---------------------------------------------------------------------------------
Start Handling Custom Attributes
---------------------------------------------------------------------------------
---------------------------------------------------------------------------------
Finished Handling Custom Attributes : Time (s): cpu = 00:00:04 ; elapsed = 00:00:03 . Memory (MB): peak = 508.355 ; gain = 150.340
---------------------------------------------------------------------------------
---------------------------------------------------------------------------------
Finished RTL Optimization Phase 1 : Time (s): cpu = 00:00:04 ; elapsed = 00:00:03 . Memory (MB): peak = 508.355 ; gain = 150.340
---------------------------------------------------------------------------------
INFO: [Device 21-403] Loading part xc7z020clg484-1
INFO: [Project 1-570] Preparing netlist for logic optimization

Processing XDC Constraints
Initializing timing engine
Completed Processing XDC Constraints

INFO: [Project 1-111] Unisim Transformation Summary:
No Unisim elements were transformed.

WARNING: [Constraints 18-5210] No constraint will be written out.
Constraint Validation Runtime : Time (s): cpu = 00:00:00 ; elapsed = 00:00:00.068 . Memory (MB): peak = 847.266 ; gain = 3.508
---------------------------------------------------------------------------------
Finished Constraint Validation : Time (s): cpu = 00:00:12 ; elapsed = 00:00:14 . Memory (MB): peak = 847.266 ; gain = 489.250
---------------------------------------------------------------------------------
---------------------------------------------------------------------------------
Start Loading Part and Timing Information
---------------------------------------------------------------------------------
Loading part: xc7z020clg484-1
---------------------------------------------------------------------------------
Finished Loading Part and Timing Information : Time (s): cpu = 00:00:12 ; elapsed = 00:00:14 . Memory (MB): peak = 847.266 ; gain = 489.250
---------------------------------------------------------------------------------
---------------------------------------------------------------------------------
Start Applying 'set_property' XDC Constraints
---------------------------------------------------------------------------------
---------------------------------------------------------------------------------
Finished applying 'set_property' XDC Constraints : Time (s): cpu = 00:00:12 ; elapsed = 00:00:14 . Memory (MB): peak = 847.266 ; gain = 489.250
---------------------------------------------------------------------------------
INFO: [Synth 8-5545] ROM "clkSignal" won't be mapped to RAM because address size (32) is larger than maximum supported(25)
INFO: [Synth 8-5545] ROM "count" won't be mapped to RAM because address size (32) is larger than maximum supported(25)
INFO: [Synth 8-5546] ROM "tmp" won't be mapped to RAM because it is too sparse
WARNING: [Synth 8-115] binding instance 'PWM_pos' in module 'ultrasonic_reading' to reference 'edge_detection' which has no pins
WARNING: [Synth 8-115] binding instance 'PWM_neg' in module 'ultrasonic_reading' to reference 'edge_detection' which has no pins
---------------------------------------------------------------------------------
Finished RTL Optimization Phase 2 : Time (s): cpu = 00:00:12 ; elapsed = 00:00:15 . Memory (MB): peak = 847.266 ; gain = 489.250
---------------------------------------------------------------------------------

Report RTL Partitions: 
+-+--------------+------------+----------+
| |RTL Partition |Replication |Instances |
+-+--------------+------------+----------+
+-+--------------+------------+----------+
---------------------------------------------------------------------------------
Start RTL Component Statistics 
---------------------------------------------------------------------------------
Detailed RTL Component Info : 
+---Adders : 
	   2 Input     32 Bit       Adders := 5     
	   2 Input     12 Bit       Adders := 1     
+---Registers : 
	               32 Bit    Registers := 8     
	               12 Bit    Registers := 1     
	                9 Bit    Registers := 2     
	                8 Bit    Registers := 10    
	                6 Bit    Registers := 2     
	                2 Bit    Registers := 2     
	                1 Bit    Registers := 12    
+---Muxes : 
	   2 Input     32 Bit        Muxes := 11    
	  16 Input     32 Bit        Muxes := 6     
	   2 Input     12 Bit        Muxes := 1     
	   2 Input      1 Bit        Muxes := 7     
---------------------------------------------------------------------------------
Finished RTL Component Statistics 
---------------------------------------------------------------------------------
---------------------------------------------------------------------------------
Start RTL Hierarchical Component Statistics 
---------------------------------------------------------------------------------
Hierarchical RTL Component report 
Module clkFreqDivider 
Detailed RTL Component Info : 
+---Adders : 
	   2 Input     32 Bit       Adders := 1     
+---Registers : 
	               32 Bit    Registers := 1     
	                1 Bit    Registers := 1     
+---Muxes : 
	   2 Input     32 Bit        Muxes := 1     
	   2 Input      1 Bit        Muxes := 1     
Module ultrasonic_reading 
Detailed RTL Component Info : 
+---Adders : 
	   2 Input     32 Bit       Adders := 2     
+---Registers : 
	                9 Bit    Registers := 1     
	                1 Bit    Registers := 1     
+---Muxes : 
	   2 Input     32 Bit        Muxes := 2     
Module clkDivider_2Hz 
Detailed RTL Component Info : 
+---Adders : 
	   2 Input     12 Bit       Adders := 1     
+---Registers : 
	               12 Bit    Registers := 1     
	                1 Bit    Registers := 2     
+---Muxes : 
	   2 Input     12 Bit        Muxes := 1     
	   2 Input      1 Bit        Muxes := 1     
Module main_top 
Detailed RTL Component Info : 
+---Registers : 
	                8 Bit    Registers := 10    
Module sensor_readings_v1_0_S00_AXI 
Detailed RTL Component Info : 
+---Registers : 
	               32 Bit    Registers := 7     
	                6 Bit    Registers := 2     
	                2 Bit    Registers := 2     
	                1 Bit    Registers := 7     
+---Muxes : 
	   2 Input     32 Bit        Muxes := 6     
	  16 Input     32 Bit        Muxes := 6     
	   2 Input      1 Bit        Muxes := 5     
---------------------------------------------------------------------------------
Finished RTL Hierarchical Component Statistics
---------------------------------------------------------------------------------
---------------------------------------------------------------------------------
Start Part Resource Summary
---------------------------------------------------------------------------------
Part Resources:
DSPs: 220 (col length:60)
BRAMs: 280 (col length: RAMB18 60 RAMB36 30)
---------------------------------------------------------------------------------
Finished Part Resource Summary
---------------------------------------------------------------------------------
---------------------------------------------------------------------------------
Start Cross Boundary and Area Optimization
---------------------------------------------------------------------------------
Warning: Parallel synthesis criteria is not met 
WARNING: [Synth 8-6014] Unused sequential element U0/sensor_readings_v1_0_S00_AXI_inst/uut/clkDiv/count_reg was removed.  [c:/Users/hs696802/Desktop/readings_ip/readings_ip.srcs/sources_1/bd/sensor_reading/ipshared/f045/clkDivider_2Hz.vhd:27]
WARNING: [Synth 8-6014] Unused sequential element U0/sensor_readings_v1_0_S00_AXI_inst/uut/clkDiv/maxCount_reg was removed.  [c:/Users/hs696802/Desktop/readings_ip/readings_ip.srcs/sources_1/bd/sensor_reading/ipshared/f045/clkDivider_2Hz.vhd:29]
WARNING: [Synth 8-6014] Unused sequential element U0/sensor_readings_v1_0_S00_AXI_inst/uut/clkDiv/tmp_reg was removed.  [c:/Users/hs696802/Desktop/readings_ip/readings_ip.srcs/sources_1/bd/sensor_reading/ipshared/f045/clkDivider_2Hz.vhd:28]
INFO: [Synth 8-5545] ROM "U0/sensor_readings_v1_0_S00_AXI_inst/uut/uut/count" won't be mapped to RAM because address size (32) is larger than maximum supported(25)
INFO: [Synth 8-5545] ROM "U0/sensor_readings_v1_0_S00_AXI_inst/uut/uut/clkSignal" won't be mapped to RAM because address size (32) is larger than maximum supported(25)
WARNING: [Synth 8-3331] design sensor_reading_sensor_readings_0_1 has unconnected port s00_axi_radar1_rx
WARNING: [Synth 8-3331] design sensor_reading_sensor_readings_0_1 has unconnected port s00_axi_radar2_rx
WARNING: [Synth 8-3331] design sensor_reading_sensor_readings_0_1 has unconnected port s00_axi_awprot[2]
WARNING: [Synth 8-3331] design sensor_reading_sensor_readings_0_1 has unconnected port s00_axi_awprot[1]
WARNING: [Synth 8-3331] design sensor_reading_sensor_readings_0_1 has unconnected port s00_axi_awprot[0]
WARNING: [Synth 8-3331] design sensor_reading_sensor_readings_0_1 has unconnected port s00_axi_arprot[2]
WARNING: [Synth 8-3331] design sensor_reading_sensor_readings_0_1 has unconnected port s00_axi_arprot[1]
WARNING: [Synth 8-3331] design sensor_reading_sensor_readings_0_1 has unconnected port s00_axi_arprot[0]
INFO: [Synth 8-3333] propagating constant 0 across sequential element (\U0/sensor_readings_v1_0_S00_AXI_inst/uut/radar2/reading_reg_reg[1] )
INFO: [Synth 8-3333] propagating constant 0 across sequential element (\U0/sensor_readings_v1_0_S00_AXI_inst/uut/radar1/reading_reg_reg[1] )
INFO: [Synth 8-3333] propagating constant 0 across sequential element (\U0/sensor_readings_v1_0_S00_AXI_inst/uut/radar2/reading_reg_reg[2] )
INFO: [Synth 8-3333] propagating constant 0 across sequential element (\U0/sensor_readings_v1_0_S00_AXI_inst/uut/radar1/reading_reg_reg[2] )
INFO: [Synth 8-3333] propagating constant 0 across sequential element (\U0/sensor_readings_v1_0_S00_AXI_inst/uut/radar2/reading_reg_reg[3] )
INFO: [Synth 8-3333] propagating constant 0 across sequential element (\U0/sensor_readings_v1_0_S00_AXI_inst/uut/radar1/reading_reg_reg[3] )
INFO: [Synth 8-3333] propagating constant 0 across sequential element (\U0/sensor_readings_v1_0_S00_AXI_inst/uut/radar2/reading_reg_reg[4] )
INFO: [Synth 8-3333] propagating constant 0 across sequential element (\U0/sensor_readings_v1_0_S00_AXI_inst/uut/radar1/reading_reg_reg[4] )
INFO: [Synth 8-3333] propagating constant 0 across sequential element (\U0/sensor_readings_v1_0_S00_AXI_inst/uut/radar2/reading_reg_reg[5] )
INFO: [Synth 8-3333] propagating constant 0 across sequential element (\U0/sensor_readings_v1_0_S00_AXI_inst/uut/radar1/reading_reg_reg[5] )
INFO: [Synth 8-3333] propagating constant 0 across sequential element (\U0/sensor_readings_v1_0_S00_AXI_inst/uut/radar2/reading_reg_reg[6] )
INFO: [Synth 8-3333] propagating constant 0 across sequential element (\U0/sensor_readings_v1_0_S00_AXI_inst/uut/radar1/reading_reg_reg[6] )
INFO: [Synth 8-3333] propagating constant 0 across sequential element (\U0/sensor_readings_v1_0_S00_AXI_inst/uut/radar2/reading_reg_reg[7] )
INFO: [Synth 8-3333] propagating constant 0 across sequential element (\U0/sensor_readings_v1_0_S00_AXI_inst/uut/radar1/reading_reg_reg[7] )
INFO: [Synth 8-3333] propagating constant 0 across sequential element (\U0/sensor_readings_v1_0_S00_AXI_inst/uut/radar2/reading_reg_reg[8] )
INFO: [Synth 8-3333] propagating constant 0 across sequential element (\U0/sensor_readings_v1_0_S00_AXI_inst/uut/radar1/reading_reg_reg[8] )
INFO: [Synth 8-3886] merging instance 'U0/sensor_readings_v1_0_S00_AXI_inst/uut/DATA_2_reg[0][0]' (FDC) to 'U0/sensor_readings_v1_0_S00_AXI_inst/uut/DATA_2_reg[0][7]'
INFO: [Synth 8-3886] merging instance 'U0/sensor_readings_v1_0_S00_AXI_inst/uut/DATA_1_reg[0][0]' (FDC) to 'U0/sensor_readings_v1_0_S00_AXI_inst/uut/DATA_1_reg[0][7]'
INFO: [Synth 8-3886] merging instance 'U0/sensor_readings_v1_0_S00_AXI_inst/uut/DATA_2_reg[0][1]' (FDC) to 'U0/sensor_readings_v1_0_S00_AXI_inst/uut/DATA_2_reg[0][7]'
INFO: [Synth 8-3886] merging instance 'U0/sensor_readings_v1_0_S00_AXI_inst/uut/DATA_1_reg[0][1]' (FDC) to 'U0/sensor_readings_v1_0_S00_AXI_inst/uut/DATA_1_reg[0][7]'
INFO: [Synth 8-3886] merging instance 'U0/sensor_readings_v1_0_S00_AXI_inst/uut/DATA_2_reg[0][2]' (FDC) to 'U0/sensor_readings_v1_0_S00_AXI_inst/uut/DATA_2_reg[0][7]'
INFO: [Synth 8-3886] merging instance 'U0/sensor_readings_v1_0_S00_AXI_inst/uut/DATA_1_reg[0][2]' (FDC) to 'U0/sensor_readings_v1_0_S00_AXI_inst/uut/DATA_1_reg[0][7]'
INFO: [Synth 8-3886] merging instance 'U0/sensor_readings_v1_0_S00_AXI_inst/uut/DATA_2_reg[0][3]' (FDC) to 'U0/sensor_readings_v1_0_S00_AXI_inst/uut/DATA_2_reg[0][7]'
INFO: [Synth 8-3886] merging instance 'U0/sensor_readings_v1_0_S00_AXI_inst/uut/DATA_1_reg[0][3]' (FDC) to 'U0/sensor_readings_v1_0_S00_AXI_inst/uut/DATA_1_reg[0][7]'
INFO: [Synth 8-3886] merging instance 'U0/sensor_readings_v1_0_S00_AXI_inst/uut/DATA_2_reg[0][4]' (FDC) to 'U0/sensor_readings_v1_0_S00_AXI_inst/uut/DATA_2_reg[0][7]'
INFO: [Synth 8-3886] merging instance 'U0/sensor_readings_v1_0_S00_AXI_inst/uut/DATA_1_reg[0][4]' (FDC) to 'U0/sensor_readings_v1_0_S00_AXI_inst/uut/DATA_1_reg[0][7]'
INFO: [Synth 8-3886] merging instance 'U0/sensor_readings_v1_0_S00_AXI_inst/uut/DATA_2_reg[0][5]' (FDC) to 'U0/sensor_readings_v1_0_S00_AXI_inst/uut/DATA_2_reg[0][7]'
INFO: [Synth 8-3886] merging instance 'U0/sensor_readings_v1_0_S00_AXI_inst/uut/DATA_1_reg[0][5]' (FDC) to 'U0/sensor_readings_v1_0_S00_AXI_inst/uut/DATA_1_reg[0][7]'
INFO: [Synth 8-3886] merging instance 'U0/sensor_readings_v1_0_S00_AXI_inst/uut/DATA_2_reg[0][6]' (FDC) to 'U0/sensor_readings_v1_0_S00_AXI_inst/uut/DATA_2_reg[0][7]'
INFO: [Synth 8-3886] merging instance 'U0/sensor_readings_v1_0_S00_AXI_inst/uut/DATA_1_reg[0][6]' (FDC) to 'U0/sensor_readings_v1_0_S00_AXI_inst/uut/DATA_1_reg[0][7]'
INFO: [Synth 8-3886] merging instance 'U0/sensor_readings_v1_0_S00_AXI_inst/uut/DATA_2_reg[1][7]' (FDC) to 'U0/sensor_readings_v1_0_S00_AXI_inst/uut/DATA_2_reg[1][6]'
INFO: [Synth 8-3886] merging instance 'U0/sensor_readings_v1_0_S00_AXI_inst/uut/DATA_1_reg[1][7]' (FDC) to 'U0/sensor_readings_v1_0_S00_AXI_inst/uut/DATA_1_reg[1][6]'
INFO: [Synth 8-3333] propagating constant 1 across sequential element (\U0/sensor_readings_v1_0_S00_AXI_inst/aw_en_reg )
INFO: [Synth 8-3886] merging instance 'U0/sensor_readings_v1_0_S00_AXI_inst/axi_rresp_reg[0]' (FDRE) to 'U0/sensor_readings_v1_0_S00_AXI_inst/axi_rresp_reg[1]'
INFO: [Synth 8-3333] propagating constant 0 across sequential element (\U0/sensor_readings_v1_0_S00_AXI_inst/axi_rresp_reg[1] )
INFO: [Synth 8-3886] merging instance 'U0/sensor_readings_v1_0_S00_AXI_inst/axi_bresp_reg[0]' (FDRE) to 'U0/sensor_readings_v1_0_S00_AXI_inst/axi_bresp_reg[1]'
INFO: [Synth 8-3333] propagating constant 0 across sequential element (\U0/sensor_readings_v1_0_S00_AXI_inst/axi_bresp_reg[1] )
INFO: [Synth 8-3886] merging instance 'U0/sensor_readings_v1_0_S00_AXI_inst/uut/DATA_2_reg[1][0]' (FDC) to 'U0/sensor_readings_v1_0_S00_AXI_inst/uut/DATA_2_reg[1][6]'
INFO: [Synth 8-3886] merging instance 'U0/sensor_readings_v1_0_S00_AXI_inst/uut/DATA_2_reg[0][7]' (FDC) to 'U0/sensor_readings_v1_0_S00_AXI_inst/uut/DATA_2_reg[1][6]'
INFO: [Synth 8-3886] merging instance 'U0/sensor_readings_v1_0_S00_AXI_inst/uut/DATA_1_reg[0][7]' (FDC) to 'U0/sensor_readings_v1_0_S00_AXI_inst/uut/DATA_1_reg[1][0]'
INFO: [Synth 8-3886] merging instance 'U0/sensor_readings_v1_0_S00_AXI_inst/uut/DATA_1_reg[1][0]' (FDC) to 'U0/sensor_readings_v1_0_S00_AXI_inst/uut/DATA_1_reg[1][1]'
INFO: [Synth 8-3886] merging instance 'U0/sensor_readings_v1_0_S00_AXI_inst/uut/DATA_2_reg[1][1]' (FDC) to 'U0/sensor_readings_v1_0_S00_AXI_inst/uut/DATA_2_reg[1][6]'
INFO: [Synth 8-3886] merging instance 'U0/sensor_readings_v1_0_S00_AXI_inst/uut/DATA_1_reg[2][1]' (FDC) to 'U0/sensor_readings_v1_0_S00_AXI_inst/uut/DATA_1_reg[2][0]'
INFO: [Synth 8-3886] merging instance 'U0/sensor_readings_v1_0_S00_AXI_inst/uut/DATA_1_reg[1][1]' (FDC) to 'U0/sensor_readings_v1_0_S00_AXI_inst/uut/DATA_1_reg[1][2]'
INFO: [Synth 8-3886] merging instance 'U0/sensor_readings_v1_0_S00_AXI_inst/uut/DATA_2_reg[1][2]' (FDC) to 'U0/sensor_readings_v1_0_S00_AXI_inst/uut/DATA_2_reg[1][6]'
INFO: [Synth 8-3886] merging instance 'U0/sensor_readings_v1_0_S00_AXI_inst/uut/DATA_1_reg[2][2]' (FDC) to 'U0/sensor_readings_v1_0_S00_AXI_inst/uut/DATA_1_reg[2][0]'
INFO: [Synth 8-3886] merging instance 'U0/sensor_readings_v1_0_S00_AXI_inst/uut/DATA_1_reg[1][2]' (FDC) to 'U0/sensor_readings_v1_0_S00_AXI_inst/uut/DATA_1_reg[1][3]'
INFO: [Synth 8-3886] merging instance 'U0/sensor_readings_v1_0_S00_AXI_inst/uut/DATA_2_reg[1][3]' (FDC) to 'U0/sensor_readings_v1_0_S00_AXI_inst/uut/DATA_2_reg[1][6]'
INFO: [Synth 8-3886] merging instance 'U0/sensor_readings_v1_0_S00_AXI_inst/uut/DATA_1_reg[2][3]' (FDC) to 'U0/sensor_readings_v1_0_S00_AXI_inst/uut/DATA_1_reg[2][0]'
INFO: [Synth 8-3886] merging instance 'U0/sensor_readings_v1_0_S00_AXI_inst/uut/DATA_1_reg[1][3]' (FDC) to 'U0/sensor_readings_v1_0_S00_AXI_inst/uut/DATA_1_reg[1][4]'
INFO: [Synth 8-3886] merging instance 'U0/sensor_readings_v1_0_S00_AXI_inst/uut/DATA_2_reg[1][4]' (FDC) to 'U0/sensor_readings_v1_0_S00_AXI_inst/uut/DATA_2_reg[1][6]'
INFO: [Synth 8-3886] merging instance 'U0/sensor_readings_v1_0_S00_AXI_inst/uut/DATA_1_reg[2][4]' (FDC) to 'U0/sensor_readings_v1_0_S00_AXI_inst/uut/DATA_1_reg[2][0]'
INFO: [Synth 8-3886] merging instance 'U0/sensor_readings_v1_0_S00_AXI_inst/uut/DATA_1_reg[1][4]' (FDC) to 'U0/sensor_readings_v1_0_S00_AXI_inst/uut/DATA_1_reg[1][5]'
INFO: [Synth 8-3886] merging instance 'U0/sensor_readings_v1_0_S00_AXI_inst/uut/DATA_2_reg[1][5]' (FDC) to 'U0/sensor_readings_v1_0_S00_AXI_inst/uut/DATA_2_reg[1][6]'
INFO: [Synth 8-3886] merging instance 'U0/sensor_readings_v1_0_S00_AXI_inst/uut/DATA_1_reg[2][5]' (FDC) to 'U0/sensor_readings_v1_0_S00_AXI_inst/uut/DATA_1_reg[2][0]'
INFO: [Synth 8-3886] merging instance 'U0/sensor_readings_v1_0_S00_AXI_inst/uut/DATA_1_reg[1][5]' (FDC) to 'U0/sensor_readings_v1_0_S00_AXI_inst/uut/DATA_1_reg[1][6]'
INFO: [Synth 8-3886] merging instance 'U0/sensor_readings_v1_0_S00_AXI_inst/uut/DATA_2_reg[2][6]' (FDC) to 'U0/sensor_readings_v1_0_S00_AXI_inst/uut/DATA_2_reg[2][5]'
INFO: [Synth 8-3886] merging instance 'U0/sensor_readings_v1_0_S00_AXI_inst/uut/DATA_1_reg[2][6]' (FDC) to 'U0/sensor_readings_v1_0_S00_AXI_inst/uut/DATA_1_reg[2][0]'
INFO: [Synth 8-3886] merging instance 'U0/sensor_readings_v1_0_S00_AXI_inst/uut/DATA_2_reg[2][7]' (FDC) to 'U0/sensor_readings_v1_0_S00_AXI_inst/uut/DATA_2_reg[2][5]'
INFO: [Synth 8-3333] propagating constant 0 across sequential element (\U0/sensor_readings_v1_0_S00_AXI_inst/uut/DATA_2_reg[1][6] )
INFO: [Synth 8-3886] merging instance 'U0/sensor_readings_v1_0_S00_AXI_inst/uut/DATA_1_reg[2][7]' (FDC) to 'U0/sensor_readings_v1_0_S00_AXI_inst/uut/DATA_1_reg[2][0]'
INFO: [Synth 8-3333] propagating constant 0 across sequential element (\U0/sensor_readings_v1_0_S00_AXI_inst/uut/DATA_1_reg[1][6] )
INFO: [Synth 8-3886] merging instance 'U0/sensor_readings_v1_0_S00_AXI_inst/uut/DATA_2_reg[3][0]' (FDC) to 'U0/sensor_readings_v1_0_S00_AXI_inst/uut/DATA_2_reg[4][7]'
INFO: [Synth 8-3886] merging instance 'U0/sensor_readings_v1_0_S00_AXI_inst/uut/DATA_2_reg[3][7]' (FDC) to 'U0/sensor_readings_v1_0_S00_AXI_inst/uut/DATA_2_reg[4][7]'
INFO: [Synth 8-3886] merging instance 'U0/sensor_readings_v1_0_S00_AXI_inst/uut/DATA_2_reg[3][6]' (FDC) to 'U0/sensor_readings_v1_0_S00_AXI_inst/uut/DATA_2_reg[4][7]'
INFO: [Synth 8-3886] merging instance 'U0/sensor_readings_v1_0_S00_AXI_inst/uut/DATA_2_reg[2][5]' (FDC) to 'U0/sensor_readings_v1_0_S00_AXI_inst/uut/DATA_2_reg[4][7]'
INFO: [Synth 8-3886] merging instance 'U0/sensor_readings_v1_0_S00_AXI_inst/uut/DATA_2_reg[2][4]' (FDC) to 'U0/sensor_readings_v1_0_S00_AXI_inst/uut/DATA_2_reg[4][7]'
INFO: [Synth 8-3886] merging instance 'U0/sensor_readings_v1_0_S00_AXI_inst/uut/DATA_2_reg[2][3]' (FDC) to 'U0/sensor_readings_v1_0_S00_AXI_inst/uut/DATA_2_reg[4][7]'
INFO: [Synth 8-3886] merging instance 'U0/sensor_readings_v1_0_S00_AXI_inst/uut/DATA_2_reg[2][2]' (FDC) to 'U0/sensor_readings_v1_0_S00_AXI_inst/uut/DATA_2_reg[4][7]'
INFO: [Synth 8-3886] merging instance 'U0/sensor_readings_v1_0_S00_AXI_inst/uut/DATA_2_reg[2][1]' (FDC) to 'U0/sensor_readings_v1_0_S00_AXI_inst/uut/DATA_2_reg[4][7]'
INFO: [Synth 8-3886] merging instance 'U0/sensor_readings_v1_0_S00_AXI_inst/uut/DATA_2_reg[2][0]' (FDC) to 'U0/sensor_readings_v1_0_S00_AXI_inst/uut/DATA_2_reg[4][7]'
INFO: [Synth 8-3886] merging instance 'U0/sensor_readings_v1_0_S00_AXI_inst/uut/DATA_2_reg[1][6]' (FDC) to 'U0/sensor_readings_v1_0_S00_AXI_inst/uut/DATA_2_reg[4][7]'
INFO: [Synth 8-3886] merging instance 'U0/sensor_readings_v1_0_S00_AXI_inst/uut/DATA_1_reg[3][0]' (FDC) to 'U0/sensor_readings_v1_0_S00_AXI_inst/uut/DATA_1_reg[4][7]'
INFO: [Synth 8-3886] merging instance 'U0/sensor_readings_v1_0_S00_AXI_inst/uut/DATA_1_reg[2][0]' (FDC) to 'U0/sensor_readings_v1_0_S00_AXI_inst/uut/DATA_1_reg[4][7]'
INFO: [Synth 8-3886] merging instance 'U0/sensor_readings_v1_0_S00_AXI_inst/uut/DATA_1_reg[1][6]' (FDC) to 'U0/sensor_readings_v1_0_S00_AXI_inst/uut/DATA_1_reg[4][7]'
INFO: [Synth 8-3886] merging instance 'U0/sensor_readings_v1_0_S00_AXI_inst/uut/DATA_1_reg[3][1]' (FDC) to 'U0/sensor_readings_v1_0_S00_AXI_inst/uut/DATA_1_reg[4][7]'
INFO: [Synth 8-3886] merging instance 'U0/sensor_readings_v1_0_S00_AXI_inst/uut/DATA_1_reg[3][2]' (FDC) to 'U0/sensor_readings_v1_0_S00_AXI_inst/uut/DATA_1_reg[4][7]'
INFO: [Synth 8-3886] merging instance 'U0/sensor_readings_v1_0_S00_AXI_inst/uut/DATA_1_reg[3][3]' (FDC) to 'U0/sensor_readings_v1_0_S00_AXI_inst/uut/DATA_1_reg[4][7]'
INFO: [Synth 8-3886] merging instance 'U0/sensor_readings_v1_0_S00_AXI_inst/uut/DATA_1_reg[3][4]' (FDC) to 'U0/sensor_readings_v1_0_S00_AXI_inst/uut/DATA_1_reg[4][7]'
INFO: [Synth 8-3886] merging instance 'U0/sensor_readings_v1_0_S00_AXI_inst/uut/DATA_1_reg[3][5]' (FDC) to 'U0/sensor_readings_v1_0_S00_AXI_inst/uut/DATA_1_reg[4][7]'
INFO: [Synth 8-3886] merging instance 'U0/sensor_readings_v1_0_S00_AXI_inst/uut/DATA_1_reg[3][6]' (FDC) to 'U0/sensor_readings_v1_0_S00_AXI_inst/uut/DATA_1_reg[4][7]'
INFO: [Synth 8-3886] merging instance 'U0/sensor_readings_v1_0_S00_AXI_inst/uut/DATA_1_reg[3][7]' (FDC) to 'U0/sensor_readings_v1_0_S00_AXI_inst/uut/DATA_1_reg[4][7]'
INFO: [Synth 8-3886] merging instance 'U0/sensor_readings_v1_0_S00_AXI_inst/uut/DATA_2_reg[3][1]' (FDC) to 'U0/sensor_readings_v1_0_S00_AXI_inst/uut/DATA_2_reg[4][7]'
INFO: [Synth 8-3886] merging instance 'U0/sensor_readings_v1_0_S00_AXI_inst/uut/DATA_1_reg[4][1]' (FDC) to 'U0/sensor_readings_v1_0_S00_AXI_inst/uut/DATA_1_reg[4][7]'
INFO: [Synth 8-3886] merging instance 'U0/sensor_readings_v1_0_S00_AXI_inst/uut/DATA_2_reg[3][2]' (FDC) to 'U0/sensor_readings_v1_0_S00_AXI_inst/uut/DATA_2_reg[4][7]'
INFO: [Synth 8-3886] merging instance 'U0/sensor_readings_v1_0_S00_AXI_inst/uut/DATA_1_reg[4][2]' (FDC) to 'U0/sensor_readings_v1_0_S00_AXI_inst/uut/DATA_1_reg[4][7]'
INFO: [Synth 8-3886] merging instance 'U0/sensor_readings_v1_0_S00_AXI_inst/uut/DATA_2_reg[3][3]' (FDC) to 'U0/sensor_readings_v1_0_S00_AXI_inst/uut/DATA_2_reg[4][7]'
INFO: [Synth 8-3886] merging instance 'U0/sensor_readings_v1_0_S00_AXI_inst/uut/DATA_1_reg[4][3]' (FDC) to 'U0/sensor_readings_v1_0_S00_AXI_inst/uut/DATA_1_reg[4][7]'
INFO: [Synth 8-3886] merging instance 'U0/sensor_readings_v1_0_S00_AXI_inst/uut/DATA_2_reg[3][4]' (FDC) to 'U0/sensor_readings_v1_0_S00_AXI_inst/uut/DATA_2_reg[4][7]'
INFO: [Synth 8-3886] merging instance 'U0/sensor_readings_v1_0_S00_AXI_inst/uut/DATA_1_reg[4][4]' (FDC) to 'U0/sensor_readings_v1_0_S00_AXI_inst/uut/DATA_1_reg[4][7]'
INFO: [Synth 8-3886] merging instance 'U0/sensor_readings_v1_0_S00_AXI_inst/uut/DATA_2_reg[3][5]' (FDC) to 'U0/sensor_readings_v1_0_S00_AXI_inst/uut/DATA_2_reg[4][7]'
INFO: [Synth 8-3886] merging instance 'U0/sensor_readings_v1_0_S00_AXI_inst/uut/DATA_1_reg[4][5]' (FDC) to 'U0/sensor_readings_v1_0_S00_AXI_inst/uut/DATA_1_reg[4][7]'
INFO: [Synth 8-3886] merging instance 'U0/sensor_readings_v1_0_S00_AXI_inst/uut/DATA_2_reg[4][6]' (FDC) to 'U0/sensor_readings_v1_0_S00_AXI_inst/uut/DATA_2_reg[4][7]'
INFO: [Synth 8-3886] merging instance 'U0/sensor_readings_v1_0_S00_AXI_inst/uut/DATA_1_reg[4][6]' (FDC) to 'U0/sensor_readings_v1_0_S00_AXI_inst/uut/DATA_1_reg[4][7]'
INFO: [Synth 8-3333] propagating constant 0 across sequential element (\U0/sensor_readings_v1_0_S00_AXI_inst/uut/DATA_2_reg[4][7] )
INFO: [Synth 8-3333] propagating constant 0 across sequential element (\U0/sensor_readings_v1_0_S00_AXI_inst/uut/DATA_1_reg[4][7] )
INFO: [Synth 8-3332] Sequential element (U0/sensor_readings_v1_0_S00_AXI_inst/aw_en_reg) is unused and will be removed from module sensor_reading_sensor_readings_0_1.
INFO: [Synth 8-3332] Sequential element (U0/sensor_readings_v1_0_S00_AXI_inst/axi_bresp_reg[1]) is unused and will be removed from module sensor_reading_sensor_readings_0_1.
INFO: [Synth 8-3332] Sequential element (U0/sensor_readings_v1_0_S00_AXI_inst/axi_awaddr_reg[1]) is unused and will be removed from module sensor_reading_sensor_readings_0_1.
INFO: [Synth 8-3332] Sequential element (U0/sensor_readings_v1_0_S00_AXI_inst/axi_awaddr_reg[0]) is unused and will be removed from module sensor_reading_sensor_readings_0_1.
INFO: [Synth 8-3332] Sequential element (U0/sensor_readings_v1_0_S00_AXI_inst/rst_reg) is unused and will be removed from module sensor_reading_sensor_readings_0_1.
INFO: [Synth 8-3332] Sequential element (U0/sensor_readings_v1_0_S00_AXI_inst/uut/uut/count_reg[31]) is unused and will be removed from module sensor_reading_sensor_readings_0_1.
INFO: [Synth 8-3332] Sequential element (U0/sensor_readings_v1_0_S00_AXI_inst/uut/uut/count_reg[30]) is unused and will be removed from module sensor_reading_sensor_readings_0_1.
INFO: [Synth 8-3332] Sequential element (U0/sensor_readings_v1_0_S00_AXI_inst/uut/uut/count_reg[29]) is unused and will be removed from module sensor_reading_sensor_readings_0_1.
INFO: [Synth 8-3332] Sequential element (U0/sensor_readings_v1_0_S00_AXI_inst/uut/uut/count_reg[28]) is unused and will be removed from module sensor_reading_sensor_readings_0_1.
INFO: [Synth 8-3332] Sequential element (U0/sensor_readings_v1_0_S00_AXI_inst/uut/uut/count_reg[27]) is unused and will be removed from module sensor_reading_sensor_readings_0_1.
INFO: [Synth 8-3332] Sequential element (U0/sensor_readings_v1_0_S00_AXI_inst/uut/uut/count_reg[26]) is unused and will be removed from module sensor_reading_sensor_readings_0_1.
INFO: [Synth 8-3332] Sequential element (U0/sensor_readings_v1_0_S00_AXI_inst/uut/uut/count_reg[25]) is unused and will be removed from module sensor_reading_sensor_readings_0_1.
INFO: [Synth 8-3332] Sequential element (U0/sensor_readings_v1_0_S00_AXI_inst/uut/uut/count_reg[24]) is unused and will be removed from module sensor_reading_sensor_readings_0_1.
INFO: [Synth 8-3332] Sequential element (U0/sensor_readings_v1_0_S00_AXI_inst/uut/uut/count_reg[23]) is unused and will be removed from module sensor_reading_sensor_readings_0_1.
INFO: [Synth 8-3332] Sequential element (U0/sensor_readings_v1_0_S00_AXI_inst/uut/uut/count_reg[22]) is unused and will be removed from module sensor_reading_sensor_readings_0_1.
INFO: [Synth 8-3332] Sequential element (U0/sensor_readings_v1_0_S00_AXI_inst/uut/uut/count_reg[21]) is unused and will be removed from module sensor_reading_sensor_readings_0_1.
INFO: [Synth 8-3332] Sequential element (U0/sensor_readings_v1_0_S00_AXI_inst/uut/uut/count_reg[20]) is unused and will be removed from module sensor_reading_sensor_readings_0_1.
INFO: [Synth 8-3332] Sequential element (U0/sensor_readings_v1_0_S00_AXI_inst/uut/uut/count_reg[19]) is unused and will be removed from module sensor_reading_sensor_readings_0_1.
INFO: [Synth 8-3332] Sequential element (U0/sensor_readings_v1_0_S00_AXI_inst/uut/uut/count_reg[18]) is unused and will be removed from module sensor_reading_sensor_readings_0_1.
INFO: [Synth 8-3332] Sequential element (U0/sensor_readings_v1_0_S00_AXI_inst/uut/uut/count_reg[17]) is unused and will be removed from module sensor_reading_sensor_readings_0_1.
INFO: [Synth 8-3332] Sequential element (U0/sensor_readings_v1_0_S00_AXI_inst/uut/uut/count_reg[16]) is unused and will be removed from module sensor_reading_sensor_readings_0_1.
INFO: [Synth 8-3332] Sequential element (U0/sensor_readings_v1_0_S00_AXI_inst/uut/uut/count_reg[15]) is unused and will be removed from module sensor_reading_sensor_readings_0_1.
INFO: [Synth 8-3332] Sequential element (U0/sensor_readings_v1_0_S00_AXI_inst/uut/uut/count_reg[14]) is unused and will be removed from module sensor_reading_sensor_readings_0_1.
INFO: [Synth 8-3332] Sequential element (U0/sensor_readings_v1_0_S00_AXI_inst/uut/uut/count_reg[13]) is unused and will be removed from module sensor_reading_sensor_readings_0_1.
INFO: [Synth 8-3332] Sequential element (U0/sensor_readings_v1_0_S00_AXI_inst/uut/uut/count_reg[12]) is unused and will be removed from module sensor_reading_sensor_readings_0_1.
INFO: [Synth 8-3332] Sequential element (U0/sensor_readings_v1_0_S00_AXI_inst/uut/uut/count_reg[11]) is unused and will be removed from module sensor_reading_sensor_readings_0_1.
INFO: [Synth 8-3332] Sequential element (U0/sensor_readings_v1_0_S00_AXI_inst/uut/uut/count_reg[10]) is unused and will be removed from module sensor_reading_sensor_readings_0_1.
INFO: [Synth 8-3332] Sequential element (U0/sensor_readings_v1_0_S00_AXI_inst/uut/uut/count_reg[9]) is unused and will be removed from module sensor_reading_sensor_readings_0_1.
INFO: [Synth 8-3332] Sequential element (U0/sensor_readings_v1_0_S00_AXI_inst/uut/uut/count_reg[8]) is unused and will be removed from module sensor_reading_sensor_readings_0_1.
INFO: [Synth 8-3332] Sequential element (U0/sensor_readings_v1_0_S00_AXI_inst/uut/uut/count_reg[7]) is unused and will be removed from module sensor_reading_sensor_readings_0_1.
INFO: [Synth 8-3332] Sequential element (U0/sensor_readings_v1_0_S00_AXI_inst/uut/uut/count_reg[6]) is unused and will be removed from module sensor_reading_sensor_readings_0_1.
INFO: [Synth 8-3332] Sequential element (U0/sensor_readings_v1_0_S00_AXI_inst/uut/uut/count_reg[5]) is unused and will be removed from module sensor_reading_sensor_readings_0_1.
INFO: [Synth 8-3332] Sequential element (U0/sensor_readings_v1_0_S00_AXI_inst/uut/uut/count_reg[4]) is unused and will be removed from module sensor_reading_sensor_readings_0_1.
INFO: [Synth 8-3332] Sequential element (U0/sensor_readings_v1_0_S00_AXI_inst/uut/uut/count_reg[3]) is unused and will be removed from module sensor_reading_sensor_readings_0_1.
INFO: [Synth 8-3332] Sequential element (U0/sensor_readings_v1_0_S00_AXI_inst/uut/uut/count_reg[2]) is unused and will be removed from module sensor_reading_sensor_readings_0_1.
INFO: [Synth 8-3332] Sequential element (U0/sensor_readings_v1_0_S00_AXI_inst/uut/uut/count_reg[1]) is unused and will be removed from module sensor_reading_sensor_readings_0_1.
INFO: [Synth 8-3332] Sequential element (U0/sensor_readings_v1_0_S00_AXI_inst/uut/uut/count_reg[0]) is unused and will be removed from module sensor_reading_sensor_readings_0_1.
INFO: [Synth 8-3332] Sequential element (U0/sensor_readings_v1_0_S00_AXI_inst/uut/uut/clkSignal_reg) is unused and will be removed from module sensor_reading_sensor_readings_0_1.
INFO: [Synth 8-3332] Sequential element (U0/sensor_readings_v1_0_S00_AXI_inst/uut/radar1/pwm_clock_reg) is unused and will be removed from module sensor_reading_sensor_readings_0_1.
INFO: [Synth 8-3332] Sequential element (U0/sensor_readings_v1_0_S00_AXI_inst/uut/radar1/reading_reg_reg[8]) is unused and will be removed from module sensor_reading_sensor_readings_0_1.
INFO: [Synth 8-3332] Sequential element (U0/sensor_readings_v1_0_S00_AXI_inst/uut/radar1/reading_reg_reg[7]) is unused and will be removed from module sensor_reading_sensor_readings_0_1.
INFO: [Synth 8-3332] Sequential element (U0/sensor_readings_v1_0_S00_AXI_inst/uut/radar1/reading_reg_reg[6]) is unused and will be removed from module sensor_reading_sensor_readings_0_1.
INFO: [Synth 8-3332] Sequential element (U0/sensor_readings_v1_0_S00_AXI_inst/uut/radar1/reading_reg_reg[5]) is unused and will be removed from module sensor_reading_sensor_readings_0_1.
INFO: [Synth 8-3332] Sequential element (U0/sensor_readings_v1_0_S00_AXI_inst/uut/radar1/reading_reg_reg[4]) is unused and will be removed from module sensor_reading_sensor_readings_0_1.
INFO: [Synth 8-3332] Sequential element (U0/sensor_readings_v1_0_S00_AXI_inst/uut/radar1/reading_reg_reg[3]) is unused and will be removed from module sensor_reading_sensor_readings_0_1.
INFO: [Synth 8-3332] Sequential element (U0/sensor_readings_v1_0_S00_AXI_inst/uut/radar1/reading_reg_reg[2]) is unused and will be removed from module sensor_reading_sensor_readings_0_1.
INFO: [Synth 8-3332] Sequential element (U0/sensor_readings_v1_0_S00_AXI_inst/uut/radar1/reading_reg_reg[1]) is unused and will be removed from module sensor_reading_sensor_readings_0_1.
INFO: [Synth 8-3332] Sequential element (U0/sensor_readings_v1_0_S00_AXI_inst/uut/radar1/reading_reg_reg[0]) is unused and will be removed from module sensor_reading_sensor_readings_0_1.
INFO: [Synth 8-3332] Sequential element (U0/sensor_readings_v1_0_S00_AXI_inst/uut/DATA_1_reg[4][0]) is unused and will be removed from module sensor_reading_sensor_readings_0_1.
INFO: [Synth 8-3332] Sequential element (U0/sensor_readings_v1_0_S00_AXI_inst/uut/radar2/pwm_clock_reg) is unused and will be removed from module sensor_reading_sensor_readings_0_1.
INFO: [Synth 8-3332] Sequential element (U0/sensor_readings_v1_0_S00_AXI_inst/uut/radar2/reading_reg_reg[8]) is unused and will be removed from module sensor_reading_sensor_readings_0_1.
INFO: [Synth 8-3332] Sequential element (U0/sensor_readings_v1_0_S00_AXI_inst/uut/radar2/reading_reg_reg[7]) is unused and will be removed from module sensor_reading_sensor_readings_0_1.
INFO: [Synth 8-3332] Sequential element (U0/sensor_readings_v1_0_S00_AXI_inst/uut/radar2/reading_reg_reg[6]) is unused and will be removed from module sensor_reading_sensor_readings_0_1.
INFO: [Synth 8-3332] Sequential element (U0/sensor_readings_v1_0_S00_AXI_inst/uut/radar2/reading_reg_reg[5]) is unused and will be removed from module sensor_reading_sensor_readings_0_1.
INFO: [Synth 8-3332] Sequential element (U0/sensor_readings_v1_0_S00_AXI_inst/uut/radar2/reading_reg_reg[4]) is unused and will be removed from module sensor_reading_sensor_readings_0_1.
INFO: [Synth 8-3332] Sequential element (U0/sensor_readings_v1_0_S00_AXI_inst/uut/radar2/reading_reg_reg[3]) is unused and will be removed from module sensor_reading_sensor_readings_0_1.
INFO: [Synth 8-3332] Sequential element (U0/sensor_readings_v1_0_S00_AXI_inst/uut/radar2/reading_reg_reg[2]) is unused and will be removed from module sensor_reading_sensor_readings_0_1.
INFO: [Synth 8-3332] Sequential element (U0/sensor_readings_v1_0_S00_AXI_inst/uut/radar2/reading_reg_reg[1]) is unused and will be removed from module sensor_reading_sensor_readings_0_1.
INFO: [Synth 8-3332] Sequential element (U0/sensor_readings_v1_0_S00_AXI_inst/uut/radar2/reading_reg_reg[0]) is unused and will be removed from module sensor_reading_sensor_readings_0_1.
INFO: [Synth 8-3332] Sequential element (U0/sensor_readings_v1_0_S00_AXI_inst/uut/DATA_2_reg[4][5]) is unused and will be removed from module sensor_reading_sensor_readings_0_1.
INFO: [Synth 8-3332] Sequential element (U0/sensor_readings_v1_0_S00_AXI_inst/uut/DATA_2_reg[4][4]) is unused and will be removed from module sensor_reading_sensor_readings_0_1.
INFO: [Synth 8-3332] Sequential element (U0/sensor_readings_v1_0_S00_AXI_inst/uut/DATA_2_reg[4][3]) is unused and will be removed from module sensor_reading_sensor_readings_0_1.
INFO: [Synth 8-3332] Sequential element (U0/sensor_readings_v1_0_S00_AXI_inst/uut/DATA_2_reg[4][2]) is unused and will be removed from module sensor_reading_sensor_readings_0_1.
INFO: [Synth 8-3332] Sequential element (U0/sensor_readings_v1_0_S00_AXI_inst/uut/DATA_2_reg[4][1]) is unused and will be removed from module sensor_reading_sensor_readings_0_1.
INFO: [Synth 8-3332] Sequential element (U0/sensor_readings_v1_0_S00_AXI_inst/uut/DATA_2_reg[4][0]) is unused and will be removed from module sensor_reading_sensor_readings_0_1.
INFO: [Synth 8-3332] Sequential element (U0/sensor_readings_v1_0_S00_AXI_inst/axi_araddr_reg[1]) is unused and will be removed from module sensor_reading_sensor_readings_0_1.
INFO: [Synth 8-3332] Sequential element (U0/sensor_readings_v1_0_S00_AXI_inst/axi_araddr_reg[0]) is unused and will be removed from module sensor_reading_sensor_readings_0_1.
INFO: [Synth 8-3332] Sequential element (U0/sensor_readings_v1_0_S00_AXI_inst/axi_rresp_reg[1]) is unused and will be removed from module sensor_reading_sensor_readings_0_1.
INFO: [Synth 8-3332] Sequential element (U0/sensor_readings_v1_0_S00_AXI_inst/uut/DATA_2_reg[4][7]) is unused and will be removed from module sensor_reading_sensor_readings_0_1.
INFO: [Synth 8-3332] Sequential element (U0/sensor_readings_v1_0_S00_AXI_inst/uut/DATA_1_reg[4][7]) is unused and will be removed from module sensor_reading_sensor_readings_0_1.
---------------------------------------------------------------------------------
Finished Cross Boundary and Area Optimization : Time (s): cpu = 00:00:14 ; elapsed = 00:00:16 . Memory (MB): peak = 847.266 ; gain = 489.250
---------------------------------------------------------------------------------

Report RTL Partitions: 
+-+--------------+------------+----------+
| |RTL Partition |Replication |Instances |
+-+--------------+------------+----------+
+-+--------------+------------+----------+
---------------------------------------------------------------------------------
Start Applying XDC Timing Constraints
---------------------------------------------------------------------------------
---------------------------------------------------------------------------------
Finished Applying XDC Timing Constraints : Time (s): cpu = 00:00:21 ; elapsed = 00:00:25 . Memory (MB): peak = 857.977 ; gain = 499.961
---------------------------------------------------------------------------------
---------------------------------------------------------------------------------
Start Timing Optimization
---------------------------------------------------------------------------------
---------------------------------------------------------------------------------
Finished Timing Optimization : Time (s): cpu = 00:00:21 ; elapsed = 00:00:25 . Memory (MB): peak = 858.199 ; gain = 500.184
---------------------------------------------------------------------------------

Report RTL Partitions: 
+-+--------------+------------+----------+
| |RTL Partition |Replication |Instances |
+-+--------------+------------+----------+
+-+--------------+------------+----------+
---------------------------------------------------------------------------------
Start Technology Mapping
---------------------------------------------------------------------------------
---------------------------------------------------------------------------------
Finished Technology Mapping : Time (s): cpu = 00:00:21 ; elapsed = 00:00:25 . Memory (MB): peak = 871.500 ; gain = 513.484
---------------------------------------------------------------------------------

Report RTL Partitions: 
+-+--------------+------------+----------+
| |RTL Partition |Replication |Instances |
+-+--------------+------------+----------+
+-+--------------+------------+----------+
---------------------------------------------------------------------------------
Start IO Insertion
---------------------------------------------------------------------------------
---------------------------------------------------------------------------------
Start Flattening Before IO Insertion
---------------------------------------------------------------------------------
---------------------------------------------------------------------------------
Finished Flattening Before IO Insertion
---------------------------------------------------------------------------------
---------------------------------------------------------------------------------
Start Final Netlist Cleanup
---------------------------------------------------------------------------------
INFO: [Synth 8-4649] Removing BlackBox instance \U0/sensor_readings_v1_0_S00_AXI_inst/uut/radar1/PWM_pos  of module edge_detection__3 having unconnected or no output ports
INFO: [Synth 8-4649] Removing BlackBox instance \U0/sensor_readings_v1_0_S00_AXI_inst/uut/radar1/PWM_neg  of module edge_detection__1 having unconnected or no output ports
INFO: [Synth 8-4649] Removing BlackBox instance \U0/sensor_readings_v1_0_S00_AXI_inst/uut/radar2/PWM_pos  of module edge_detection__2 having unconnected or no output ports
INFO: [Synth 8-4649] Removing BlackBox instance \U0/sensor_readings_v1_0_S00_AXI_inst/uut/radar2/PWM_neg  of module edge_detection having unconnected or no output ports
---------------------------------------------------------------------------------
Finished Final Netlist Cleanup
---------------------------------------------------------------------------------
---------------------------------------------------------------------------------
Finished IO Insertion : Time (s): cpu = 00:00:22 ; elapsed = 00:00:26 . Memory (MB): peak = 871.500 ; gain = 513.484
---------------------------------------------------------------------------------

Report Check Netlist: 
+------+------------------+-------+---------+-------+------------------+
|      |Item              |Errors |Warnings |Status |Description       |
+------+------------------+-------+---------+-------+------------------+
|1     |multi_driven_nets |      0|        0|Passed |Multi driven nets |
+------+------------------+-------+---------+-------+------------------+
---------------------------------------------------------------------------------
Start Renaming Generated Instances
---------------------------------------------------------------------------------
---------------------------------------------------------------------------------
Finished Renaming Generated Instances : Time (s): cpu = 00:00:22 ; elapsed = 00:00:26 . Memory (MB): peak = 871.500 ; gain = 513.484
---------------------------------------------------------------------------------

Report RTL Partitions: 
+-+--------------+------------+----------+
| |RTL Partition |Replication |Instances |
+-+--------------+------------+----------+
+-+--------------+------------+----------+
---------------------------------------------------------------------------------
Start Rebuilding User Hierarchy
---------------------------------------------------------------------------------
---------------------------------------------------------------------------------
Finished Rebuilding User Hierarchy : Time (s): cpu = 00:00:22 ; elapsed = 00:00:26 . Memory (MB): peak = 871.500 ; gain = 513.484
---------------------------------------------------------------------------------
---------------------------------------------------------------------------------
Start Renaming Generated Ports
---------------------------------------------------------------------------------
---------------------------------------------------------------------------------
Finished Renaming Generated Ports : Time (s): cpu = 00:00:22 ; elapsed = 00:00:26 . Memory (MB): peak = 871.500 ; gain = 513.484
---------------------------------------------------------------------------------
---------------------------------------------------------------------------------
Start Handling Custom Attributes
---------------------------------------------------------------------------------
---------------------------------------------------------------------------------
Finished Handling Custom Attributes : Time (s): cpu = 00:00:22 ; elapsed = 00:00:26 . Memory (MB): peak = 871.500 ; gain = 513.484
---------------------------------------------------------------------------------
---------------------------------------------------------------------------------
Start Renaming Generated Nets
---------------------------------------------------------------------------------
---------------------------------------------------------------------------------
Finished Renaming Generated Nets : Time (s): cpu = 00:00:22 ; elapsed = 00:00:26 . Memory (MB): peak = 871.500 ; gain = 513.484
---------------------------------------------------------------------------------
---------------------------------------------------------------------------------
Start Writing Synthesis Report
---------------------------------------------------------------------------------

Report BlackBoxes: 
+-+--------------+----------+
| |BlackBox name |Instances |
+-+--------------+----------+
+-+--------------+----------+

Report Cell Usage: 
+------+-----+------+
|      |Cell |Count |
+------+-----+------+
|1     |LUT1 |     1|
|2     |LUT2 |     2|
|3     |LUT3 |     3|
|4     |LUT4 |     4|
|5     |LUT6 |    89|
|6     |FDRE |   233|
|7     |FDSE |     4|
+------+-----+------+

Report Instance Areas: 
+------+--------------------------------------+-----------------------------+------+
|      |Instance                              |Module                       |Cells |
+------+--------------------------------------+-----------------------------+------+
|1     |top                                   |                             |   336|
|2     |  U0                                  |sensor_readings_v1_0         |   336|
|3     |    sensor_readings_v1_0_S00_AXI_inst |sensor_readings_v1_0_S00_AXI |   336|
+------+--------------------------------------+-----------------------------+------+
---------------------------------------------------------------------------------
Finished Writing Synthesis Report : Time (s): cpu = 00:00:22 ; elapsed = 00:00:26 . Memory (MB): peak = 871.500 ; gain = 513.484
---------------------------------------------------------------------------------
Synthesis finished with 0 errors, 0 critical warnings and 13 warnings.
Synthesis Optimization Runtime : Time (s): cpu = 00:00:13 ; elapsed = 00:00:18 . Memory (MB): peak = 871.500 ; gain = 174.574
Synthesis Optimization Complete : Time (s): cpu = 00:00:23 ; elapsed = 00:00:27 . Memory (MB): peak = 871.500 ; gain = 513.484
INFO: [Project 1-571] Translating synthesized netlist
INFO: [Project 1-570] Preparing netlist for logic optimization
INFO: [Opt 31-138] Pushed 0 inverter(s) to 0 load pin(s).
INFO: [Project 1-111] Unisim Transformation Summary:
No Unisim elements were transformed.

INFO: [Common 17-83] Releasing license: Synthesis
212 Infos, 48 Warnings, 0 Critical Warnings and 0 Errors encountered.
synth_design completed successfully
synth_design: Time (s): cpu = 00:00:24 ; elapsed = 00:00:29 . Memory (MB): peak = 884.906 ; gain = 538.359
WARNING: [Constraints 18-5210] No constraint will be written out.
INFO: [Common 17-1381] The checkpoint 'C:/Users/hs696802/Desktop/readings_ip/readings_ip.runs/sensor_reading_sensor_readings_0_1_synth_1/sensor_reading_sensor_readings_0_1.dcp' has been generated.
