15:26:46 INFO  : Registering command handlers for SDK TCF services
15:26:46 INFO  : Launching XSCT server: xsct.bat -interactive C:\Users\Public\Vivado\MiddleServo\MiddleServo.sdk\temp_xsdb_launch_script.tcl
15:26:49 INFO  : XSCT server has started successfully.
15:26:49 INFO  : Successfully done setting XSCT server connection channel  
15:26:51 INFO  : Successfully done setting SDK workspace  
15:26:51 INFO  : Processing command line option -hwspec C:/Users/Public/Vivado/MiddleServo/MiddleServo.sdk/MiddleServo_wrapper.hdf.
15:31:51 INFO  : Connected to target on host '127.0.0.1' and port '3121'.
15:31:51 INFO  : 'targets -set -filter {jtag_cable_name =~ "Digilent Zed 210248685495" && level==0} -index 1' command is executed.
15:31:54 INFO  : FPGA configured successfully with bitstream "C:/Users/Public/Vivado/MiddleServo/MiddleServo.sdk/MiddleServo_wrapper_hw_platform_0/MiddleServo_wrapper.bit"
15:32:05 INFO  : 'targets -set -filter {jtag_cable_name =~ "Digilent Zed 210248685495" && level==0} -index 1' command is executed.
15:32:05 INFO  : 'fpga -state' command is executed.
15:32:05 INFO  : Connected to target on host '127.0.0.1' and port '3121'.
15:32:05 INFO  : Jtag cable 'Digilent Zed 210248685495' is selected.
15:32:05 INFO  : 'jtag frequency' command is executed.
15:32:05 INFO  : Sourcing of 'C:/Users/Public/Vivado/MiddleServo/MiddleServo.sdk/MiddleServo_wrapper_hw_platform_0/ps7_init.tcl' is done.
15:32:05 INFO  : Context for 'APU' is selected.
15:32:05 INFO  : Hardware design information is loaded from 'C:/Users/Public/Vivado/MiddleServo/MiddleServo.sdk/MiddleServo_wrapper_hw_platform_0/system.hdf'.
15:32:05 INFO  : 'configparams force-mem-access 1' command is executed.
15:32:05 INFO  : Context for 'APU' is selected.
15:32:05 INFO  : 'stop' command is executed.
15:32:05 INFO  : 'ps7_init' command is executed.
15:32:05 INFO  : 'ps7_post_config' command is executed.
15:32:05 INFO  : Context for processor 'ps7_cortexa9_0' is selected.
15:32:05 INFO  : Processor reset is completed for 'ps7_cortexa9_0'.
15:32:05 INFO  : Context for processor 'ps7_cortexa9_0' is selected.
15:32:06 INFO  : The application 'C:/Users/Public/Vivado/MiddleServo/MiddleServo.sdk/MiddleServo/Debug/MiddleServo.elf' is downloaded to processor 'ps7_cortexa9_0'.
15:32:06 INFO  : 'configparams force-mem-access 0' command is executed.
15:32:06 INFO  : ----------------XSDB Script----------------
connect -url tcp:127.0.0.1:3121
source C:/Users/Public/Vivado/MiddleServo/MiddleServo.sdk/MiddleServo_wrapper_hw_platform_0/ps7_init.tcl
targets -set -nocase -filter {name =~"APU*" && jtag_cable_name =~ "Digilent Zed 210248685495"} -index 0
loadhw -hw C:/Users/Public/Vivado/MiddleServo/MiddleServo.sdk/MiddleServo_wrapper_hw_platform_0/system.hdf -mem-ranges [list {0x40000000 0xbfffffff}]
configparams force-mem-access 1
targets -set -nocase -filter {name =~"APU*" && jtag_cable_name =~ "Digilent Zed 210248685495"} -index 0
stop
ps7_init
ps7_post_config
targets -set -nocase -filter {name =~ "ARM*#0" && jtag_cable_name =~ "Digilent Zed 210248685495"} -index 0
rst -processor
targets -set -nocase -filter {name =~ "ARM*#0" && jtag_cable_name =~ "Digilent Zed 210248685495"} -index 0
dow C:/Users/Public/Vivado/MiddleServo/MiddleServo.sdk/MiddleServo/Debug/MiddleServo.elf
configparams force-mem-access 0
----------------End of Script----------------

15:32:06 INFO  : Context for processor 'ps7_cortexa9_0' is selected.
15:32:06 INFO  : 'con' command is executed.
15:32:06 INFO  : ----------------XSDB Script (After Launch)----------------
targets -set -nocase -filter {name =~ "ARM*#0" && jtag_cable_name =~ "Digilent Zed 210248685495"} -index 0
con
----------------End of Script----------------

15:32:06 INFO  : Disconnected from the channel tcfchan#1.
15:33:48 INFO  : 'targets -set -filter {jtag_cable_name =~ "Digilent Zed 210248685495" && level==0} -index 1' command is executed.
15:33:48 INFO  : 'fpga -state' command is executed.
15:33:48 INFO  : Connected to target on host '127.0.0.1' and port '3121'.
15:33:48 INFO  : Jtag cable 'Digilent Zed 210248685495' is selected.
15:33:48 INFO  : 'jtag frequency' command is executed.
15:33:48 INFO  : Sourcing of 'C:/Users/Public/Vivado/MiddleServo/MiddleServo.sdk/MiddleServo_wrapper_hw_platform_0/ps7_init.tcl' is done.
15:33:48 INFO  : Context for 'APU' is selected.
15:33:51 INFO  : Hardware design information is loaded from 'C:/Users/Public/Vivado/MiddleServo/MiddleServo.sdk/MiddleServo_wrapper_hw_platform_0/system.hdf'.
15:33:51 INFO  : 'configparams force-mem-access 1' command is executed.
15:33:51 INFO  : Context for 'APU' is selected.
15:33:51 INFO  : 'stop' command is executed.
15:33:52 INFO  : 'ps7_init' command is executed.
15:33:52 INFO  : 'ps7_post_config' command is executed.
15:33:52 INFO  : Context for processor 'ps7_cortexa9_0' is selected.
15:33:52 INFO  : Processor reset is completed for 'ps7_cortexa9_0'.
15:33:52 INFO  : Context for processor 'ps7_cortexa9_0' is selected.
15:33:52 INFO  : The application 'C:/Users/Public/Vivado/MiddleServo/MiddleServo.sdk/MiddleServo/Debug/MiddleServo.elf' is downloaded to processor 'ps7_cortexa9_0'.
15:33:52 INFO  : 'configparams force-mem-access 0' command is executed.
15:33:52 INFO  : ----------------XSDB Script----------------
connect -url tcp:127.0.0.1:3121
source C:/Users/Public/Vivado/MiddleServo/MiddleServo.sdk/MiddleServo_wrapper_hw_platform_0/ps7_init.tcl
targets -set -nocase -filter {name =~"APU*" && jtag_cable_name =~ "Digilent Zed 210248685495"} -index 0
loadhw -hw C:/Users/Public/Vivado/MiddleServo/MiddleServo.sdk/MiddleServo_wrapper_hw_platform_0/system.hdf -mem-ranges [list {0x40000000 0xbfffffff}]
configparams force-mem-access 1
targets -set -nocase -filter {name =~"APU*" && jtag_cable_name =~ "Digilent Zed 210248685495"} -index 0
stop
ps7_init
ps7_post_config
targets -set -nocase -filter {name =~ "ARM*#0" && jtag_cable_name =~ "Digilent Zed 210248685495"} -index 0
rst -processor
targets -set -nocase -filter {name =~ "ARM*#0" && jtag_cable_name =~ "Digilent Zed 210248685495"} -index 0
dow C:/Users/Public/Vivado/MiddleServo/MiddleServo.sdk/MiddleServo/Debug/MiddleServo.elf
configparams force-mem-access 0
----------------End of Script----------------

15:33:52 INFO  : Context for processor 'ps7_cortexa9_0' is selected.
15:33:52 INFO  : 'con' command is executed.
15:33:52 INFO  : ----------------XSDB Script (After Launch)----------------
targets -set -nocase -filter {name =~ "ARM*#0" && jtag_cable_name =~ "Digilent Zed 210248685495"} -index 0
con
----------------End of Script----------------

15:33:52 INFO  : Disconnected from the channel tcfchan#2.
15:34:52 INFO  : 'targets -set -filter {jtag_cable_name =~ "Digilent Zed 210248685495" && level==0} -index 1' command is executed.
15:34:52 INFO  : 'fpga -state' command is executed.
15:34:52 INFO  : Connected to target on host '127.0.0.1' and port '3121'.
15:34:53 INFO  : Jtag cable 'Digilent Zed 210248685495' is selected.
15:34:53 INFO  : 'jtag frequency' command is executed.
15:34:53 INFO  : Sourcing of 'C:/Users/Public/Vivado/MiddleServo/MiddleServo.sdk/MiddleServo_wrapper_hw_platform_0/ps7_init.tcl' is done.
15:34:53 INFO  : Context for 'APU' is selected.
15:34:56 INFO  : Hardware design information is loaded from 'C:/Users/Public/Vivado/MiddleServo/MiddleServo.sdk/MiddleServo_wrapper_hw_platform_0/system.hdf'.
15:34:56 INFO  : 'configparams force-mem-access 1' command is executed.
15:34:56 INFO  : Context for 'APU' is selected.
15:34:56 INFO  : 'stop' command is executed.
15:34:56 INFO  : 'ps7_init' command is executed.
15:34:56 INFO  : 'ps7_post_config' command is executed.
15:34:56 INFO  : Context for processor 'ps7_cortexa9_0' is selected.
15:34:56 INFO  : Processor reset is completed for 'ps7_cortexa9_0'.
15:34:56 INFO  : Context for processor 'ps7_cortexa9_0' is selected.
15:34:57 INFO  : The application 'C:/Users/Public/Vivado/MiddleServo/MiddleServo.sdk/MiddleServo/Debug/MiddleServo.elf' is downloaded to processor 'ps7_cortexa9_0'.
15:34:57 INFO  : 'configparams force-mem-access 0' command is executed.
15:34:57 INFO  : ----------------XSDB Script----------------
connect -url tcp:127.0.0.1:3121
source C:/Users/Public/Vivado/MiddleServo/MiddleServo.sdk/MiddleServo_wrapper_hw_platform_0/ps7_init.tcl
targets -set -nocase -filter {name =~"APU*" && jtag_cable_name =~ "Digilent Zed 210248685495"} -index 0
loadhw -hw C:/Users/Public/Vivado/MiddleServo/MiddleServo.sdk/MiddleServo_wrapper_hw_platform_0/system.hdf -mem-ranges [list {0x40000000 0xbfffffff}]
configparams force-mem-access 1
targets -set -nocase -filter {name =~"APU*" && jtag_cable_name =~ "Digilent Zed 210248685495"} -index 0
stop
ps7_init
ps7_post_config
targets -set -nocase -filter {name =~ "ARM*#0" && jtag_cable_name =~ "Digilent Zed 210248685495"} -index 0
rst -processor
targets -set -nocase -filter {name =~ "ARM*#0" && jtag_cable_name =~ "Digilent Zed 210248685495"} -index 0
dow C:/Users/Public/Vivado/MiddleServo/MiddleServo.sdk/MiddleServo/Debug/MiddleServo.elf
configparams force-mem-access 0
----------------End of Script----------------

15:34:57 INFO  : Context for processor 'ps7_cortexa9_0' is selected.
15:34:57 INFO  : 'con' command is executed.
15:34:57 INFO  : ----------------XSDB Script (After Launch)----------------
targets -set -nocase -filter {name =~ "ARM*#0" && jtag_cable_name =~ "Digilent Zed 210248685495"} -index 0
con
----------------End of Script----------------

15:34:57 INFO  : Disconnected from the channel tcfchan#3.
15:35:35 INFO  : 'targets -set -filter {jtag_cable_name =~ "Digilent Zed 210248685495" && level==0} -index 1' command is executed.
15:35:35 INFO  : 'fpga -state' command is executed.
15:35:35 INFO  : Connected to target on host '127.0.0.1' and port '3121'.
15:35:35 INFO  : Jtag cable 'Digilent Zed 210248685495' is selected.
15:35:35 INFO  : 'jtag frequency' command is executed.
15:35:35 INFO  : Sourcing of 'C:/Users/Public/Vivado/MiddleServo/MiddleServo.sdk/MiddleServo_wrapper_hw_platform_0/ps7_init.tcl' is done.
15:35:35 INFO  : Context for 'APU' is selected.
15:35:38 INFO  : Hardware design information is loaded from 'C:/Users/Public/Vivado/MiddleServo/MiddleServo.sdk/MiddleServo_wrapper_hw_platform_0/system.hdf'.
15:35:38 INFO  : 'configparams force-mem-access 1' command is executed.
15:35:38 INFO  : Context for 'APU' is selected.
15:35:38 INFO  : 'stop' command is executed.
15:35:38 INFO  : 'ps7_init' command is executed.
15:35:38 INFO  : 'ps7_post_config' command is executed.
15:35:38 INFO  : Context for processor 'ps7_cortexa9_0' is selected.
15:35:38 INFO  : Processor reset is completed for 'ps7_cortexa9_0'.
15:35:38 INFO  : Context for processor 'ps7_cortexa9_0' is selected.
15:35:38 INFO  : The application 'C:/Users/Public/Vivado/MiddleServo/MiddleServo.sdk/MiddleServo/Debug/MiddleServo.elf' is downloaded to processor 'ps7_cortexa9_0'.
15:35:38 INFO  : 'configparams force-mem-access 0' command is executed.
15:35:38 INFO  : ----------------XSDB Script----------------
connect -url tcp:127.0.0.1:3121
source C:/Users/Public/Vivado/MiddleServo/MiddleServo.sdk/MiddleServo_wrapper_hw_platform_0/ps7_init.tcl
targets -set -nocase -filter {name =~"APU*" && jtag_cable_name =~ "Digilent Zed 210248685495"} -index 0
loadhw -hw C:/Users/Public/Vivado/MiddleServo/MiddleServo.sdk/MiddleServo_wrapper_hw_platform_0/system.hdf -mem-ranges [list {0x40000000 0xbfffffff}]
configparams force-mem-access 1
targets -set -nocase -filter {name =~"APU*" && jtag_cable_name =~ "Digilent Zed 210248685495"} -index 0
stop
ps7_init
ps7_post_config
targets -set -nocase -filter {name =~ "ARM*#0" && jtag_cable_name =~ "Digilent Zed 210248685495"} -index 0
rst -processor
targets -set -nocase -filter {name =~ "ARM*#0" && jtag_cable_name =~ "Digilent Zed 210248685495"} -index 0
dow C:/Users/Public/Vivado/MiddleServo/MiddleServo.sdk/MiddleServo/Debug/MiddleServo.elf
configparams force-mem-access 0
----------------End of Script----------------

15:35:38 INFO  : Context for processor 'ps7_cortexa9_0' is selected.
15:35:38 INFO  : 'con' command is executed.
15:35:38 INFO  : ----------------XSDB Script (After Launch)----------------
targets -set -nocase -filter {name =~ "ARM*#0" && jtag_cable_name =~ "Digilent Zed 210248685495"} -index 0
con
----------------End of Script----------------

15:35:38 INFO  : Disconnected from the channel tcfchan#4.
15:36:33 INFO  : 'targets -set -filter {jtag_cable_name =~ "Digilent Zed 210248685495" && level==0} -index 1' command is executed.
15:36:33 INFO  : 'fpga -state' command is executed.
15:36:33 INFO  : Connected to target on host '127.0.0.1' and port '3121'.
15:36:33 INFO  : Jtag cable 'Digilent Zed 210248685495' is selected.
15:36:33 INFO  : 'jtag frequency' command is executed.
15:36:33 INFO  : Sourcing of 'C:/Users/Public/Vivado/MiddleServo/MiddleServo.sdk/MiddleServo_wrapper_hw_platform_0/ps7_init.tcl' is done.
15:36:33 INFO  : Context for 'APU' is selected.
15:36:36 INFO  : Hardware design information is loaded from 'C:/Users/Public/Vivado/MiddleServo/MiddleServo.sdk/MiddleServo_wrapper_hw_platform_0/system.hdf'.
15:36:36 INFO  : 'configparams force-mem-access 1' command is executed.
15:36:36 INFO  : Context for 'APU' is selected.
15:36:36 INFO  : 'stop' command is executed.
15:36:37 INFO  : 'ps7_init' command is executed.
15:36:37 INFO  : 'ps7_post_config' command is executed.
15:36:37 INFO  : Context for processor 'ps7_cortexa9_0' is selected.
15:36:37 INFO  : Processor reset is completed for 'ps7_cortexa9_0'.
15:36:37 INFO  : Context for processor 'ps7_cortexa9_0' is selected.
15:36:37 INFO  : The application 'C:/Users/Public/Vivado/MiddleServo/MiddleServo.sdk/MiddleServo/Debug/MiddleServo.elf' is downloaded to processor 'ps7_cortexa9_0'.
15:36:37 INFO  : 'configparams force-mem-access 0' command is executed.
15:36:37 INFO  : ----------------XSDB Script----------------
connect -url tcp:127.0.0.1:3121
source C:/Users/Public/Vivado/MiddleServo/MiddleServo.sdk/MiddleServo_wrapper_hw_platform_0/ps7_init.tcl
targets -set -nocase -filter {name =~"APU*" && jtag_cable_name =~ "Digilent Zed 210248685495"} -index 0
loadhw -hw C:/Users/Public/Vivado/MiddleServo/MiddleServo.sdk/MiddleServo_wrapper_hw_platform_0/system.hdf -mem-ranges [list {0x40000000 0xbfffffff}]
configparams force-mem-access 1
targets -set -nocase -filter {name =~"APU*" && jtag_cable_name =~ "Digilent Zed 210248685495"} -index 0
stop
ps7_init
ps7_post_config
targets -set -nocase -filter {name =~ "ARM*#0" && jtag_cable_name =~ "Digilent Zed 210248685495"} -index 0
rst -processor
targets -set -nocase -filter {name =~ "ARM*#0" && jtag_cable_name =~ "Digilent Zed 210248685495"} -index 0
dow C:/Users/Public/Vivado/MiddleServo/MiddleServo.sdk/MiddleServo/Debug/MiddleServo.elf
configparams force-mem-access 0
----------------End of Script----------------

15:36:37 INFO  : Context for processor 'ps7_cortexa9_0' is selected.
15:36:37 INFO  : 'con' command is executed.
15:36:37 INFO  : ----------------XSDB Script (After Launch)----------------
targets -set -nocase -filter {name =~ "ARM*#0" && jtag_cable_name =~ "Digilent Zed 210248685495"} -index 0
con
----------------End of Script----------------

15:36:37 INFO  : Disconnected from the channel tcfchan#5.
15:39:28 INFO  : 'targets -set -filter {jtag_cable_name =~ "Digilent Zed 210248685495" && level==0} -index 1' command is executed.
15:39:28 INFO  : 'fpga -state' command is executed.
15:39:28 INFO  : Connected to target on host '127.0.0.1' and port '3121'.
15:39:29 INFO  : Jtag cable 'Digilent Zed 210248685495' is selected.
15:39:29 INFO  : 'jtag frequency' command is executed.
15:39:29 INFO  : Sourcing of 'C:/Users/Public/Vivado/MiddleServo/MiddleServo.sdk/MiddleServo_wrapper_hw_platform_0/ps7_init.tcl' is done.
15:39:29 INFO  : Context for 'APU' is selected.
15:39:32 INFO  : Hardware design information is loaded from 'C:/Users/Public/Vivado/MiddleServo/MiddleServo.sdk/MiddleServo_wrapper_hw_platform_0/system.hdf'.
15:39:32 INFO  : 'configparams force-mem-access 1' command is executed.
15:39:32 INFO  : Context for 'APU' is selected.
15:39:32 INFO  : 'stop' command is executed.
15:39:32 INFO  : 'ps7_init' command is executed.
15:39:32 INFO  : 'ps7_post_config' command is executed.
15:39:32 INFO  : Context for processor 'ps7_cortexa9_0' is selected.
15:39:32 INFO  : Processor reset is completed for 'ps7_cortexa9_0'.
15:39:32 INFO  : Context for processor 'ps7_cortexa9_0' is selected.
15:39:32 INFO  : The application 'C:/Users/Public/Vivado/MiddleServo/MiddleServo.sdk/MiddleServo/Debug/MiddleServo.elf' is downloaded to processor 'ps7_cortexa9_0'.
15:39:32 INFO  : 'configparams force-mem-access 0' command is executed.
15:39:32 INFO  : ----------------XSDB Script----------------
connect -url tcp:127.0.0.1:3121
source C:/Users/Public/Vivado/MiddleServo/MiddleServo.sdk/MiddleServo_wrapper_hw_platform_0/ps7_init.tcl
targets -set -nocase -filter {name =~"APU*" && jtag_cable_name =~ "Digilent Zed 210248685495"} -index 0
loadhw -hw C:/Users/Public/Vivado/MiddleServo/MiddleServo.sdk/MiddleServo_wrapper_hw_platform_0/system.hdf -mem-ranges [list {0x40000000 0xbfffffff}]
configparams force-mem-access 1
targets -set -nocase -filter {name =~"APU*" && jtag_cable_name =~ "Digilent Zed 210248685495"} -index 0
stop
ps7_init
ps7_post_config
targets -set -nocase -filter {name =~ "ARM*#0" && jtag_cable_name =~ "Digilent Zed 210248685495"} -index 0
rst -processor
targets -set -nocase -filter {name =~ "ARM*#0" && jtag_cable_name =~ "Digilent Zed 210248685495"} -index 0
dow C:/Users/Public/Vivado/MiddleServo/MiddleServo.sdk/MiddleServo/Debug/MiddleServo.elf
configparams force-mem-access 0
----------------End of Script----------------

15:39:32 INFO  : Context for processor 'ps7_cortexa9_0' is selected.
15:39:32 INFO  : 'con' command is executed.
15:39:32 INFO  : ----------------XSDB Script (After Launch)----------------
targets -set -nocase -filter {name =~ "ARM*#0" && jtag_cable_name =~ "Digilent Zed 210248685495"} -index 0
con
----------------End of Script----------------

15:39:32 INFO  : Disconnected from the channel tcfchan#6.
15:40:11 INFO  : 'targets -set -filter {jtag_cable_name =~ "Digilent Zed 210248685495" && level==0} -index 1' command is executed.
15:40:11 INFO  : 'fpga -state' command is executed.
15:40:11 INFO  : Connected to target on host '127.0.0.1' and port '3121'.
15:40:11 INFO  : Jtag cable 'Digilent Zed 210248685495' is selected.
15:40:11 INFO  : 'jtag frequency' command is executed.
15:40:11 INFO  : Sourcing of 'C:/Users/Public/Vivado/MiddleServo/MiddleServo.sdk/MiddleServo_wrapper_hw_platform_0/ps7_init.tcl' is done.
15:40:11 INFO  : Context for 'APU' is selected.
15:40:14 INFO  : Hardware design information is loaded from 'C:/Users/Public/Vivado/MiddleServo/MiddleServo.sdk/MiddleServo_wrapper_hw_platform_0/system.hdf'.
15:40:14 INFO  : 'configparams force-mem-access 1' command is executed.
15:40:14 INFO  : Context for 'APU' is selected.
15:40:14 INFO  : 'stop' command is executed.
15:40:14 INFO  : 'ps7_init' command is executed.
15:40:14 INFO  : 'ps7_post_config' command is executed.
15:40:14 INFO  : Context for processor 'ps7_cortexa9_0' is selected.
15:40:15 INFO  : Processor reset is completed for 'ps7_cortexa9_0'.
15:40:15 INFO  : Context for processor 'ps7_cortexa9_0' is selected.
15:40:15 INFO  : The application 'C:/Users/Public/Vivado/MiddleServo/MiddleServo.sdk/MiddleServo/Debug/MiddleServo.elf' is downloaded to processor 'ps7_cortexa9_0'.
15:40:15 INFO  : 'configparams force-mem-access 0' command is executed.
15:40:15 INFO  : ----------------XSDB Script----------------
connect -url tcp:127.0.0.1:3121
source C:/Users/Public/Vivado/MiddleServo/MiddleServo.sdk/MiddleServo_wrapper_hw_platform_0/ps7_init.tcl
targets -set -nocase -filter {name =~"APU*" && jtag_cable_name =~ "Digilent Zed 210248685495"} -index 0
loadhw -hw C:/Users/Public/Vivado/MiddleServo/MiddleServo.sdk/MiddleServo_wrapper_hw_platform_0/system.hdf -mem-ranges [list {0x40000000 0xbfffffff}]
configparams force-mem-access 1
targets -set -nocase -filter {name =~"APU*" && jtag_cable_name =~ "Digilent Zed 210248685495"} -index 0
stop
ps7_init
ps7_post_config
targets -set -nocase -filter {name =~ "ARM*#0" && jtag_cable_name =~ "Digilent Zed 210248685495"} -index 0
rst -processor
targets -set -nocase -filter {name =~ "ARM*#0" && jtag_cable_name =~ "Digilent Zed 210248685495"} -index 0
dow C:/Users/Public/Vivado/MiddleServo/MiddleServo.sdk/MiddleServo/Debug/MiddleServo.elf
configparams force-mem-access 0
----------------End of Script----------------

15:40:15 INFO  : Context for processor 'ps7_cortexa9_0' is selected.
15:40:15 INFO  : 'con' command is executed.
15:40:15 INFO  : ----------------XSDB Script (After Launch)----------------
targets -set -nocase -filter {name =~ "ARM*#0" && jtag_cable_name =~ "Digilent Zed 210248685495"} -index 0
con
----------------End of Script----------------

15:40:15 INFO  : Disconnected from the channel tcfchan#7.
15:41:08 INFO  : 'targets -set -filter {jtag_cable_name =~ "Digilent Zed 210248685495" && level==0} -index 1' command is executed.
15:41:08 INFO  : 'fpga -state' command is executed.
15:41:08 INFO  : Connected to target on host '127.0.0.1' and port '3121'.
15:41:08 INFO  : Jtag cable 'Digilent Zed 210248685495' is selected.
15:41:08 INFO  : 'jtag frequency' command is executed.
15:41:08 INFO  : Sourcing of 'C:/Users/Public/Vivado/MiddleServo/MiddleServo.sdk/MiddleServo_wrapper_hw_platform_0/ps7_init.tcl' is done.
15:41:08 INFO  : Context for 'APU' is selected.
15:41:11 INFO  : Hardware design information is loaded from 'C:/Users/Public/Vivado/MiddleServo/MiddleServo.sdk/MiddleServo_wrapper_hw_platform_0/system.hdf'.
15:41:11 INFO  : 'configparams force-mem-access 1' command is executed.
15:41:11 INFO  : Context for 'APU' is selected.
15:41:11 INFO  : 'stop' command is executed.
15:41:11 INFO  : 'ps7_init' command is executed.
15:41:11 INFO  : 'ps7_post_config' command is executed.
15:41:11 INFO  : Context for processor 'ps7_cortexa9_0' is selected.
15:41:11 INFO  : Processor reset is completed for 'ps7_cortexa9_0'.
15:41:11 INFO  : Context for processor 'ps7_cortexa9_0' is selected.
15:41:11 INFO  : The application 'C:/Users/Public/Vivado/MiddleServo/MiddleServo.sdk/MiddleServo/Debug/MiddleServo.elf' is downloaded to processor 'ps7_cortexa9_0'.
15:41:11 INFO  : 'configparams force-mem-access 0' command is executed.
15:41:11 INFO  : ----------------XSDB Script----------------
connect -url tcp:127.0.0.1:3121
source C:/Users/Public/Vivado/MiddleServo/MiddleServo.sdk/MiddleServo_wrapper_hw_platform_0/ps7_init.tcl
targets -set -nocase -filter {name =~"APU*" && jtag_cable_name =~ "Digilent Zed 210248685495"} -index 0
loadhw -hw C:/Users/Public/Vivado/MiddleServo/MiddleServo.sdk/MiddleServo_wrapper_hw_platform_0/system.hdf -mem-ranges [list {0x40000000 0xbfffffff}]
configparams force-mem-access 1
targets -set -nocase -filter {name =~"APU*" && jtag_cable_name =~ "Digilent Zed 210248685495"} -index 0
stop
ps7_init
ps7_post_config
targets -set -nocase -filter {name =~ "ARM*#0" && jtag_cable_name =~ "Digilent Zed 210248685495"} -index 0
rst -processor
targets -set -nocase -filter {name =~ "ARM*#0" && jtag_cable_name =~ "Digilent Zed 210248685495"} -index 0
dow C:/Users/Public/Vivado/MiddleServo/MiddleServo.sdk/MiddleServo/Debug/MiddleServo.elf
configparams force-mem-access 0
----------------End of Script----------------

15:41:11 INFO  : Context for processor 'ps7_cortexa9_0' is selected.
15:41:11 INFO  : 'con' command is executed.
15:41:11 INFO  : ----------------XSDB Script (After Launch)----------------
targets -set -nocase -filter {name =~ "ARM*#0" && jtag_cable_name =~ "Digilent Zed 210248685495"} -index 0
con
----------------End of Script----------------

15:41:11 INFO  : Disconnected from the channel tcfchan#8.
15:41:38 INFO  : 'targets -set -filter {jtag_cable_name =~ "Digilent Zed 210248685495" && level==0} -index 1' command is executed.
15:41:38 INFO  : 'fpga -state' command is executed.
15:41:38 INFO  : Connected to target on host '127.0.0.1' and port '3121'.
15:41:38 INFO  : Jtag cable 'Digilent Zed 210248685495' is selected.
15:41:38 INFO  : 'jtag frequency' command is executed.
15:41:38 INFO  : Sourcing of 'C:/Users/Public/Vivado/MiddleServo/MiddleServo.sdk/MiddleServo_wrapper_hw_platform_0/ps7_init.tcl' is done.
15:41:38 INFO  : Context for 'APU' is selected.
15:41:41 INFO  : Hardware design information is loaded from 'C:/Users/Public/Vivado/MiddleServo/MiddleServo.sdk/MiddleServo_wrapper_hw_platform_0/system.hdf'.
15:41:41 INFO  : 'configparams force-mem-access 1' command is executed.
15:41:41 INFO  : Context for 'APU' is selected.
15:41:41 INFO  : 'stop' command is executed.
15:41:41 INFO  : 'ps7_init' command is executed.
15:41:41 INFO  : 'ps7_post_config' command is executed.
15:41:41 INFO  : Context for processor 'ps7_cortexa9_0' is selected.
15:41:41 INFO  : Processor reset is completed for 'ps7_cortexa9_0'.
15:41:41 INFO  : Context for processor 'ps7_cortexa9_0' is selected.
15:41:42 INFO  : The application 'C:/Users/Public/Vivado/MiddleServo/MiddleServo.sdk/MiddleServo/Debug/MiddleServo.elf' is downloaded to processor 'ps7_cortexa9_0'.
15:41:42 INFO  : 'configparams force-mem-access 0' command is executed.
15:41:42 INFO  : ----------------XSDB Script----------------
connect -url tcp:127.0.0.1:3121
source C:/Users/Public/Vivado/MiddleServo/MiddleServo.sdk/MiddleServo_wrapper_hw_platform_0/ps7_init.tcl
targets -set -nocase -filter {name =~"APU*" && jtag_cable_name =~ "Digilent Zed 210248685495"} -index 0
loadhw -hw C:/Users/Public/Vivado/MiddleServo/MiddleServo.sdk/MiddleServo_wrapper_hw_platform_0/system.hdf -mem-ranges [list {0x40000000 0xbfffffff}]
configparams force-mem-access 1
targets -set -nocase -filter {name =~"APU*" && jtag_cable_name =~ "Digilent Zed 210248685495"} -index 0
stop
ps7_init
ps7_post_config
targets -set -nocase -filter {name =~ "ARM*#0" && jtag_cable_name =~ "Digilent Zed 210248685495"} -index 0
rst -processor
targets -set -nocase -filter {name =~ "ARM*#0" && jtag_cable_name =~ "Digilent Zed 210248685495"} -index 0
dow C:/Users/Public/Vivado/MiddleServo/MiddleServo.sdk/MiddleServo/Debug/MiddleServo.elf
configparams force-mem-access 0
----------------End of Script----------------

15:41:42 INFO  : Context for processor 'ps7_cortexa9_0' is selected.
15:41:42 INFO  : 'con' command is executed.
15:41:42 INFO  : ----------------XSDB Script (After Launch)----------------
targets -set -nocase -filter {name =~ "ARM*#0" && jtag_cable_name =~ "Digilent Zed 210248685495"} -index 0
con
----------------End of Script----------------

15:41:42 INFO  : Disconnected from the channel tcfchan#9.
15:42:04 INFO  : 'targets -set -filter {jtag_cable_name =~ "Digilent Zed 210248685495" && level==0} -index 1' command is executed.
15:42:04 INFO  : 'fpga -state' command is executed.
15:42:04 INFO  : Connected to target on host '127.0.0.1' and port '3121'.
15:42:04 INFO  : Jtag cable 'Digilent Zed 210248685495' is selected.
15:42:04 INFO  : 'jtag frequency' command is executed.
15:42:04 INFO  : Sourcing of 'C:/Users/Public/Vivado/MiddleServo/MiddleServo.sdk/MiddleServo_wrapper_hw_platform_0/ps7_init.tcl' is done.
15:42:04 INFO  : Context for 'APU' is selected.
15:42:07 INFO  : Hardware design information is loaded from 'C:/Users/Public/Vivado/MiddleServo/MiddleServo.sdk/MiddleServo_wrapper_hw_platform_0/system.hdf'.
15:42:07 INFO  : 'configparams force-mem-access 1' command is executed.
15:42:07 INFO  : Context for 'APU' is selected.
15:42:07 INFO  : 'stop' command is executed.
15:42:08 INFO  : 'ps7_init' command is executed.
15:42:08 INFO  : 'ps7_post_config' command is executed.
15:42:08 INFO  : Context for processor 'ps7_cortexa9_0' is selected.
15:42:08 INFO  : Processor reset is completed for 'ps7_cortexa9_0'.
15:42:08 INFO  : Context for processor 'ps7_cortexa9_0' is selected.
15:42:08 INFO  : The application 'C:/Users/Public/Vivado/MiddleServo/MiddleServo.sdk/MiddleServo/Debug/MiddleServo.elf' is downloaded to processor 'ps7_cortexa9_0'.
15:42:08 INFO  : 'configparams force-mem-access 0' command is executed.
15:42:08 INFO  : ----------------XSDB Script----------------
connect -url tcp:127.0.0.1:3121
source C:/Users/Public/Vivado/MiddleServo/MiddleServo.sdk/MiddleServo_wrapper_hw_platform_0/ps7_init.tcl
targets -set -nocase -filter {name =~"APU*" && jtag_cable_name =~ "Digilent Zed 210248685495"} -index 0
loadhw -hw C:/Users/Public/Vivado/MiddleServo/MiddleServo.sdk/MiddleServo_wrapper_hw_platform_0/system.hdf -mem-ranges [list {0x40000000 0xbfffffff}]
configparams force-mem-access 1
targets -set -nocase -filter {name =~"APU*" && jtag_cable_name =~ "Digilent Zed 210248685495"} -index 0
stop
ps7_init
ps7_post_config
targets -set -nocase -filter {name =~ "ARM*#0" && jtag_cable_name =~ "Digilent Zed 210248685495"} -index 0
rst -processor
targets -set -nocase -filter {name =~ "ARM*#0" && jtag_cable_name =~ "Digilent Zed 210248685495"} -index 0
dow C:/Users/Public/Vivado/MiddleServo/MiddleServo.sdk/MiddleServo/Debug/MiddleServo.elf
configparams force-mem-access 0
----------------End of Script----------------

15:42:08 INFO  : Context for processor 'ps7_cortexa9_0' is selected.
15:42:08 INFO  : 'con' command is executed.
15:42:08 INFO  : ----------------XSDB Script (After Launch)----------------
targets -set -nocase -filter {name =~ "ARM*#0" && jtag_cable_name =~ "Digilent Zed 210248685495"} -index 0
con
----------------End of Script----------------

15:42:08 INFO  : Disconnected from the channel tcfchan#10.
20:08:48 INFO  : Registering command handlers for SDK TCF services
20:08:49 INFO  : Launching XSCT server: xsct.bat -interactive C:\Users\Public\Vivado\MiddleServo\MiddleServo.sdk\temp_xsdb_launch_script.tcl
20:08:52 INFO  : XSCT server has started successfully.
20:08:53 INFO  : Successfully done setting XSCT server connection channel  
20:08:53 INFO  : Processing command line option -hwspec C:/Users/Public/Vivado/MiddleServo/MiddleServo.sdk/MiddleServo_wrapper.hdf.
20:08:53 INFO  : Successfully done setting SDK workspace  
20:08:53 INFO  : Checking for hwspec changes in the project MiddleServo_wrapper_hw_platform_0.
20:10:03 INFO  : Connected to target on host '127.0.0.1' and port '3121'.
20:10:03 INFO  : 'targets -set -filter {jtag_cable_name =~ "Digilent Zed 210248685495" && level==0} -index 1' command is executed.
20:10:06 INFO  : FPGA configured successfully with bitstream "C:/Users/Public/Vivado/MiddleServo/MiddleServo.sdk/MiddleServo_wrapper_hw_platform_0/MiddleServo_wrapper.bit"
20:12:09 INFO  : 'targets -set -filter {jtag_cable_name =~ "Digilent Zed 210248685495" && level==0} -index 1' command is executed.
20:12:09 INFO  : 'fpga -state' command is executed.
20:12:09 INFO  : Connected to target on host '127.0.0.1' and port '3121'.
20:12:10 INFO  : Jtag cable 'Digilent Zed 210248685495' is selected.
20:12:10 INFO  : 'jtag frequency' command is executed.
20:12:10 INFO  : Sourcing of 'C:/Users/Public/Vivado/MiddleServo/MiddleServo.sdk/MiddleServo_wrapper_hw_platform_0/ps7_init.tcl' is done.
20:12:10 INFO  : Context for 'APU' is selected.
20:12:10 INFO  : Hardware design information is loaded from 'C:/Users/Public/Vivado/MiddleServo/MiddleServo.sdk/MiddleServo_wrapper_hw_platform_0/system.hdf'.
20:12:10 INFO  : 'configparams force-mem-access 1' command is executed.
20:12:10 INFO  : Context for 'APU' is selected.
20:12:10 INFO  : 'stop' command is executed.
20:12:11 INFO  : 'ps7_init' command is executed.
20:12:11 INFO  : 'ps7_post_config' command is executed.
20:12:11 INFO  : Context for processor 'ps7_cortexa9_0' is selected.
20:12:11 INFO  : Processor reset is completed for 'ps7_cortexa9_0'.
20:12:11 INFO  : Context for processor 'ps7_cortexa9_0' is selected.
20:12:11 INFO  : The application 'C:/Users/Public/Vivado/MiddleServo/MiddleServo.sdk/MiddleServo/Debug/MiddleServo.elf' is downloaded to processor 'ps7_cortexa9_0'.
20:12:11 INFO  : 'configparams force-mem-access 0' command is executed.
20:12:11 INFO  : ----------------XSDB Script----------------
connect -url tcp:127.0.0.1:3121
source C:/Users/Public/Vivado/MiddleServo/MiddleServo.sdk/MiddleServo_wrapper_hw_platform_0/ps7_init.tcl
targets -set -nocase -filter {name =~"APU*" && jtag_cable_name =~ "Digilent Zed 210248685495"} -index 0
loadhw -hw C:/Users/Public/Vivado/MiddleServo/MiddleServo.sdk/MiddleServo_wrapper_hw_platform_0/system.hdf -mem-ranges [list {0x40000000 0xbfffffff}]
configparams force-mem-access 1
targets -set -nocase -filter {name =~"APU*" && jtag_cable_name =~ "Digilent Zed 210248685495"} -index 0
stop
ps7_init
ps7_post_config
targets -set -nocase -filter {name =~ "ARM*#0" && jtag_cable_name =~ "Digilent Zed 210248685495"} -index 0
rst -processor
targets -set -nocase -filter {name =~ "ARM*#0" && jtag_cable_name =~ "Digilent Zed 210248685495"} -index 0
dow C:/Users/Public/Vivado/MiddleServo/MiddleServo.sdk/MiddleServo/Debug/MiddleServo.elf
configparams force-mem-access 0
----------------End of Script----------------

20:12:11 INFO  : Context for processor 'ps7_cortexa9_0' is selected.
20:12:11 INFO  : 'con' command is executed.
20:12:11 INFO  : ----------------XSDB Script (After Launch)----------------
targets -set -nocase -filter {name =~ "ARM*#0" && jtag_cable_name =~ "Digilent Zed 210248685495"} -index 0
con
----------------End of Script----------------

20:12:11 INFO  : Disconnected from the channel tcfchan#1.
20:13:19 INFO  : 'targets -set -filter {jtag_cable_name =~ "Digilent Zed 210248685495" && level==0} -index 1' command is executed.
20:13:19 INFO  : 'fpga -state' command is executed.
20:13:19 INFO  : Connected to target on host '127.0.0.1' and port '3121'.
20:13:19 INFO  : Jtag cable 'Digilent Zed 210248685495' is selected.
20:13:19 INFO  : 'jtag frequency' command is executed.
20:13:19 INFO  : Sourcing of 'C:/Users/Public/Vivado/MiddleServo/MiddleServo.sdk/MiddleServo_wrapper_hw_platform_0/ps7_init.tcl' is done.
20:13:19 INFO  : Context for 'APU' is selected.
20:13:23 INFO  : Hardware design information is loaded from 'C:/Users/Public/Vivado/MiddleServo/MiddleServo.sdk/MiddleServo_wrapper_hw_platform_0/system.hdf'.
20:13:23 INFO  : 'configparams force-mem-access 1' command is executed.
20:13:23 INFO  : Context for 'APU' is selected.
20:13:23 INFO  : 'stop' command is executed.
20:13:24 INFO  : 'ps7_init' command is executed.
20:13:24 INFO  : 'ps7_post_config' command is executed.
20:13:24 INFO  : Context for processor 'ps7_cortexa9_0' is selected.
20:13:24 INFO  : Processor reset is completed for 'ps7_cortexa9_0'.
20:13:24 INFO  : Context for processor 'ps7_cortexa9_0' is selected.
20:13:24 INFO  : The application 'C:/Users/Public/Vivado/MiddleServo/MiddleServo.sdk/MiddleServo/Debug/MiddleServo.elf' is downloaded to processor 'ps7_cortexa9_0'.
20:13:24 INFO  : 'configparams force-mem-access 0' command is executed.
20:13:24 INFO  : ----------------XSDB Script----------------
connect -url tcp:127.0.0.1:3121
source C:/Users/Public/Vivado/MiddleServo/MiddleServo.sdk/MiddleServo_wrapper_hw_platform_0/ps7_init.tcl
targets -set -nocase -filter {name =~"APU*" && jtag_cable_name =~ "Digilent Zed 210248685495"} -index 0
loadhw -hw C:/Users/Public/Vivado/MiddleServo/MiddleServo.sdk/MiddleServo_wrapper_hw_platform_0/system.hdf -mem-ranges [list {0x40000000 0xbfffffff}]
configparams force-mem-access 1
targets -set -nocase -filter {name =~"APU*" && jtag_cable_name =~ "Digilent Zed 210248685495"} -index 0
stop
ps7_init
ps7_post_config
targets -set -nocase -filter {name =~ "ARM*#0" && jtag_cable_name =~ "Digilent Zed 210248685495"} -index 0
rst -processor
targets -set -nocase -filter {name =~ "ARM*#0" && jtag_cable_name =~ "Digilent Zed 210248685495"} -index 0
dow C:/Users/Public/Vivado/MiddleServo/MiddleServo.sdk/MiddleServo/Debug/MiddleServo.elf
configparams force-mem-access 0
----------------End of Script----------------

20:13:24 INFO  : Context for processor 'ps7_cortexa9_0' is selected.
20:13:24 INFO  : 'con' command is executed.
20:13:24 INFO  : ----------------XSDB Script (After Launch)----------------
targets -set -nocase -filter {name =~ "ARM*#0" && jtag_cable_name =~ "Digilent Zed 210248685495"} -index 0
con
----------------End of Script----------------

20:13:24 INFO  : Disconnected from the channel tcfchan#2.
18:54:06 INFO  : Registering command handlers for SDK TCF services
18:54:06 INFO  : Launching XSCT server: xsct.bat -interactive C:\Users\Public\Vivado\MiddleServo\MiddleServo.sdk\temp_xsdb_launch_script.tcl
18:54:08 INFO  : XSCT server has started successfully.
18:54:08 INFO  : Successfully done setting XSCT server connection channel  
18:54:09 INFO  : Successfully done setting SDK workspace  
18:54:09 INFO  : Processing command line option -hwspec C:/Users/Public/Vivado/MiddleServo/MiddleServo.sdk/MiddleServo_wrapper.hdf.
18:54:09 INFO  : Checking for hwspec changes in the project MiddleServo_wrapper_hw_platform_0.
18:54:38 INFO  : Connected to target on host '127.0.0.1' and port '3121'.
18:55:21 INFO  : Connected to target on host '127.0.0.1' and port '3121'.
18:55:21 INFO  : 'targets -set -filter {jtag_cable_name =~ "Digilent Zed 210248A2723F" && level==0} -index 1' command is executed.
18:55:24 INFO  : FPGA configured successfully with bitstream "C:/Users/Public/Vivado/MiddleServo/MiddleServo.sdk/MiddleServo_wrapper_hw_platform_0/MiddleServo_wrapper.bit"
18:55:50 INFO  : Connected to target on host '127.0.0.1' and port '3121'.
18:55:50 INFO  : 'targets -set -filter {jtag_cable_name =~ "Digilent Zed 210248A2723F" && level==0} -index 1' command is executed.
18:55:53 INFO  : FPGA configured successfully with bitstream "C:/Users/Public/Vivado/MiddleServo/MiddleServo.sdk/MiddleServo_wrapper_hw_platform_0/MiddleServo_wrapper.bit"
18:56:03 INFO  : 'targets -set -filter {jtag_cable_name =~ "Digilent Zed 210248A2723F" && level==0} -index 1' command is executed.
18:56:03 INFO  : 'fpga -state' command is executed.
18:56:03 INFO  : Connected to target on host '127.0.0.1' and port '3121'.
18:56:04 INFO  : Jtag cable 'Digilent Zed 210248A2723F' is selected.
18:56:04 INFO  : 'jtag frequency' command is executed.
18:56:04 INFO  : Sourcing of 'C:/Users/Public/Vivado/MiddleServo/MiddleServo.sdk/MiddleServo_wrapper_hw_platform_0/ps7_init.tcl' is done.
18:56:04 INFO  : Context for 'APU' is selected.
18:56:04 INFO  : Hardware design information is loaded from 'C:/Users/Public/Vivado/MiddleServo/MiddleServo.sdk/MiddleServo_wrapper_hw_platform_0/system.hdf'.
18:56:04 INFO  : 'configparams force-mem-access 1' command is executed.
18:56:04 INFO  : Context for 'APU' is selected.
18:56:04 INFO  : 'stop' command is executed.
18:56:04 INFO  : 'ps7_init' command is executed.
18:56:04 INFO  : 'ps7_post_config' command is executed.
18:56:04 INFO  : Context for processor 'ps7_cortexa9_0' is selected.
18:56:04 INFO  : Processor reset is completed for 'ps7_cortexa9_0'.
18:56:04 INFO  : Context for processor 'ps7_cortexa9_0' is selected.
18:56:04 INFO  : The application 'C:/Users/Public/Vivado/MiddleServo/MiddleServo.sdk/MiddleServo/Debug/MiddleServo.elf' is downloaded to processor 'ps7_cortexa9_0'.
18:56:04 INFO  : 'configparams force-mem-access 0' command is executed.
18:56:04 INFO  : ----------------XSDB Script----------------
connect -url tcp:127.0.0.1:3121
source C:/Users/Public/Vivado/MiddleServo/MiddleServo.sdk/MiddleServo_wrapper_hw_platform_0/ps7_init.tcl
targets -set -nocase -filter {name =~"APU*" && jtag_cable_name =~ "Digilent Zed 210248A2723F"} -index 0
loadhw -hw C:/Users/Public/Vivado/MiddleServo/MiddleServo.sdk/MiddleServo_wrapper_hw_platform_0/system.hdf -mem-ranges [list {0x40000000 0xbfffffff}]
configparams force-mem-access 1
targets -set -nocase -filter {name =~"APU*" && jtag_cable_name =~ "Digilent Zed 210248A2723F"} -index 0
stop
ps7_init
ps7_post_config
targets -set -nocase -filter {name =~ "ARM*#0" && jtag_cable_name =~ "Digilent Zed 210248A2723F"} -index 0
rst -processor
targets -set -nocase -filter {name =~ "ARM*#0" && jtag_cable_name =~ "Digilent Zed 210248A2723F"} -index 0
dow C:/Users/Public/Vivado/MiddleServo/MiddleServo.sdk/MiddleServo/Debug/MiddleServo.elf
configparams force-mem-access 0
----------------End of Script----------------

18:56:04 INFO  : Context for processor 'ps7_cortexa9_0' is selected.
18:56:04 INFO  : 'con' command is executed.
18:56:04 INFO  : ----------------XSDB Script (After Launch)----------------
targets -set -nocase -filter {name =~ "ARM*#0" && jtag_cable_name =~ "Digilent Zed 210248A2723F"} -index 0
con
----------------End of Script----------------

18:56:04 INFO  : Disconnected from the channel tcfchan#1.
19:06:41 INFO  : Connected to target on host '127.0.0.1' and port '3121'.
19:06:41 INFO  : 'targets -set -filter {jtag_cable_name =~ "Digilent Zed 210248A2723F" && level==0} -index 1' command is executed.
19:06:43 INFO  : FPGA configured successfully with bitstream "C:/Users/Public/Vivado/MiddleServo/MiddleServo.sdk/MiddleServo_wrapper_hw_platform_0/MiddleServo_wrapper.bit"
19:06:53 INFO  : 'targets -set -filter {jtag_cable_name =~ "Digilent Zed 210248A2723F" && level==0} -index 1' command is executed.
19:06:53 INFO  : 'fpga -state' command is executed.
19:06:53 INFO  : Connected to target on host '127.0.0.1' and port '3121'.
19:06:53 INFO  : Jtag cable 'Digilent Zed 210248A2723F' is selected.
19:06:53 INFO  : 'jtag frequency' command is executed.
19:06:53 INFO  : Sourcing of 'C:/Users/Public/Vivado/MiddleServo/MiddleServo.sdk/MiddleServo_wrapper_hw_platform_0/ps7_init.tcl' is done.
19:06:53 INFO  : Context for 'APU' is selected.
19:06:53 INFO  : Hardware design information is loaded from 'C:/Users/Public/Vivado/MiddleServo/MiddleServo.sdk/MiddleServo_wrapper_hw_platform_0/system.hdf'.
19:06:53 INFO  : 'configparams force-mem-access 1' command is executed.
19:06:53 INFO  : Context for 'APU' is selected.
19:06:53 INFO  : 'stop' command is executed.
19:06:54 INFO  : 'ps7_init' command is executed.
19:06:54 INFO  : 'ps7_post_config' command is executed.
19:06:54 INFO  : Context for processor 'ps7_cortexa9_0' is selected.
19:06:54 INFO  : Processor reset is completed for 'ps7_cortexa9_0'.
19:06:54 INFO  : Context for processor 'ps7_cortexa9_0' is selected.
19:06:54 INFO  : The application 'C:/Users/Public/Vivado/MiddleServo/MiddleServo.sdk/MiddleServo/Debug/MiddleServo.elf' is downloaded to processor 'ps7_cortexa9_0'.
19:06:54 INFO  : 'configparams force-mem-access 0' command is executed.
19:06:54 INFO  : ----------------XSDB Script----------------
connect -url tcp:127.0.0.1:3121
source C:/Users/Public/Vivado/MiddleServo/MiddleServo.sdk/MiddleServo_wrapper_hw_platform_0/ps7_init.tcl
targets -set -nocase -filter {name =~"APU*" && jtag_cable_name =~ "Digilent Zed 210248A2723F"} -index 0
loadhw -hw C:/Users/Public/Vivado/MiddleServo/MiddleServo.sdk/MiddleServo_wrapper_hw_platform_0/system.hdf -mem-ranges [list {0x40000000 0xbfffffff}]
configparams force-mem-access 1
targets -set -nocase -filter {name =~"APU*" && jtag_cable_name =~ "Digilent Zed 210248A2723F"} -index 0
stop
ps7_init
ps7_post_config
targets -set -nocase -filter {name =~ "ARM*#0" && jtag_cable_name =~ "Digilent Zed 210248A2723F"} -index 0
rst -processor
targets -set -nocase -filter {name =~ "ARM*#0" && jtag_cable_name =~ "Digilent Zed 210248A2723F"} -index 0
dow C:/Users/Public/Vivado/MiddleServo/MiddleServo.sdk/MiddleServo/Debug/MiddleServo.elf
configparams force-mem-access 0
----------------End of Script----------------

19:06:54 INFO  : Context for processor 'ps7_cortexa9_0' is selected.
19:06:54 INFO  : 'con' command is executed.
19:06:54 INFO  : ----------------XSDB Script (After Launch)----------------
targets -set -nocase -filter {name =~ "ARM*#0" && jtag_cable_name =~ "Digilent Zed 210248A2723F"} -index 0
con
----------------End of Script----------------

19:06:54 INFO  : Disconnected from the channel tcfchan#2.
19:08:13 INFO  : Connected to target on host '127.0.0.1' and port '3121'.
19:08:13 INFO  : 'targets -set -filter {jtag_cable_name =~ "Digilent Zed 210248A2723F" && level==0} -index 1' command is executed.
19:08:16 INFO  : FPGA configured successfully with bitstream "C:/Users/Public/Vivado/MiddleServo/MiddleServo.sdk/MiddleServo_wrapper_hw_platform_0/MiddleServo_wrapper.bit"
19:08:25 INFO  : 'targets -set -filter {jtag_cable_name =~ "Digilent Zed 210248A2723F" && level==0} -index 1' command is executed.
19:08:25 INFO  : 'fpga -state' command is executed.
19:08:25 INFO  : Connected to target on host '127.0.0.1' and port '3121'.
19:08:25 INFO  : Jtag cable 'Digilent Zed 210248A2723F' is selected.
19:08:25 INFO  : 'jtag frequency' command is executed.
19:08:25 INFO  : Sourcing of 'C:/Users/Public/Vivado/MiddleServo/MiddleServo.sdk/MiddleServo_wrapper_hw_platform_0/ps7_init.tcl' is done.
19:08:25 INFO  : Context for 'APU' is selected.
19:08:26 INFO  : Hardware design information is loaded from 'C:/Users/Public/Vivado/MiddleServo/MiddleServo.sdk/MiddleServo_wrapper_hw_platform_0/system.hdf'.
19:08:26 INFO  : 'configparams force-mem-access 1' command is executed.
19:08:26 INFO  : Context for 'APU' is selected.
19:08:26 INFO  : 'stop' command is executed.
19:08:26 INFO  : 'ps7_init' command is executed.
19:08:26 INFO  : 'ps7_post_config' command is executed.
19:08:26 INFO  : Context for processor 'ps7_cortexa9_0' is selected.
19:08:26 INFO  : Processor reset is completed for 'ps7_cortexa9_0'.
19:08:26 INFO  : Context for processor 'ps7_cortexa9_0' is selected.
19:08:26 INFO  : The application 'C:/Users/Public/Vivado/MiddleServo/MiddleServo.sdk/MiddleServo/Debug/MiddleServo.elf' is downloaded to processor 'ps7_cortexa9_0'.
19:08:26 INFO  : 'configparams force-mem-access 0' command is executed.
19:08:26 INFO  : ----------------XSDB Script----------------
connect -url tcp:127.0.0.1:3121
source C:/Users/Public/Vivado/MiddleServo/MiddleServo.sdk/MiddleServo_wrapper_hw_platform_0/ps7_init.tcl
targets -set -nocase -filter {name =~"APU*" && jtag_cable_name =~ "Digilent Zed 210248A2723F"} -index 0
loadhw -hw C:/Users/Public/Vivado/MiddleServo/MiddleServo.sdk/MiddleServo_wrapper_hw_platform_0/system.hdf -mem-ranges [list {0x40000000 0xbfffffff}]
configparams force-mem-access 1
targets -set -nocase -filter {name =~"APU*" && jtag_cable_name =~ "Digilent Zed 210248A2723F"} -index 0
stop
ps7_init
ps7_post_config
targets -set -nocase -filter {name =~ "ARM*#0" && jtag_cable_name =~ "Digilent Zed 210248A2723F"} -index 0
rst -processor
targets -set -nocase -filter {name =~ "ARM*#0" && jtag_cable_name =~ "Digilent Zed 210248A2723F"} -index 0
dow C:/Users/Public/Vivado/MiddleServo/MiddleServo.sdk/MiddleServo/Debug/MiddleServo.elf
configparams force-mem-access 0
----------------End of Script----------------

19:08:26 INFO  : Context for processor 'ps7_cortexa9_0' is selected.
19:08:26 INFO  : 'con' command is executed.
19:08:26 INFO  : ----------------XSDB Script (After Launch)----------------
targets -set -nocase -filter {name =~ "ARM*#0" && jtag_cable_name =~ "Digilent Zed 210248A2723F"} -index 0
con
----------------End of Script----------------

19:08:26 INFO  : Disconnected from the channel tcfchan#3.
19:09:49 INFO  : Connected to target on host '127.0.0.1' and port '3121'.
19:09:49 INFO  : 'targets -set -filter {jtag_cable_name =~ "Digilent Zed 210248A2723F" && level==0} -index 1' command is executed.
19:09:52 INFO  : FPGA configured successfully with bitstream "C:/Users/Public/Vivado/MiddleServo/MiddleServo.sdk/MiddleServo_wrapper_hw_platform_0/MiddleServo_wrapper.bit"
19:10:04 INFO  : 'targets -set -filter {jtag_cable_name =~ "Digilent Zed 210248A2723F" && level==0} -index 1' command is executed.
19:10:04 INFO  : 'fpga -state' command is executed.
19:10:04 INFO  : Connected to target on host '127.0.0.1' and port '3121'.
19:10:04 INFO  : Jtag cable 'Digilent Zed 210248A2723F' is selected.
19:10:04 INFO  : 'jtag frequency' command is executed.
19:10:04 INFO  : Sourcing of 'C:/Users/Public/Vivado/MiddleServo/MiddleServo.sdk/MiddleServo_wrapper_hw_platform_0/ps7_init.tcl' is done.
19:10:04 INFO  : Context for 'APU' is selected.
19:10:04 INFO  : Hardware design information is loaded from 'C:/Users/Public/Vivado/MiddleServo/MiddleServo.sdk/MiddleServo_wrapper_hw_platform_0/system.hdf'.
19:10:04 INFO  : 'configparams force-mem-access 1' command is executed.
19:10:04 INFO  : Context for 'APU' is selected.
19:10:04 INFO  : 'stop' command is executed.
19:10:05 INFO  : 'ps7_init' command is executed.
19:10:05 INFO  : 'ps7_post_config' command is executed.
19:10:05 INFO  : Context for processor 'ps7_cortexa9_0' is selected.
19:10:05 INFO  : Processor reset is completed for 'ps7_cortexa9_0'.
19:10:05 INFO  : Context for processor 'ps7_cortexa9_0' is selected.
19:10:05 INFO  : The application 'C:/Users/Public/Vivado/MiddleServo/MiddleServo.sdk/MiddleServo/Debug/MiddleServo.elf' is downloaded to processor 'ps7_cortexa9_0'.
19:10:05 INFO  : 'configparams force-mem-access 0' command is executed.
19:10:05 INFO  : ----------------XSDB Script----------------
connect -url tcp:127.0.0.1:3121
source C:/Users/Public/Vivado/MiddleServo/MiddleServo.sdk/MiddleServo_wrapper_hw_platform_0/ps7_init.tcl
targets -set -nocase -filter {name =~"APU*" && jtag_cable_name =~ "Digilent Zed 210248A2723F"} -index 0
loadhw -hw C:/Users/Public/Vivado/MiddleServo/MiddleServo.sdk/MiddleServo_wrapper_hw_platform_0/system.hdf -mem-ranges [list {0x40000000 0xbfffffff}]
configparams force-mem-access 1
targets -set -nocase -filter {name =~"APU*" && jtag_cable_name =~ "Digilent Zed 210248A2723F"} -index 0
stop
ps7_init
ps7_post_config
targets -set -nocase -filter {name =~ "ARM*#0" && jtag_cable_name =~ "Digilent Zed 210248A2723F"} -index 0
rst -processor
targets -set -nocase -filter {name =~ "ARM*#0" && jtag_cable_name =~ "Digilent Zed 210248A2723F"} -index 0
dow C:/Users/Public/Vivado/MiddleServo/MiddleServo.sdk/MiddleServo/Debug/MiddleServo.elf
configparams force-mem-access 0
----------------End of Script----------------

19:10:05 INFO  : Context for processor 'ps7_cortexa9_0' is selected.
19:10:05 INFO  : 'con' command is executed.
19:10:05 INFO  : ----------------XSDB Script (After Launch)----------------
targets -set -nocase -filter {name =~ "ARM*#0" && jtag_cable_name =~ "Digilent Zed 210248A2723F"} -index 0
con
----------------End of Script----------------

19:10:05 INFO  : Disconnected from the channel tcfchan#4.
19:10:51 INFO  : 'targets -set -filter {jtag_cable_name =~ "Digilent Zed 210248A2723F" && level==0} -index 1' command is executed.
19:10:51 INFO  : 'fpga -state' command is executed.
19:11:17 INFO  : Connected to target on host '127.0.0.1' and port '3121'.
19:11:17 INFO  : 'targets -set -filter {jtag_cable_name =~ "Digilent Zed 210248A2723F" && level==0} -index 1' command is executed.
19:11:20 INFO  : FPGA configured successfully with bitstream "C:/Users/Public/Vivado/MiddleServo/MiddleServo.sdk/MiddleServo_wrapper_hw_platform_0/MiddleServo_wrapper.bit"
19:11:27 INFO  : 'targets -set -filter {jtag_cable_name =~ "Digilent Zed 210248A2723F" && level==0} -index 1' command is executed.
19:11:27 INFO  : 'fpga -state' command is executed.
19:11:27 INFO  : Connected to target on host '127.0.0.1' and port '3121'.
19:11:27 INFO  : Jtag cable 'Digilent Zed 210248A2723F' is selected.
19:11:27 INFO  : 'jtag frequency' command is executed.
19:11:27 INFO  : Sourcing of 'C:/Users/Public/Vivado/MiddleServo/MiddleServo.sdk/MiddleServo_wrapper_hw_platform_0/ps7_init.tcl' is done.
19:11:27 INFO  : Context for 'APU' is selected.
19:11:27 INFO  : Hardware design information is loaded from 'C:/Users/Public/Vivado/MiddleServo/MiddleServo.sdk/MiddleServo_wrapper_hw_platform_0/system.hdf'.
19:11:27 INFO  : 'configparams force-mem-access 1' command is executed.
19:11:27 INFO  : Context for 'APU' is selected.
19:11:27 INFO  : 'stop' command is executed.
19:11:27 INFO  : 'ps7_init' command is executed.
19:11:27 INFO  : 'ps7_post_config' command is executed.
19:11:27 INFO  : Context for processor 'ps7_cortexa9_0' is selected.
19:11:27 INFO  : Processor reset is completed for 'ps7_cortexa9_0'.
19:11:27 INFO  : Context for processor 'ps7_cortexa9_0' is selected.
19:11:27 INFO  : The application 'C:/Users/Public/Vivado/MiddleServo/MiddleServo.sdk/MiddleServo/Debug/MiddleServo.elf' is downloaded to processor 'ps7_cortexa9_0'.
19:11:27 INFO  : 'configparams force-mem-access 0' command is executed.
19:11:27 INFO  : ----------------XSDB Script----------------
connect -url tcp:127.0.0.1:3121
source C:/Users/Public/Vivado/MiddleServo/MiddleServo.sdk/MiddleServo_wrapper_hw_platform_0/ps7_init.tcl
targets -set -nocase -filter {name =~"APU*" && jtag_cable_name =~ "Digilent Zed 210248A2723F"} -index 0
loadhw -hw C:/Users/Public/Vivado/MiddleServo/MiddleServo.sdk/MiddleServo_wrapper_hw_platform_0/system.hdf -mem-ranges [list {0x40000000 0xbfffffff}]
configparams force-mem-access 1
targets -set -nocase -filter {name =~"APU*" && jtag_cable_name =~ "Digilent Zed 210248A2723F"} -index 0
stop
ps7_init
ps7_post_config
targets -set -nocase -filter {name =~ "ARM*#0" && jtag_cable_name =~ "Digilent Zed 210248A2723F"} -index 0
rst -processor
targets -set -nocase -filter {name =~ "ARM*#0" && jtag_cable_name =~ "Digilent Zed 210248A2723F"} -index 0
dow C:/Users/Public/Vivado/MiddleServo/MiddleServo.sdk/MiddleServo/Debug/MiddleServo.elf
configparams force-mem-access 0
----------------End of Script----------------

19:11:28 INFO  : Context for processor 'ps7_cortexa9_0' is selected.
19:11:28 INFO  : 'con' command is executed.
19:11:28 INFO  : ----------------XSDB Script (After Launch)----------------
targets -set -nocase -filter {name =~ "ARM*#0" && jtag_cable_name =~ "Digilent Zed 210248A2723F"} -index 0
con
----------------End of Script----------------

19:11:28 INFO  : Disconnected from the channel tcfchan#5.
19:43:51 INFO  : Registering command handlers for SDK TCF services
19:43:52 INFO  : Launching XSCT server: xsct.bat -interactive C:\Users\Public\Vivado\MiddleServo\MiddleServo.sdk\temp_xsdb_launch_script.tcl
19:43:54 INFO  : XSCT server has started successfully.
19:43:54 INFO  : Successfully done setting XSCT server connection channel  
19:43:54 INFO  : Successfully done setting SDK workspace  
19:43:54 INFO  : Processing command line option -hwspec C:/Users/Public/Vivado/MiddleServo/MiddleServo.sdk/MiddleServo_wrapper.hdf.
19:43:54 INFO  : Checking for hwspec changes in the project MiddleServo_wrapper_hw_platform_0.
19:44:03 INFO  : Connected to target on host '127.0.0.1' and port '3121'.
19:44:03 INFO  : 'targets -set -filter {jtag_cable_name =~ "Digilent Zed 210248A2723F" && level==0} -index 1' command is executed.
19:44:05 INFO  : FPGA configured successfully with bitstream "C:/Users/Public/Vivado/MiddleServo/MiddleServo.sdk/MiddleServo_wrapper_hw_platform_0/MiddleServo_wrapper.bit"
19:44:14 INFO  : 'targets -set -filter {jtag_cable_name =~ "Digilent Zed 210248A2723F" && level==0} -index 1' command is executed.
19:44:14 INFO  : 'fpga -state' command is executed.
19:44:14 INFO  : Connected to target on host '127.0.0.1' and port '3121'.
19:44:15 INFO  : Jtag cable 'Digilent Zed 210248A2723F' is selected.
19:44:15 INFO  : 'jtag frequency' command is executed.
19:44:15 INFO  : Sourcing of 'C:/Users/Public/Vivado/MiddleServo/MiddleServo.sdk/MiddleServo_wrapper_hw_platform_0/ps7_init.tcl' is done.
19:44:15 INFO  : Context for 'APU' is selected.
19:44:15 INFO  : Hardware design information is loaded from 'C:/Users/Public/Vivado/MiddleServo/MiddleServo.sdk/MiddleServo_wrapper_hw_platform_0/system.hdf'.
19:44:15 INFO  : 'configparams force-mem-access 1' command is executed.
19:44:15 INFO  : Context for 'APU' is selected.
19:44:15 INFO  : 'stop' command is executed.
19:44:15 INFO  : 'ps7_init' command is executed.
19:44:15 INFO  : 'ps7_post_config' command is executed.
19:44:15 INFO  : Context for processor 'ps7_cortexa9_0' is selected.
19:44:15 INFO  : Processor reset is completed for 'ps7_cortexa9_0'.
19:44:15 INFO  : Context for processor 'ps7_cortexa9_0' is selected.
19:44:15 INFO  : The application 'C:/Users/Public/Vivado/MiddleServo/MiddleServo.sdk/MiddleServo/Debug/MiddleServo.elf' is downloaded to processor 'ps7_cortexa9_0'.
19:44:15 INFO  : 'configparams force-mem-access 0' command is executed.
19:44:15 INFO  : ----------------XSDB Script----------------
connect -url tcp:127.0.0.1:3121
source C:/Users/Public/Vivado/MiddleServo/MiddleServo.sdk/MiddleServo_wrapper_hw_platform_0/ps7_init.tcl
targets -set -nocase -filter {name =~"APU*" && jtag_cable_name =~ "Digilent Zed 210248A2723F"} -index 0
loadhw -hw C:/Users/Public/Vivado/MiddleServo/MiddleServo.sdk/MiddleServo_wrapper_hw_platform_0/system.hdf -mem-ranges [list {0x40000000 0xbfffffff}]
configparams force-mem-access 1
targets -set -nocase -filter {name =~"APU*" && jtag_cable_name =~ "Digilent Zed 210248A2723F"} -index 0
stop
ps7_init
ps7_post_config
targets -set -nocase -filter {name =~ "ARM*#0" && jtag_cable_name =~ "Digilent Zed 210248A2723F"} -index 0
rst -processor
targets -set -nocase -filter {name =~ "ARM*#0" && jtag_cable_name =~ "Digilent Zed 210248A2723F"} -index 0
dow C:/Users/Public/Vivado/MiddleServo/MiddleServo.sdk/MiddleServo/Debug/MiddleServo.elf
configparams force-mem-access 0
----------------End of Script----------------

19:44:15 INFO  : Context for processor 'ps7_cortexa9_0' is selected.
19:44:15 INFO  : 'con' command is executed.
19:44:15 INFO  : ----------------XSDB Script (After Launch)----------------
targets -set -nocase -filter {name =~ "ARM*#0" && jtag_cable_name =~ "Digilent Zed 210248A2723F"} -index 0
con
----------------End of Script----------------

19:44:15 INFO  : Disconnected from the channel tcfchan#1.
19:50:59 INFO  : 'targets -set -filter {jtag_cable_name =~ "Digilent Zed 210248A2723F" && level==0} -index 1' command is executed.
19:50:59 INFO  : 'fpga -state' command is executed.
19:51:16 INFO  : Connected to target on host '127.0.0.1' and port '3121'.
19:51:16 INFO  : 'targets -set -filter {jtag_cable_name =~ "Digilent Zed 210248A2723F" && level==0} -index 1' command is executed.
19:51:19 INFO  : FPGA configured successfully with bitstream "C:/Users/Public/Vivado/MiddleServo/MiddleServo.sdk/MiddleServo_wrapper_hw_platform_0/MiddleServo_wrapper.bit"
19:51:29 INFO  : 'targets -set -filter {jtag_cable_name =~ "Digilent Zed 210248A2723F" && level==0} -index 1' command is executed.
19:51:29 INFO  : 'fpga -state' command is executed.
19:51:29 INFO  : Connected to target on host '127.0.0.1' and port '3121'.
19:51:29 INFO  : Jtag cable 'Digilent Zed 210248A2723F' is selected.
19:51:29 INFO  : 'jtag frequency' command is executed.
19:51:29 INFO  : Sourcing of 'C:/Users/Public/Vivado/MiddleServo/MiddleServo.sdk/MiddleServo_wrapper_hw_platform_0/ps7_init.tcl' is done.
19:51:29 INFO  : Context for 'APU' is selected.
19:51:29 INFO  : Hardware design information is loaded from 'C:/Users/Public/Vivado/MiddleServo/MiddleServo.sdk/MiddleServo_wrapper_hw_platform_0/system.hdf'.
19:51:29 INFO  : 'configparams force-mem-access 1' command is executed.
19:51:29 INFO  : Context for 'APU' is selected.
19:51:29 INFO  : 'stop' command is executed.
19:51:29 INFO  : 'ps7_init' command is executed.
19:51:29 INFO  : 'ps7_post_config' command is executed.
19:51:29 INFO  : Context for processor 'ps7_cortexa9_0' is selected.
19:51:29 INFO  : Processor reset is completed for 'ps7_cortexa9_0'.
19:51:29 INFO  : Context for processor 'ps7_cortexa9_0' is selected.
19:51:29 INFO  : The application 'C:/Users/Public/Vivado/MiddleServo/MiddleServo.sdk/MiddleServo/Debug/MiddleServo.elf' is downloaded to processor 'ps7_cortexa9_0'.
19:51:29 INFO  : 'configparams force-mem-access 0' command is executed.
19:51:29 INFO  : ----------------XSDB Script----------------
connect -url tcp:127.0.0.1:3121
source C:/Users/Public/Vivado/MiddleServo/MiddleServo.sdk/MiddleServo_wrapper_hw_platform_0/ps7_init.tcl
targets -set -nocase -filter {name =~"APU*" && jtag_cable_name =~ "Digilent Zed 210248A2723F"} -index 0
loadhw -hw C:/Users/Public/Vivado/MiddleServo/MiddleServo.sdk/MiddleServo_wrapper_hw_platform_0/system.hdf -mem-ranges [list {0x40000000 0xbfffffff}]
configparams force-mem-access 1
targets -set -nocase -filter {name =~"APU*" && jtag_cable_name =~ "Digilent Zed 210248A2723F"} -index 0
stop
ps7_init
ps7_post_config
targets -set -nocase -filter {name =~ "ARM*#0" && jtag_cable_name =~ "Digilent Zed 210248A2723F"} -index 0
rst -processor
targets -set -nocase -filter {name =~ "ARM*#0" && jtag_cable_name =~ "Digilent Zed 210248A2723F"} -index 0
dow C:/Users/Public/Vivado/MiddleServo/MiddleServo.sdk/MiddleServo/Debug/MiddleServo.elf
configparams force-mem-access 0
----------------End of Script----------------

19:51:29 INFO  : Context for processor 'ps7_cortexa9_0' is selected.
19:51:29 INFO  : 'con' command is executed.
19:51:29 INFO  : ----------------XSDB Script (After Launch)----------------
targets -set -nocase -filter {name =~ "ARM*#0" && jtag_cable_name =~ "Digilent Zed 210248A2723F"} -index 0
con
----------------End of Script----------------

19:51:29 INFO  : Disconnected from the channel tcfchan#2.
20:57:38 INFO  : Registering command handlers for SDK TCF services
20:57:39 INFO  : Launching XSCT server: xsct.bat -interactive C:\Users\Public\Vivado\MiddleServo\MiddleServo.sdk\temp_xsdb_launch_script.tcl
20:57:41 INFO  : XSCT server has started successfully.
20:57:41 INFO  : Successfully done setting XSCT server connection channel  
20:57:41 INFO  : Processing command line option -hwspec C:/Users/Public/Vivado/MiddleServo/MiddleServo.sdk/MiddleServo_wrapper.hdf.
20:57:41 INFO  : Successfully done setting SDK workspace  
20:57:41 INFO  : Checking for hwspec changes in the project MiddleServo_wrapper_hw_platform_0.
20:57:51 INFO  : Connected to target on host '127.0.0.1' and port '3121'.
20:57:51 INFO  : 'targets -set -filter {jtag_cable_name =~ "Digilent Zed 210248A2723F" && level==0} -index 1' command is executed.
20:57:53 INFO  : FPGA configured successfully with bitstream "C:/Users/Public/Vivado/MiddleServo/MiddleServo.sdk/MiddleServo_wrapper_hw_platform_0/MiddleServo_wrapper.bit"
20:57:59 INFO  : 'targets -set -filter {jtag_cable_name =~ "Digilent Zed 210248A2723F" && level==0} -index 1' command is executed.
20:57:59 INFO  : 'fpga -state' command is executed.
20:57:59 INFO  : Connected to target on host '127.0.0.1' and port '3121'.
20:57:59 INFO  : Jtag cable 'Digilent Zed 210248A2723F' is selected.
20:57:59 INFO  : 'jtag frequency' command is executed.
20:57:59 INFO  : Sourcing of 'C:/Users/Public/Vivado/MiddleServo/MiddleServo.sdk/MiddleServo_wrapper_hw_platform_0/ps7_init.tcl' is done.
20:57:59 INFO  : Context for 'APU' is selected.
20:57:59 INFO  : Hardware design information is loaded from 'C:/Users/Public/Vivado/MiddleServo/MiddleServo.sdk/MiddleServo_wrapper_hw_platform_0/system.hdf'.
20:57:59 INFO  : 'configparams force-mem-access 1' command is executed.
20:57:59 INFO  : Context for 'APU' is selected.
20:58:00 INFO  : 'stop' command is executed.
20:58:00 INFO  : 'ps7_init' command is executed.
20:58:00 INFO  : 'ps7_post_config' command is executed.
20:58:00 INFO  : Context for processor 'ps7_cortexa9_0' is selected.
20:58:00 INFO  : Processor reset is completed for 'ps7_cortexa9_0'.
20:58:00 INFO  : Context for processor 'ps7_cortexa9_0' is selected.
20:58:00 INFO  : The application 'C:/Users/Public/Vivado/MiddleServo/MiddleServo.sdk/MiddleServo/Debug/MiddleServo.elf' is downloaded to processor 'ps7_cortexa9_0'.
20:58:00 INFO  : 'configparams force-mem-access 0' command is executed.
20:58:00 INFO  : ----------------XSDB Script----------------
connect -url tcp:127.0.0.1:3121
source C:/Users/Public/Vivado/MiddleServo/MiddleServo.sdk/MiddleServo_wrapper_hw_platform_0/ps7_init.tcl
targets -set -nocase -filter {name =~"APU*" && jtag_cable_name =~ "Digilent Zed 210248A2723F"} -index 0
loadhw -hw C:/Users/Public/Vivado/MiddleServo/MiddleServo.sdk/MiddleServo_wrapper_hw_platform_0/system.hdf -mem-ranges [list {0x40000000 0xbfffffff}]
configparams force-mem-access 1
targets -set -nocase -filter {name =~"APU*" && jtag_cable_name =~ "Digilent Zed 210248A2723F"} -index 0
stop
ps7_init
ps7_post_config
targets -set -nocase -filter {name =~ "ARM*#0" && jtag_cable_name =~ "Digilent Zed 210248A2723F"} -index 0
rst -processor
targets -set -nocase -filter {name =~ "ARM*#0" && jtag_cable_name =~ "Digilent Zed 210248A2723F"} -index 0
dow C:/Users/Public/Vivado/MiddleServo/MiddleServo.sdk/MiddleServo/Debug/MiddleServo.elf
configparams force-mem-access 0
----------------End of Script----------------

20:58:00 INFO  : Context for processor 'ps7_cortexa9_0' is selected.
20:58:00 INFO  : 'con' command is executed.
20:58:00 INFO  : ----------------XSDB Script (After Launch)----------------
targets -set -nocase -filter {name =~ "ARM*#0" && jtag_cable_name =~ "Digilent Zed 210248A2723F"} -index 0
con
----------------End of Script----------------

20:58:00 INFO  : Disconnected from the channel tcfchan#1.
20:58:12 INFO  : 'targets -set -filter {jtag_cable_name =~ "Digilent Zed 210248A2723F" && level==0} -index 1' command is executed.
20:58:12 INFO  : 'fpga -state' command is executed.
20:58:12 INFO  : Connected to target on host '127.0.0.1' and port '3121'.
20:58:13 INFO  : Jtag cable 'Digilent Zed 210248A2723F' is selected.
20:58:13 INFO  : 'jtag frequency' command is executed.
20:58:13 INFO  : Sourcing of 'C:/Users/Public/Vivado/MiddleServo/MiddleServo.sdk/MiddleServo_wrapper_hw_platform_0/ps7_init.tcl' is done.
20:58:13 INFO  : Context for 'APU' is selected.
20:58:16 INFO  : Hardware design information is loaded from 'C:/Users/Public/Vivado/MiddleServo/MiddleServo.sdk/MiddleServo_wrapper_hw_platform_0/system.hdf'.
20:58:16 INFO  : 'configparams force-mem-access 1' command is executed.
20:58:16 INFO  : Context for 'APU' is selected.
20:58:16 INFO  : 'stop' command is executed.
20:58:16 INFO  : 'ps7_init' command is executed.
20:58:16 INFO  : 'ps7_post_config' command is executed.
20:58:17 INFO  : Context for processor 'ps7_cortexa9_0' is selected.
20:58:17 INFO  : Processor reset is completed for 'ps7_cortexa9_0'.
20:58:17 INFO  : Context for processor 'ps7_cortexa9_0' is selected.
20:58:17 INFO  : The application 'C:/Users/Public/Vivado/MiddleServo/MiddleServo.sdk/MiddleServo/Debug/MiddleServo.elf' is downloaded to processor 'ps7_cortexa9_0'.
20:58:17 INFO  : 'configparams force-mem-access 0' command is executed.
20:58:17 INFO  : ----------------XSDB Script----------------
connect -url tcp:127.0.0.1:3121
source C:/Users/Public/Vivado/MiddleServo/MiddleServo.sdk/MiddleServo_wrapper_hw_platform_0/ps7_init.tcl
targets -set -nocase -filter {name =~"APU*" && jtag_cable_name =~ "Digilent Zed 210248A2723F"} -index 0
loadhw -hw C:/Users/Public/Vivado/MiddleServo/MiddleServo.sdk/MiddleServo_wrapper_hw_platform_0/system.hdf -mem-ranges [list {0x40000000 0xbfffffff}]
configparams force-mem-access 1
targets -set -nocase -filter {name =~"APU*" && jtag_cable_name =~ "Digilent Zed 210248A2723F"} -index 0
stop
ps7_init
ps7_post_config
targets -set -nocase -filter {name =~ "ARM*#0" && jtag_cable_name =~ "Digilent Zed 210248A2723F"} -index 0
rst -processor
targets -set -nocase -filter {name =~ "ARM*#0" && jtag_cable_name =~ "Digilent Zed 210248A2723F"} -index 0
dow C:/Users/Public/Vivado/MiddleServo/MiddleServo.sdk/MiddleServo/Debug/MiddleServo.elf
configparams force-mem-access 0
----------------End of Script----------------

20:58:17 INFO  : Context for processor 'ps7_cortexa9_0' is selected.
20:58:17 INFO  : 'con' command is executed.
20:58:17 INFO  : ----------------XSDB Script (After Launch)----------------
targets -set -nocase -filter {name =~ "ARM*#0" && jtag_cable_name =~ "Digilent Zed 210248A2723F"} -index 0
con
----------------End of Script----------------

20:58:17 INFO  : Disconnected from the channel tcfchan#2.
20:58:41 INFO  : Connected to target on host '127.0.0.1' and port '3121'.
20:58:42 INFO  : 'targets -set -filter {jtag_cable_name =~ "Digilent Zed 210248A2723F" && level==0} -index 1' command is executed.
20:58:44 INFO  : FPGA configured successfully with bitstream "C:/Users/Public/Vivado/MiddleServo/MiddleServo.sdk/MiddleServo_wrapper_hw_platform_0/MiddleServo_wrapper.bit"
20:59:04 INFO  : 'targets -set -filter {jtag_cable_name =~ "Digilent Zed 210248A2723F" && level==0} -index 1' command is executed.
20:59:04 INFO  : 'fpga -state' command is executed.
20:59:04 INFO  : Connected to target on host '127.0.0.1' and port '3121'.
20:59:04 INFO  : Jtag cable 'Digilent Zed 210248A2723F' is selected.
20:59:04 INFO  : 'jtag frequency' command is executed.
20:59:04 INFO  : Sourcing of 'C:/Users/Public/Vivado/MiddleServo/MiddleServo.sdk/MiddleServo_wrapper_hw_platform_0/ps7_init.tcl' is done.
20:59:04 INFO  : Context for 'APU' is selected.
20:59:04 INFO  : Hardware design information is loaded from 'C:/Users/Public/Vivado/MiddleServo/MiddleServo.sdk/MiddleServo_wrapper_hw_platform_0/system.hdf'.
20:59:04 INFO  : 'configparams force-mem-access 1' command is executed.
20:59:04 INFO  : Context for 'APU' is selected.
20:59:04 INFO  : 'stop' command is executed.
20:59:05 INFO  : 'ps7_init' command is executed.
20:59:05 INFO  : 'ps7_post_config' command is executed.
20:59:05 INFO  : Context for processor 'ps7_cortexa9_0' is selected.
20:59:05 INFO  : Processor reset is completed for 'ps7_cortexa9_0'.
20:59:05 INFO  : Context for processor 'ps7_cortexa9_0' is selected.
20:59:05 INFO  : The application 'C:/Users/Public/Vivado/MiddleServo/MiddleServo.sdk/MiddleServo/Debug/MiddleServo.elf' is downloaded to processor 'ps7_cortexa9_0'.
20:59:05 INFO  : 'configparams force-mem-access 0' command is executed.
20:59:05 INFO  : ----------------XSDB Script----------------
connect -url tcp:127.0.0.1:3121
source C:/Users/Public/Vivado/MiddleServo/MiddleServo.sdk/MiddleServo_wrapper_hw_platform_0/ps7_init.tcl
targets -set -nocase -filter {name =~"APU*" && jtag_cable_name =~ "Digilent Zed 210248A2723F"} -index 0
loadhw -hw C:/Users/Public/Vivado/MiddleServo/MiddleServo.sdk/MiddleServo_wrapper_hw_platform_0/system.hdf -mem-ranges [list {0x40000000 0xbfffffff}]
configparams force-mem-access 1
targets -set -nocase -filter {name =~"APU*" && jtag_cable_name =~ "Digilent Zed 210248A2723F"} -index 0
stop
ps7_init
ps7_post_config
targets -set -nocase -filter {name =~ "ARM*#0" && jtag_cable_name =~ "Digilent Zed 210248A2723F"} -index 0
rst -processor
targets -set -nocase -filter {name =~ "ARM*#0" && jtag_cable_name =~ "Digilent Zed 210248A2723F"} -index 0
dow C:/Users/Public/Vivado/MiddleServo/MiddleServo.sdk/MiddleServo/Debug/MiddleServo.elf
configparams force-mem-access 0
----------------End of Script----------------

20:59:05 INFO  : Context for processor 'ps7_cortexa9_0' is selected.
20:59:05 INFO  : 'con' command is executed.
20:59:05 INFO  : ----------------XSDB Script (After Launch)----------------
targets -set -nocase -filter {name =~ "ARM*#0" && jtag_cable_name =~ "Digilent Zed 210248A2723F"} -index 0
con
----------------End of Script----------------

20:59:05 INFO  : Disconnected from the channel tcfchan#3.
20:59:38 INFO  : Connected to target on host '127.0.0.1' and port '3121'.
20:59:39 INFO  : 'targets -set -filter {jtag_cable_name =~ "Digilent Zed 210248A2723F" && level==0} -index 1' command is executed.
20:59:41 INFO  : FPGA configured successfully with bitstream "C:/Users/Public/Vivado/MiddleServo/MiddleServo.sdk/MiddleServo_wrapper_hw_platform_0/MiddleServo_wrapper.bit"
20:59:53 INFO  : 'targets -set -filter {jtag_cable_name =~ "Digilent Zed 210248A2723F" && level==0} -index 1' command is executed.
20:59:53 INFO  : 'fpga -state' command is executed.
20:59:53 INFO  : Connected to target on host '127.0.0.1' and port '3121'.
20:59:53 INFO  : Jtag cable 'Digilent Zed 210248A2723F' is selected.
20:59:53 INFO  : 'jtag frequency' command is executed.
20:59:53 INFO  : Sourcing of 'C:/Users/Public/Vivado/MiddleServo/MiddleServo.sdk/MiddleServo_wrapper_hw_platform_0/ps7_init.tcl' is done.
20:59:53 INFO  : Context for 'APU' is selected.
20:59:53 INFO  : Hardware design information is loaded from 'C:/Users/Public/Vivado/MiddleServo/MiddleServo.sdk/MiddleServo_wrapper_hw_platform_0/system.hdf'.
20:59:53 INFO  : 'configparams force-mem-access 1' command is executed.
20:59:53 INFO  : Context for 'APU' is selected.
20:59:53 INFO  : 'stop' command is executed.
20:59:54 INFO  : 'ps7_init' command is executed.
20:59:54 INFO  : 'ps7_post_config' command is executed.
20:59:54 INFO  : Context for processor 'ps7_cortexa9_0' is selected.
20:59:54 INFO  : Processor reset is completed for 'ps7_cortexa9_0'.
20:59:54 INFO  : Context for processor 'ps7_cortexa9_0' is selected.
20:59:54 INFO  : The application 'C:/Users/Public/Vivado/MiddleServo/MiddleServo.sdk/MiddleServo/Debug/MiddleServo.elf' is downloaded to processor 'ps7_cortexa9_0'.
20:59:54 INFO  : 'configparams force-mem-access 0' command is executed.
20:59:54 INFO  : ----------------XSDB Script----------------
connect -url tcp:127.0.0.1:3121
source C:/Users/Public/Vivado/MiddleServo/MiddleServo.sdk/MiddleServo_wrapper_hw_platform_0/ps7_init.tcl
targets -set -nocase -filter {name =~"APU*" && jtag_cable_name =~ "Digilent Zed 210248A2723F"} -index 0
loadhw -hw C:/Users/Public/Vivado/MiddleServo/MiddleServo.sdk/MiddleServo_wrapper_hw_platform_0/system.hdf -mem-ranges [list {0x40000000 0xbfffffff}]
configparams force-mem-access 1
targets -set -nocase -filter {name =~"APU*" && jtag_cable_name =~ "Digilent Zed 210248A2723F"} -index 0
stop
ps7_init
ps7_post_config
targets -set -nocase -filter {name =~ "ARM*#0" && jtag_cable_name =~ "Digilent Zed 210248A2723F"} -index 0
rst -processor
targets -set -nocase -filter {name =~ "ARM*#0" && jtag_cable_name =~ "Digilent Zed 210248A2723F"} -index 0
dow C:/Users/Public/Vivado/MiddleServo/MiddleServo.sdk/MiddleServo/Debug/MiddleServo.elf
configparams force-mem-access 0
----------------End of Script----------------

20:59:54 INFO  : Context for processor 'ps7_cortexa9_0' is selected.
20:59:54 INFO  : 'con' command is executed.
20:59:54 INFO  : ----------------XSDB Script (After Launch)----------------
targets -set -nocase -filter {name =~ "ARM*#0" && jtag_cable_name =~ "Digilent Zed 210248A2723F"} -index 0
con
----------------End of Script----------------

20:59:54 INFO  : Disconnected from the channel tcfchan#4.
21:00:48 INFO  : Connected to target on host '127.0.0.1' and port '3121'.
21:00:49 INFO  : 'targets -set -filter {jtag_cable_name =~ "Digilent Zed 210248A2723F" && level==0} -index 1' command is executed.
21:00:51 INFO  : FPGA configured successfully with bitstream "C:/Users/Public/Vivado/MiddleServo/MiddleServo.sdk/MiddleServo_wrapper_hw_platform_0/MiddleServo_wrapper.bit"
21:01:06 INFO  : 'targets -set -filter {jtag_cable_name =~ "Digilent Zed 210248A2723F" && level==0} -index 1' command is executed.
21:01:06 INFO  : 'fpga -state' command is executed.
21:01:06 INFO  : Connected to target on host '127.0.0.1' and port '3121'.
21:01:06 INFO  : Jtag cable 'Digilent Zed 210248A2723F' is selected.
21:01:06 INFO  : 'jtag frequency' command is executed.
21:01:06 INFO  : Sourcing of 'C:/Users/Public/Vivado/MiddleServo/MiddleServo.sdk/MiddleServo_wrapper_hw_platform_0/ps7_init.tcl' is done.
21:01:06 INFO  : Context for 'APU' is selected.
21:01:06 INFO  : Hardware design information is loaded from 'C:/Users/Public/Vivado/MiddleServo/MiddleServo.sdk/MiddleServo_wrapper_hw_platform_0/system.hdf'.
21:01:06 INFO  : 'configparams force-mem-access 1' command is executed.
21:01:06 INFO  : Context for 'APU' is selected.
21:01:06 INFO  : 'stop' command is executed.
21:01:06 INFO  : 'ps7_init' command is executed.
21:01:06 INFO  : 'ps7_post_config' command is executed.
21:01:06 INFO  : Context for processor 'ps7_cortexa9_0' is selected.
21:01:06 INFO  : Processor reset is completed for 'ps7_cortexa9_0'.
21:01:06 INFO  : Context for processor 'ps7_cortexa9_0' is selected.
21:01:06 INFO  : The application 'C:/Users/Public/Vivado/MiddleServo/MiddleServo.sdk/MiddleServo/Debug/MiddleServo.elf' is downloaded to processor 'ps7_cortexa9_0'.
21:01:06 INFO  : 'configparams force-mem-access 0' command is executed.
21:01:06 INFO  : ----------------XSDB Script----------------
connect -url tcp:127.0.0.1:3121
source C:/Users/Public/Vivado/MiddleServo/MiddleServo.sdk/MiddleServo_wrapper_hw_platform_0/ps7_init.tcl
targets -set -nocase -filter {name =~"APU*" && jtag_cable_name =~ "Digilent Zed 210248A2723F"} -index 0
loadhw -hw C:/Users/Public/Vivado/MiddleServo/MiddleServo.sdk/MiddleServo_wrapper_hw_platform_0/system.hdf -mem-ranges [list {0x40000000 0xbfffffff}]
configparams force-mem-access 1
targets -set -nocase -filter {name =~"APU*" && jtag_cable_name =~ "Digilent Zed 210248A2723F"} -index 0
stop
ps7_init
ps7_post_config
targets -set -nocase -filter {name =~ "ARM*#0" && jtag_cable_name =~ "Digilent Zed 210248A2723F"} -index 0
rst -processor
targets -set -nocase -filter {name =~ "ARM*#0" && jtag_cable_name =~ "Digilent Zed 210248A2723F"} -index 0
dow C:/Users/Public/Vivado/MiddleServo/MiddleServo.sdk/MiddleServo/Debug/MiddleServo.elf
configparams force-mem-access 0
----------------End of Script----------------

21:01:07 INFO  : Context for processor 'ps7_cortexa9_0' is selected.
21:01:07 INFO  : 'con' command is executed.
21:01:07 INFO  : ----------------XSDB Script (After Launch)----------------
targets -set -nocase -filter {name =~ "ARM*#0" && jtag_cable_name =~ "Digilent Zed 210248A2723F"} -index 0
con
----------------End of Script----------------

21:01:07 INFO  : Disconnected from the channel tcfchan#5.
