Copyright 1986-2018 Xilinx, Inc. All Rights Reserved.
-----------------------------------------------------------------------------------------------
| Tool Version : Vivado v.2018.2 (win64) Build 2258646 Thu Jun 14 20:03:12 MDT 2018
| Date         : Sun Nov 25 10:16:13 2018
| Host         : Drew-GLT running 64-bit major release  (build 9200)
| Command      : report_control_sets -verbose -file SideServos_wrapper_control_sets_placed.rpt
| Design       : SideServos_wrapper
| Device       : xc7z020
-----------------------------------------------------------------------------------------------

Control Set Information

Table of Contents
-----------------
1. Summary
2. Histogram
3. Flip-Flop Distribution
4. Detailed Control Set Information

1. Summary
----------

+----------------------------------------------------------+-------+
|                          Status                          | Count |
+----------------------------------------------------------+-------+
| Number of unique control sets                            |    45 |
| Unused register locations in slices containing registers |    36 |
+----------------------------------------------------------+-------+


2. Histogram
------------

+--------+--------------+
| Fanout | Control Sets |
+--------+--------------+
|      4 |            1 |
|      8 |            5 |
|     12 |            1 |
|     14 |            1 |
|    16+ |           37 |
+--------+--------------+


3. Flip-Flop Distribution
-------------------------

+--------------+-----------------------+------------------------+-----------------+--------------+
| Clock Enable | Synchronous Set/Reset | Asynchronous Set/Reset | Total Registers | Total Slices |
+--------------+-----------------------+------------------------+-----------------+--------------+
| No           | No                    | No                     |             222 |           36 |
| No           | No                    | Yes                    |              80 |           15 |
| No           | Yes                   | No                     |             166 |           25 |
| Yes          | No                    | No                     |             588 |           71 |
| Yes          | No                    | Yes                    |               0 |            0 |
| Yes          | Yes                   | No                     |             428 |           50 |
+--------------+-----------------------+------------------------+-----------------+--------------+


4. Detailed Control Set Information
-----------------------------------

+-------------------------------------------------------------------------------------+------------------------------------------------------------------------------------------------------------------------------------------------------------------+----------------------------------------------------------------------------------------------------------------------------------------------+------------------+----------------+
|                                     Clock Signal                                    |                                                                           Enable Signal                                                                          |                                                               Set/Reset Signal                                                               | Slice Load Count | Bel Load Count |
+-------------------------------------------------------------------------------------+------------------------------------------------------------------------------------------------------------------------------------------------------------------+----------------------------------------------------------------------------------------------------------------------------------------------+------------------+----------------+
|  SideServos_i/processing_system7_0/inst/FCLK_CLK0                                   | SideServos_i/ps7_0_axi_periph/s00_couplers/auto_pc/inst/gen_axilite.gen_b2s_conv.axilite_b2s/WR.b_channel_0/bid_fifo_0/bresp_push                                |                                                                                                                                              |                1 |              4 |
|  SideServos_i/processing_system7_0/inst/FCLK_CLK0                                   | SideServos_i/ps7_0_axi_periph/s00_couplers/auto_pc/inst/gen_axilite.gen_b2s_conv.axilite_b2s/WR.aw_channel_0/aw_cmd_fsm_0/axaddr_wrap_reg[11][0]                 | SideServos_i/ps7_0_axi_periph/s00_couplers/auto_pc/inst/gen_axilite.gen_b2s_conv.axilite_b2s/WR.aw_channel_0/aw_cmd_fsm_0/axlen_cnt_reg[7]_1 |                2 |              8 |
|  SideServos_i/processing_system7_0/inst/FCLK_CLK0                                   |                                                                                                                                                                  | SideServos_i/rst_ps7_0_100M/U0/EXT_LPF/lpf_int                                                                                               |                3 |              8 |
|  SideServos_i/processing_system7_0/inst/FCLK_CLK0                                   |                                                                                                                                                                  | SideServos_i/ps7_0_axi_periph/s00_couplers/auto_pc/inst/gen_axilite.gen_b2s_conv.axilite_b2s/SI_REG/ar.ar_pipe/m_valid_i_reg_0               |                3 |              8 |
|  SideServos_i/processing_system7_0/inst/FCLK_CLK0                                   |                                                                                                                                                                  | SideServos_i/ps7_0_axi_periph/s00_couplers/auto_pc/inst/gen_axilite.gen_b2s_conv.axilite_b2s/SI_REG/aw.aw_pipe/s_ready_i_reg_0               |                2 |              8 |
|  SideServos_i/processing_system7_0/inst/FCLK_CLK0                                   | SideServos_i/ps7_0_axi_periph/s00_couplers/auto_pc/inst/gen_axilite.gen_b2s_conv.axilite_b2s/RD.ar_channel_0/ar_cmd_fsm_0/E[0]                                   | SideServos_i/ps7_0_axi_periph/s00_couplers/auto_pc/inst/gen_axilite.gen_b2s_conv.axilite_b2s/RD.ar_channel_0/ar_cmd_fsm_0/axlen_cnt_reg[7]   |                1 |              8 |
|  SideServos_i/processing_system7_0/inst/FCLK_CLK0                                   | SideServos_i/rst_ps7_0_100M/U0/SEQ/seq_cnt_en                                                                                                                    | SideServos_i/rst_ps7_0_100M/U0/SEQ/SEQ_COUNTER/clear                                                                                         |                1 |             12 |
|  SideServos_i/SideServos_0/U0/SideServos_v1_0_S00_AXI_inst/SideServos/uut/clkSignal |                                                                                                                                                                  | SideServos_i/SideServos_0/U0/SideServos_v1_0_S00_AXI_inst/rst                                                                                |                2 |             14 |
|  SideServos_i/processing_system7_0/inst/FCLK_CLK0                                   | SideServos_i/SideServos_0/U0/SideServos_v1_0_S00_AXI_inst/slv_reg1[15]_i_1_n_0                                                                                   | SideServos_i/SideServos_0/U0/SideServos_v1_0_S00_AXI_inst/SideServos/SR[0]                                                                   |                1 |             16 |
|  SideServos_i/processing_system7_0/inst/FCLK_CLK0                                   | SideServos_i/SideServos_0/U0/SideServos_v1_0_S00_AXI_inst/SideServos/E[0]                                                                                        | SideServos_i/SideServos_0/U0/SideServos_v1_0_S00_AXI_inst/SideServos/SR[0]                                                                   |                3 |             16 |
|  SideServos_i/processing_system7_0/inst/FCLK_CLK0                                   | SideServos_i/SideServos_0/U0/SideServos_v1_0_S00_AXI_inst/slv_reg1[31]_i_1_n_0                                                                                   | SideServos_i/SideServos_0/U0/SideServos_v1_0_S00_AXI_inst/SideServos/SR[0]                                                                   |                2 |             16 |
|  SideServos_i/processing_system7_0/inst/FCLK_CLK0                                   | SideServos_i/ps7_0_axi_periph/s00_couplers/auto_pc/inst/gen_axilite.gen_b2s_conv.axilite_b2s/RD.ar_channel_0/ar_cmd_fsm_0/wrap_boundary_axaddr_r_reg[11][0]      |                                                                                                                                              |                4 |             16 |
|  SideServos_i/processing_system7_0/inst/FCLK_CLK0                                   | SideServos_i/SideServos_0/U0/SideServos_v1_0_S00_AXI_inst/slv_reg1[23]_i_1_n_0                                                                                   | SideServos_i/SideServos_0/U0/SideServos_v1_0_S00_AXI_inst/SideServos/SR[0]                                                                   |                2 |             16 |
|  SideServos_i/processing_system7_0/inst/FCLK_CLK0                                   | SideServos_i/SideServos_0/U0/SideServos_v1_0_S00_AXI_inst/slv_reg4[23]_i_1_n_0                                                                                   | SideServos_i/SideServos_0/U0/SideServos_v1_0_S00_AXI_inst/SideServos/SR[0]                                                                   |                2 |             16 |
|  SideServos_i/processing_system7_0/inst/FCLK_CLK0                                   | SideServos_i/SideServos_0/U0/SideServos_v1_0_S00_AXI_inst/slv_reg4[7]_i_1_n_0                                                                                    | SideServos_i/SideServos_0/U0/SideServos_v1_0_S00_AXI_inst/SideServos/SR[0]                                                                   |                1 |             16 |
|  SideServos_i/processing_system7_0/inst/FCLK_CLK0                                   | SideServos_i/SideServos_0/U0/SideServos_v1_0_S00_AXI_inst/p_1_in[23]                                                                                             | SideServos_i/SideServos_0/U0/SideServos_v1_0_S00_AXI_inst/SideServos/SR[0]                                                                   |                1 |             16 |
|  SideServos_i/processing_system7_0/inst/FCLK_CLK0                                   | SideServos_i/SideServos_0/U0/SideServos_v1_0_S00_AXI_inst/p_1_in[31]                                                                                             | SideServos_i/SideServos_0/U0/SideServos_v1_0_S00_AXI_inst/SideServos/SR[0]                                                                   |                1 |             16 |
|  SideServos_i/processing_system7_0/inst/FCLK_CLK0                                   | SideServos_i/SideServos_0/U0/SideServos_v1_0_S00_AXI_inst/slv_reg4[31]_i_1_n_0                                                                                   | SideServos_i/SideServos_0/U0/SideServos_v1_0_S00_AXI_inst/SideServos/SR[0]                                                                   |                1 |             16 |
|  SideServos_i/processing_system7_0/inst/FCLK_CLK0                                   | SideServos_i/SideServos_0/U0/SideServos_v1_0_S00_AXI_inst/p_1_in[0]                                                                                              | SideServos_i/SideServos_0/U0/SideServos_v1_0_S00_AXI_inst/SideServos/SR[0]                                                                   |                2 |             16 |
|  SideServos_i/processing_system7_0/inst/FCLK_CLK0                                   | SideServos_i/SideServos_0/U0/SideServos_v1_0_S00_AXI_inst/slv_reg4[15]_i_1_n_0                                                                                   | SideServos_i/SideServos_0/U0/SideServos_v1_0_S00_AXI_inst/SideServos/SR[0]                                                                   |                2 |             16 |
|  SideServos_i/processing_system7_0/inst/FCLK_CLK0                                   | SideServos_i/SideServos_0/U0/SideServos_v1_0_S00_AXI_inst/p_1_in[15]                                                                                             | SideServos_i/SideServos_0/U0/SideServos_v1_0_S00_AXI_inst/SideServos/SR[0]                                                                   |                1 |             16 |
|  SideServos_i/processing_system7_0/inst/FCLK_CLK0                                   | SideServos_i/ps7_0_axi_periph/s00_couplers/auto_pc/inst/gen_axilite.gen_b2s_conv.axilite_b2s/RD.ar_channel_0/ar_cmd_fsm_0/axaddr_incr_reg[0][0]                  |                                                                                                                                              |                2 |             16 |
|  SideServos_i/processing_system7_0/inst/FCLK_CLK0                                   | SideServos_i/ps7_0_axi_periph/s00_couplers/auto_pc/inst/gen_axilite.gen_b2s_conv.axilite_b2s/WR.aw_channel_0/aw_cmd_fsm_0/E[0]                                   |                                                                                                                                              |                5 |             16 |
|  SideServos_i/processing_system7_0/inst/FCLK_CLK0                                   | SideServos_i/ps7_0_axi_periph/s00_couplers/auto_pc/inst/gen_axilite.gen_b2s_conv.axilite_b2s/WR.aw_channel_0/cmd_translator_0/incr_cmd_0/axaddr_incr[11]_i_1_n_0 |                                                                                                                                              |                2 |             16 |
|  SideServos_i/processing_system7_0/inst/FCLK_CLK0                                   | SideServos_i/ps7_0_axi_periph/s00_couplers/auto_pc/inst/gen_axilite.gen_b2s_conv.axilite_b2s/WR.b_channel_0/mhandshake_r                                         | SideServos_i/ps7_0_axi_periph/s00_couplers/auto_pc/inst/gen_axilite.gen_b2s_conv.axilite_b2s/WR.b_channel_0/bid_fifo_0/SR[0]                 |                2 |             16 |
|  SideServos_i/processing_system7_0/inst/FCLK_CLK0                                   |                                                                                                                                                                  | SideServos_i/SideServos_0/U0/SideServos_v1_0_S00_AXI_inst/SideServos/SR[0]                                                                   |                4 |             22 |
|  SideServos_i/processing_system7_0/inst/FCLK_CLK0                                   | SideServos_i/ps7_0_axi_periph/s00_couplers/auto_pc/inst/gen_axilite.gen_b2s_conv.axilite_b2s/RD.r_channel_0/r_push_r                                             |                                                                                                                                              |                4 |             26 |
|  SideServos_i/processing_system7_0/inst/FCLK_CLK0                                   | SideServos_i/ps7_0_axi_periph/s00_couplers/auto_pc/inst/gen_axilite.gen_b2s_conv.axilite_b2s/SI_REG/b.b_pipe/skid_buffer_reg[0]_0                                |                                                                                                                                              |                2 |             28 |
|  SideServos_i/processing_system7_0/inst/FCLK_CLK0                                   | SideServos_i/ps7_0_axi_periph/s00_couplers/auto_pc/inst/gen_axilite.gen_b2s_conv.axilite_b2s/SI_REG/b.b_pipe/p_1_in                                              |                                                                                                                                              |                2 |             28 |
|  SideServos_i/processing_system7_0/inst/FCLK_CLK0                                   | SideServos_i/ps7_0_axi_periph/s00_couplers/auto_pc/inst/gen_axilite.gen_b2s_conv.axilite_b2s/RD.ar_channel_0/ar_cmd_fsm_0/E[0]                                   |                                                                                                                                              |                7 |             32 |
|  SideServos_i/processing_system7_0/inst/FCLK_CLK0                                   | SideServos_i/ps7_0_axi_periph/s00_couplers/auto_pc/inst/gen_axilite.gen_b2s_conv.axilite_b2s/WR.aw_channel_0/aw_cmd_fsm_0/axaddr_wrap_reg[11][0]                 |                                                                                                                                              |                7 |             32 |
|  SideServos_i/processing_system7_0/inst/FCLK_CLK0                                   | SideServos_i/ps7_0_axi_periph/s00_couplers/auto_pc/inst/gen_axilite.gen_b2s_conv.axilite_b2s/WR.aw_channel_0/aw_cmd_fsm_0/b_push                                 |                                                                                                                                              |                3 |             32 |
|  SideServos_i/processing_system7_0/inst/FCLK_CLK0                                   | SideServos_i/ps7_0_axi_periph/s00_couplers/auto_pc/inst/gen_axilite.gen_b2s_conv.axilite_b2s/RD.ar_channel_0/ar_cmd_fsm_0/m_payload_i_reg[0]_1[0]                |                                                                                                                                              |                6 |             56 |
|  SideServos_i/processing_system7_0/inst/FCLK_CLK0                                   | SideServos_i/ps7_0_axi_periph/s00_couplers/auto_pc/inst/gen_axilite.gen_b2s_conv.axilite_b2s/WR.aw_channel_0/aw_cmd_fsm_0/m_payload_i_reg[0][0]                  |                                                                                                                                              |                6 |             56 |
|  SideServos_i/processing_system7_0/inst/FCLK_CLK0                                   | SideServos_i/ps7_0_axi_periph/s00_couplers/auto_pc/inst/gen_axilite.gen_b2s_conv.axilite_b2s/SI_REG/ar.ar_pipe/s_axi_arready                                     |                                                                                                                                              |                8 |             56 |
|  SideServos_i/processing_system7_0/inst/FCLK_CLK0                                   | SideServos_i/ps7_0_axi_periph/s00_couplers/auto_pc/inst/gen_axilite.gen_b2s_conv.axilite_b2s/SI_REG/aw.aw_pipe/s_axi_awready                                     |                                                                                                                                              |                5 |             56 |
|  SideServos_i/processing_system7_0/inst/FCLK_CLK0                                   | SideServos_i/SideServos_0/U0/SideServos_v1_0_S00_AXI_inst/SideServos/count_left_val[0]_i_2_n_0                                                                   | SideServos_i/SideServos_0/U0/SideServos_v1_0_S00_AXI_inst/SideServos/count_left_val                                                          |                8 |             64 |
|  SideServos_i/processing_system7_0/inst/FCLK_CLK0                                   | SideServos_i/SideServos_0/U0/SideServos_v1_0_S00_AXI_inst/SideServos/count_right_val[0]_i_2_n_0                                                                  | SideServos_i/SideServos_0/U0/SideServos_v1_0_S00_AXI_inst/SideServos/count_right_val                                                         |                8 |             64 |
|  SideServos_i/processing_system7_0/inst/FCLK_CLK0                                   | SideServos_i/ps7_0_axi_periph/s00_couplers/auto_pc/inst/gen_axilite.gen_b2s_conv.axilite_b2s/RD.r_channel_0/rd_data_fifo_0/wr_en0                                |                                                                                                                                              |                8 |             64 |
|  SideServos_i/processing_system7_0/inst/FCLK_CLK0                                   | SideServos_i/SideServos_0/U0/SideServos_v1_0_S00_AXI_inst/slv_reg_rden                                                                                           | SideServos_i/SideServos_0/U0/SideServos_v1_0_S00_AXI_inst/SideServos/SR[0]                                                                   |                9 |             64 |
|  SideServos_i/processing_system7_0/inst/FCLK_CLK0                                   |                                                                                                                                                                  | SideServos_i/SideServos_0/U0/SideServos_v1_0_S00_AXI_inst/rst                                                                                |               13 |             66 |
|  SideServos_i/processing_system7_0/inst/FCLK_CLK0                                   | SideServos_i/ps7_0_axi_periph/s00_couplers/auto_pc/inst/gen_axilite.gen_b2s_conv.axilite_b2s/SI_REG/r.r_pipe/p_1_in                                              |                                                                                                                                              |                8 |             90 |
|  SideServos_i/processing_system7_0/inst/FCLK_CLK0                                   | SideServos_i/ps7_0_axi_periph/s00_couplers/auto_pc/inst/gen_axilite.gen_b2s_conv.axilite_b2s/SI_REG/r.r_pipe/skid_buffer_reg[0]_0                                |                                                                                                                                              |                7 |             90 |
|  SideServos_i/processing_system7_0/inst/FCLK_CLK0                                   |                                                                                                                                                                  | SideServos_i/ps7_0_axi_periph/s00_couplers/auto_pc/inst/gen_axilite.gen_b2s_conv.axilite_b2s/areset_d1                                       |               13 |            120 |
|  SideServos_i/processing_system7_0/inst/FCLK_CLK0                                   |                                                                                                                                                                  |                                                                                                                                              |               37 |            224 |
+-------------------------------------------------------------------------------------+------------------------------------------------------------------------------------------------------------------------------------------------------------------+----------------------------------------------------------------------------------------------------------------------------------------------+------------------+----------------+


