Copyright 1986-2018 Xilinx, Inc. All Rights Reserved.
------------------------------------------------------------------------------------
| Tool Version : Vivado v.2018.2 (win64) Build 2258646 Thu Jun 14 20:03:12 MDT 2018
| Date         : Fri Nov 23 13:36:22 2018
| Host         : DESKTOP-HTD08U2 running 64-bit major release  (build 9200)
| Command      : upgrade_ip
| Device       : xc7z020clg484-1
------------------------------------------------------------------------------------

Upgrade Log for IP 'sensor_reading_sensor_readings_0_1'

1. Summary
----------

SUCCESS in the upgrade of sensor_reading_sensor_readings_0_1 (csun.edu:user:sensor_readings:1.0) from (Rev. 4) to (Rev. 5)






Copyright 1986-2018 Xilinx, Inc. All Rights Reserved.
------------------------------------------------------------------------------------
| Tool Version : Vivado v.2018.2 (win64) Build 2258646 Thu Jun 14 20:03:12 MDT 2018
| Date         : Fri Nov 23 11:55:17 2018
| Host         : DESKTOP-HTD08U2 running 64-bit major release  (build 9200)
| Command      : upgrade_ip
| Device       : xc7z020clg484-1
------------------------------------------------------------------------------------

Upgrade Log for IP 'sensor_reading_sensor_readings_0_1'

1. Summary
----------

SUCCESS in the upgrade of sensor_reading_sensor_readings_0_1 (csun.edu:user:sensor_readings:1.0) from (Rev. 3) to (Rev. 4)






Copyright 1986-2018 Xilinx, Inc. All Rights Reserved.
------------------------------------------------------------------------------------
| Tool Version : Vivado v.2018.2 (win64) Build 2258646 Thu Jun 14 20:03:12 MDT 2018
| Date         : Fri Nov 23 00:28:17 2018
| Host         : DESKTOP-HTD08U2 running 64-bit major release  (build 9200)
| Command      : upgrade_ip
| Device       : xc7z020clg484-1
------------------------------------------------------------------------------------

Upgrade Log for IP 'sensor_reading_sensor_readings_0_1'

1. Summary
----------

SUCCESS in the conversion of sensor_reading_sensor_readings_0_1 (csun.edu:user:sensor_readings:1.0 (Rev. 3)) to Vivado generation flows.






Copyright 1986-2018 Xilinx, Inc. All Rights Reserved.
------------------------------------------------------------------------------------
| Tool Version : Vivado v.2018.2 (win64) Build 2258646 Thu Jun 14 20:03:12 MDT 2018
| Date         : Thu Nov 22 17:43:57 2018
| Host         : DESKTOP-HTD08U2 running 64-bit major release  (build 9200)
| Command      : upgrade_ip
| Device       : xc7z020clg484-1
------------------------------------------------------------------------------------

Upgrade Log for IP 'sensor_reading_sensor_readings_0_1'

1. Summary
----------

SUCCESS in the upgrade of sensor_reading_sensor_readings_0_1 (csun.edu:user:sensor_readings:1.0) from (Rev. 2) to (Rev. 3)

